[0.774s] Invoking command in '/home/yuan/Desktop/ROS2_Exercises/chapt3/chapt3_ws/src/example_topic_rclpy': PYTHONPATH=/home/yuan/Desktop/ROS2_Exercises/chapt3/chapt3_ws/install/example_topic_rclpy/lib/python3.10/site-packages:${PYTHONPATH} /usr/bin/python3 setup.py egg_info --egg-base ../../build/example_topic_rclpy build --build-base /home/yuan/Desktop/ROS2_Exercises/chapt3/chapt3_ws/build/example_topic_rclpy/build install --prefix /home/yuan/Desktop/ROS2_Exercises/chapt3/chapt3_ws/install/example_topic_rclpy --record /home/yuan/Desktop/ROS2_Exercises/chapt3/chapt3_ws/build/example_topic_rclpy/install.log --single-version-externally-managed
[0.965s] running egg_info
[0.965s] creating ../../build/example_topic_rclpy/example_topic_rclpy.egg-info
[0.966s] writing ../../build/example_topic_rclpy/example_topic_rclpy.egg-info/PKG-INFO
[0.966s] writing dependency_links to ../../build/example_topic_rclpy/example_topic_rclpy.egg-info/dependency_links.txt
[0.966s] writing entry points to ../../build/example_topic_rclpy/example_topic_rclpy.egg-info/entry_points.txt
[0.966s] writing requirements to ../../build/example_topic_rclpy/example_topic_rclpy.egg-info/requires.txt
[0.966s] writing top-level names to ../../build/example_topic_rclpy/example_topic_rclpy.egg-info/top_level.txt
[0.966s] writing manifest file '../../build/example_topic_rclpy/example_topic_rclpy.egg-info/SOURCES.txt'
[0.968s] reading manifest file '../../build/example_topic_rclpy/example_topic_rclpy.egg-info/SOURCES.txt'
[0.969s] writing manifest file '../../build/example_topic_rclpy/example_topic_rclpy.egg-info/SOURCES.txt'
[0.969s] running build
[0.969s] running build_py
[0.969s] creating /home/yuan/Desktop/ROS2_Exercises/chapt3/chapt3_ws/build/example_topic_rclpy/build
[0.969s] creating /home/yuan/Desktop/ROS2_Exercises/chapt3/chapt3_ws/build/example_topic_rclpy/build/lib
[0.969s] creating /home/yuan/Desktop/ROS2_Exercises/chapt3/chapt3_ws/build/example_topic_rclpy/build/lib/example_topic_rclpy
[0.969s] copying example_topic_rclpy/__init__.py -> /home/yuan/Desktop/ROS2_Exercises/chapt3/chapt3_ws/build/example_topic_rclpy/build/lib/example_topic_rclpy
[0.969s] copying example_topic_rclpy/topic_publisher_02.py -> /home/yuan/Desktop/ROS2_Exercises/chapt3/chapt3_ws/build/example_topic_rclpy/build/lib/example_topic_rclpy
[0.969s] copying example_topic_rclpy/topic_subscribe_02.py -> /home/yuan/Desktop/ROS2_Exercises/chapt3/chapt3_ws/build/example_topic_rclpy/build/lib/example_topic_rclpy
[0.969s] running install
[0.970s] /usr/lib/python3/dist-packages/setuptools/command/install.py:34: SetuptoolsDeprecationWarning: setup.py install is deprecated. Use build and pip and other standards-based tools.
[0.970s]   warnings.warn(
[0.970s] running install_lib
[0.971s] creating /home/yuan/Desktop/ROS2_Exercises/chapt3/chapt3_ws/install/example_topic_rclpy/lib/python3.10/site-packages/example_topic_rclpy
[0.971s] copying /home/yuan/Desktop/ROS2_Exercises/chapt3/chapt3_ws/build/example_topic_rclpy/build/lib/example_topic_rclpy/__init__.py -> /home/yuan/Desktop/ROS2_Exercises/chapt3/chapt3_ws/install/example_topic_rclpy/lib/python3.10/site-packages/example_topic_rclpy
[0.971s] copying /home/yuan/Desktop/ROS2_Exercises/chapt3/chapt3_ws/build/example_topic_rclpy/build/lib/example_topic_rclpy/topic_publisher_02.py -> /home/yuan/Desktop/ROS2_Exercises/chapt3/chapt3_ws/install/example_topic_rclpy/lib/python3.10/site-packages/example_topic_rclpy
[0.971s] copying /home/yuan/Desktop/ROS2_Exercises/chapt3/chapt3_ws/build/example_topic_rclpy/build/lib/example_topic_rclpy/topic_subscribe_02.py -> /home/yuan/Desktop/ROS2_Exercises/chapt3/chapt3_ws/install/example_topic_rclpy/lib/python3.10/site-packages/example_topic_rclpy
[0.971s] byte-compiling /home/yuan/Desktop/ROS2_Exercises/chapt3/chapt3_ws/install/example_topic_rclpy/lib/python3.10/site-packages/example_topic_rclpy/__init__.py to __init__.cpython-310.pyc
[0.971s] byte-compiling /home/yuan/Desktop/ROS2_Exercises/chapt3/chapt3_ws/install/example_topic_rclpy/lib/python3.10/site-packages/example_topic_rclpy/topic_publisher_02.py to topic_publisher_02.cpython-310.pyc
[0.972s] byte-compiling /home/yuan/Desktop/ROS2_Exercises/chapt3/chapt3_ws/install/example_topic_rclpy/lib/python3.10/site-packages/example_topic_rclpy/topic_subscribe_02.py to topic_subscribe_02.cpython-310.pyc
[0.972s] running install_data
[0.973s] creating /home/yuan/Desktop/ROS2_Exercises/chapt3/chapt3_ws/install/example_topic_rclpy/share/ament_index
[0.973s] creating /home/yuan/Desktop/ROS2_Exercises/chapt3/chapt3_ws/install/example_topic_rclpy/share/ament_index/resource_index
[0.973s] creating /home/yuan/Desktop/ROS2_Exercises/chapt3/chapt3_ws/install/example_topic_rclpy/share/ament_index/resource_index/packages
[0.973s] copying resource/example_topic_rclpy -> /home/yuan/Desktop/ROS2_Exercises/chapt3/chapt3_ws/install/example_topic_rclpy/share/ament_index/resource_index/packages
[0.973s] copying package.xml -> /home/yuan/Desktop/ROS2_Exercises/chapt3/chapt3_ws/install/example_topic_rclpy/share/example_topic_rclpy
[0.973s] running install_egg_info
[0.975s] Copying ../../build/example_topic_rclpy/example_topic_rclpy.egg-info to /home/yuan/Desktop/ROS2_Exercises/chapt3/chapt3_ws/install/example_topic_rclpy/lib/python3.10/site-packages/example_topic_rclpy-0.0.0-py3.10.egg-info
[0.975s] running install_scripts
[0.992s] Installing topic_publisher_02 script to /home/yuan/Desktop/ROS2_Exercises/chapt3/chapt3_ws/install/example_topic_rclpy/lib/example_topic_rclpy
[0.992s] Installing topic_subscribe_02 script to /home/yuan/Desktop/ROS2_Exercises/chapt3/chapt3_ws/install/example_topic_rclpy/lib/example_topic_rclpy
[0.992s] writing list of installed files to '/home/yuan/Desktop/ROS2_Exercises/chapt3/chapt3_ws/build/example_topic_rclpy/install.log'
