[0.245s] DEBUG:colcon:Command line arguments: ['/usr/bin/colcon', 'build', '--packages-up-to', 'example_interfaces_rclpy']
[0.245s] DEBUG:colcon:Parsed command line arguments: Namespace(log_base=None, log_level=None, verb_name='build', build_base='build', install_base='install', merge_install=False, symlink_install=False, test_result_base=None, continue_on_error=False, executor='parallel', parallel_workers=12, event_handlers=None, ignore_user_meta=False, metas=['./colcon.meta'], base_paths=['.'], packages_ignore=None, packages_ignore_regex=None, paths=None, packages_up_to=['example_interfaces_rclpy'], packages_up_to_regex=None, packages_above=None, packages_above_and_dependencies=None, packages_above_depth=None, packages_select_by_dep=None, packages_skip_by_dep=None, packages_skip_up_to=None, packages_select_build_failed=False, packages_skip_build_finished=False, packages_select_test_failures=False, packages_skip_test_passed=False, packages_select=None, packages_skip=None, packages_select_regex=None, packages_skip_regex=None, packages_start=None, packages_end=None, allow_overriding=[], cmake_args=None, cmake_target=None, cmake_target_skip_unavailable=False, cmake_clean_cache=False, cmake_clean_first=False, cmake_force_configure=False, ament_cmake_args=None, catkin_cmake_args=None, catkin_skip_building_tests=False, verb_parser=<colcon_defaults.argument_parser.defaults.DefaultArgumentsDecorator object at 0x7fcf2ffc6c80>, verb_extension=<colcon_core.verb.build.BuildVerb object at 0x7fcf30975930>, main=<bound method BuildVerb.main of <colcon_core.verb.build.BuildVerb object at 0x7fcf30975930>>)
[0.264s] Level 1:colcon.colcon_core.package_discovery:discover_packages(colcon_meta) check parameters
[0.264s] Level 1:colcon.colcon_core.package_discovery:discover_packages(recursive) check parameters
[0.264s] Level 1:colcon.colcon_core.package_discovery:discover_packages(ignore) check parameters
[0.264s] Level 1:colcon.colcon_core.package_discovery:discover_packages(path) check parameters
[0.264s] Level 1:colcon.colcon_core.package_discovery:discover_packages(colcon_meta) discover
[0.264s] Level 1:colcon.colcon_core.package_discovery:discover_packages(recursive) discover
[0.264s] INFO:colcon.colcon_core.package_discovery:Crawling recursively for packages in '/home/yuan/Desktop/ROS2_Exercises/chapt3/chapt3_ws'
[0.264s] Level 1:colcon.colcon_core.package_identification:_identify(.) by extensions ['ignore', 'ignore_ament_install']
[0.265s] Level 1:colcon.colcon_core.package_identification:_identify(.) by extension 'ignore'
[0.265s] Level 1:colcon.colcon_core.package_identification:_identify(.) by extension 'ignore_ament_install'
[0.265s] Level 1:colcon.colcon_core.package_identification:_identify(.) by extensions ['colcon_pkg']
[0.265s] Level 1:colcon.colcon_core.package_identification:_identify(.) by extension 'colcon_pkg'
[0.265s] Level 1:colcon.colcon_core.package_identification:_identify(.) by extensions ['colcon_meta']
[0.265s] Level 1:colcon.colcon_core.package_identification:_identify(.) by extension 'colcon_meta'
[0.265s] Level 1:colcon.colcon_core.package_identification:_identify(.) by extensions ['ros']
[0.265s] Level 1:colcon.colcon_core.package_identification:_identify(.) by extension 'ros'
[0.280s] Level 1:colcon.colcon_core.package_identification:_identify(.) by extensions ['cmake', 'python']
[0.280s] Level 1:colcon.colcon_core.package_identification:_identify(.) by extension 'cmake'
[0.280s] Level 1:colcon.colcon_core.package_identification:_identify(.) by extension 'python'
[0.280s] Level 1:colcon.colcon_core.package_identification:_identify(.) by extensions ['python_setup_py']
[0.280s] Level 1:colcon.colcon_core.package_identification:_identify(.) by extension 'python_setup_py'
[0.280s] Level 1:colcon.colcon_core.package_identification:_identify(build) by extensions ['ignore', 'ignore_ament_install']
[0.281s] Level 1:colcon.colcon_core.package_identification:_identify(build) by extension 'ignore'
[0.281s] Level 1:colcon.colcon_core.package_identification:_identify(build) ignored
[0.281s] Level 1:colcon.colcon_core.package_identification:_identify(install) by extensions ['ignore', 'ignore_ament_install']
[0.281s] Level 1:colcon.colcon_core.package_identification:_identify(install) by extension 'ignore'
[0.281s] Level 1:colcon.colcon_core.package_identification:_identify(install) ignored
[0.281s] Level 1:colcon.colcon_core.package_identification:_identify(log) by extensions ['ignore', 'ignore_ament_install']
[0.281s] Level 1:colcon.colcon_core.package_identification:_identify(log) by extension 'ignore'
[0.281s] Level 1:colcon.colcon_core.package_identification:_identify(log) ignored
[0.281s] Level 1:colcon.colcon_core.package_identification:_identify(src) by extensions ['ignore', 'ignore_ament_install']
[0.281s] Level 1:colcon.colcon_core.package_identification:_identify(src) by extension 'ignore'
[0.281s] Level 1:colcon.colcon_core.package_identification:_identify(src) by extension 'ignore_ament_install'
[0.281s] Level 1:colcon.colcon_core.package_identification:_identify(src) by extensions ['colcon_pkg']
[0.281s] Level 1:colcon.colcon_core.package_identification:_identify(src) by extension 'colcon_pkg'
[0.281s] Level 1:colcon.colcon_core.package_identification:_identify(src) by extensions ['colcon_meta']
[0.281s] Level 1:colcon.colcon_core.package_identification:_identify(src) by extension 'colcon_meta'
[0.281s] Level 1:colcon.colcon_core.package_identification:_identify(src) by extensions ['ros']
[0.281s] Level 1:colcon.colcon_core.package_identification:_identify(src) by extension 'ros'
[0.282s] Level 1:colcon.colcon_core.package_identification:_identify(src) by extensions ['cmake', 'python']
[0.282s] Level 1:colcon.colcon_core.package_identification:_identify(src) by extension 'cmake'
[0.282s] Level 1:colcon.colcon_core.package_identification:_identify(src) by extension 'python'
[0.282s] Level 1:colcon.colcon_core.package_identification:_identify(src) by extensions ['python_setup_py']
[0.282s] Level 1:colcon.colcon_core.package_identification:_identify(src) by extension 'python_setup_py'
[0.282s] Level 1:colcon.colcon_core.package_identification:_identify(src/example_interfaces_rclcpp) by extensions ['ignore', 'ignore_ament_install']
[0.282s] Level 1:colcon.colcon_core.package_identification:_identify(src/example_interfaces_rclcpp) by extension 'ignore'
[0.282s] Level 1:colcon.colcon_core.package_identification:_identify(src/example_interfaces_rclcpp) by extension 'ignore_ament_install'
[0.282s] Level 1:colcon.colcon_core.package_identification:_identify(src/example_interfaces_rclcpp) by extensions ['colcon_pkg']
[0.282s] Level 1:colcon.colcon_core.package_identification:_identify(src/example_interfaces_rclcpp) by extension 'colcon_pkg'
[0.282s] Level 1:colcon.colcon_core.package_identification:_identify(src/example_interfaces_rclcpp) by extensions ['colcon_meta']
[0.282s] Level 1:colcon.colcon_core.package_identification:_identify(src/example_interfaces_rclcpp) by extension 'colcon_meta'
[0.282s] Level 1:colcon.colcon_core.package_identification:_identify(src/example_interfaces_rclcpp) by extensions ['ros']
[0.282s] Level 1:colcon.colcon_core.package_identification:_identify(src/example_interfaces_rclcpp) by extension 'ros'
[0.284s] DEBUG:colcon.colcon_core.package_identification:Package 'src/example_interfaces_rclcpp' with type 'ros.ament_cmake' and name 'example_interfaces_rclcpp'
[0.284s] Level 1:colcon.colcon_core.package_identification:_identify(src/example_interfaces_rclpy) by extensions ['ignore', 'ignore_ament_install']
[0.284s] Level 1:colcon.colcon_core.package_identification:_identify(src/example_interfaces_rclpy) by extension 'ignore'
[0.284s] Level 1:colcon.colcon_core.package_identification:_identify(src/example_interfaces_rclpy) by extension 'ignore_ament_install'
[0.284s] Level 1:colcon.colcon_core.package_identification:_identify(src/example_interfaces_rclpy) by extensions ['colcon_pkg']
[0.285s] Level 1:colcon.colcon_core.package_identification:_identify(src/example_interfaces_rclpy) by extension 'colcon_pkg'
[0.285s] Level 1:colcon.colcon_core.package_identification:_identify(src/example_interfaces_rclpy) by extensions ['colcon_meta']
[0.285s] Level 1:colcon.colcon_core.package_identification:_identify(src/example_interfaces_rclpy) by extension 'colcon_meta'
[0.285s] Level 1:colcon.colcon_core.package_identification:_identify(src/example_interfaces_rclpy) by extensions ['ros']
[0.285s] Level 1:colcon.colcon_core.package_identification:_identify(src/example_interfaces_rclpy) by extension 'ros'
[0.285s] DEBUG:colcon.colcon_core.package_identification:Package 'src/example_interfaces_rclpy' with type 'ros.ament_python' and name 'example_interfaces_rclpy'
[0.285s] Level 1:colcon.colcon_core.package_identification:_identify(src/example_ros2_interfaces) by extensions ['ignore', 'ignore_ament_install']
[0.285s] Level 1:colcon.colcon_core.package_identification:_identify(src/example_ros2_interfaces) by extension 'ignore'
[0.285s] Level 1:colcon.colcon_core.package_identification:_identify(src/example_ros2_interfaces) by extension 'ignore_ament_install'
[0.285s] Level 1:colcon.colcon_core.package_identification:_identify(src/example_ros2_interfaces) by extensions ['colcon_pkg']
[0.285s] Level 1:colcon.colcon_core.package_identification:_identify(src/example_ros2_interfaces) by extension 'colcon_pkg'
[0.285s] Level 1:colcon.colcon_core.package_identification:_identify(src/example_ros2_interfaces) by extensions ['colcon_meta']
[0.286s] Level 1:colcon.colcon_core.package_identification:_identify(src/example_ros2_interfaces) by extension 'colcon_meta'
[0.286s] Level 1:colcon.colcon_core.package_identification:_identify(src/example_ros2_interfaces) by extensions ['ros']
[0.286s] Level 1:colcon.colcon_core.package_identification:_identify(src/example_ros2_interfaces) by extension 'ros'
[0.286s] DEBUG:colcon.colcon_core.package_identification:Package 'src/example_ros2_interfaces' with type 'ros.ament_cmake' and name 'example_ros2_interfaces'
[0.286s] Level 1:colcon.colcon_core.package_identification:_identify(src/example_service_rclcpp) by extensions ['ignore', 'ignore_ament_install']
[0.286s] Level 1:colcon.colcon_core.package_identification:_identify(src/example_service_rclcpp) by extension 'ignore'
[0.286s] Level 1:colcon.colcon_core.package_identification:_identify(src/example_service_rclcpp) by extension 'ignore_ament_install'
[0.286s] Level 1:colcon.colcon_core.package_identification:_identify(src/example_service_rclcpp) by extensions ['colcon_pkg']
[0.287s] Level 1:colcon.colcon_core.package_identification:_identify(src/example_service_rclcpp) by extension 'colcon_pkg'
[0.287s] Level 1:colcon.colcon_core.package_identification:_identify(src/example_service_rclcpp) by extensions ['colcon_meta']
[0.287s] Level 1:colcon.colcon_core.package_identification:_identify(src/example_service_rclcpp) by extension 'colcon_meta'
[0.287s] Level 1:colcon.colcon_core.package_identification:_identify(src/example_service_rclcpp) by extensions ['ros']
[0.287s] Level 1:colcon.colcon_core.package_identification:_identify(src/example_service_rclcpp) by extension 'ros'
[0.287s] DEBUG:colcon.colcon_core.package_identification:Package 'src/example_service_rclcpp' with type 'ros.ament_cmake' and name 'example_service_rclcpp'
[0.287s] Level 1:colcon.colcon_core.package_identification:_identify(src/example_service_rclpy) by extensions ['ignore', 'ignore_ament_install']
[0.287s] Level 1:colcon.colcon_core.package_identification:_identify(src/example_service_rclpy) by extension 'ignore'
[0.287s] Level 1:colcon.colcon_core.package_identification:_identify(src/example_service_rclpy) by extension 'ignore_ament_install'
[0.287s] Level 1:colcon.colcon_core.package_identification:_identify(src/example_service_rclpy) by extensions ['colcon_pkg']
[0.287s] Level 1:colcon.colcon_core.package_identification:_identify(src/example_service_rclpy) by extension 'colcon_pkg'
[0.288s] Level 1:colcon.colcon_core.package_identification:_identify(src/example_service_rclpy) by extensions ['colcon_meta']
[0.288s] Level 1:colcon.colcon_core.package_identification:_identify(src/example_service_rclpy) by extension 'colcon_meta'
[0.288s] Level 1:colcon.colcon_core.package_identification:_identify(src/example_service_rclpy) by extensions ['ros']
[0.288s] Level 1:colcon.colcon_core.package_identification:_identify(src/example_service_rclpy) by extension 'ros'
[0.288s] DEBUG:colcon.colcon_core.package_identification:Package 'src/example_service_rclpy' with type 'ros.ament_python' and name 'example_service_rclpy'
[0.288s] Level 1:colcon.colcon_core.package_identification:_identify(src/example_topic_rclcpp) by extensions ['ignore', 'ignore_ament_install']
[0.288s] Level 1:colcon.colcon_core.package_identification:_identify(src/example_topic_rclcpp) by extension 'ignore'
[0.288s] Level 1:colcon.colcon_core.package_identification:_identify(src/example_topic_rclcpp) by extension 'ignore_ament_install'
[0.288s] Level 1:colcon.colcon_core.package_identification:_identify(src/example_topic_rclcpp) by extensions ['colcon_pkg']
[0.289s] Level 1:colcon.colcon_core.package_identification:_identify(src/example_topic_rclcpp) by extension 'colcon_pkg'
[0.289s] Level 1:colcon.colcon_core.package_identification:_identify(src/example_topic_rclcpp) by extensions ['colcon_meta']
[0.289s] Level 1:colcon.colcon_core.package_identification:_identify(src/example_topic_rclcpp) by extension 'colcon_meta'
[0.289s] Level 1:colcon.colcon_core.package_identification:_identify(src/example_topic_rclcpp) by extensions ['ros']
[0.289s] Level 1:colcon.colcon_core.package_identification:_identify(src/example_topic_rclcpp) by extension 'ros'
[0.289s] DEBUG:colcon.colcon_core.package_identification:Package 'src/example_topic_rclcpp' with type 'ros.ament_cmake' and name 'example_topic_rclcpp'
[0.289s] Level 1:colcon.colcon_core.package_identification:_identify(src/example_topic_rclpy) by extensions ['ignore', 'ignore_ament_install']
[0.289s] Level 1:colcon.colcon_core.package_identification:_identify(src/example_topic_rclpy) by extension 'ignore'
[0.289s] Level 1:colcon.colcon_core.package_identification:_identify(src/example_topic_rclpy) by extension 'ignore_ament_install'
[0.289s] Level 1:colcon.colcon_core.package_identification:_identify(src/example_topic_rclpy) by extensions ['colcon_pkg']
[0.289s] Level 1:colcon.colcon_core.package_identification:_identify(src/example_topic_rclpy) by extension 'colcon_pkg'
[0.289s] Level 1:colcon.colcon_core.package_identification:_identify(src/example_topic_rclpy) by extensions ['colcon_meta']
[0.289s] Level 1:colcon.colcon_core.package_identification:_identify(src/example_topic_rclpy) by extension 'colcon_meta'
[0.290s] Level 1:colcon.colcon_core.package_identification:_identify(src/example_topic_rclpy) by extensions ['ros']
[0.290s] Level 1:colcon.colcon_core.package_identification:_identify(src/example_topic_rclpy) by extension 'ros'
[0.290s] DEBUG:colcon.colcon_core.package_identification:Package 'src/example_topic_rclpy' with type 'ros.ament_python' and name 'example_topic_rclpy'
[0.290s] Level 1:colcon.colcon_core.package_discovery:discover_packages(recursive) using defaults
[0.290s] Level 1:colcon.colcon_core.package_discovery:discover_packages(ignore) discover
[0.290s] Level 1:colcon.colcon_core.package_discovery:discover_packages(ignore) using defaults
[0.290s] Level 1:colcon.colcon_core.package_discovery:discover_packages(path) discover
[0.290s] Level 1:colcon.colcon_core.package_discovery:discover_packages(path) using defaults
[0.309s] INFO:colcon.colcon_core.package_selection:Skipping package 'example_interfaces_rclcpp' in 'src/example_interfaces_rclcpp'
[0.309s] INFO:colcon.colcon_core.package_selection:Skipping package 'example_topic_rclpy' in 'src/example_topic_rclpy'
[0.309s] INFO:colcon.colcon_core.package_selection:Skipping package 'example_topic_rclcpp' in 'src/example_topic_rclcpp'
[0.309s] INFO:colcon.colcon_core.package_selection:Skipping package 'example_service_rclpy' in 'src/example_service_rclpy'
[0.309s] INFO:colcon.colcon_core.package_selection:Skipping package 'example_service_rclcpp' in 'src/example_service_rclcpp'
[0.310s] Level 1:colcon.colcon_core.package_discovery:discover_packages(prefix_path) check parameters
[0.310s] Level 1:colcon.colcon_core.package_discovery:discover_packages(prefix_path) discover
[0.312s] DEBUG:colcon.colcon_installed_package_information.package_discovery:Found 312 installed packages in /opt/ros/humble
[0.314s] Level 1:colcon.colcon_core.package_discovery:discover_packages(prefix_path) using defaults
[0.368s] Level 5:colcon.colcon_core.verb:set package 'example_ros2_interfaces' build argument 'cmake_args' from command line to 'None'
[0.368s] Level 5:colcon.colcon_core.verb:set package 'example_ros2_interfaces' build argument 'cmake_target' from command line to 'None'
[0.369s] Level 5:colcon.colcon_core.verb:set package 'example_ros2_interfaces' build argument 'cmake_target_skip_unavailable' from command line to 'False'
[0.369s] Level 5:colcon.colcon_core.verb:set package 'example_ros2_interfaces' build argument 'cmake_clean_cache' from command line to 'False'
[0.369s] Level 5:colcon.colcon_core.verb:set package 'example_ros2_interfaces' build argument 'cmake_clean_first' from command line to 'False'
[0.369s] Level 5:colcon.colcon_core.verb:set package 'example_ros2_interfaces' build argument 'cmake_force_configure' from command line to 'False'
[0.369s] Level 5:colcon.colcon_core.verb:set package 'example_ros2_interfaces' build argument 'ament_cmake_args' from command line to 'None'
[0.369s] Level 5:colcon.colcon_core.verb:set package 'example_ros2_interfaces' build argument 'catkin_cmake_args' from command line to 'None'
[0.369s] Level 5:colcon.colcon_core.verb:set package 'example_ros2_interfaces' build argument 'catkin_skip_building_tests' from command line to 'False'
[0.369s] DEBUG:colcon.colcon_core.verb:Building package 'example_ros2_interfaces' with the following arguments: {'ament_cmake_args': None, 'build_base': '/home/yuan/Desktop/ROS2_Exercises/chapt3/chapt3_ws/build/example_ros2_interfaces', 'catkin_cmake_args': None, 'catkin_skip_building_tests': False, 'cmake_args': None, 'cmake_clean_cache': False, 'cmake_clean_first': False, 'cmake_force_configure': False, 'cmake_target': None, 'cmake_target_skip_unavailable': False, 'install_base': '/home/yuan/Desktop/ROS2_Exercises/chapt3/chapt3_ws/install/example_ros2_interfaces', 'merge_install': False, 'path': '/home/yuan/Desktop/ROS2_Exercises/chapt3/chapt3_ws/src/example_ros2_interfaces', 'symlink_install': False, 'test_result_base': None}
[0.370s] Level 5:colcon.colcon_core.verb:set package 'example_interfaces_rclpy' build argument 'cmake_args' from command line to 'None'
[0.370s] Level 5:colcon.colcon_core.verb:set package 'example_interfaces_rclpy' build argument 'cmake_target' from command line to 'None'
[0.370s] Level 5:colcon.colcon_core.verb:set package 'example_interfaces_rclpy' build argument 'cmake_target_skip_unavailable' from command line to 'False'
[0.370s] Level 5:colcon.colcon_core.verb:set package 'example_interfaces_rclpy' build argument 'cmake_clean_cache' from command line to 'False'
[0.370s] Level 5:colcon.colcon_core.verb:set package 'example_interfaces_rclpy' build argument 'cmake_clean_first' from command line to 'False'
[0.371s] Level 5:colcon.colcon_core.verb:set package 'example_interfaces_rclpy' build argument 'cmake_force_configure' from command line to 'False'
[0.371s] Level 5:colcon.colcon_core.verb:set package 'example_interfaces_rclpy' build argument 'ament_cmake_args' from command line to 'None'
[0.371s] Level 5:colcon.colcon_core.verb:set package 'example_interfaces_rclpy' build argument 'catkin_cmake_args' from command line to 'None'
[0.371s] Level 5:colcon.colcon_core.verb:set package 'example_interfaces_rclpy' build argument 'catkin_skip_building_tests' from command line to 'False'
[0.371s] DEBUG:colcon.colcon_core.verb:Building package 'example_interfaces_rclpy' with the following arguments: {'ament_cmake_args': None, 'build_base': '/home/yuan/Desktop/ROS2_Exercises/chapt3/chapt3_ws/build/example_interfaces_rclpy', 'catkin_cmake_args': None, 'catkin_skip_building_tests': False, 'cmake_args': None, 'cmake_clean_cache': False, 'cmake_clean_first': False, 'cmake_force_configure': False, 'cmake_target': None, 'cmake_target_skip_unavailable': False, 'install_base': '/home/yuan/Desktop/ROS2_Exercises/chapt3/chapt3_ws/install/example_interfaces_rclpy', 'merge_install': False, 'path': '/home/yuan/Desktop/ROS2_Exercises/chapt3/chapt3_ws/src/example_interfaces_rclpy', 'symlink_install': False, 'test_result_base': None}
[0.372s] INFO:colcon.colcon_core.executor:Executing jobs using 'parallel' executor
[0.376s] DEBUG:colcon.colcon_parallel_executor.executor.parallel:run_until_complete
[0.376s] INFO:colcon.colcon_ros.task.ament_cmake.build:Building ROS package in '/home/yuan/Desktop/ROS2_Exercises/chapt3/chapt3_ws/src/example_ros2_interfaces' with build type 'ament_cmake'
[0.376s] INFO:colcon.colcon_cmake.task.cmake.build:Building CMake package in '/home/yuan/Desktop/ROS2_Exercises/chapt3/chapt3_ws/src/example_ros2_interfaces'
[0.381s] INFO:colcon.colcon_core.plugin_system:Skipping extension 'colcon_core.shell.bat': Not used on non-Windows systems
[0.381s] INFO:colcon.colcon_core.shell:Skip shell extension 'powershell' for command environment: Not usable outside of PowerShell
[0.381s] DEBUG:colcon.colcon_core.shell:Skip shell extension 'dsv' for command environment
[0.389s] DEBUG:colcon.colcon_core.event_handler.log_command:Invoking command in '/home/yuan/Desktop/ROS2_Exercises/chapt3/chapt3_ws/build/example_ros2_interfaces': CMAKE_PREFIX_PATH=/opt/ros/humble /usr/bin/cmake --build /home/yuan/Desktop/ROS2_Exercises/chapt3/chapt3_ws/build/example_ros2_interfaces -- -j12 -l12
[0.670s] DEBUG:colcon.colcon_core.event_handler.log_command:Invoked command in '/home/yuan/Desktop/ROS2_Exercises/chapt3/chapt3_ws/build/example_ros2_interfaces' returned '0': CMAKE_PREFIX_PATH=/opt/ros/humble /usr/bin/cmake --build /home/yuan/Desktop/ROS2_Exercises/chapt3/chapt3_ws/build/example_ros2_interfaces -- -j12 -l12
[0.751s] DEBUG:colcon.colcon_core.event_handler.log_command:Invoking command in '/home/yuan/Desktop/ROS2_Exercises/chapt3/chapt3_ws/build/example_ros2_interfaces': CMAKE_PREFIX_PATH=/opt/ros/humble /usr/bin/cmake --install /home/yuan/Desktop/ROS2_Exercises/chapt3/chapt3_ws/build/example_ros2_interfaces
[0.797s] Level 1:colcon.colcon_core.environment:create_environment_scripts_only(example_ros2_interfaces)
[0.801s] DEBUG:colcon.colcon_core.event_handler.log_command:Invoked command in '/home/yuan/Desktop/ROS2_Exercises/chapt3/chapt3_ws/build/example_ros2_interfaces' returned '0': CMAKE_PREFIX_PATH=/opt/ros/humble /usr/bin/cmake --install /home/yuan/Desktop/ROS2_Exercises/chapt3/chapt3_ws/build/example_ros2_interfaces
[0.802s] Level 1:colcon.colcon_core.environment:checking '/home/yuan/Desktop/ROS2_Exercises/chapt3/chapt3_ws/install/example_ros2_interfaces' for CMake module files
[0.803s] Level 1:colcon.colcon_core.environment:checking '/home/yuan/Desktop/ROS2_Exercises/chapt3/chapt3_ws/install/example_ros2_interfaces' for CMake config files
[0.803s] Level 1:colcon.colcon_core.shell:create_environment_hook('example_ros2_interfaces', 'cmake_prefix_path')
[0.804s] INFO:colcon.colcon_core.shell:Creating environment hook '/home/yuan/Desktop/ROS2_Exercises/chapt3/chapt3_ws/install/example_ros2_interfaces/share/example_ros2_interfaces/hook/cmake_prefix_path.ps1'
[0.805s] INFO:colcon.colcon_core.shell:Creating environment descriptor '/home/yuan/Desktop/ROS2_Exercises/chapt3/chapt3_ws/install/example_ros2_interfaces/share/example_ros2_interfaces/hook/cmake_prefix_path.dsv'
[0.805s] INFO:colcon.colcon_core.shell:Creating environment hook '/home/yuan/Desktop/ROS2_Exercises/chapt3/chapt3_ws/install/example_ros2_interfaces/share/example_ros2_interfaces/hook/cmake_prefix_path.sh'
[0.806s] Level 1:colcon.colcon_core.environment:checking '/home/yuan/Desktop/ROS2_Exercises/chapt3/chapt3_ws/install/example_ros2_interfaces/lib'
[0.806s] Level 1:colcon.colcon_core.shell:create_environment_hook('example_ros2_interfaces', 'ld_library_path_lib')
[0.807s] INFO:colcon.colcon_core.shell:Creating environment hook '/home/yuan/Desktop/ROS2_Exercises/chapt3/chapt3_ws/install/example_ros2_interfaces/share/example_ros2_interfaces/hook/ld_library_path_lib.ps1'
[0.807s] INFO:colcon.colcon_core.shell:Creating environment descriptor '/home/yuan/Desktop/ROS2_Exercises/chapt3/chapt3_ws/install/example_ros2_interfaces/share/example_ros2_interfaces/hook/ld_library_path_lib.dsv'
[0.808s] INFO:colcon.colcon_core.shell:Creating environment hook '/home/yuan/Desktop/ROS2_Exercises/chapt3/chapt3_ws/install/example_ros2_interfaces/share/example_ros2_interfaces/hook/ld_library_path_lib.sh'
[0.808s] Level 1:colcon.colcon_core.environment:checking '/home/yuan/Desktop/ROS2_Exercises/chapt3/chapt3_ws/install/example_ros2_interfaces/bin'
[0.808s] Level 1:colcon.colcon_core.environment:checking '/home/yuan/Desktop/ROS2_Exercises/chapt3/chapt3_ws/install/example_ros2_interfaces/lib/pkgconfig/example_ros2_interfaces.pc'
[0.808s] Level 1:colcon.colcon_core.environment:checking '/home/yuan/Desktop/ROS2_Exercises/chapt3/chapt3_ws/install/example_ros2_interfaces/lib/python3.10/site-packages'
[0.808s] Level 1:colcon.colcon_core.environment:checking '/home/yuan/Desktop/ROS2_Exercises/chapt3/chapt3_ws/install/example_ros2_interfaces/bin'
[0.809s] INFO:colcon.colcon_core.shell:Creating package script '/home/yuan/Desktop/ROS2_Exercises/chapt3/chapt3_ws/install/example_ros2_interfaces/share/example_ros2_interfaces/package.ps1'
[0.810s] INFO:colcon.colcon_core.shell:Creating package descriptor '/home/yuan/Desktop/ROS2_Exercises/chapt3/chapt3_ws/install/example_ros2_interfaces/share/example_ros2_interfaces/package.dsv'
[0.810s] INFO:colcon.colcon_core.shell:Creating package script '/home/yuan/Desktop/ROS2_Exercises/chapt3/chapt3_ws/install/example_ros2_interfaces/share/example_ros2_interfaces/package.sh'
[0.811s] INFO:colcon.colcon_core.shell:Creating package script '/home/yuan/Desktop/ROS2_Exercises/chapt3/chapt3_ws/install/example_ros2_interfaces/share/example_ros2_interfaces/package.bash'
[0.811s] INFO:colcon.colcon_core.shell:Creating package script '/home/yuan/Desktop/ROS2_Exercises/chapt3/chapt3_ws/install/example_ros2_interfaces/share/example_ros2_interfaces/package.zsh'
[0.812s] Level 1:colcon.colcon_core.environment:create_file_with_runtime_dependencies(/home/yuan/Desktop/ROS2_Exercises/chapt3/chapt3_ws/install/example_ros2_interfaces/share/colcon-core/packages/example_ros2_interfaces)
[0.888s] Level 1:colcon.colcon_core.environment:create_environment_scripts_only(example_ros2_interfaces)
[0.890s] Level 1:colcon.colcon_core.environment:checking '/home/yuan/Desktop/ROS2_Exercises/chapt3/chapt3_ws/install/example_ros2_interfaces' for CMake module files
[0.890s] Level 1:colcon.colcon_core.environment:checking '/home/yuan/Desktop/ROS2_Exercises/chapt3/chapt3_ws/install/example_ros2_interfaces' for CMake config files
[0.891s] Level 1:colcon.colcon_core.shell:create_environment_hook('example_ros2_interfaces', 'cmake_prefix_path')
[0.892s] INFO:colcon.colcon_core.shell:Creating environment hook '/home/yuan/Desktop/ROS2_Exercises/chapt3/chapt3_ws/install/example_ros2_interfaces/share/example_ros2_interfaces/hook/cmake_prefix_path.ps1'
[0.892s] INFO:colcon.colcon_core.shell:Creating environment descriptor '/home/yuan/Desktop/ROS2_Exercises/chapt3/chapt3_ws/install/example_ros2_interfaces/share/example_ros2_interfaces/hook/cmake_prefix_path.dsv'
[0.892s] INFO:colcon.colcon_core.shell:Creating environment hook '/home/yuan/Desktop/ROS2_Exercises/chapt3/chapt3_ws/install/example_ros2_interfaces/share/example_ros2_interfaces/hook/cmake_prefix_path.sh'
[0.893s] Level 1:colcon.colcon_core.environment:checking '/home/yuan/Desktop/ROS2_Exercises/chapt3/chapt3_ws/install/example_ros2_interfaces/lib'
[0.893s] Level 1:colcon.colcon_core.shell:create_environment_hook('example_ros2_interfaces', 'ld_library_path_lib')
[0.894s] INFO:colcon.colcon_core.shell:Creating environment hook '/home/yuan/Desktop/ROS2_Exercises/chapt3/chapt3_ws/install/example_ros2_interfaces/share/example_ros2_interfaces/hook/ld_library_path_lib.ps1'
[0.894s] INFO:colcon.colcon_core.shell:Creating environment descriptor '/home/yuan/Desktop/ROS2_Exercises/chapt3/chapt3_ws/install/example_ros2_interfaces/share/example_ros2_interfaces/hook/ld_library_path_lib.dsv'
[0.894s] INFO:colcon.colcon_core.shell:Creating environment hook '/home/yuan/Desktop/ROS2_Exercises/chapt3/chapt3_ws/install/example_ros2_interfaces/share/example_ros2_interfaces/hook/ld_library_path_lib.sh'
[0.894s] Level 1:colcon.colcon_core.environment:checking '/home/yuan/Desktop/ROS2_Exercises/chapt3/chapt3_ws/install/example_ros2_interfaces/bin'
[0.894s] Level 1:colcon.colcon_core.environment:checking '/home/yuan/Desktop/ROS2_Exercises/chapt3/chapt3_ws/install/example_ros2_interfaces/lib/pkgconfig/example_ros2_interfaces.pc'
[0.895s] Level 1:colcon.colcon_core.environment:checking '/home/yuan/Desktop/ROS2_Exercises/chapt3/chapt3_ws/install/example_ros2_interfaces/lib/python3.10/site-packages'
[0.895s] Level 1:colcon.colcon_core.environment:checking '/home/yuan/Desktop/ROS2_Exercises/chapt3/chapt3_ws/install/example_ros2_interfaces/bin'
[0.896s] INFO:colcon.colcon_core.shell:Creating package script '/home/yuan/Desktop/ROS2_Exercises/chapt3/chapt3_ws/install/example_ros2_interfaces/share/example_ros2_interfaces/package.ps1'
[0.896s] INFO:colcon.colcon_core.shell:Creating package descriptor '/home/yuan/Desktop/ROS2_Exercises/chapt3/chapt3_ws/install/example_ros2_interfaces/share/example_ros2_interfaces/package.dsv'
[0.897s] INFO:colcon.colcon_core.shell:Creating package script '/home/yuan/Desktop/ROS2_Exercises/chapt3/chapt3_ws/install/example_ros2_interfaces/share/example_ros2_interfaces/package.sh'
[0.897s] INFO:colcon.colcon_core.shell:Creating package script '/home/yuan/Desktop/ROS2_Exercises/chapt3/chapt3_ws/install/example_ros2_interfaces/share/example_ros2_interfaces/package.bash'
[0.897s] INFO:colcon.colcon_core.shell:Creating package script '/home/yuan/Desktop/ROS2_Exercises/chapt3/chapt3_ws/install/example_ros2_interfaces/share/example_ros2_interfaces/package.zsh'
[0.898s] Level 1:colcon.colcon_core.environment:create_file_with_runtime_dependencies(/home/yuan/Desktop/ROS2_Exercises/chapt3/chapt3_ws/install/example_ros2_interfaces/share/colcon-core/packages/example_ros2_interfaces)
[0.898s] INFO:colcon.colcon_ros.task.ament_python.build:Building ROS package in '/home/yuan/Desktop/ROS2_Exercises/chapt3/chapt3_ws/src/example_interfaces_rclpy' with build type 'ament_python'
[0.898s] Level 1:colcon.colcon_core.shell:create_environment_hook('example_interfaces_rclpy', 'ament_prefix_path')
[0.899s] INFO:colcon.colcon_core.shell:Creating environment hook '/home/yuan/Desktop/ROS2_Exercises/chapt3/chapt3_ws/install/example_interfaces_rclpy/share/example_interfaces_rclpy/hook/ament_prefix_path.ps1'
[0.900s] INFO:colcon.colcon_core.shell:Creating environment descriptor '/home/yuan/Desktop/ROS2_Exercises/chapt3/chapt3_ws/install/example_interfaces_rclpy/share/example_interfaces_rclpy/hook/ament_prefix_path.dsv'
[0.900s] INFO:colcon.colcon_core.shell:Creating environment hook '/home/yuan/Desktop/ROS2_Exercises/chapt3/chapt3_ws/install/example_interfaces_rclpy/share/example_interfaces_rclpy/hook/ament_prefix_path.sh'
[0.901s] INFO:colcon.colcon_core.shell:Skip shell extension 'powershell' for command environment: Not usable outside of PowerShell
[0.901s] DEBUG:colcon.colcon_core.shell:Skip shell extension 'dsv' for command environment
[1.148s] DEBUG:colcon.colcon_parallel_executor.executor.parallel:closing loop
[1.148s] DEBUG:colcon.colcon_parallel_executor.executor.parallel:loop closed
[1.148s] DEBUG:colcon.colcon_parallel_executor.executor.parallel:run_until_complete finished with 'Command '['/usr/bin/python3', '-c', "import sys;from setuptools.extern.packaging.specifiers import SpecifierSet;from distutils.core import run_setup;dist = run_setup(    'setup.py', script_args=('--dry-run',), stop_after='config');skip_keys = ('cmdclass', 'distclass', 'ext_modules', 'metadata');data = {    key: value for key, value in dist.__dict__.items()     if (        not key.startswith('_') and         not callable(value) and         key not in skip_keys and         key not in dist.display_option_names    )};data['metadata'] = {    k: v for k, v in dist.metadata.__dict__.items()     if k not in ('license_files', 'provides_extras')};sys.stdout.buffer.write(repr(data).encode('utf-8'))"]' returned non-zero exit status 1.'
[1.148s] DEBUG:colcon.colcon_core.event_reactor:joining thread
[1.153s] INFO:colcon.colcon_core.plugin_system:Skipping extension 'colcon_notification.desktop_notification.terminal_notifier': Not used on non-Darwin systems
[1.153s] INFO:colcon.colcon_core.plugin_system:Skipping extension 'colcon_notification.desktop_notification.win32': Not used on non-Windows systems
[1.153s] INFO:colcon.colcon_notification.desktop_notification:Sending desktop notification using 'notify2'
[1.162s] DEBUG:colcon.colcon_core.event_reactor:joined thread
[1.164s] INFO:colcon.colcon_core.shell:Creating prefix script '/home/yuan/Desktop/ROS2_Exercises/chapt3/chapt3_ws/install/local_setup.ps1'
[1.166s] INFO:colcon.colcon_core.shell:Creating prefix util module '/home/yuan/Desktop/ROS2_Exercises/chapt3/chapt3_ws/install/_local_setup_util_ps1.py'
[1.167s] INFO:colcon.colcon_core.shell:Creating prefix chain script '/home/yuan/Desktop/ROS2_Exercises/chapt3/chapt3_ws/install/setup.ps1'
[1.168s] INFO:colcon.colcon_core.shell:Creating prefix script '/home/yuan/Desktop/ROS2_Exercises/chapt3/chapt3_ws/install/local_setup.sh'
[1.168s] INFO:colcon.colcon_core.shell:Creating prefix util module '/home/yuan/Desktop/ROS2_Exercises/chapt3/chapt3_ws/install/_local_setup_util_sh.py'
[1.169s] INFO:colcon.colcon_core.shell:Creating prefix chain script '/home/yuan/Desktop/ROS2_Exercises/chapt3/chapt3_ws/install/setup.sh'
[1.170s] INFO:colcon.colcon_core.shell:Creating prefix script '/home/yuan/Desktop/ROS2_Exercises/chapt3/chapt3_ws/install/local_setup.bash'
[1.170s] INFO:colcon.colcon_core.shell:Creating prefix chain script '/home/yuan/Desktop/ROS2_Exercises/chapt3/chapt3_ws/install/setup.bash'
[1.171s] INFO:colcon.colcon_core.shell:Creating prefix script '/home/yuan/Desktop/ROS2_Exercises/chapt3/chapt3_ws/install/local_setup.zsh'
[1.171s] INFO:colcon.colcon_core.shell:Creating prefix chain script '/home/yuan/Desktop/ROS2_Exercises/chapt3/chapt3_ws/install/setup.zsh'
