[0.632s] Invoking command in '/home/yuan/Desktop/ROS2_Exercises/chapt4/chapt4_ws/src/example_action_rclpy': AMENT_PREFIX_PATH=/home/yuan/Desktop/ROS2_Exercises/chapt4/chapt4_ws/install/robot_control_interfaces:${AMENT_PREFIX_PATH} CMAKE_PREFIX_PATH=/home/yuan/Desktop/ROS2_Exercises/chapt4/chapt4_ws/install/robot_control_interfaces LD_LIBRARY_PATH=/home/yuan/Desktop/ROS2_Exercises/chapt4/chapt4_ws/install/robot_control_interfaces/lib:${LD_LIBRARY_PATH} PYTHONPATH=/home/yuan/Desktop/ROS2_Exercises/chapt4/chapt4_ws/install/example_action_rclpy/lib/python3.10/site-packages:/home/yuan/Desktop/ROS2_Exercises/chapt4/chapt4_ws/install/robot_control_interfaces/local/lib/python3.10/dist-packages:${PYTHONPATH} /usr/bin/python3 setup.py egg_info --egg-base ../../build/example_action_rclpy build --build-base /home/yuan/Desktop/ROS2_Exercises/chapt4/chapt4_ws/build/example_action_rclpy/build install --prefix /home/yuan/Desktop/ROS2_Exercises/chapt4/chapt4_ws/install/example_action_rclpy --record /home/yuan/Desktop/ROS2_Exercises/chapt4/chapt4_ws/build/example_action_rclpy/install.log --single-version-externally-managed
[0.823s] running egg_info
[0.823s] creating ../../build/example_action_rclpy/example_action_rclpy.egg-info
[0.824s] writing ../../build/example_action_rclpy/example_action_rclpy.egg-info/PKG-INFO
[0.824s] writing dependency_links to ../../build/example_action_rclpy/example_action_rclpy.egg-info/dependency_links.txt
[0.824s] writing entry points to ../../build/example_action_rclpy/example_action_rclpy.egg-info/entry_points.txt
[0.824s] writing requirements to ../../build/example_action_rclpy/example_action_rclpy.egg-info/requires.txt
[0.824s] writing top-level names to ../../build/example_action_rclpy/example_action_rclpy.egg-info/top_level.txt
[0.824s] writing manifest file '../../build/example_action_rclpy/example_action_rclpy.egg-info/SOURCES.txt'
[0.826s] reading manifest file '../../build/example_action_rclpy/example_action_rclpy.egg-info/SOURCES.txt'
[0.828s] writing manifest file '../../build/example_action_rclpy/example_action_rclpy.egg-info/SOURCES.txt'
[0.828s] running build
[0.828s] running build_py
[0.828s] creating /home/yuan/Desktop/ROS2_Exercises/chapt4/chapt4_ws/build/example_action_rclpy/build
[0.828s] creating /home/yuan/Desktop/ROS2_Exercises/chapt4/chapt4_ws/build/example_action_rclpy/build/lib
[0.829s] creating /home/yuan/Desktop/ROS2_Exercises/chapt4/chapt4_ws/build/example_action_rclpy/build/lib/example_action_rclpy
[0.829s] copying example_action_rclpy/action_control_02.py -> /home/yuan/Desktop/ROS2_Exercises/chapt4/chapt4_ws/build/example_action_rclpy/build/lib/example_action_rclpy
[0.829s] copying example_action_rclpy/__init__.py -> /home/yuan/Desktop/ROS2_Exercises/chapt4/chapt4_ws/build/example_action_rclpy/build/lib/example_action_rclpy
[0.829s] copying example_action_rclpy/robot.py -> /home/yuan/Desktop/ROS2_Exercises/chapt4/chapt4_ws/build/example_action_rclpy/build/lib/example_action_rclpy
[0.829s] copying example_action_rclpy/action_robot_02.py -> /home/yuan/Desktop/ROS2_Exercises/chapt4/chapt4_ws/build/example_action_rclpy/build/lib/example_action_rclpy
[0.829s] running install
[0.897s] /usr/lib/python3/dist-packages/setuptools/command/install.py:34: SetuptoolsDeprecationWarning: setup.py install is deprecated. Use build and pip and other standards-based tools.
[0.897s]   warnings.warn(
[0.897s] running install_lib
[0.898s] creating /home/yuan/Desktop/ROS2_Exercises/chapt4/chapt4_ws/install/example_action_rclpy/lib/python3.10/site-packages/example_action_rclpy
[0.904s] copying /home/yuan/Desktop/ROS2_Exercises/chapt4/chapt4_ws/build/example_action_rclpy/build/lib/example_action_rclpy/action_control_02.py -> /home/yuan/Desktop/ROS2_Exercises/chapt4/chapt4_ws/install/example_action_rclpy/lib/python3.10/site-packages/example_action_rclpy
[0.904s] copying /home/yuan/Desktop/ROS2_Exercises/chapt4/chapt4_ws/build/example_action_rclpy/build/lib/example_action_rclpy/__init__.py -> /home/yuan/Desktop/ROS2_Exercises/chapt4/chapt4_ws/install/example_action_rclpy/lib/python3.10/site-packages/example_action_rclpy
[0.905s] copying /home/yuan/Desktop/ROS2_Exercises/chapt4/chapt4_ws/build/example_action_rclpy/build/lib/example_action_rclpy/robot.py -> /home/yuan/Desktop/ROS2_Exercises/chapt4/chapt4_ws/install/example_action_rclpy/lib/python3.10/site-packages/example_action_rclpy
[0.905s] copying /home/yuan/Desktop/ROS2_Exercises/chapt4/chapt4_ws/build/example_action_rclpy/build/lib/example_action_rclpy/action_robot_02.py -> /home/yuan/Desktop/ROS2_Exercises/chapt4/chapt4_ws/install/example_action_rclpy/lib/python3.10/site-packages/example_action_rclpy
[0.905s] byte-compiling /home/yuan/Desktop/ROS2_Exercises/chapt4/chapt4_ws/install/example_action_rclpy/lib/python3.10/site-packages/example_action_rclpy/action_control_02.py to action_control_02.cpython-310.pyc
[0.907s] byte-compiling /home/yuan/Desktop/ROS2_Exercises/chapt4/chapt4_ws/install/example_action_rclpy/lib/python3.10/site-packages/example_action_rclpy/__init__.py to __init__.cpython-310.pyc
[0.907s] byte-compiling /home/yuan/Desktop/ROS2_Exercises/chapt4/chapt4_ws/install/example_action_rclpy/lib/python3.10/site-packages/example_action_rclpy/robot.py to robot.cpython-310.pyc
[0.908s] byte-compiling /home/yuan/Desktop/ROS2_Exercises/chapt4/chapt4_ws/install/example_action_rclpy/lib/python3.10/site-packages/example_action_rclpy/action_robot_02.py to action_robot_02.cpython-310.pyc
[0.909s] running install_data
[0.911s] creating /home/yuan/Desktop/ROS2_Exercises/chapt4/chapt4_ws/install/example_action_rclpy/share/ament_index
[0.911s] creating /home/yuan/Desktop/ROS2_Exercises/chapt4/chapt4_ws/install/example_action_rclpy/share/ament_index/resource_index
[0.911s] creating /home/yuan/Desktop/ROS2_Exercises/chapt4/chapt4_ws/install/example_action_rclpy/share/ament_index/resource_index/packages
[0.911s] copying resource/example_action_rclpy -> /home/yuan/Desktop/ROS2_Exercises/chapt4/chapt4_ws/install/example_action_rclpy/share/ament_index/resource_index/packages
[0.911s] copying package.xml -> /home/yuan/Desktop/ROS2_Exercises/chapt4/chapt4_ws/install/example_action_rclpy/share/example_action_rclpy
[0.912s] running install_egg_info
[0.914s] Copying ../../build/example_action_rclpy/example_action_rclpy.egg-info to /home/yuan/Desktop/ROS2_Exercises/chapt4/chapt4_ws/install/example_action_rclpy/lib/python3.10/site-packages/example_action_rclpy-0.0.0-py3.10.egg-info
[0.916s] running install_scripts
[0.948s] Installing action_control_02 script to /home/yuan/Desktop/ROS2_Exercises/chapt4/chapt4_ws/install/example_action_rclpy/lib/example_action_rclpy
[0.949s] Installing action_robot_02 script to /home/yuan/Desktop/ROS2_Exercises/chapt4/chapt4_ws/install/example_action_rclpy/lib/example_action_rclpy
[0.949s] writing list of installed files to '/home/yuan/Desktop/ROS2_Exercises/chapt4/chapt4_ws/build/example_action_rclpy/install.log'
[0.968s] Invoked command in '/home/yuan/Desktop/ROS2_Exercises/chapt4/chapt4_ws/src/example_action_rclpy' returned '0': AMENT_PREFIX_PATH=/home/yuan/Desktop/ROS2_Exercises/chapt4/chapt4_ws/install/robot_control_interfaces:${AMENT_PREFIX_PATH} CMAKE_PREFIX_PATH=/home/yuan/Desktop/ROS2_Exercises/chapt4/chapt4_ws/install/robot_control_interfaces LD_LIBRARY_PATH=/home/yuan/Desktop/ROS2_Exercises/chapt4/chapt4_ws/install/robot_control_interfaces/lib:${LD_LIBRARY_PATH} PYTHONPATH=/home/yuan/Desktop/ROS2_Exercises/chapt4/chapt4_ws/install/example_action_rclpy/lib/python3.10/site-packages:/home/yuan/Desktop/ROS2_Exercises/chapt4/chapt4_ws/install/robot_control_interfaces/local/lib/python3.10/dist-packages:${PYTHONPATH} /usr/bin/python3 setup.py egg_info --egg-base ../../build/example_action_rclpy build --build-base /home/yuan/Desktop/ROS2_Exercises/chapt4/chapt4_ws/build/example_action_rclpy/build install --prefix /home/yuan/Desktop/ROS2_Exercises/chapt4/chapt4_ws/install/example_action_rclpy --record /home/yuan/Desktop/ROS2_Exercises/chapt4/chapt4_ws/build/example_action_rclpy/install.log --single-version-externally-managed
