[0.241s] DEBUG:colcon:Command line arguments: ['/usr/bin/colcon', 'build', '--packages-up-to', 'example_action_rclpy']
[0.241s] DEBUG:colcon:Parsed command line arguments: Namespace(log_base=None, log_level=None, verb_name='build', build_base='build', install_base='install', merge_install=False, symlink_install=False, test_result_base=None, continue_on_error=False, executor='parallel', parallel_workers=12, event_handlers=None, ignore_user_meta=False, metas=['./colcon.meta'], base_paths=['.'], packages_ignore=None, packages_ignore_regex=None, paths=None, packages_up_to=['example_action_rclpy'], packages_up_to_regex=None, packages_above=None, packages_above_and_dependencies=None, packages_above_depth=None, packages_select_by_dep=None, packages_skip_by_dep=None, packages_skip_up_to=None, packages_select_build_failed=False, packages_skip_build_finished=False, packages_select_test_failures=False, packages_skip_test_passed=False, packages_select=None, packages_skip=None, packages_select_regex=None, packages_skip_regex=None, packages_start=None, packages_end=None, allow_overriding=[], cmake_args=None, cmake_target=None, cmake_target_skip_unavailable=False, cmake_clean_cache=False, cmake_clean_first=False, cmake_force_configure=False, ament_cmake_args=None, catkin_cmake_args=None, catkin_skip_building_tests=False, verb_parser=<colcon_defaults.argument_parser.defaults.DefaultArgumentsDecorator object at 0x7ff6f1047850>, verb_extension=<colcon_core.verb.build.BuildVerb object at 0x7ff6f19f5b40>, main=<bound method BuildVerb.main of <colcon_core.verb.build.BuildVerb object at 0x7ff6f19f5b40>>)
[0.259s] Level 1:colcon.colcon_core.package_discovery:discover_packages(colcon_meta) check parameters
[0.259s] Level 1:colcon.colcon_core.package_discovery:discover_packages(recursive) check parameters
[0.259s] Level 1:colcon.colcon_core.package_discovery:discover_packages(ignore) check parameters
[0.259s] Level 1:colcon.colcon_core.package_discovery:discover_packages(path) check parameters
[0.259s] Level 1:colcon.colcon_core.package_discovery:discover_packages(colcon_meta) discover
[0.260s] Level 1:colcon.colcon_core.package_discovery:discover_packages(recursive) discover
[0.260s] INFO:colcon.colcon_core.package_discovery:Crawling recursively for packages in '/home/yuan/Desktop/ROS2_Exercises/chapt4/chapt4_ws'
[0.260s] Level 1:colcon.colcon_core.package_identification:_identify(.) by extensions ['ignore', 'ignore_ament_install']
[0.260s] Level 1:colcon.colcon_core.package_identification:_identify(.) by extension 'ignore'
[0.260s] Level 1:colcon.colcon_core.package_identification:_identify(.) by extension 'ignore_ament_install'
[0.260s] Level 1:colcon.colcon_core.package_identification:_identify(.) by extensions ['colcon_pkg']
[0.260s] Level 1:colcon.colcon_core.package_identification:_identify(.) by extension 'colcon_pkg'
[0.260s] Level 1:colcon.colcon_core.package_identification:_identify(.) by extensions ['colcon_meta']
[0.260s] Level 1:colcon.colcon_core.package_identification:_identify(.) by extension 'colcon_meta'
[0.260s] Level 1:colcon.colcon_core.package_identification:_identify(.) by extensions ['ros']
[0.260s] Level 1:colcon.colcon_core.package_identification:_identify(.) by extension 'ros'
[0.278s] Level 1:colcon.colcon_core.package_identification:_identify(.) by extensions ['cmake', 'python']
[0.278s] Level 1:colcon.colcon_core.package_identification:_identify(.) by extension 'cmake'
[0.278s] Level 1:colcon.colcon_core.package_identification:_identify(.) by extension 'python'
[0.279s] Level 1:colcon.colcon_core.package_identification:_identify(.) by extensions ['python_setup_py']
[0.279s] Level 1:colcon.colcon_core.package_identification:_identify(.) by extension 'python_setup_py'
[0.279s] Level 1:colcon.colcon_core.package_identification:_identify(build) by extensions ['ignore', 'ignore_ament_install']
[0.279s] Level 1:colcon.colcon_core.package_identification:_identify(build) by extension 'ignore'
[0.279s] Level 1:colcon.colcon_core.package_identification:_identify(build) ignored
[0.279s] Level 1:colcon.colcon_core.package_identification:_identify(install) by extensions ['ignore', 'ignore_ament_install']
[0.279s] Level 1:colcon.colcon_core.package_identification:_identify(install) by extension 'ignore'
[0.279s] Level 1:colcon.colcon_core.package_identification:_identify(install) ignored
[0.279s] Level 1:colcon.colcon_core.package_identification:_identify(log) by extensions ['ignore', 'ignore_ament_install']
[0.280s] Level 1:colcon.colcon_core.package_identification:_identify(log) by extension 'ignore'
[0.280s] Level 1:colcon.colcon_core.package_identification:_identify(log) ignored
[0.280s] Level 1:colcon.colcon_core.package_identification:_identify(src) by extensions ['ignore', 'ignore_ament_install']
[0.280s] Level 1:colcon.colcon_core.package_identification:_identify(src) by extension 'ignore'
[0.280s] Level 1:colcon.colcon_core.package_identification:_identify(src) by extension 'ignore_ament_install'
[0.280s] Level 1:colcon.colcon_core.package_identification:_identify(src) by extensions ['colcon_pkg']
[0.280s] Level 1:colcon.colcon_core.package_identification:_identify(src) by extension 'colcon_pkg'
[0.280s] Level 1:colcon.colcon_core.package_identification:_identify(src) by extensions ['colcon_meta']
[0.280s] Level 1:colcon.colcon_core.package_identification:_identify(src) by extension 'colcon_meta'
[0.280s] Level 1:colcon.colcon_core.package_identification:_identify(src) by extensions ['ros']
[0.280s] Level 1:colcon.colcon_core.package_identification:_identify(src) by extension 'ros'
[0.280s] Level 1:colcon.colcon_core.package_identification:_identify(src) by extensions ['cmake', 'python']
[0.280s] Level 1:colcon.colcon_core.package_identification:_identify(src) by extension 'cmake'
[0.280s] Level 1:colcon.colcon_core.package_identification:_identify(src) by extension 'python'
[0.281s] Level 1:colcon.colcon_core.package_identification:_identify(src) by extensions ['python_setup_py']
[0.281s] Level 1:colcon.colcon_core.package_identification:_identify(src) by extension 'python_setup_py'
[0.281s] Level 1:colcon.colcon_core.package_identification:_identify(src/example_action_rclcpp) by extensions ['ignore', 'ignore_ament_install']
[0.281s] Level 1:colcon.colcon_core.package_identification:_identify(src/example_action_rclcpp) by extension 'ignore'
[0.281s] Level 1:colcon.colcon_core.package_identification:_identify(src/example_action_rclcpp) by extension 'ignore_ament_install'
[0.281s] Level 1:colcon.colcon_core.package_identification:_identify(src/example_action_rclcpp) by extensions ['colcon_pkg']
[0.281s] Level 1:colcon.colcon_core.package_identification:_identify(src/example_action_rclcpp) by extension 'colcon_pkg'
[0.281s] Level 1:colcon.colcon_core.package_identification:_identify(src/example_action_rclcpp) by extensions ['colcon_meta']
[0.281s] Level 1:colcon.colcon_core.package_identification:_identify(src/example_action_rclcpp) by extension 'colcon_meta'
[0.281s] Level 1:colcon.colcon_core.package_identification:_identify(src/example_action_rclcpp) by extensions ['ros']
[0.281s] Level 1:colcon.colcon_core.package_identification:_identify(src/example_action_rclcpp) by extension 'ros'
[0.285s] DEBUG:colcon.colcon_core.package_identification:Package 'src/example_action_rclcpp' with type 'ros.ament_cmake' and name 'example_action_rclcpp'
[0.285s] Level 1:colcon.colcon_core.package_identification:_identify(src/example_action_rclpy) by extensions ['ignore', 'ignore_ament_install']
[0.285s] Level 1:colcon.colcon_core.package_identification:_identify(src/example_action_rclpy) by extension 'ignore'
[0.285s] Level 1:colcon.colcon_core.package_identification:_identify(src/example_action_rclpy) by extension 'ignore_ament_install'
[0.285s] Level 1:colcon.colcon_core.package_identification:_identify(src/example_action_rclpy) by extensions ['colcon_pkg']
[0.285s] Level 1:colcon.colcon_core.package_identification:_identify(src/example_action_rclpy) by extension 'colcon_pkg'
[0.285s] Level 1:colcon.colcon_core.package_identification:_identify(src/example_action_rclpy) by extensions ['colcon_meta']
[0.285s] Level 1:colcon.colcon_core.package_identification:_identify(src/example_action_rclpy) by extension 'colcon_meta'
[0.286s] Level 1:colcon.colcon_core.package_identification:_identify(src/example_action_rclpy) by extensions ['ros']
[0.286s] Level 1:colcon.colcon_core.package_identification:_identify(src/example_action_rclpy) by extension 'ros'
[0.286s] DEBUG:colcon.colcon_core.package_identification:Package 'src/example_action_rclpy' with type 'ros.ament_python' and name 'example_action_rclpy'
[0.286s] Level 1:colcon.colcon_core.package_identification:_identify(src/example_parameters_rclcpp) by extensions ['ignore', 'ignore_ament_install']
[0.286s] Level 1:colcon.colcon_core.package_identification:_identify(src/example_parameters_rclcpp) by extension 'ignore'
[0.287s] Level 1:colcon.colcon_core.package_identification:_identify(src/example_parameters_rclcpp) by extension 'ignore_ament_install'
[0.287s] Level 1:colcon.colcon_core.package_identification:_identify(src/example_parameters_rclcpp) by extensions ['colcon_pkg']
[0.287s] Level 1:colcon.colcon_core.package_identification:_identify(src/example_parameters_rclcpp) by extension 'colcon_pkg'
[0.287s] Level 1:colcon.colcon_core.package_identification:_identify(src/example_parameters_rclcpp) by extensions ['colcon_meta']
[0.287s] Level 1:colcon.colcon_core.package_identification:_identify(src/example_parameters_rclcpp) by extension 'colcon_meta'
[0.287s] Level 1:colcon.colcon_core.package_identification:_identify(src/example_parameters_rclcpp) by extensions ['ros']
[0.287s] Level 1:colcon.colcon_core.package_identification:_identify(src/example_parameters_rclcpp) by extension 'ros'
[0.287s] DEBUG:colcon.colcon_core.package_identification:Package 'src/example_parameters_rclcpp' with type 'ros.ament_cmake' and name 'example_parameters_rclcpp'
[0.288s] Level 1:colcon.colcon_core.package_identification:_identify(src/example_parameters_rclpy) by extensions ['ignore', 'ignore_ament_install']
[0.288s] Level 1:colcon.colcon_core.package_identification:_identify(src/example_parameters_rclpy) by extension 'ignore'
[0.288s] Level 1:colcon.colcon_core.package_identification:_identify(src/example_parameters_rclpy) by extension 'ignore_ament_install'
[0.288s] Level 1:colcon.colcon_core.package_identification:_identify(src/example_parameters_rclpy) by extensions ['colcon_pkg']
[0.288s] Level 1:colcon.colcon_core.package_identification:_identify(src/example_parameters_rclpy) by extension 'colcon_pkg'
[0.288s] Level 1:colcon.colcon_core.package_identification:_identify(src/example_parameters_rclpy) by extensions ['colcon_meta']
[0.288s] Level 1:colcon.colcon_core.package_identification:_identify(src/example_parameters_rclpy) by extension 'colcon_meta'
[0.288s] Level 1:colcon.colcon_core.package_identification:_identify(src/example_parameters_rclpy) by extensions ['ros']
[0.288s] Level 1:colcon.colcon_core.package_identification:_identify(src/example_parameters_rclpy) by extension 'ros'
[0.289s] DEBUG:colcon.colcon_core.package_identification:Package 'src/example_parameters_rclpy' with type 'ros.ament_python' and name 'example_parameters_rclpy'
[0.289s] Level 1:colcon.colcon_core.package_identification:_identify(src/robot_control_interfaces) by extensions ['ignore', 'ignore_ament_install']
[0.289s] Level 1:colcon.colcon_core.package_identification:_identify(src/robot_control_interfaces) by extension 'ignore'
[0.289s] Level 1:colcon.colcon_core.package_identification:_identify(src/robot_control_interfaces) by extension 'ignore_ament_install'
[0.289s] Level 1:colcon.colcon_core.package_identification:_identify(src/robot_control_interfaces) by extensions ['colcon_pkg']
[0.289s] Level 1:colcon.colcon_core.package_identification:_identify(src/robot_control_interfaces) by extension 'colcon_pkg'
[0.289s] Level 1:colcon.colcon_core.package_identification:_identify(src/robot_control_interfaces) by extensions ['colcon_meta']
[0.289s] Level 1:colcon.colcon_core.package_identification:_identify(src/robot_control_interfaces) by extension 'colcon_meta'
[0.289s] Level 1:colcon.colcon_core.package_identification:_identify(src/robot_control_interfaces) by extensions ['ros']
[0.289s] Level 1:colcon.colcon_core.package_identification:_identify(src/robot_control_interfaces) by extension 'ros'
[0.290s] DEBUG:colcon.colcon_core.package_identification:Package 'src/robot_control_interfaces' with type 'ros.ament_cmake' and name 'robot_control_interfaces'
[0.290s] Level 1:colcon.colcon_core.package_discovery:discover_packages(recursive) using defaults
[0.290s] Level 1:colcon.colcon_core.package_discovery:discover_packages(ignore) discover
[0.290s] Level 1:colcon.colcon_core.package_discovery:discover_packages(ignore) using defaults
[0.290s] Level 1:colcon.colcon_core.package_discovery:discover_packages(path) discover
[0.290s] Level 1:colcon.colcon_core.package_discovery:discover_packages(path) using defaults
[0.311s] INFO:colcon.colcon_core.package_selection:Skipping package 'example_action_rclcpp' in 'src/example_action_rclcpp'
[0.311s] INFO:colcon.colcon_core.package_selection:Skipping package 'example_parameters_rclpy' in 'src/example_parameters_rclpy'
[0.311s] INFO:colcon.colcon_core.package_selection:Skipping package 'example_parameters_rclcpp' in 'src/example_parameters_rclcpp'
[0.312s] Level 1:colcon.colcon_core.package_discovery:discover_packages(prefix_path) check parameters
[0.312s] Level 1:colcon.colcon_core.package_discovery:discover_packages(prefix_path) discover
[0.315s] DEBUG:colcon.colcon_installed_package_information.package_discovery:Found 312 installed packages in /opt/ros/humble
[0.316s] Level 1:colcon.colcon_core.package_discovery:discover_packages(prefix_path) using defaults
[0.371s] Level 5:colcon.colcon_core.verb:set package 'robot_control_interfaces' build argument 'cmake_args' from command line to 'None'
[0.371s] Level 5:colcon.colcon_core.verb:set package 'robot_control_interfaces' build argument 'cmake_target' from command line to 'None'
[0.371s] Level 5:colcon.colcon_core.verb:set package 'robot_control_interfaces' build argument 'cmake_target_skip_unavailable' from command line to 'False'
[0.371s] Level 5:colcon.colcon_core.verb:set package 'robot_control_interfaces' build argument 'cmake_clean_cache' from command line to 'False'
[0.371s] Level 5:colcon.colcon_core.verb:set package 'robot_control_interfaces' build argument 'cmake_clean_first' from command line to 'False'
[0.371s] Level 5:colcon.colcon_core.verb:set package 'robot_control_interfaces' build argument 'cmake_force_configure' from command line to 'False'
[0.371s] Level 5:colcon.colcon_core.verb:set package 'robot_control_interfaces' build argument 'ament_cmake_args' from command line to 'None'
[0.371s] Level 5:colcon.colcon_core.verb:set package 'robot_control_interfaces' build argument 'catkin_cmake_args' from command line to 'None'
[0.371s] Level 5:colcon.colcon_core.verb:set package 'robot_control_interfaces' build argument 'catkin_skip_building_tests' from command line to 'False'
[0.371s] DEBUG:colcon.colcon_core.verb:Building package 'robot_control_interfaces' with the following arguments: {'ament_cmake_args': None, 'build_base': '/home/yuan/Desktop/ROS2_Exercises/chapt4/chapt4_ws/build/robot_control_interfaces', 'catkin_cmake_args': None, 'catkin_skip_building_tests': False, 'cmake_args': None, 'cmake_clean_cache': False, 'cmake_clean_first': False, 'cmake_force_configure': False, 'cmake_target': None, 'cmake_target_skip_unavailable': False, 'install_base': '/home/yuan/Desktop/ROS2_Exercises/chapt4/chapt4_ws/install/robot_control_interfaces', 'merge_install': False, 'path': '/home/yuan/Desktop/ROS2_Exercises/chapt4/chapt4_ws/src/robot_control_interfaces', 'symlink_install': False, 'test_result_base': None}
[0.372s] Level 5:colcon.colcon_core.verb:set package 'example_action_rclpy' build argument 'cmake_args' from command line to 'None'
[0.372s] Level 5:colcon.colcon_core.verb:set package 'example_action_rclpy' build argument 'cmake_target' from command line to 'None'
[0.372s] Level 5:colcon.colcon_core.verb:set package 'example_action_rclpy' build argument 'cmake_target_skip_unavailable' from command line to 'False'
[0.372s] Level 5:colcon.colcon_core.verb:set package 'example_action_rclpy' build argument 'cmake_clean_cache' from command line to 'False'
[0.372s] Level 5:colcon.colcon_core.verb:set package 'example_action_rclpy' build argument 'cmake_clean_first' from command line to 'False'
[0.372s] Level 5:colcon.colcon_core.verb:set package 'example_action_rclpy' build argument 'cmake_force_configure' from command line to 'False'
[0.372s] Level 5:colcon.colcon_core.verb:set package 'example_action_rclpy' build argument 'ament_cmake_args' from command line to 'None'
[0.372s] Level 5:colcon.colcon_core.verb:set package 'example_action_rclpy' build argument 'catkin_cmake_args' from command line to 'None'
[0.372s] Level 5:colcon.colcon_core.verb:set package 'example_action_rclpy' build argument 'catkin_skip_building_tests' from command line to 'False'
[0.372s] DEBUG:colcon.colcon_core.verb:Building package 'example_action_rclpy' with the following arguments: {'ament_cmake_args': None, 'build_base': '/home/yuan/Desktop/ROS2_Exercises/chapt4/chapt4_ws/build/example_action_rclpy', 'catkin_cmake_args': None, 'catkin_skip_building_tests': False, 'cmake_args': None, 'cmake_clean_cache': False, 'cmake_clean_first': False, 'cmake_force_configure': False, 'cmake_target': None, 'cmake_target_skip_unavailable': False, 'install_base': '/home/yuan/Desktop/ROS2_Exercises/chapt4/chapt4_ws/install/example_action_rclpy', 'merge_install': False, 'path': '/home/yuan/Desktop/ROS2_Exercises/chapt4/chapt4_ws/src/example_action_rclpy', 'symlink_install': False, 'test_result_base': None}
[0.373s] INFO:colcon.colcon_core.executor:Executing jobs using 'parallel' executor
[0.379s] DEBUG:colcon.colcon_parallel_executor.executor.parallel:run_until_complete
[0.379s] INFO:colcon.colcon_ros.task.ament_cmake.build:Building ROS package in '/home/yuan/Desktop/ROS2_Exercises/chapt4/chapt4_ws/src/robot_control_interfaces' with build type 'ament_cmake'
[0.379s] INFO:colcon.colcon_cmake.task.cmake.build:Building CMake package in '/home/yuan/Desktop/ROS2_Exercises/chapt4/chapt4_ws/src/robot_control_interfaces'
[0.384s] INFO:colcon.colcon_core.plugin_system:Skipping extension 'colcon_core.shell.bat': Not used on non-Windows systems
[0.384s] INFO:colcon.colcon_core.shell:Skip shell extension 'powershell' for command environment: Not usable outside of PowerShell
[0.384s] DEBUG:colcon.colcon_core.shell:Skip shell extension 'dsv' for command environment
[0.393s] DEBUG:colcon.colcon_core.event_handler.log_command:Invoking command in '/home/yuan/Desktop/ROS2_Exercises/chapt4/chapt4_ws/build/robot_control_interfaces': CMAKE_PREFIX_PATH=/opt/ros/humble /usr/bin/cmake --build /home/yuan/Desktop/ROS2_Exercises/chapt4/chapt4_ws/build/robot_control_interfaces -- -j12 -l12
[0.671s] DEBUG:colcon.colcon_core.event_handler.log_command:Invoked command in '/home/yuan/Desktop/ROS2_Exercises/chapt4/chapt4_ws/build/robot_control_interfaces' returned '0': CMAKE_PREFIX_PATH=/opt/ros/humble /usr/bin/cmake --build /home/yuan/Desktop/ROS2_Exercises/chapt4/chapt4_ws/build/robot_control_interfaces -- -j12 -l12
[0.722s] DEBUG:colcon.colcon_core.event_handler.log_command:Invoking command in '/home/yuan/Desktop/ROS2_Exercises/chapt4/chapt4_ws/build/robot_control_interfaces': CMAKE_PREFIX_PATH=/opt/ros/humble /usr/bin/cmake --install /home/yuan/Desktop/ROS2_Exercises/chapt4/chapt4_ws/build/robot_control_interfaces
[0.767s] Level 1:colcon.colcon_core.environment:create_environment_scripts_only(robot_control_interfaces)
[0.770s] DEBUG:colcon.colcon_core.event_handler.log_command:Invoked command in '/home/yuan/Desktop/ROS2_Exercises/chapt4/chapt4_ws/build/robot_control_interfaces' returned '0': CMAKE_PREFIX_PATH=/opt/ros/humble /usr/bin/cmake --install /home/yuan/Desktop/ROS2_Exercises/chapt4/chapt4_ws/build/robot_control_interfaces
[0.772s] Level 1:colcon.colcon_core.environment:checking '/home/yuan/Desktop/ROS2_Exercises/chapt4/chapt4_ws/install/robot_control_interfaces' for CMake module files
[0.773s] Level 1:colcon.colcon_core.environment:checking '/home/yuan/Desktop/ROS2_Exercises/chapt4/chapt4_ws/install/robot_control_interfaces' for CMake config files
[0.773s] Level 1:colcon.colcon_core.shell:create_environment_hook('robot_control_interfaces', 'cmake_prefix_path')
[0.774s] INFO:colcon.colcon_core.shell:Creating environment hook '/home/yuan/Desktop/ROS2_Exercises/chapt4/chapt4_ws/install/robot_control_interfaces/share/robot_control_interfaces/hook/cmake_prefix_path.ps1'
[0.775s] INFO:colcon.colcon_core.shell:Creating environment descriptor '/home/yuan/Desktop/ROS2_Exercises/chapt4/chapt4_ws/install/robot_control_interfaces/share/robot_control_interfaces/hook/cmake_prefix_path.dsv'
[0.775s] INFO:colcon.colcon_core.shell:Creating environment hook '/home/yuan/Desktop/ROS2_Exercises/chapt4/chapt4_ws/install/robot_control_interfaces/share/robot_control_interfaces/hook/cmake_prefix_path.sh'
[0.776s] Level 1:colcon.colcon_core.environment:checking '/home/yuan/Desktop/ROS2_Exercises/chapt4/chapt4_ws/install/robot_control_interfaces/lib'
[0.776s] Level 1:colcon.colcon_core.shell:create_environment_hook('robot_control_interfaces', 'ld_library_path_lib')
[0.777s] INFO:colcon.colcon_core.shell:Creating environment hook '/home/yuan/Desktop/ROS2_Exercises/chapt4/chapt4_ws/install/robot_control_interfaces/share/robot_control_interfaces/hook/ld_library_path_lib.ps1'
[0.777s] INFO:colcon.colcon_core.shell:Creating environment descriptor '/home/yuan/Desktop/ROS2_Exercises/chapt4/chapt4_ws/install/robot_control_interfaces/share/robot_control_interfaces/hook/ld_library_path_lib.dsv'
[0.778s] INFO:colcon.colcon_core.shell:Creating environment hook '/home/yuan/Desktop/ROS2_Exercises/chapt4/chapt4_ws/install/robot_control_interfaces/share/robot_control_interfaces/hook/ld_library_path_lib.sh'
[0.778s] Level 1:colcon.colcon_core.environment:checking '/home/yuan/Desktop/ROS2_Exercises/chapt4/chapt4_ws/install/robot_control_interfaces/bin'
[0.778s] Level 1:colcon.colcon_core.environment:checking '/home/yuan/Desktop/ROS2_Exercises/chapt4/chapt4_ws/install/robot_control_interfaces/lib/pkgconfig/robot_control_interfaces.pc'
[0.778s] Level 1:colcon.colcon_core.environment:checking '/home/yuan/Desktop/ROS2_Exercises/chapt4/chapt4_ws/install/robot_control_interfaces/lib/python3.10/site-packages'
[0.779s] Level 1:colcon.colcon_core.environment:checking '/home/yuan/Desktop/ROS2_Exercises/chapt4/chapt4_ws/install/robot_control_interfaces/bin'
[0.780s] INFO:colcon.colcon_core.shell:Creating package script '/home/yuan/Desktop/ROS2_Exercises/chapt4/chapt4_ws/install/robot_control_interfaces/share/robot_control_interfaces/package.ps1'
[0.781s] INFO:colcon.colcon_core.shell:Creating package descriptor '/home/yuan/Desktop/ROS2_Exercises/chapt4/chapt4_ws/install/robot_control_interfaces/share/robot_control_interfaces/package.dsv'
[0.781s] INFO:colcon.colcon_core.shell:Creating package script '/home/yuan/Desktop/ROS2_Exercises/chapt4/chapt4_ws/install/robot_control_interfaces/share/robot_control_interfaces/package.sh'
[0.782s] INFO:colcon.colcon_core.shell:Creating package script '/home/yuan/Desktop/ROS2_Exercises/chapt4/chapt4_ws/install/robot_control_interfaces/share/robot_control_interfaces/package.bash'
[0.782s] INFO:colcon.colcon_core.shell:Creating package script '/home/yuan/Desktop/ROS2_Exercises/chapt4/chapt4_ws/install/robot_control_interfaces/share/robot_control_interfaces/package.zsh'
[0.783s] Level 1:colcon.colcon_core.environment:create_file_with_runtime_dependencies(/home/yuan/Desktop/ROS2_Exercises/chapt4/chapt4_ws/install/robot_control_interfaces/share/colcon-core/packages/robot_control_interfaces)
[0.831s] Level 1:colcon.colcon_core.environment:create_environment_scripts_only(robot_control_interfaces)
[0.832s] Level 1:colcon.colcon_core.environment:checking '/home/yuan/Desktop/ROS2_Exercises/chapt4/chapt4_ws/install/robot_control_interfaces' for CMake module files
[0.833s] Level 1:colcon.colcon_core.environment:checking '/home/yuan/Desktop/ROS2_Exercises/chapt4/chapt4_ws/install/robot_control_interfaces' for CMake config files
[0.833s] Level 1:colcon.colcon_core.shell:create_environment_hook('robot_control_interfaces', 'cmake_prefix_path')
[0.834s] INFO:colcon.colcon_core.shell:Creating environment hook '/home/yuan/Desktop/ROS2_Exercises/chapt4/chapt4_ws/install/robot_control_interfaces/share/robot_control_interfaces/hook/cmake_prefix_path.ps1'
[0.834s] INFO:colcon.colcon_core.shell:Creating environment descriptor '/home/yuan/Desktop/ROS2_Exercises/chapt4/chapt4_ws/install/robot_control_interfaces/share/robot_control_interfaces/hook/cmake_prefix_path.dsv'
[0.835s] INFO:colcon.colcon_core.shell:Creating environment hook '/home/yuan/Desktop/ROS2_Exercises/chapt4/chapt4_ws/install/robot_control_interfaces/share/robot_control_interfaces/hook/cmake_prefix_path.sh'
[0.835s] Level 1:colcon.colcon_core.environment:checking '/home/yuan/Desktop/ROS2_Exercises/chapt4/chapt4_ws/install/robot_control_interfaces/lib'
[0.835s] Level 1:colcon.colcon_core.shell:create_environment_hook('robot_control_interfaces', 'ld_library_path_lib')
[0.836s] INFO:colcon.colcon_core.shell:Creating environment hook '/home/yuan/Desktop/ROS2_Exercises/chapt4/chapt4_ws/install/robot_control_interfaces/share/robot_control_interfaces/hook/ld_library_path_lib.ps1'
[0.836s] INFO:colcon.colcon_core.shell:Creating environment descriptor '/home/yuan/Desktop/ROS2_Exercises/chapt4/chapt4_ws/install/robot_control_interfaces/share/robot_control_interfaces/hook/ld_library_path_lib.dsv'
[0.837s] INFO:colcon.colcon_core.shell:Creating environment hook '/home/yuan/Desktop/ROS2_Exercises/chapt4/chapt4_ws/install/robot_control_interfaces/share/robot_control_interfaces/hook/ld_library_path_lib.sh'
[0.837s] Level 1:colcon.colcon_core.environment:checking '/home/yuan/Desktop/ROS2_Exercises/chapt4/chapt4_ws/install/robot_control_interfaces/bin'
[0.837s] Level 1:colcon.colcon_core.environment:checking '/home/yuan/Desktop/ROS2_Exercises/chapt4/chapt4_ws/install/robot_control_interfaces/lib/pkgconfig/robot_control_interfaces.pc'
[0.837s] Level 1:colcon.colcon_core.environment:checking '/home/yuan/Desktop/ROS2_Exercises/chapt4/chapt4_ws/install/robot_control_interfaces/lib/python3.10/site-packages'
[0.837s] Level 1:colcon.colcon_core.environment:checking '/home/yuan/Desktop/ROS2_Exercises/chapt4/chapt4_ws/install/robot_control_interfaces/bin'
[0.838s] INFO:colcon.colcon_core.shell:Creating package script '/home/yuan/Desktop/ROS2_Exercises/chapt4/chapt4_ws/install/robot_control_interfaces/share/robot_control_interfaces/package.ps1'
[0.839s] INFO:colcon.colcon_core.shell:Creating package descriptor '/home/yuan/Desktop/ROS2_Exercises/chapt4/chapt4_ws/install/robot_control_interfaces/share/robot_control_interfaces/package.dsv'
[0.839s] INFO:colcon.colcon_core.shell:Creating package script '/home/yuan/Desktop/ROS2_Exercises/chapt4/chapt4_ws/install/robot_control_interfaces/share/robot_control_interfaces/package.sh'
[0.839s] INFO:colcon.colcon_core.shell:Creating package script '/home/yuan/Desktop/ROS2_Exercises/chapt4/chapt4_ws/install/robot_control_interfaces/share/robot_control_interfaces/package.bash'
[0.840s] INFO:colcon.colcon_core.shell:Creating package script '/home/yuan/Desktop/ROS2_Exercises/chapt4/chapt4_ws/install/robot_control_interfaces/share/robot_control_interfaces/package.zsh'
[0.840s] Level 1:colcon.colcon_core.environment:create_file_with_runtime_dependencies(/home/yuan/Desktop/ROS2_Exercises/chapt4/chapt4_ws/install/robot_control_interfaces/share/colcon-core/packages/robot_control_interfaces)
[0.840s] INFO:colcon.colcon_ros.task.ament_python.build:Building ROS package in '/home/yuan/Desktop/ROS2_Exercises/chapt4/chapt4_ws/src/example_action_rclpy' with build type 'ament_python'
[0.840s] Level 1:colcon.colcon_core.shell:create_environment_hook('example_action_rclpy', 'ament_prefix_path')
[0.841s] INFO:colcon.colcon_core.shell:Creating environment hook '/home/yuan/Desktop/ROS2_Exercises/chapt4/chapt4_ws/install/example_action_rclpy/share/example_action_rclpy/hook/ament_prefix_path.ps1'
[0.842s] INFO:colcon.colcon_core.shell:Creating environment descriptor '/home/yuan/Desktop/ROS2_Exercises/chapt4/chapt4_ws/install/example_action_rclpy/share/example_action_rclpy/hook/ament_prefix_path.dsv'
[0.842s] INFO:colcon.colcon_core.shell:Creating environment hook '/home/yuan/Desktop/ROS2_Exercises/chapt4/chapt4_ws/install/example_action_rclpy/share/example_action_rclpy/hook/ament_prefix_path.sh'
[0.844s] INFO:colcon.colcon_core.shell:Skip shell extension 'powershell' for command environment: Not usable outside of PowerShell
[0.844s] DEBUG:colcon.colcon_core.shell:Skip shell extension 'dsv' for command environment
[1.053s] INFO:colcon.colcon_core.task.python.build:Building Python package in '/home/yuan/Desktop/ROS2_Exercises/chapt4/chapt4_ws/src/example_action_rclpy'
[1.054s] INFO:colcon.colcon_core.shell:Skip shell extension 'powershell' for command environment: Not usable outside of PowerShell
[1.054s] DEBUG:colcon.colcon_core.shell:Skip shell extension 'dsv' for command environment
[1.474s] DEBUG:colcon.colcon_core.event_handler.log_command:Invoking command in '/home/yuan/Desktop/ROS2_Exercises/chapt4/chapt4_ws/src/example_action_rclpy': AMENT_PREFIX_PATH=/home/yuan/Desktop/ROS2_Exercises/chapt4/chapt4_ws/install/robot_control_interfaces:${AMENT_PREFIX_PATH} CMAKE_PREFIX_PATH=/home/yuan/Desktop/ROS2_Exercises/chapt4/chapt4_ws/install/robot_control_interfaces LD_LIBRARY_PATH=/home/yuan/Desktop/ROS2_Exercises/chapt4/chapt4_ws/install/robot_control_interfaces/lib:${LD_LIBRARY_PATH} PYTHONPATH=/home/yuan/Desktop/ROS2_Exercises/chapt4/chapt4_ws/install/example_action_rclpy/lib/python3.10/site-packages:/home/yuan/Desktop/ROS2_Exercises/chapt4/chapt4_ws/install/robot_control_interfaces/local/lib/python3.10/dist-packages:${PYTHONPATH} /usr/bin/python3 setup.py egg_info --egg-base ../../build/example_action_rclpy build --build-base /home/yuan/Desktop/ROS2_Exercises/chapt4/chapt4_ws/build/example_action_rclpy/build install --prefix /home/yuan/Desktop/ROS2_Exercises/chapt4/chapt4_ws/install/example_action_rclpy --record /home/yuan/Desktop/ROS2_Exercises/chapt4/chapt4_ws/build/example_action_rclpy/install.log --single-version-externally-managed
[1.810s] Level 1:colcon.colcon_core.environment:checking '/home/yuan/Desktop/ROS2_Exercises/chapt4/chapt4_ws/install/example_action_rclpy' for CMake module files
[1.810s] DEBUG:colcon.colcon_core.event_handler.log_command:Invoked command in '/home/yuan/Desktop/ROS2_Exercises/chapt4/chapt4_ws/src/example_action_rclpy' returned '0': AMENT_PREFIX_PATH=/home/yuan/Desktop/ROS2_Exercises/chapt4/chapt4_ws/install/robot_control_interfaces:${AMENT_PREFIX_PATH} CMAKE_PREFIX_PATH=/home/yuan/Desktop/ROS2_Exercises/chapt4/chapt4_ws/install/robot_control_interfaces LD_LIBRARY_PATH=/home/yuan/Desktop/ROS2_Exercises/chapt4/chapt4_ws/install/robot_control_interfaces/lib:${LD_LIBRARY_PATH} PYTHONPATH=/home/yuan/Desktop/ROS2_Exercises/chapt4/chapt4_ws/install/example_action_rclpy/lib/python3.10/site-packages:/home/yuan/Desktop/ROS2_Exercises/chapt4/chapt4_ws/install/robot_control_interfaces/local/lib/python3.10/dist-packages:${PYTHONPATH} /usr/bin/python3 setup.py egg_info --egg-base ../../build/example_action_rclpy build --build-base /home/yuan/Desktop/ROS2_Exercises/chapt4/chapt4_ws/build/example_action_rclpy/build install --prefix /home/yuan/Desktop/ROS2_Exercises/chapt4/chapt4_ws/install/example_action_rclpy --record /home/yuan/Desktop/ROS2_Exercises/chapt4/chapt4_ws/build/example_action_rclpy/install.log --single-version-externally-managed
[1.810s] Level 1:colcon.colcon_core.environment:checking '/home/yuan/Desktop/ROS2_Exercises/chapt4/chapt4_ws/install/example_action_rclpy' for CMake config files
[1.811s] Level 1:colcon.colcon_core.environment:checking '/home/yuan/Desktop/ROS2_Exercises/chapt4/chapt4_ws/install/example_action_rclpy/lib'
[1.811s] Level 1:colcon.colcon_core.environment:checking '/home/yuan/Desktop/ROS2_Exercises/chapt4/chapt4_ws/install/example_action_rclpy/bin'
[1.811s] Level 1:colcon.colcon_core.environment:checking '/home/yuan/Desktop/ROS2_Exercises/chapt4/chapt4_ws/install/example_action_rclpy/lib/pkgconfig/example_action_rclpy.pc'
[1.811s] Level 1:colcon.colcon_core.environment:checking '/home/yuan/Desktop/ROS2_Exercises/chapt4/chapt4_ws/install/example_action_rclpy/lib/python3.10/site-packages'
[1.811s] Level 1:colcon.colcon_core.shell:create_environment_hook('example_action_rclpy', 'pythonpath')
[1.812s] INFO:colcon.colcon_core.shell:Creating environment hook '/home/yuan/Desktop/ROS2_Exercises/chapt4/chapt4_ws/install/example_action_rclpy/share/example_action_rclpy/hook/pythonpath.ps1'
[1.813s] INFO:colcon.colcon_core.shell:Creating environment descriptor '/home/yuan/Desktop/ROS2_Exercises/chapt4/chapt4_ws/install/example_action_rclpy/share/example_action_rclpy/hook/pythonpath.dsv'
[1.813s] INFO:colcon.colcon_core.shell:Creating environment hook '/home/yuan/Desktop/ROS2_Exercises/chapt4/chapt4_ws/install/example_action_rclpy/share/example_action_rclpy/hook/pythonpath.sh'
[1.814s] Level 1:colcon.colcon_core.environment:checking '/home/yuan/Desktop/ROS2_Exercises/chapt4/chapt4_ws/install/example_action_rclpy/bin'
[1.814s] Level 1:colcon.colcon_core.environment:create_environment_scripts_only(example_action_rclpy)
[1.815s] INFO:colcon.colcon_core.shell:Creating package script '/home/yuan/Desktop/ROS2_Exercises/chapt4/chapt4_ws/install/example_action_rclpy/share/example_action_rclpy/package.ps1'
[1.815s] INFO:colcon.colcon_core.shell:Creating package descriptor '/home/yuan/Desktop/ROS2_Exercises/chapt4/chapt4_ws/install/example_action_rclpy/share/example_action_rclpy/package.dsv'
[1.815s] INFO:colcon.colcon_core.shell:Creating package script '/home/yuan/Desktop/ROS2_Exercises/chapt4/chapt4_ws/install/example_action_rclpy/share/example_action_rclpy/package.sh'
[1.816s] INFO:colcon.colcon_core.shell:Creating package script '/home/yuan/Desktop/ROS2_Exercises/chapt4/chapt4_ws/install/example_action_rclpy/share/example_action_rclpy/package.bash'
[1.816s] INFO:colcon.colcon_core.shell:Creating package script '/home/yuan/Desktop/ROS2_Exercises/chapt4/chapt4_ws/install/example_action_rclpy/share/example_action_rclpy/package.zsh'
[1.816s] Level 1:colcon.colcon_core.environment:create_file_with_runtime_dependencies(/home/yuan/Desktop/ROS2_Exercises/chapt4/chapt4_ws/install/example_action_rclpy/share/colcon-core/packages/example_action_rclpy)
[1.817s] DEBUG:colcon.colcon_parallel_executor.executor.parallel:closing loop
[1.817s] DEBUG:colcon.colcon_parallel_executor.executor.parallel:loop closed
[1.817s] DEBUG:colcon.colcon_parallel_executor.executor.parallel:run_until_complete finished with '0'
[1.817s] DEBUG:colcon.colcon_core.event_reactor:joining thread
[1.822s] INFO:colcon.colcon_core.plugin_system:Skipping extension 'colcon_notification.desktop_notification.terminal_notifier': Not used on non-Darwin systems
[1.822s] INFO:colcon.colcon_core.plugin_system:Skipping extension 'colcon_notification.desktop_notification.win32': Not used on non-Windows systems
[1.822s] INFO:colcon.colcon_notification.desktop_notification:Sending desktop notification using 'notify2'
[1.831s] DEBUG:colcon.colcon_core.event_reactor:joined thread
[1.832s] INFO:colcon.colcon_core.shell:Creating prefix script '/home/yuan/Desktop/ROS2_Exercises/chapt4/chapt4_ws/install/local_setup.ps1'
[1.833s] INFO:colcon.colcon_core.shell:Creating prefix util module '/home/yuan/Desktop/ROS2_Exercises/chapt4/chapt4_ws/install/_local_setup_util_ps1.py'
[1.834s] INFO:colcon.colcon_core.shell:Creating prefix chain script '/home/yuan/Desktop/ROS2_Exercises/chapt4/chapt4_ws/install/setup.ps1'
[1.835s] INFO:colcon.colcon_core.shell:Creating prefix script '/home/yuan/Desktop/ROS2_Exercises/chapt4/chapt4_ws/install/local_setup.sh'
[1.836s] INFO:colcon.colcon_core.shell:Creating prefix util module '/home/yuan/Desktop/ROS2_Exercises/chapt4/chapt4_ws/install/_local_setup_util_sh.py'
[1.836s] INFO:colcon.colcon_core.shell:Creating prefix chain script '/home/yuan/Desktop/ROS2_Exercises/chapt4/chapt4_ws/install/setup.sh'
[1.837s] INFO:colcon.colcon_core.shell:Creating prefix script '/home/yuan/Desktop/ROS2_Exercises/chapt4/chapt4_ws/install/local_setup.bash'
[1.837s] INFO:colcon.colcon_core.shell:Creating prefix chain script '/home/yuan/Desktop/ROS2_Exercises/chapt4/chapt4_ws/install/setup.bash'
[1.838s] INFO:colcon.colcon_core.shell:Creating prefix script '/home/yuan/Desktop/ROS2_Exercises/chapt4/chapt4_ws/install/local_setup.zsh'
[1.839s] INFO:colcon.colcon_core.shell:Creating prefix chain script '/home/yuan/Desktop/ROS2_Exercises/chapt4/chapt4_ws/install/setup.zsh'
