[0.250s] DEBUG:colcon:Command line arguments: ['/usr/bin/colcon', 'build']
[0.250s] DEBUG:colcon:Parsed command line arguments: Namespace(log_base=None, log_level=None, verb_name='build', build_base='build', install_base='install', merge_install=False, symlink_install=False, test_result_base=None, continue_on_error=False, executor='parallel', parallel_workers=12, event_handlers=None, ignore_user_meta=False, metas=['./colcon.meta'], base_paths=['.'], packages_ignore=None, packages_ignore_regex=None, paths=None, packages_up_to=None, packages_up_to_regex=None, packages_above=None, packages_above_and_dependencies=None, packages_above_depth=None, packages_select_by_dep=None, packages_skip_by_dep=None, packages_skip_up_to=None, packages_select_build_failed=False, packages_skip_build_finished=False, packages_select_test_failures=False, packages_skip_test_passed=False, packages_select=None, packages_skip=None, packages_select_regex=None, packages_skip_regex=None, packages_start=None, packages_end=None, allow_overriding=[], cmake_args=None, cmake_target=None, cmake_target_skip_unavailable=False, cmake_clean_cache=False, cmake_clean_first=False, cmake_force_configure=False, ament_cmake_args=None, catkin_cmake_args=None, catkin_skip_building_tests=False, verb_parser=<colcon_defaults.argument_parser.defaults.DefaultArgumentsDecorator object at 0x7feb896b2ad0>, verb_extension=<colcon_core.verb.build.BuildVerb object at 0x7feb8a071900>, main=<bound method BuildVerb.main of <colcon_core.verb.build.BuildVerb object at 0x7feb8a071900>>)
[0.269s] Level 1:colcon.colcon_core.package_discovery:discover_packages(colcon_meta) check parameters
[0.270s] Level 1:colcon.colcon_core.package_discovery:discover_packages(recursive) check parameters
[0.270s] Level 1:colcon.colcon_core.package_discovery:discover_packages(ignore) check parameters
[0.270s] Level 1:colcon.colcon_core.package_discovery:discover_packages(path) check parameters
[0.270s] Level 1:colcon.colcon_core.package_discovery:discover_packages(colcon_meta) discover
[0.270s] Level 1:colcon.colcon_core.package_discovery:discover_packages(recursive) discover
[0.270s] INFO:colcon.colcon_core.package_discovery:Crawling recursively for packages in '/home/yuan/Desktop/ROS2_Exercises/chapt3/chapt3_ws'
[0.270s] Level 1:colcon.colcon_core.package_identification:_identify(.) by extensions ['ignore', 'ignore_ament_install']
[0.270s] Level 1:colcon.colcon_core.package_identification:_identify(.) by extension 'ignore'
[0.270s] Level 1:colcon.colcon_core.package_identification:_identify(.) by extension 'ignore_ament_install'
[0.270s] Level 1:colcon.colcon_core.package_identification:_identify(.) by extensions ['colcon_pkg']
[0.270s] Level 1:colcon.colcon_core.package_identification:_identify(.) by extension 'colcon_pkg'
[0.270s] Level 1:colcon.colcon_core.package_identification:_identify(.) by extensions ['colcon_meta']
[0.271s] Level 1:colcon.colcon_core.package_identification:_identify(.) by extension 'colcon_meta'
[0.271s] Level 1:colcon.colcon_core.package_identification:_identify(.) by extensions ['ros']
[0.271s] Level 1:colcon.colcon_core.package_identification:_identify(.) by extension 'ros'
[0.286s] Level 1:colcon.colcon_core.package_identification:_identify(.) by extensions ['cmake', 'python']
[0.286s] Level 1:colcon.colcon_core.package_identification:_identify(.) by extension 'cmake'
[0.286s] Level 1:colcon.colcon_core.package_identification:_identify(.) by extension 'python'
[0.286s] Level 1:colcon.colcon_core.package_identification:_identify(.) by extensions ['python_setup_py']
[0.286s] Level 1:colcon.colcon_core.package_identification:_identify(.) by extension 'python_setup_py'
[0.286s] Level 1:colcon.colcon_core.package_identification:_identify(build) by extensions ['ignore', 'ignore_ament_install']
[0.287s] Level 1:colcon.colcon_core.package_identification:_identify(build) by extension 'ignore'
[0.287s] Level 1:colcon.colcon_core.package_identification:_identify(build) ignored
[0.287s] Level 1:colcon.colcon_core.package_identification:_identify(install) by extensions ['ignore', 'ignore_ament_install']
[0.287s] Level 1:colcon.colcon_core.package_identification:_identify(install) by extension 'ignore'
[0.287s] Level 1:colcon.colcon_core.package_identification:_identify(install) ignored
[0.287s] Level 1:colcon.colcon_core.package_identification:_identify(log) by extensions ['ignore', 'ignore_ament_install']
[0.287s] Level 1:colcon.colcon_core.package_identification:_identify(log) by extension 'ignore'
[0.287s] Level 1:colcon.colcon_core.package_identification:_identify(log) ignored
[0.287s] Level 1:colcon.colcon_core.package_identification:_identify(src) by extensions ['ignore', 'ignore_ament_install']
[0.287s] Level 1:colcon.colcon_core.package_identification:_identify(src) by extension 'ignore'
[0.287s] Level 1:colcon.colcon_core.package_identification:_identify(src) by extension 'ignore_ament_install'
[0.287s] Level 1:colcon.colcon_core.package_identification:_identify(src) by extensions ['colcon_pkg']
[0.287s] Level 1:colcon.colcon_core.package_identification:_identify(src) by extension 'colcon_pkg'
[0.288s] Level 1:colcon.colcon_core.package_identification:_identify(src) by extensions ['colcon_meta']
[0.288s] Level 1:colcon.colcon_core.package_identification:_identify(src) by extension 'colcon_meta'
[0.288s] Level 1:colcon.colcon_core.package_identification:_identify(src) by extensions ['ros']
[0.288s] Level 1:colcon.colcon_core.package_identification:_identify(src) by extension 'ros'
[0.288s] Level 1:colcon.colcon_core.package_identification:_identify(src) by extensions ['cmake', 'python']
[0.288s] Level 1:colcon.colcon_core.package_identification:_identify(src) by extension 'cmake'
[0.288s] Level 1:colcon.colcon_core.package_identification:_identify(src) by extension 'python'
[0.288s] Level 1:colcon.colcon_core.package_identification:_identify(src) by extensions ['python_setup_py']
[0.288s] Level 1:colcon.colcon_core.package_identification:_identify(src) by extension 'python_setup_py'
[0.288s] Level 1:colcon.colcon_core.package_identification:_identify(src/example_interfaces_rclcpp) by extensions ['ignore', 'ignore_ament_install']
[0.288s] Level 1:colcon.colcon_core.package_identification:_identify(src/example_interfaces_rclcpp) by extension 'ignore'
[0.288s] Level 1:colcon.colcon_core.package_identification:_identify(src/example_interfaces_rclcpp) by extension 'ignore_ament_install'
[0.288s] Level 1:colcon.colcon_core.package_identification:_identify(src/example_interfaces_rclcpp) by extensions ['colcon_pkg']
[0.288s] Level 1:colcon.colcon_core.package_identification:_identify(src/example_interfaces_rclcpp) by extension 'colcon_pkg'
[0.288s] Level 1:colcon.colcon_core.package_identification:_identify(src/example_interfaces_rclcpp) by extensions ['colcon_meta']
[0.288s] Level 1:colcon.colcon_core.package_identification:_identify(src/example_interfaces_rclcpp) by extension 'colcon_meta'
[0.288s] Level 1:colcon.colcon_core.package_identification:_identify(src/example_interfaces_rclcpp) by extensions ['ros']
[0.288s] Level 1:colcon.colcon_core.package_identification:_identify(src/example_interfaces_rclcpp) by extension 'ros'
[0.290s] DEBUG:colcon.colcon_core.package_identification:Package 'src/example_interfaces_rclcpp' with type 'ros.ament_cmake' and name 'example_interfaces_rclcpp'
[0.291s] Level 1:colcon.colcon_core.package_identification:_identify(src/example_ros2_interfaces) by extensions ['ignore', 'ignore_ament_install']
[0.291s] Level 1:colcon.colcon_core.package_identification:_identify(src/example_ros2_interfaces) by extension 'ignore'
[0.291s] Level 1:colcon.colcon_core.package_identification:_identify(src/example_ros2_interfaces) by extension 'ignore_ament_install'
[0.291s] Level 1:colcon.colcon_core.package_identification:_identify(src/example_ros2_interfaces) by extensions ['colcon_pkg']
[0.291s] Level 1:colcon.colcon_core.package_identification:_identify(src/example_ros2_interfaces) by extension 'colcon_pkg'
[0.291s] Level 1:colcon.colcon_core.package_identification:_identify(src/example_ros2_interfaces) by extensions ['colcon_meta']
[0.291s] Level 1:colcon.colcon_core.package_identification:_identify(src/example_ros2_interfaces) by extension 'colcon_meta'
[0.291s] Level 1:colcon.colcon_core.package_identification:_identify(src/example_ros2_interfaces) by extensions ['ros']
[0.291s] Level 1:colcon.colcon_core.package_identification:_identify(src/example_ros2_interfaces) by extension 'ros'
[0.292s] DEBUG:colcon.colcon_core.package_identification:Package 'src/example_ros2_interfaces' with type 'ros.ament_cmake' and name 'example_ros2_interfaces'
[0.292s] Level 1:colcon.colcon_core.package_identification:_identify(src/example_service_rclcpp) by extensions ['ignore', 'ignore_ament_install']
[0.292s] Level 1:colcon.colcon_core.package_identification:_identify(src/example_service_rclcpp) by extension 'ignore'
[0.292s] Level 1:colcon.colcon_core.package_identification:_identify(src/example_service_rclcpp) by extension 'ignore_ament_install'
[0.292s] Level 1:colcon.colcon_core.package_identification:_identify(src/example_service_rclcpp) by extensions ['colcon_pkg']
[0.292s] Level 1:colcon.colcon_core.package_identification:_identify(src/example_service_rclcpp) by extension 'colcon_pkg'
[0.292s] Level 1:colcon.colcon_core.package_identification:_identify(src/example_service_rclcpp) by extensions ['colcon_meta']
[0.292s] Level 1:colcon.colcon_core.package_identification:_identify(src/example_service_rclcpp) by extension 'colcon_meta'
[0.292s] Level 1:colcon.colcon_core.package_identification:_identify(src/example_service_rclcpp) by extensions ['ros']
[0.292s] Level 1:colcon.colcon_core.package_identification:_identify(src/example_service_rclcpp) by extension 'ros'
[0.293s] DEBUG:colcon.colcon_core.package_identification:Package 'src/example_service_rclcpp' with type 'ros.ament_cmake' and name 'example_service_rclcpp'
[0.293s] Level 1:colcon.colcon_core.package_identification:_identify(src/example_service_rclpy) by extensions ['ignore', 'ignore_ament_install']
[0.293s] Level 1:colcon.colcon_core.package_identification:_identify(src/example_service_rclpy) by extension 'ignore'
[0.293s] Level 1:colcon.colcon_core.package_identification:_identify(src/example_service_rclpy) by extension 'ignore_ament_install'
[0.293s] Level 1:colcon.colcon_core.package_identification:_identify(src/example_service_rclpy) by extensions ['colcon_pkg']
[0.293s] Level 1:colcon.colcon_core.package_identification:_identify(src/example_service_rclpy) by extension 'colcon_pkg'
[0.293s] Level 1:colcon.colcon_core.package_identification:_identify(src/example_service_rclpy) by extensions ['colcon_meta']
[0.293s] Level 1:colcon.colcon_core.package_identification:_identify(src/example_service_rclpy) by extension 'colcon_meta'
[0.293s] Level 1:colcon.colcon_core.package_identification:_identify(src/example_service_rclpy) by extensions ['ros']
[0.293s] Level 1:colcon.colcon_core.package_identification:_identify(src/example_service_rclpy) by extension 'ros'
[0.294s] DEBUG:colcon.colcon_core.package_identification:Package 'src/example_service_rclpy' with type 'ros.ament_python' and name 'example_service_rclpy'
[0.294s] Level 1:colcon.colcon_core.package_identification:_identify(src/example_topic_rclcpp) by extensions ['ignore', 'ignore_ament_install']
[0.294s] Level 1:colcon.colcon_core.package_identification:_identify(src/example_topic_rclcpp) by extension 'ignore'
[0.294s] Level 1:colcon.colcon_core.package_identification:_identify(src/example_topic_rclcpp) by extension 'ignore_ament_install'
[0.294s] Level 1:colcon.colcon_core.package_identification:_identify(src/example_topic_rclcpp) by extensions ['colcon_pkg']
[0.294s] Level 1:colcon.colcon_core.package_identification:_identify(src/example_topic_rclcpp) by extension 'colcon_pkg'
[0.294s] Level 1:colcon.colcon_core.package_identification:_identify(src/example_topic_rclcpp) by extensions ['colcon_meta']
[0.294s] Level 1:colcon.colcon_core.package_identification:_identify(src/example_topic_rclcpp) by extension 'colcon_meta'
[0.294s] Level 1:colcon.colcon_core.package_identification:_identify(src/example_topic_rclcpp) by extensions ['ros']
[0.294s] Level 1:colcon.colcon_core.package_identification:_identify(src/example_topic_rclcpp) by extension 'ros'
[0.295s] DEBUG:colcon.colcon_core.package_identification:Package 'src/example_topic_rclcpp' with type 'ros.ament_cmake' and name 'example_topic_rclcpp'
[0.295s] Level 1:colcon.colcon_core.package_identification:_identify(src/example_topic_rclpy) by extensions ['ignore', 'ignore_ament_install']
[0.295s] Level 1:colcon.colcon_core.package_identification:_identify(src/example_topic_rclpy) by extension 'ignore'
[0.295s] Level 1:colcon.colcon_core.package_identification:_identify(src/example_topic_rclpy) by extension 'ignore_ament_install'
[0.295s] Level 1:colcon.colcon_core.package_identification:_identify(src/example_topic_rclpy) by extensions ['colcon_pkg']
[0.295s] Level 1:colcon.colcon_core.package_identification:_identify(src/example_topic_rclpy) by extension 'colcon_pkg'
[0.295s] Level 1:colcon.colcon_core.package_identification:_identify(src/example_topic_rclpy) by extensions ['colcon_meta']
[0.295s] Level 1:colcon.colcon_core.package_identification:_identify(src/example_topic_rclpy) by extension 'colcon_meta'
[0.295s] Level 1:colcon.colcon_core.package_identification:_identify(src/example_topic_rclpy) by extensions ['ros']
[0.295s] Level 1:colcon.colcon_core.package_identification:_identify(src/example_topic_rclpy) by extension 'ros'
[0.296s] DEBUG:colcon.colcon_core.package_identification:Package 'src/example_topic_rclpy' with type 'ros.ament_python' and name 'example_topic_rclpy'
[0.296s] Level 1:colcon.colcon_core.package_discovery:discover_packages(recursive) using defaults
[0.296s] Level 1:colcon.colcon_core.package_discovery:discover_packages(ignore) discover
[0.296s] Level 1:colcon.colcon_core.package_discovery:discover_packages(ignore) using defaults
[0.296s] Level 1:colcon.colcon_core.package_discovery:discover_packages(path) discover
[0.297s] Level 1:colcon.colcon_core.package_discovery:discover_packages(path) using defaults
[0.317s] Level 1:colcon.colcon_core.package_discovery:discover_packages(prefix_path) check parameters
[0.317s] Level 1:colcon.colcon_core.package_discovery:discover_packages(prefix_path) discover
[0.320s] DEBUG:colcon.colcon_installed_package_information.package_discovery:Found 312 installed packages in /opt/ros/humble
[0.322s] Level 1:colcon.colcon_core.package_discovery:discover_packages(prefix_path) using defaults
[0.379s] Level 5:colcon.colcon_core.verb:set package 'example_ros2_interfaces' build argument 'cmake_args' from command line to 'None'
[0.379s] Level 5:colcon.colcon_core.verb:set package 'example_ros2_interfaces' build argument 'cmake_target' from command line to 'None'
[0.379s] Level 5:colcon.colcon_core.verb:set package 'example_ros2_interfaces' build argument 'cmake_target_skip_unavailable' from command line to 'False'
[0.379s] Level 5:colcon.colcon_core.verb:set package 'example_ros2_interfaces' build argument 'cmake_clean_cache' from command line to 'False'
[0.379s] Level 5:colcon.colcon_core.verb:set package 'example_ros2_interfaces' build argument 'cmake_clean_first' from command line to 'False'
[0.379s] Level 5:colcon.colcon_core.verb:set package 'example_ros2_interfaces' build argument 'cmake_force_configure' from command line to 'False'
[0.379s] Level 5:colcon.colcon_core.verb:set package 'example_ros2_interfaces' build argument 'ament_cmake_args' from command line to 'None'
[0.379s] Level 5:colcon.colcon_core.verb:set package 'example_ros2_interfaces' build argument 'catkin_cmake_args' from command line to 'None'
[0.379s] Level 5:colcon.colcon_core.verb:set package 'example_ros2_interfaces' build argument 'catkin_skip_building_tests' from command line to 'False'
[0.379s] DEBUG:colcon.colcon_core.verb:Building package 'example_ros2_interfaces' with the following arguments: {'ament_cmake_args': None, 'build_base': '/home/yuan/Desktop/ROS2_Exercises/chapt3/chapt3_ws/build/example_ros2_interfaces', 'catkin_cmake_args': None, 'catkin_skip_building_tests': False, 'cmake_args': None, 'cmake_clean_cache': False, 'cmake_clean_first': False, 'cmake_force_configure': False, 'cmake_target': None, 'cmake_target_skip_unavailable': False, 'install_base': '/home/yuan/Desktop/ROS2_Exercises/chapt3/chapt3_ws/install/example_ros2_interfaces', 'merge_install': False, 'path': '/home/yuan/Desktop/ROS2_Exercises/chapt3/chapt3_ws/src/example_ros2_interfaces', 'symlink_install': False, 'test_result_base': None}
[0.380s] Level 5:colcon.colcon_core.verb:set package 'example_service_rclcpp' build argument 'cmake_args' from command line to 'None'
[0.380s] Level 5:colcon.colcon_core.verb:set package 'example_service_rclcpp' build argument 'cmake_target' from command line to 'None'
[0.380s] Level 5:colcon.colcon_core.verb:set package 'example_service_rclcpp' build argument 'cmake_target_skip_unavailable' from command line to 'False'
[0.380s] Level 5:colcon.colcon_core.verb:set package 'example_service_rclcpp' build argument 'cmake_clean_cache' from command line to 'False'
[0.380s] Level 5:colcon.colcon_core.verb:set package 'example_service_rclcpp' build argument 'cmake_clean_first' from command line to 'False'
[0.380s] Level 5:colcon.colcon_core.verb:set package 'example_service_rclcpp' build argument 'cmake_force_configure' from command line to 'False'
[0.380s] Level 5:colcon.colcon_core.verb:set package 'example_service_rclcpp' build argument 'ament_cmake_args' from command line to 'None'
[0.380s] Level 5:colcon.colcon_core.verb:set package 'example_service_rclcpp' build argument 'catkin_cmake_args' from command line to 'None'
[0.380s] Level 5:colcon.colcon_core.verb:set package 'example_service_rclcpp' build argument 'catkin_skip_building_tests' from command line to 'False'
[0.380s] DEBUG:colcon.colcon_core.verb:Building package 'example_service_rclcpp' with the following arguments: {'ament_cmake_args': None, 'build_base': '/home/yuan/Desktop/ROS2_Exercises/chapt3/chapt3_ws/build/example_service_rclcpp', 'catkin_cmake_args': None, 'catkin_skip_building_tests': False, 'cmake_args': None, 'cmake_clean_cache': False, 'cmake_clean_first': False, 'cmake_force_configure': False, 'cmake_target': None, 'cmake_target_skip_unavailable': False, 'install_base': '/home/yuan/Desktop/ROS2_Exercises/chapt3/chapt3_ws/install/example_service_rclcpp', 'merge_install': False, 'path': '/home/yuan/Desktop/ROS2_Exercises/chapt3/chapt3_ws/src/example_service_rclcpp', 'symlink_install': False, 'test_result_base': None}
[0.382s] Level 5:colcon.colcon_core.verb:set package 'example_service_rclpy' build argument 'cmake_args' from command line to 'None'
[0.382s] Level 5:colcon.colcon_core.verb:set package 'example_service_rclpy' build argument 'cmake_target' from command line to 'None'
[0.382s] Level 5:colcon.colcon_core.verb:set package 'example_service_rclpy' build argument 'cmake_target_skip_unavailable' from command line to 'False'
[0.382s] Level 5:colcon.colcon_core.verb:set package 'example_service_rclpy' build argument 'cmake_clean_cache' from command line to 'False'
[0.382s] Level 5:colcon.colcon_core.verb:set package 'example_service_rclpy' build argument 'cmake_clean_first' from command line to 'False'
[0.382s] Level 5:colcon.colcon_core.verb:set package 'example_service_rclpy' build argument 'cmake_force_configure' from command line to 'False'
[0.382s] Level 5:colcon.colcon_core.verb:set package 'example_service_rclpy' build argument 'ament_cmake_args' from command line to 'None'
[0.382s] Level 5:colcon.colcon_core.verb:set package 'example_service_rclpy' build argument 'catkin_cmake_args' from command line to 'None'
[0.382s] Level 5:colcon.colcon_core.verb:set package 'example_service_rclpy' build argument 'catkin_skip_building_tests' from command line to 'False'
[0.382s] DEBUG:colcon.colcon_core.verb:Building package 'example_service_rclpy' with the following arguments: {'ament_cmake_args': None, 'build_base': '/home/yuan/Desktop/ROS2_Exercises/chapt3/chapt3_ws/build/example_service_rclpy', 'catkin_cmake_args': None, 'catkin_skip_building_tests': False, 'cmake_args': None, 'cmake_clean_cache': False, 'cmake_clean_first': False, 'cmake_force_configure': False, 'cmake_target': None, 'cmake_target_skip_unavailable': False, 'install_base': '/home/yuan/Desktop/ROS2_Exercises/chapt3/chapt3_ws/install/example_service_rclpy', 'merge_install': False, 'path': '/home/yuan/Desktop/ROS2_Exercises/chapt3/chapt3_ws/src/example_service_rclpy', 'symlink_install': False, 'test_result_base': None}
[0.384s] Level 5:colcon.colcon_core.verb:set package 'example_topic_rclcpp' build argument 'cmake_args' from command line to 'None'
[0.384s] Level 5:colcon.colcon_core.verb:set package 'example_topic_rclcpp' build argument 'cmake_target' from command line to 'None'
[0.384s] Level 5:colcon.colcon_core.verb:set package 'example_topic_rclcpp' build argument 'cmake_target_skip_unavailable' from command line to 'False'
[0.384s] Level 5:colcon.colcon_core.verb:set package 'example_topic_rclcpp' build argument 'cmake_clean_cache' from command line to 'False'
[0.384s] Level 5:colcon.colcon_core.verb:set package 'example_topic_rclcpp' build argument 'cmake_clean_first' from command line to 'False'
[0.384s] Level 5:colcon.colcon_core.verb:set package 'example_topic_rclcpp' build argument 'cmake_force_configure' from command line to 'False'
[0.384s] Level 5:colcon.colcon_core.verb:set package 'example_topic_rclcpp' build argument 'ament_cmake_args' from command line to 'None'
[0.384s] Level 5:colcon.colcon_core.verb:set package 'example_topic_rclcpp' build argument 'catkin_cmake_args' from command line to 'None'
[0.384s] Level 5:colcon.colcon_core.verb:set package 'example_topic_rclcpp' build argument 'catkin_skip_building_tests' from command line to 'False'
[0.384s] DEBUG:colcon.colcon_core.verb:Building package 'example_topic_rclcpp' with the following arguments: {'ament_cmake_args': None, 'build_base': '/home/yuan/Desktop/ROS2_Exercises/chapt3/chapt3_ws/build/example_topic_rclcpp', 'catkin_cmake_args': None, 'catkin_skip_building_tests': False, 'cmake_args': None, 'cmake_clean_cache': False, 'cmake_clean_first': False, 'cmake_force_configure': False, 'cmake_target': None, 'cmake_target_skip_unavailable': False, 'install_base': '/home/yuan/Desktop/ROS2_Exercises/chapt3/chapt3_ws/install/example_topic_rclcpp', 'merge_install': False, 'path': '/home/yuan/Desktop/ROS2_Exercises/chapt3/chapt3_ws/src/example_topic_rclcpp', 'symlink_install': False, 'test_result_base': None}
[0.385s] Level 5:colcon.colcon_core.verb:set package 'example_topic_rclpy' build argument 'cmake_args' from command line to 'None'
[0.386s] Level 5:colcon.colcon_core.verb:set package 'example_topic_rclpy' build argument 'cmake_target' from command line to 'None'
[0.386s] Level 5:colcon.colcon_core.verb:set package 'example_topic_rclpy' build argument 'cmake_target_skip_unavailable' from command line to 'False'
[0.386s] Level 5:colcon.colcon_core.verb:set package 'example_topic_rclpy' build argument 'cmake_clean_cache' from command line to 'False'
[0.386s] Level 5:colcon.colcon_core.verb:set package 'example_topic_rclpy' build argument 'cmake_clean_first' from command line to 'False'
[0.386s] Level 5:colcon.colcon_core.verb:set package 'example_topic_rclpy' build argument 'cmake_force_configure' from command line to 'False'
[0.386s] Level 5:colcon.colcon_core.verb:set package 'example_topic_rclpy' build argument 'ament_cmake_args' from command line to 'None'
[0.386s] Level 5:colcon.colcon_core.verb:set package 'example_topic_rclpy' build argument 'catkin_cmake_args' from command line to 'None'
[0.386s] Level 5:colcon.colcon_core.verb:set package 'example_topic_rclpy' build argument 'catkin_skip_building_tests' from command line to 'False'
[0.386s] DEBUG:colcon.colcon_core.verb:Building package 'example_topic_rclpy' with the following arguments: {'ament_cmake_args': None, 'build_base': '/home/yuan/Desktop/ROS2_Exercises/chapt3/chapt3_ws/build/example_topic_rclpy', 'catkin_cmake_args': None, 'catkin_skip_building_tests': False, 'cmake_args': None, 'cmake_clean_cache': False, 'cmake_clean_first': False, 'cmake_force_configure': False, 'cmake_target': None, 'cmake_target_skip_unavailable': False, 'install_base': '/home/yuan/Desktop/ROS2_Exercises/chapt3/chapt3_ws/install/example_topic_rclpy', 'merge_install': False, 'path': '/home/yuan/Desktop/ROS2_Exercises/chapt3/chapt3_ws/src/example_topic_rclpy', 'symlink_install': False, 'test_result_base': None}
[0.388s] Level 5:colcon.colcon_core.verb:set package 'example_interfaces_rclcpp' build argument 'cmake_args' from command line to 'None'
[0.388s] Level 5:colcon.colcon_core.verb:set package 'example_interfaces_rclcpp' build argument 'cmake_target' from command line to 'None'
[0.388s] Level 5:colcon.colcon_core.verb:set package 'example_interfaces_rclcpp' build argument 'cmake_target_skip_unavailable' from command line to 'False'
[0.388s] Level 5:colcon.colcon_core.verb:set package 'example_interfaces_rclcpp' build argument 'cmake_clean_cache' from command line to 'False'
[0.388s] Level 5:colcon.colcon_core.verb:set package 'example_interfaces_rclcpp' build argument 'cmake_clean_first' from command line to 'False'
[0.388s] Level 5:colcon.colcon_core.verb:set package 'example_interfaces_rclcpp' build argument 'cmake_force_configure' from command line to 'False'
[0.388s] Level 5:colcon.colcon_core.verb:set package 'example_interfaces_rclcpp' build argument 'ament_cmake_args' from command line to 'None'
[0.388s] Level 5:colcon.colcon_core.verb:set package 'example_interfaces_rclcpp' build argument 'catkin_cmake_args' from command line to 'None'
[0.388s] Level 5:colcon.colcon_core.verb:set package 'example_interfaces_rclcpp' build argument 'catkin_skip_building_tests' from command line to 'False'
[0.388s] DEBUG:colcon.colcon_core.verb:Building package 'example_interfaces_rclcpp' with the following arguments: {'ament_cmake_args': None, 'build_base': '/home/yuan/Desktop/ROS2_Exercises/chapt3/chapt3_ws/build/example_interfaces_rclcpp', 'catkin_cmake_args': None, 'catkin_skip_building_tests': False, 'cmake_args': None, 'cmake_clean_cache': False, 'cmake_clean_first': False, 'cmake_force_configure': False, 'cmake_target': None, 'cmake_target_skip_unavailable': False, 'install_base': '/home/yuan/Desktop/ROS2_Exercises/chapt3/chapt3_ws/install/example_interfaces_rclcpp', 'merge_install': False, 'path': '/home/yuan/Desktop/ROS2_Exercises/chapt3/chapt3_ws/src/example_interfaces_rclcpp', 'symlink_install': False, 'test_result_base': None}
[0.389s] INFO:colcon.colcon_core.executor:Executing jobs using 'parallel' executor
[0.392s] DEBUG:colcon.colcon_parallel_executor.executor.parallel:run_until_complete
[0.393s] INFO:colcon.colcon_ros.task.ament_cmake.build:Building ROS package in '/home/yuan/Desktop/ROS2_Exercises/chapt3/chapt3_ws/src/example_ros2_interfaces' with build type 'ament_cmake'
[0.393s] INFO:colcon.colcon_cmake.task.cmake.build:Building CMake package in '/home/yuan/Desktop/ROS2_Exercises/chapt3/chapt3_ws/src/example_ros2_interfaces'
[0.397s] INFO:colcon.colcon_core.plugin_system:Skipping extension 'colcon_core.shell.bat': Not used on non-Windows systems
[0.398s] INFO:colcon.colcon_core.shell:Skip shell extension 'powershell' for command environment: Not usable outside of PowerShell
[0.398s] DEBUG:colcon.colcon_core.shell:Skip shell extension 'dsv' for command environment
[0.401s] INFO:colcon.colcon_ros.task.ament_cmake.build:Building ROS package in '/home/yuan/Desktop/ROS2_Exercises/chapt3/chapt3_ws/src/example_service_rclcpp' with build type 'ament_cmake'
[0.401s] INFO:colcon.colcon_cmake.task.cmake.build:Building CMake package in '/home/yuan/Desktop/ROS2_Exercises/chapt3/chapt3_ws/src/example_service_rclcpp'
[0.402s] INFO:colcon.colcon_core.shell:Skip shell extension 'powershell' for command environment: Not usable outside of PowerShell
[0.402s] DEBUG:colcon.colcon_core.shell:Skip shell extension 'dsv' for command environment
[0.405s] INFO:colcon.colcon_ros.task.ament_python.build:Building ROS package in '/home/yuan/Desktop/ROS2_Exercises/chapt3/chapt3_ws/src/example_service_rclpy' with build type 'ament_python'
[0.406s] Level 1:colcon.colcon_core.shell:create_environment_hook('example_service_rclpy', 'ament_prefix_path')
[0.407s] INFO:colcon.colcon_core.shell:Creating environment hook '/home/yuan/Desktop/ROS2_Exercises/chapt3/chapt3_ws/install/example_service_rclpy/share/example_service_rclpy/hook/ament_prefix_path.ps1'
[0.408s] INFO:colcon.colcon_core.shell:Creating environment descriptor '/home/yuan/Desktop/ROS2_Exercises/chapt3/chapt3_ws/install/example_service_rclpy/share/example_service_rclpy/hook/ament_prefix_path.dsv'
[0.408s] INFO:colcon.colcon_core.shell:Creating environment hook '/home/yuan/Desktop/ROS2_Exercises/chapt3/chapt3_ws/install/example_service_rclpy/share/example_service_rclpy/hook/ament_prefix_path.sh'
[0.410s] INFO:colcon.colcon_core.shell:Skip shell extension 'powershell' for command environment: Not usable outside of PowerShell
[0.410s] DEBUG:colcon.colcon_core.shell:Skip shell extension 'dsv' for command environment
[0.413s] INFO:colcon.colcon_ros.task.ament_cmake.build:Building ROS package in '/home/yuan/Desktop/ROS2_Exercises/chapt3/chapt3_ws/src/example_topic_rclcpp' with build type 'ament_cmake'
[0.413s] INFO:colcon.colcon_cmake.task.cmake.build:Building CMake package in '/home/yuan/Desktop/ROS2_Exercises/chapt3/chapt3_ws/src/example_topic_rclcpp'
[0.414s] INFO:colcon.colcon_core.shell:Skip shell extension 'powershell' for command environment: Not usable outside of PowerShell
[0.414s] DEBUG:colcon.colcon_core.shell:Skip shell extension 'dsv' for command environment
[0.417s] INFO:colcon.colcon_ros.task.ament_python.build:Building ROS package in '/home/yuan/Desktop/ROS2_Exercises/chapt3/chapt3_ws/src/example_topic_rclpy' with build type 'ament_python'
[0.417s] Level 1:colcon.colcon_core.shell:create_environment_hook('example_topic_rclpy', 'ament_prefix_path')
[0.418s] INFO:colcon.colcon_core.shell:Creating environment hook '/home/yuan/Desktop/ROS2_Exercises/chapt3/chapt3_ws/install/example_topic_rclpy/share/example_topic_rclpy/hook/ament_prefix_path.ps1'
[0.419s] INFO:colcon.colcon_core.shell:Creating environment descriptor '/home/yuan/Desktop/ROS2_Exercises/chapt3/chapt3_ws/install/example_topic_rclpy/share/example_topic_rclpy/hook/ament_prefix_path.dsv'
[0.419s] INFO:colcon.colcon_core.shell:Creating environment hook '/home/yuan/Desktop/ROS2_Exercises/chapt3/chapt3_ws/install/example_topic_rclpy/share/example_topic_rclpy/hook/ament_prefix_path.sh'
[0.421s] INFO:colcon.colcon_core.shell:Skip shell extension 'powershell' for command environment: Not usable outside of PowerShell
[0.421s] DEBUG:colcon.colcon_core.shell:Skip shell extension 'dsv' for command environment
[0.430s] DEBUG:colcon.colcon_core.event_handler.log_command:Invoking command in '/home/yuan/Desktop/ROS2_Exercises/chapt3/chapt3_ws/build/example_ros2_interfaces': CMAKE_PREFIX_PATH=/opt/ros/humble /usr/bin/cmake --build /home/yuan/Desktop/ROS2_Exercises/chapt3/chapt3_ws/build/example_ros2_interfaces -- -j12 -l12
[0.433s] DEBUG:colcon.colcon_core.event_handler.log_command:Invoking command in '/home/yuan/Desktop/ROS2_Exercises/chapt3/chapt3_ws/build/example_service_rclcpp': CMAKE_PREFIX_PATH=/opt/ros/humble /usr/bin/cmake --build /home/yuan/Desktop/ROS2_Exercises/chapt3/chapt3_ws/build/example_service_rclcpp -- -j12 -l12
[0.681s] INFO:colcon.colcon_core.task.python.build:Building Python package in '/home/yuan/Desktop/ROS2_Exercises/chapt3/chapt3_ws/src/example_service_rclpy'
[0.682s] INFO:colcon.colcon_core.shell:Skip shell extension 'powershell' for command environment: Not usable outside of PowerShell
[0.682s] DEBUG:colcon.colcon_core.shell:Skip shell extension 'dsv' for command environment
[0.689s] DEBUG:colcon.colcon_core.event_handler.log_command:Invoking command in '/home/yuan/Desktop/ROS2_Exercises/chapt3/chapt3_ws/build/example_topic_rclcpp': CMAKE_PREFIX_PATH=/opt/ros/humble /usr/bin/cmake --build /home/yuan/Desktop/ROS2_Exercises/chapt3/chapt3_ws/build/example_topic_rclcpp -- -j12 -l12
[0.697s] DEBUG:colcon.colcon_core.event_handler.log_command:Invoked command in '/home/yuan/Desktop/ROS2_Exercises/chapt3/chapt3_ws/build/example_service_rclcpp' returned '0': CMAKE_PREFIX_PATH=/opt/ros/humble /usr/bin/cmake --build /home/yuan/Desktop/ROS2_Exercises/chapt3/chapt3_ws/build/example_service_rclcpp -- -j12 -l12
[0.918s] INFO:colcon.colcon_core.task.python.build:Building Python package in '/home/yuan/Desktop/ROS2_Exercises/chapt3/chapt3_ws/src/example_topic_rclpy'
[0.920s] INFO:colcon.colcon_core.shell:Skip shell extension 'powershell' for command environment: Not usable outside of PowerShell
[0.920s] DEBUG:colcon.colcon_core.shell:Skip shell extension 'dsv' for command environment
[0.928s] DEBUG:colcon.colcon_core.event_handler.log_command:Invoked command in '/home/yuan/Desktop/ROS2_Exercises/chapt3/chapt3_ws/build/example_topic_rclcpp' returned '0': CMAKE_PREFIX_PATH=/opt/ros/humble /usr/bin/cmake --build /home/yuan/Desktop/ROS2_Exercises/chapt3/chapt3_ws/build/example_topic_rclcpp -- -j12 -l12
[0.928s] DEBUG:colcon.colcon_core.event_handler.log_command:Invoked command in '/home/yuan/Desktop/ROS2_Exercises/chapt3/chapt3_ws/build/example_ros2_interfaces' returned '0': CMAKE_PREFIX_PATH=/opt/ros/humble /usr/bin/cmake --build /home/yuan/Desktop/ROS2_Exercises/chapt3/chapt3_ws/build/example_ros2_interfaces -- -j12 -l12
[0.937s] DEBUG:colcon.colcon_core.event_handler.log_command:Invoking command in '/home/yuan/Desktop/ROS2_Exercises/chapt3/chapt3_ws/build/example_service_rclcpp': CMAKE_PREFIX_PATH=/opt/ros/humble /usr/bin/cmake --install /home/yuan/Desktop/ROS2_Exercises/chapt3/chapt3_ws/build/example_service_rclcpp
[0.948s] Level 1:colcon.colcon_core.environment:create_environment_scripts_only(example_service_rclcpp)
[0.949s] DEBUG:colcon.colcon_core.event_handler.log_command:Invoked command in '/home/yuan/Desktop/ROS2_Exercises/chapt3/chapt3_ws/build/example_service_rclcpp' returned '0': CMAKE_PREFIX_PATH=/opt/ros/humble /usr/bin/cmake --install /home/yuan/Desktop/ROS2_Exercises/chapt3/chapt3_ws/build/example_service_rclcpp
[0.952s] Level 1:colcon.colcon_core.environment:checking '/home/yuan/Desktop/ROS2_Exercises/chapt3/chapt3_ws/install/example_service_rclcpp' for CMake module files
[0.953s] Level 1:colcon.colcon_core.environment:checking '/home/yuan/Desktop/ROS2_Exercises/chapt3/chapt3_ws/install/example_service_rclcpp' for CMake config files
[0.953s] Level 1:colcon.colcon_core.shell:create_environment_hook('example_service_rclcpp', 'cmake_prefix_path')
[0.954s] INFO:colcon.colcon_core.shell:Creating environment hook '/home/yuan/Desktop/ROS2_Exercises/chapt3/chapt3_ws/install/example_service_rclcpp/share/example_service_rclcpp/hook/cmake_prefix_path.ps1'
[0.955s] INFO:colcon.colcon_core.shell:Creating environment descriptor '/home/yuan/Desktop/ROS2_Exercises/chapt3/chapt3_ws/install/example_service_rclcpp/share/example_service_rclcpp/hook/cmake_prefix_path.dsv'
[0.955s] INFO:colcon.colcon_core.shell:Creating environment hook '/home/yuan/Desktop/ROS2_Exercises/chapt3/chapt3_ws/install/example_service_rclcpp/share/example_service_rclcpp/hook/cmake_prefix_path.sh'
[0.956s] Level 1:colcon.colcon_core.environment:checking '/home/yuan/Desktop/ROS2_Exercises/chapt3/chapt3_ws/install/example_service_rclcpp/lib'
[0.956s] Level 1:colcon.colcon_core.environment:checking '/home/yuan/Desktop/ROS2_Exercises/chapt3/chapt3_ws/install/example_service_rclcpp/bin'
[0.956s] Level 1:colcon.colcon_core.environment:checking '/home/yuan/Desktop/ROS2_Exercises/chapt3/chapt3_ws/install/example_service_rclcpp/lib/pkgconfig/example_service_rclcpp.pc'
[0.956s] Level 1:colcon.colcon_core.environment:checking '/home/yuan/Desktop/ROS2_Exercises/chapt3/chapt3_ws/install/example_service_rclcpp/lib/python3.10/site-packages'
[0.956s] Level 1:colcon.colcon_core.environment:checking '/home/yuan/Desktop/ROS2_Exercises/chapt3/chapt3_ws/install/example_service_rclcpp/bin'
[0.958s] INFO:colcon.colcon_core.shell:Creating package script '/home/yuan/Desktop/ROS2_Exercises/chapt3/chapt3_ws/install/example_service_rclcpp/share/example_service_rclcpp/package.ps1'
[0.959s] INFO:colcon.colcon_core.shell:Creating package descriptor '/home/yuan/Desktop/ROS2_Exercises/chapt3/chapt3_ws/install/example_service_rclcpp/share/example_service_rclcpp/package.dsv'
[0.960s] INFO:colcon.colcon_core.shell:Creating package script '/home/yuan/Desktop/ROS2_Exercises/chapt3/chapt3_ws/install/example_service_rclcpp/share/example_service_rclcpp/package.sh'
[0.961s] INFO:colcon.colcon_core.shell:Creating package script '/home/yuan/Desktop/ROS2_Exercises/chapt3/chapt3_ws/install/example_service_rclcpp/share/example_service_rclcpp/package.bash'
[0.962s] INFO:colcon.colcon_core.shell:Creating package script '/home/yuan/Desktop/ROS2_Exercises/chapt3/chapt3_ws/install/example_service_rclcpp/share/example_service_rclcpp/package.zsh'
[0.962s] Level 1:colcon.colcon_core.environment:create_file_with_runtime_dependencies(/home/yuan/Desktop/ROS2_Exercises/chapt3/chapt3_ws/install/example_service_rclcpp/share/colcon-core/packages/example_service_rclcpp)
[0.965s] DEBUG:colcon.colcon_core.event_handler.log_command:Invoking command in '/home/yuan/Desktop/ROS2_Exercises/chapt3/chapt3_ws/build/example_topic_rclcpp': CMAKE_PREFIX_PATH=/opt/ros/humble /usr/bin/cmake --install /home/yuan/Desktop/ROS2_Exercises/chapt3/chapt3_ws/build/example_topic_rclcpp
[0.975s] Level 1:colcon.colcon_core.environment:create_environment_scripts_only(example_topic_rclcpp)
[0.977s] Level 1:colcon.colcon_core.environment:checking '/home/yuan/Desktop/ROS2_Exercises/chapt3/chapt3_ws/install/example_topic_rclcpp' for CMake module files
[0.978s] DEBUG:colcon.colcon_core.event_handler.log_command:Invoked command in '/home/yuan/Desktop/ROS2_Exercises/chapt3/chapt3_ws/build/example_topic_rclcpp' returned '0': CMAKE_PREFIX_PATH=/opt/ros/humble /usr/bin/cmake --install /home/yuan/Desktop/ROS2_Exercises/chapt3/chapt3_ws/build/example_topic_rclcpp
[0.979s] Level 1:colcon.colcon_core.environment:checking '/home/yuan/Desktop/ROS2_Exercises/chapt3/chapt3_ws/install/example_topic_rclcpp' for CMake config files
[0.979s] Level 1:colcon.colcon_core.shell:create_environment_hook('example_topic_rclcpp', 'cmake_prefix_path')
[0.980s] INFO:colcon.colcon_core.shell:Creating environment hook '/home/yuan/Desktop/ROS2_Exercises/chapt3/chapt3_ws/install/example_topic_rclcpp/share/example_topic_rclcpp/hook/cmake_prefix_path.ps1'
[0.980s] INFO:colcon.colcon_core.shell:Creating environment descriptor '/home/yuan/Desktop/ROS2_Exercises/chapt3/chapt3_ws/install/example_topic_rclcpp/share/example_topic_rclcpp/hook/cmake_prefix_path.dsv'
[0.981s] INFO:colcon.colcon_core.shell:Creating environment hook '/home/yuan/Desktop/ROS2_Exercises/chapt3/chapt3_ws/install/example_topic_rclcpp/share/example_topic_rclcpp/hook/cmake_prefix_path.sh'
[0.981s] Level 1:colcon.colcon_core.environment:checking '/home/yuan/Desktop/ROS2_Exercises/chapt3/chapt3_ws/install/example_topic_rclcpp/lib'
[0.981s] Level 1:colcon.colcon_core.environment:checking '/home/yuan/Desktop/ROS2_Exercises/chapt3/chapt3_ws/install/example_topic_rclcpp/bin'
[0.981s] Level 1:colcon.colcon_core.environment:checking '/home/yuan/Desktop/ROS2_Exercises/chapt3/chapt3_ws/install/example_topic_rclcpp/lib/pkgconfig/example_topic_rclcpp.pc'
[0.982s] Level 1:colcon.colcon_core.environment:checking '/home/yuan/Desktop/ROS2_Exercises/chapt3/chapt3_ws/install/example_topic_rclcpp/lib/python3.10/site-packages'
[0.982s] Level 1:colcon.colcon_core.environment:checking '/home/yuan/Desktop/ROS2_Exercises/chapt3/chapt3_ws/install/example_topic_rclcpp/bin'
[0.984s] INFO:colcon.colcon_core.shell:Creating package script '/home/yuan/Desktop/ROS2_Exercises/chapt3/chapt3_ws/install/example_topic_rclcpp/share/example_topic_rclcpp/package.ps1'
[0.985s] INFO:colcon.colcon_core.shell:Creating package descriptor '/home/yuan/Desktop/ROS2_Exercises/chapt3/chapt3_ws/install/example_topic_rclcpp/share/example_topic_rclcpp/package.dsv'
[0.985s] INFO:colcon.colcon_core.shell:Creating package script '/home/yuan/Desktop/ROS2_Exercises/chapt3/chapt3_ws/install/example_topic_rclcpp/share/example_topic_rclcpp/package.sh'
[0.985s] INFO:colcon.colcon_core.shell:Creating package script '/home/yuan/Desktop/ROS2_Exercises/chapt3/chapt3_ws/install/example_topic_rclcpp/share/example_topic_rclcpp/package.bash'
[0.986s] INFO:colcon.colcon_core.shell:Creating package script '/home/yuan/Desktop/ROS2_Exercises/chapt3/chapt3_ws/install/example_topic_rclcpp/share/example_topic_rclcpp/package.zsh'
[0.986s] Level 1:colcon.colcon_core.environment:create_file_with_runtime_dependencies(/home/yuan/Desktop/ROS2_Exercises/chapt3/chapt3_ws/install/example_topic_rclcpp/share/colcon-core/packages/example_topic_rclcpp)
[0.989s] Level 1:colcon.colcon_core.environment:create_environment_scripts_only(example_service_rclcpp)
[0.991s] Level 1:colcon.colcon_core.environment:checking '/home/yuan/Desktop/ROS2_Exercises/chapt3/chapt3_ws/install/example_service_rclcpp' for CMake module files
[0.992s] Level 1:colcon.colcon_core.environment:checking '/home/yuan/Desktop/ROS2_Exercises/chapt3/chapt3_ws/install/example_service_rclcpp' for CMake config files
[0.992s] Level 1:colcon.colcon_core.shell:create_environment_hook('example_service_rclcpp', 'cmake_prefix_path')
[0.994s] INFO:colcon.colcon_core.shell:Creating environment hook '/home/yuan/Desktop/ROS2_Exercises/chapt3/chapt3_ws/install/example_service_rclcpp/share/example_service_rclcpp/hook/cmake_prefix_path.ps1'
[0.998s] INFO:colcon.colcon_core.shell:Creating environment descriptor '/home/yuan/Desktop/ROS2_Exercises/chapt3/chapt3_ws/install/example_service_rclcpp/share/example_service_rclcpp/hook/cmake_prefix_path.dsv'
[1.002s] INFO:colcon.colcon_core.shell:Creating environment hook '/home/yuan/Desktop/ROS2_Exercises/chapt3/chapt3_ws/install/example_service_rclcpp/share/example_service_rclcpp/hook/cmake_prefix_path.sh'
[1.003s] Level 1:colcon.colcon_core.environment:checking '/home/yuan/Desktop/ROS2_Exercises/chapt3/chapt3_ws/install/example_service_rclcpp/lib'
[1.003s] Level 1:colcon.colcon_core.environment:checking '/home/yuan/Desktop/ROS2_Exercises/chapt3/chapt3_ws/install/example_service_rclcpp/bin'
[1.003s] Level 1:colcon.colcon_core.environment:checking '/home/yuan/Desktop/ROS2_Exercises/chapt3/chapt3_ws/install/example_service_rclcpp/lib/pkgconfig/example_service_rclcpp.pc'
[1.004s] Level 1:colcon.colcon_core.environment:checking '/home/yuan/Desktop/ROS2_Exercises/chapt3/chapt3_ws/install/example_service_rclcpp/lib/python3.10/site-packages'
[1.004s] Level 1:colcon.colcon_core.environment:checking '/home/yuan/Desktop/ROS2_Exercises/chapt3/chapt3_ws/install/example_service_rclcpp/bin'
[1.006s] INFO:colcon.colcon_core.shell:Creating package script '/home/yuan/Desktop/ROS2_Exercises/chapt3/chapt3_ws/install/example_service_rclcpp/share/example_service_rclcpp/package.ps1'
[1.006s] INFO:colcon.colcon_core.shell:Creating package descriptor '/home/yuan/Desktop/ROS2_Exercises/chapt3/chapt3_ws/install/example_service_rclcpp/share/example_service_rclcpp/package.dsv'
[1.007s] INFO:colcon.colcon_core.shell:Creating package script '/home/yuan/Desktop/ROS2_Exercises/chapt3/chapt3_ws/install/example_service_rclcpp/share/example_service_rclcpp/package.sh'
[1.007s] INFO:colcon.colcon_core.shell:Creating package script '/home/yuan/Desktop/ROS2_Exercises/chapt3/chapt3_ws/install/example_service_rclcpp/share/example_service_rclcpp/package.bash'
[1.008s] INFO:colcon.colcon_core.shell:Creating package script '/home/yuan/Desktop/ROS2_Exercises/chapt3/chapt3_ws/install/example_service_rclcpp/share/example_service_rclcpp/package.zsh'
[1.008s] Level 1:colcon.colcon_core.environment:create_file_with_runtime_dependencies(/home/yuan/Desktop/ROS2_Exercises/chapt3/chapt3_ws/install/example_service_rclcpp/share/colcon-core/packages/example_service_rclcpp)
[1.011s] DEBUG:colcon.colcon_core.event_handler.log_command:Invoking command in '/home/yuan/Desktop/ROS2_Exercises/chapt3/chapt3_ws/build/example_ros2_interfaces': CMAKE_PREFIX_PATH=/opt/ros/humble /usr/bin/cmake --install /home/yuan/Desktop/ROS2_Exercises/chapt3/chapt3_ws/build/example_ros2_interfaces
[1.013s] Level 1:colcon.colcon_core.environment:create_environment_scripts_only(example_topic_rclcpp)
[1.015s] Level 1:colcon.colcon_core.environment:checking '/home/yuan/Desktop/ROS2_Exercises/chapt3/chapt3_ws/install/example_topic_rclcpp' for CMake module files
[1.015s] Level 1:colcon.colcon_core.environment:checking '/home/yuan/Desktop/ROS2_Exercises/chapt3/chapt3_ws/install/example_topic_rclcpp' for CMake config files
[1.016s] Level 1:colcon.colcon_core.shell:create_environment_hook('example_topic_rclcpp', 'cmake_prefix_path')
[1.017s] INFO:colcon.colcon_core.shell:Creating environment hook '/home/yuan/Desktop/ROS2_Exercises/chapt3/chapt3_ws/install/example_topic_rclcpp/share/example_topic_rclcpp/hook/cmake_prefix_path.ps1'
[1.018s] INFO:colcon.colcon_core.shell:Creating environment descriptor '/home/yuan/Desktop/ROS2_Exercises/chapt3/chapt3_ws/install/example_topic_rclcpp/share/example_topic_rclcpp/hook/cmake_prefix_path.dsv'
[1.019s] INFO:colcon.colcon_core.shell:Creating environment hook '/home/yuan/Desktop/ROS2_Exercises/chapt3/chapt3_ws/install/example_topic_rclcpp/share/example_topic_rclcpp/hook/cmake_prefix_path.sh'
[1.020s] Level 1:colcon.colcon_core.environment:checking '/home/yuan/Desktop/ROS2_Exercises/chapt3/chapt3_ws/install/example_topic_rclcpp/lib'
[1.021s] Level 1:colcon.colcon_core.environment:checking '/home/yuan/Desktop/ROS2_Exercises/chapt3/chapt3_ws/install/example_topic_rclcpp/bin'
[1.021s] Level 1:colcon.colcon_core.environment:checking '/home/yuan/Desktop/ROS2_Exercises/chapt3/chapt3_ws/install/example_topic_rclcpp/lib/pkgconfig/example_topic_rclcpp.pc'
[1.021s] Level 1:colcon.colcon_core.environment:checking '/home/yuan/Desktop/ROS2_Exercises/chapt3/chapt3_ws/install/example_topic_rclcpp/lib/python3.10/site-packages'
[1.022s] Level 1:colcon.colcon_core.environment:checking '/home/yuan/Desktop/ROS2_Exercises/chapt3/chapt3_ws/install/example_topic_rclcpp/bin'
[1.024s] INFO:colcon.colcon_core.shell:Creating package script '/home/yuan/Desktop/ROS2_Exercises/chapt3/chapt3_ws/install/example_topic_rclcpp/share/example_topic_rclcpp/package.ps1'
[1.025s] INFO:colcon.colcon_core.shell:Creating package descriptor '/home/yuan/Desktop/ROS2_Exercises/chapt3/chapt3_ws/install/example_topic_rclcpp/share/example_topic_rclcpp/package.dsv'
[1.027s] INFO:colcon.colcon_core.shell:Creating package script '/home/yuan/Desktop/ROS2_Exercises/chapt3/chapt3_ws/install/example_topic_rclcpp/share/example_topic_rclcpp/package.sh'
[1.027s] INFO:colcon.colcon_core.shell:Creating package script '/home/yuan/Desktop/ROS2_Exercises/chapt3/chapt3_ws/install/example_topic_rclcpp/share/example_topic_rclcpp/package.bash'
[1.028s] INFO:colcon.colcon_core.shell:Creating package script '/home/yuan/Desktop/ROS2_Exercises/chapt3/chapt3_ws/install/example_topic_rclcpp/share/example_topic_rclcpp/package.zsh'
[1.029s] Level 1:colcon.colcon_core.environment:create_file_with_runtime_dependencies(/home/yuan/Desktop/ROS2_Exercises/chapt3/chapt3_ws/install/example_topic_rclcpp/share/colcon-core/packages/example_topic_rclcpp)
[1.071s] Level 1:colcon.colcon_core.environment:create_environment_scripts_only(example_ros2_interfaces)
[1.075s] Level 1:colcon.colcon_core.environment:checking '/home/yuan/Desktop/ROS2_Exercises/chapt3/chapt3_ws/install/example_ros2_interfaces' for CMake module files
[1.077s] DEBUG:colcon.colcon_core.event_handler.log_command:Invoked command in '/home/yuan/Desktop/ROS2_Exercises/chapt3/chapt3_ws/build/example_ros2_interfaces' returned '0': CMAKE_PREFIX_PATH=/opt/ros/humble /usr/bin/cmake --install /home/yuan/Desktop/ROS2_Exercises/chapt3/chapt3_ws/build/example_ros2_interfaces
[1.077s] Level 1:colcon.colcon_core.environment:checking '/home/yuan/Desktop/ROS2_Exercises/chapt3/chapt3_ws/install/example_ros2_interfaces' for CMake config files
[1.078s] Level 1:colcon.colcon_core.shell:create_environment_hook('example_ros2_interfaces', 'cmake_prefix_path')
[1.080s] INFO:colcon.colcon_core.shell:Creating environment hook '/home/yuan/Desktop/ROS2_Exercises/chapt3/chapt3_ws/install/example_ros2_interfaces/share/example_ros2_interfaces/hook/cmake_prefix_path.ps1'
[1.080s] INFO:colcon.colcon_core.shell:Creating environment descriptor '/home/yuan/Desktop/ROS2_Exercises/chapt3/chapt3_ws/install/example_ros2_interfaces/share/example_ros2_interfaces/hook/cmake_prefix_path.dsv'
[1.081s] INFO:colcon.colcon_core.shell:Creating environment hook '/home/yuan/Desktop/ROS2_Exercises/chapt3/chapt3_ws/install/example_ros2_interfaces/share/example_ros2_interfaces/hook/cmake_prefix_path.sh'
[1.081s] Level 1:colcon.colcon_core.environment:checking '/home/yuan/Desktop/ROS2_Exercises/chapt3/chapt3_ws/install/example_ros2_interfaces/lib'
[1.081s] Level 1:colcon.colcon_core.shell:create_environment_hook('example_ros2_interfaces', 'ld_library_path_lib')
[1.082s] INFO:colcon.colcon_core.shell:Creating environment hook '/home/yuan/Desktop/ROS2_Exercises/chapt3/chapt3_ws/install/example_ros2_interfaces/share/example_ros2_interfaces/hook/ld_library_path_lib.ps1'
[1.082s] INFO:colcon.colcon_core.shell:Creating environment descriptor '/home/yuan/Desktop/ROS2_Exercises/chapt3/chapt3_ws/install/example_ros2_interfaces/share/example_ros2_interfaces/hook/ld_library_path_lib.dsv'
[1.083s] INFO:colcon.colcon_core.shell:Creating environment hook '/home/yuan/Desktop/ROS2_Exercises/chapt3/chapt3_ws/install/example_ros2_interfaces/share/example_ros2_interfaces/hook/ld_library_path_lib.sh'
[1.083s] Level 1:colcon.colcon_core.environment:checking '/home/yuan/Desktop/ROS2_Exercises/chapt3/chapt3_ws/install/example_ros2_interfaces/bin'
[1.083s] Level 1:colcon.colcon_core.environment:checking '/home/yuan/Desktop/ROS2_Exercises/chapt3/chapt3_ws/install/example_ros2_interfaces/lib/pkgconfig/example_ros2_interfaces.pc'
[1.084s] Level 1:colcon.colcon_core.environment:checking '/home/yuan/Desktop/ROS2_Exercises/chapt3/chapt3_ws/install/example_ros2_interfaces/lib/python3.10/site-packages'
[1.084s] Level 1:colcon.colcon_core.environment:checking '/home/yuan/Desktop/ROS2_Exercises/chapt3/chapt3_ws/install/example_ros2_interfaces/bin'
[1.085s] INFO:colcon.colcon_core.shell:Creating package script '/home/yuan/Desktop/ROS2_Exercises/chapt3/chapt3_ws/install/example_ros2_interfaces/share/example_ros2_interfaces/package.ps1'
[1.086s] INFO:colcon.colcon_core.shell:Creating package descriptor '/home/yuan/Desktop/ROS2_Exercises/chapt3/chapt3_ws/install/example_ros2_interfaces/share/example_ros2_interfaces/package.dsv'
[1.086s] INFO:colcon.colcon_core.shell:Creating package script '/home/yuan/Desktop/ROS2_Exercises/chapt3/chapt3_ws/install/example_ros2_interfaces/share/example_ros2_interfaces/package.sh'
[1.087s] INFO:colcon.colcon_core.shell:Creating package script '/home/yuan/Desktop/ROS2_Exercises/chapt3/chapt3_ws/install/example_ros2_interfaces/share/example_ros2_interfaces/package.bash'
[1.087s] INFO:colcon.colcon_core.shell:Creating package script '/home/yuan/Desktop/ROS2_Exercises/chapt3/chapt3_ws/install/example_ros2_interfaces/share/example_ros2_interfaces/package.zsh'
[1.087s] Level 1:colcon.colcon_core.environment:create_file_with_runtime_dependencies(/home/yuan/Desktop/ROS2_Exercises/chapt3/chapt3_ws/install/example_ros2_interfaces/share/colcon-core/packages/example_ros2_interfaces)
[1.170s] Level 1:colcon.colcon_core.environment:create_environment_scripts_only(example_ros2_interfaces)
[1.173s] Level 1:colcon.colcon_core.environment:checking '/home/yuan/Desktop/ROS2_Exercises/chapt3/chapt3_ws/install/example_ros2_interfaces' for CMake module files
[1.174s] Level 1:colcon.colcon_core.environment:checking '/home/yuan/Desktop/ROS2_Exercises/chapt3/chapt3_ws/install/example_ros2_interfaces' for CMake config files
[1.174s] Level 1:colcon.colcon_core.shell:create_environment_hook('example_ros2_interfaces', 'cmake_prefix_path')
[1.176s] INFO:colcon.colcon_core.shell:Creating environment hook '/home/yuan/Desktop/ROS2_Exercises/chapt3/chapt3_ws/install/example_ros2_interfaces/share/example_ros2_interfaces/hook/cmake_prefix_path.ps1'
[1.177s] INFO:colcon.colcon_core.shell:Creating environment descriptor '/home/yuan/Desktop/ROS2_Exercises/chapt3/chapt3_ws/install/example_ros2_interfaces/share/example_ros2_interfaces/hook/cmake_prefix_path.dsv'
[1.177s] INFO:colcon.colcon_core.shell:Creating environment hook '/home/yuan/Desktop/ROS2_Exercises/chapt3/chapt3_ws/install/example_ros2_interfaces/share/example_ros2_interfaces/hook/cmake_prefix_path.sh'
[1.178s] Level 1:colcon.colcon_core.environment:checking '/home/yuan/Desktop/ROS2_Exercises/chapt3/chapt3_ws/install/example_ros2_interfaces/lib'
[1.178s] Level 1:colcon.colcon_core.shell:create_environment_hook('example_ros2_interfaces', 'ld_library_path_lib')
[1.180s] INFO:colcon.colcon_core.shell:Creating environment hook '/home/yuan/Desktop/ROS2_Exercises/chapt3/chapt3_ws/install/example_ros2_interfaces/share/example_ros2_interfaces/hook/ld_library_path_lib.ps1'
[1.180s] INFO:colcon.colcon_core.shell:Creating environment descriptor '/home/yuan/Desktop/ROS2_Exercises/chapt3/chapt3_ws/install/example_ros2_interfaces/share/example_ros2_interfaces/hook/ld_library_path_lib.dsv'
[1.181s] INFO:colcon.colcon_core.shell:Creating environment hook '/home/yuan/Desktop/ROS2_Exercises/chapt3/chapt3_ws/install/example_ros2_interfaces/share/example_ros2_interfaces/hook/ld_library_path_lib.sh'
[1.181s] Level 1:colcon.colcon_core.environment:checking '/home/yuan/Desktop/ROS2_Exercises/chapt3/chapt3_ws/install/example_ros2_interfaces/bin'
[1.181s] Level 1:colcon.colcon_core.environment:checking '/home/yuan/Desktop/ROS2_Exercises/chapt3/chapt3_ws/install/example_ros2_interfaces/lib/pkgconfig/example_ros2_interfaces.pc'
[1.182s] Level 1:colcon.colcon_core.environment:checking '/home/yuan/Desktop/ROS2_Exercises/chapt3/chapt3_ws/install/example_ros2_interfaces/lib/python3.10/site-packages'
[1.182s] Level 1:colcon.colcon_core.environment:checking '/home/yuan/Desktop/ROS2_Exercises/chapt3/chapt3_ws/install/example_ros2_interfaces/bin'
[1.184s] INFO:colcon.colcon_core.shell:Creating package script '/home/yuan/Desktop/ROS2_Exercises/chapt3/chapt3_ws/install/example_ros2_interfaces/share/example_ros2_interfaces/package.ps1'
[1.185s] INFO:colcon.colcon_core.shell:Creating package descriptor '/home/yuan/Desktop/ROS2_Exercises/chapt3/chapt3_ws/install/example_ros2_interfaces/share/example_ros2_interfaces/package.dsv'
[1.185s] INFO:colcon.colcon_core.shell:Creating package script '/home/yuan/Desktop/ROS2_Exercises/chapt3/chapt3_ws/install/example_ros2_interfaces/share/example_ros2_interfaces/package.sh'
[1.185s] INFO:colcon.colcon_core.shell:Creating package script '/home/yuan/Desktop/ROS2_Exercises/chapt3/chapt3_ws/install/example_ros2_interfaces/share/example_ros2_interfaces/package.bash'
[1.186s] INFO:colcon.colcon_core.shell:Creating package script '/home/yuan/Desktop/ROS2_Exercises/chapt3/chapt3_ws/install/example_ros2_interfaces/share/example_ros2_interfaces/package.zsh'
[1.186s] Level 1:colcon.colcon_core.environment:create_file_with_runtime_dependencies(/home/yuan/Desktop/ROS2_Exercises/chapt3/chapt3_ws/install/example_ros2_interfaces/share/colcon-core/packages/example_ros2_interfaces)
[1.186s] INFO:colcon.colcon_ros.task.ament_cmake.build:Building ROS package in '/home/yuan/Desktop/ROS2_Exercises/chapt3/chapt3_ws/src/example_interfaces_rclcpp' with build type 'ament_cmake'
[1.186s] INFO:colcon.colcon_cmake.task.cmake.build:Building CMake package in '/home/yuan/Desktop/ROS2_Exercises/chapt3/chapt3_ws/src/example_interfaces_rclcpp'
[1.187s] INFO:colcon.colcon_core.shell:Skip shell extension 'powershell' for command environment: Not usable outside of PowerShell
[1.188s] DEBUG:colcon.colcon_core.shell:Skip shell extension 'dsv' for command environment
[1.197s] DEBUG:colcon.colcon_core.event_handler.log_command:Invoking command in '/home/yuan/Desktop/ROS2_Exercises/chapt3/chapt3_ws/build/example_interfaces_rclcpp': AMENT_PREFIX_PATH=/home/yuan/Desktop/ROS2_Exercises/chapt3/chapt3_ws/install/example_ros2_interfaces:${AMENT_PREFIX_PATH} CMAKE_PREFIX_PATH=/home/yuan/Desktop/ROS2_Exercises/chapt3/chapt3_ws/install/example_ros2_interfaces:/opt/ros/humble LD_LIBRARY_PATH=/home/yuan/Desktop/ROS2_Exercises/chapt3/chapt3_ws/install/example_ros2_interfaces/lib:${LD_LIBRARY_PATH} PYTHONPATH=/home/yuan/Desktop/ROS2_Exercises/chapt3/chapt3_ws/install/example_ros2_interfaces/local/lib/python3.10/dist-packages:${PYTHONPATH} /usr/bin/cmake /home/yuan/Desktop/ROS2_Exercises/chapt3/chapt3_ws/src/example_interfaces_rclcpp -DCMAKE_INSTALL_PREFIX=/home/yuan/Desktop/ROS2_Exercises/chapt3/chapt3_ws/install/example_interfaces_rclcpp
[1.309s] DEBUG:colcon.colcon_core.event_handler.log_command:Invoking command in '/home/yuan/Desktop/ROS2_Exercises/chapt3/chapt3_ws/src/example_service_rclpy': PYTHONPATH=/home/yuan/Desktop/ROS2_Exercises/chapt3/chapt3_ws/install/example_service_rclpy/lib/python3.10/site-packages:${PYTHONPATH} /usr/bin/python3 setup.py egg_info --egg-base ../../build/example_service_rclpy build --build-base /home/yuan/Desktop/ROS2_Exercises/chapt3/chapt3_ws/build/example_service_rclpy/build install --prefix /home/yuan/Desktop/ROS2_Exercises/chapt3/chapt3_ws/install/example_service_rclpy --record /home/yuan/Desktop/ROS2_Exercises/chapt3/chapt3_ws/build/example_service_rclpy/install.log --single-version-externally-managed
[1.310s] DEBUG:colcon.colcon_core.event_handler.log_command:Invoking command in '/home/yuan/Desktop/ROS2_Exercises/chapt3/chapt3_ws/src/example_topic_rclpy': PYTHONPATH=/home/yuan/Desktop/ROS2_Exercises/chapt3/chapt3_ws/install/example_topic_rclpy/lib/python3.10/site-packages:${PYTHONPATH} /usr/bin/python3 setup.py egg_info --egg-base ../../build/example_topic_rclpy build --build-base /home/yuan/Desktop/ROS2_Exercises/chapt3/chapt3_ws/build/example_topic_rclpy/build install --prefix /home/yuan/Desktop/ROS2_Exercises/chapt3/chapt3_ws/install/example_topic_rclpy --record /home/yuan/Desktop/ROS2_Exercises/chapt3/chapt3_ws/build/example_topic_rclpy/install.log --single-version-externally-managed
[2.011s] Level 1:colcon.colcon_core.environment:checking '/home/yuan/Desktop/ROS2_Exercises/chapt3/chapt3_ws/install/example_topic_rclpy' for CMake module files
[2.011s] DEBUG:colcon.colcon_core.event_handler.log_command:Invoked command in '/home/yuan/Desktop/ROS2_Exercises/chapt3/chapt3_ws/src/example_topic_rclpy' returned '0': PYTHONPATH=/home/yuan/Desktop/ROS2_Exercises/chapt3/chapt3_ws/install/example_topic_rclpy/lib/python3.10/site-packages:${PYTHONPATH} /usr/bin/python3 setup.py egg_info --egg-base ../../build/example_topic_rclpy build --build-base /home/yuan/Desktop/ROS2_Exercises/chapt3/chapt3_ws/build/example_topic_rclpy/build install --prefix /home/yuan/Desktop/ROS2_Exercises/chapt3/chapt3_ws/install/example_topic_rclpy --record /home/yuan/Desktop/ROS2_Exercises/chapt3/chapt3_ws/build/example_topic_rclpy/install.log --single-version-externally-managed
[2.011s] Level 1:colcon.colcon_core.environment:checking '/home/yuan/Desktop/ROS2_Exercises/chapt3/chapt3_ws/install/example_topic_rclpy' for CMake config files
[2.012s] Level 1:colcon.colcon_core.environment:checking '/home/yuan/Desktop/ROS2_Exercises/chapt3/chapt3_ws/install/example_topic_rclpy/lib'
[2.012s] Level 1:colcon.colcon_core.environment:checking '/home/yuan/Desktop/ROS2_Exercises/chapt3/chapt3_ws/install/example_topic_rclpy/bin'
[2.012s] Level 1:colcon.colcon_core.environment:checking '/home/yuan/Desktop/ROS2_Exercises/chapt3/chapt3_ws/install/example_topic_rclpy/lib/pkgconfig/example_topic_rclpy.pc'
[2.012s] Level 1:colcon.colcon_core.environment:checking '/home/yuan/Desktop/ROS2_Exercises/chapt3/chapt3_ws/install/example_topic_rclpy/lib/python3.10/site-packages'
[2.013s] Level 1:colcon.colcon_core.shell:create_environment_hook('example_topic_rclpy', 'pythonpath')
[2.014s] INFO:colcon.colcon_core.shell:Creating environment hook '/home/yuan/Desktop/ROS2_Exercises/chapt3/chapt3_ws/install/example_topic_rclpy/share/example_topic_rclpy/hook/pythonpath.ps1'
[2.014s] INFO:colcon.colcon_core.shell:Creating environment descriptor '/home/yuan/Desktop/ROS2_Exercises/chapt3/chapt3_ws/install/example_topic_rclpy/share/example_topic_rclpy/hook/pythonpath.dsv'
[2.014s] INFO:colcon.colcon_core.shell:Creating environment hook '/home/yuan/Desktop/ROS2_Exercises/chapt3/chapt3_ws/install/example_topic_rclpy/share/example_topic_rclpy/hook/pythonpath.sh'
[2.015s] Level 1:colcon.colcon_core.environment:checking '/home/yuan/Desktop/ROS2_Exercises/chapt3/chapt3_ws/install/example_topic_rclpy/bin'
[2.015s] Level 1:colcon.colcon_core.environment:create_environment_scripts_only(example_topic_rclpy)
[2.016s] INFO:colcon.colcon_core.shell:Creating package script '/home/yuan/Desktop/ROS2_Exercises/chapt3/chapt3_ws/install/example_topic_rclpy/share/example_topic_rclpy/package.ps1'
[2.016s] INFO:colcon.colcon_core.shell:Creating package descriptor '/home/yuan/Desktop/ROS2_Exercises/chapt3/chapt3_ws/install/example_topic_rclpy/share/example_topic_rclpy/package.dsv'
[2.017s] INFO:colcon.colcon_core.shell:Creating package script '/home/yuan/Desktop/ROS2_Exercises/chapt3/chapt3_ws/install/example_topic_rclpy/share/example_topic_rclpy/package.sh'
[2.017s] INFO:colcon.colcon_core.shell:Creating package script '/home/yuan/Desktop/ROS2_Exercises/chapt3/chapt3_ws/install/example_topic_rclpy/share/example_topic_rclpy/package.bash'
[2.017s] INFO:colcon.colcon_core.shell:Creating package script '/home/yuan/Desktop/ROS2_Exercises/chapt3/chapt3_ws/install/example_topic_rclpy/share/example_topic_rclpy/package.zsh'
[2.018s] Level 1:colcon.colcon_core.environment:create_file_with_runtime_dependencies(/home/yuan/Desktop/ROS2_Exercises/chapt3/chapt3_ws/install/example_topic_rclpy/share/colcon-core/packages/example_topic_rclpy)
[2.020s] Level 1:colcon.colcon_core.environment:checking '/home/yuan/Desktop/ROS2_Exercises/chapt3/chapt3_ws/install/example_service_rclpy' for CMake module files
[2.021s] DEBUG:colcon.colcon_core.event_handler.log_command:Invoked command in '/home/yuan/Desktop/ROS2_Exercises/chapt3/chapt3_ws/src/example_service_rclpy' returned '0': PYTHONPATH=/home/yuan/Desktop/ROS2_Exercises/chapt3/chapt3_ws/install/example_service_rclpy/lib/python3.10/site-packages:${PYTHONPATH} /usr/bin/python3 setup.py egg_info --egg-base ../../build/example_service_rclpy build --build-base /home/yuan/Desktop/ROS2_Exercises/chapt3/chapt3_ws/build/example_service_rclpy/build install --prefix /home/yuan/Desktop/ROS2_Exercises/chapt3/chapt3_ws/install/example_service_rclpy --record /home/yuan/Desktop/ROS2_Exercises/chapt3/chapt3_ws/build/example_service_rclpy/install.log --single-version-externally-managed
[2.021s] Level 1:colcon.colcon_core.environment:checking '/home/yuan/Desktop/ROS2_Exercises/chapt3/chapt3_ws/install/example_service_rclpy' for CMake config files
[2.021s] Level 1:colcon.colcon_core.environment:checking '/home/yuan/Desktop/ROS2_Exercises/chapt3/chapt3_ws/install/example_service_rclpy/lib'
[2.022s] Level 1:colcon.colcon_core.environment:checking '/home/yuan/Desktop/ROS2_Exercises/chapt3/chapt3_ws/install/example_service_rclpy/bin'
[2.022s] Level 1:colcon.colcon_core.environment:checking '/home/yuan/Desktop/ROS2_Exercises/chapt3/chapt3_ws/install/example_service_rclpy/lib/pkgconfig/example_service_rclpy.pc'
[2.022s] Level 1:colcon.colcon_core.environment:checking '/home/yuan/Desktop/ROS2_Exercises/chapt3/chapt3_ws/install/example_service_rclpy/lib/python3.10/site-packages'
[2.022s] Level 1:colcon.colcon_core.shell:create_environment_hook('example_service_rclpy', 'pythonpath')
[2.023s] INFO:colcon.colcon_core.shell:Creating environment hook '/home/yuan/Desktop/ROS2_Exercises/chapt3/chapt3_ws/install/example_service_rclpy/share/example_service_rclpy/hook/pythonpath.ps1'
[2.023s] INFO:colcon.colcon_core.shell:Creating environment descriptor '/home/yuan/Desktop/ROS2_Exercises/chapt3/chapt3_ws/install/example_service_rclpy/share/example_service_rclpy/hook/pythonpath.dsv'
[2.024s] INFO:colcon.colcon_core.shell:Creating environment hook '/home/yuan/Desktop/ROS2_Exercises/chapt3/chapt3_ws/install/example_service_rclpy/share/example_service_rclpy/hook/pythonpath.sh'
[2.025s] Level 1:colcon.colcon_core.environment:checking '/home/yuan/Desktop/ROS2_Exercises/chapt3/chapt3_ws/install/example_service_rclpy/bin'
[2.025s] Level 1:colcon.colcon_core.environment:create_environment_scripts_only(example_service_rclpy)
[2.026s] INFO:colcon.colcon_core.shell:Creating package script '/home/yuan/Desktop/ROS2_Exercises/chapt3/chapt3_ws/install/example_service_rclpy/share/example_service_rclpy/package.ps1'
[2.026s] INFO:colcon.colcon_core.shell:Creating package descriptor '/home/yuan/Desktop/ROS2_Exercises/chapt3/chapt3_ws/install/example_service_rclpy/share/example_service_rclpy/package.dsv'
[2.027s] INFO:colcon.colcon_core.shell:Creating package script '/home/yuan/Desktop/ROS2_Exercises/chapt3/chapt3_ws/install/example_service_rclpy/share/example_service_rclpy/package.sh'
[2.027s] INFO:colcon.colcon_core.shell:Creating package script '/home/yuan/Desktop/ROS2_Exercises/chapt3/chapt3_ws/install/example_service_rclpy/share/example_service_rclpy/package.bash'
[2.027s] INFO:colcon.colcon_core.shell:Creating package script '/home/yuan/Desktop/ROS2_Exercises/chapt3/chapt3_ws/install/example_service_rclpy/share/example_service_rclpy/package.zsh'
[2.028s] Level 1:colcon.colcon_core.environment:create_file_with_runtime_dependencies(/home/yuan/Desktop/ROS2_Exercises/chapt3/chapt3_ws/install/example_service_rclpy/share/colcon-core/packages/example_service_rclpy)
[2.808s] DEBUG:colcon.colcon_core.event_handler.log_command:Invoked command in '/home/yuan/Desktop/ROS2_Exercises/chapt3/chapt3_ws/build/example_interfaces_rclcpp' returned '0': AMENT_PREFIX_PATH=/home/yuan/Desktop/ROS2_Exercises/chapt3/chapt3_ws/install/example_ros2_interfaces:${AMENT_PREFIX_PATH} CMAKE_PREFIX_PATH=/home/yuan/Desktop/ROS2_Exercises/chapt3/chapt3_ws/install/example_ros2_interfaces:/opt/ros/humble LD_LIBRARY_PATH=/home/yuan/Desktop/ROS2_Exercises/chapt3/chapt3_ws/install/example_ros2_interfaces/lib:${LD_LIBRARY_PATH} PYTHONPATH=/home/yuan/Desktop/ROS2_Exercises/chapt3/chapt3_ws/install/example_ros2_interfaces/local/lib/python3.10/dist-packages:${PYTHONPATH} /usr/bin/cmake /home/yuan/Desktop/ROS2_Exercises/chapt3/chapt3_ws/src/example_interfaces_rclcpp -DCMAKE_INSTALL_PREFIX=/home/yuan/Desktop/ROS2_Exercises/chapt3/chapt3_ws/install/example_interfaces_rclcpp
[2.810s] DEBUG:colcon.colcon_core.event_handler.log_command:Invoking command in '/home/yuan/Desktop/ROS2_Exercises/chapt3/chapt3_ws/build/example_interfaces_rclcpp': AMENT_PREFIX_PATH=/home/yuan/Desktop/ROS2_Exercises/chapt3/chapt3_ws/install/example_ros2_interfaces:${AMENT_PREFIX_PATH} CMAKE_PREFIX_PATH=/home/yuan/Desktop/ROS2_Exercises/chapt3/chapt3_ws/install/example_ros2_interfaces:/opt/ros/humble LD_LIBRARY_PATH=/home/yuan/Desktop/ROS2_Exercises/chapt3/chapt3_ws/install/example_ros2_interfaces/lib:${LD_LIBRARY_PATH} PYTHONPATH=/home/yuan/Desktop/ROS2_Exercises/chapt3/chapt3_ws/install/example_ros2_interfaces/local/lib/python3.10/dist-packages:${PYTHONPATH} /usr/bin/cmake --build /home/yuan/Desktop/ROS2_Exercises/chapt3/chapt3_ws/build/example_interfaces_rclcpp -- -j12 -l12
[5.784s] DEBUG:colcon.colcon_core.event_handler.log_command:Invoked command in '/home/yuan/Desktop/ROS2_Exercises/chapt3/chapt3_ws/build/example_interfaces_rclcpp' returned '0': AMENT_PREFIX_PATH=/home/yuan/Desktop/ROS2_Exercises/chapt3/chapt3_ws/install/example_ros2_interfaces:${AMENT_PREFIX_PATH} CMAKE_PREFIX_PATH=/home/yuan/Desktop/ROS2_Exercises/chapt3/chapt3_ws/install/example_ros2_interfaces:/opt/ros/humble LD_LIBRARY_PATH=/home/yuan/Desktop/ROS2_Exercises/chapt3/chapt3_ws/install/example_ros2_interfaces/lib:${LD_LIBRARY_PATH} PYTHONPATH=/home/yuan/Desktop/ROS2_Exercises/chapt3/chapt3_ws/install/example_ros2_interfaces/local/lib/python3.10/dist-packages:${PYTHONPATH} /usr/bin/cmake --build /home/yuan/Desktop/ROS2_Exercises/chapt3/chapt3_ws/build/example_interfaces_rclcpp -- -j12 -l12
[5.808s] DEBUG:colcon.colcon_core.event_handler.log_command:Invoking command in '/home/yuan/Desktop/ROS2_Exercises/chapt3/chapt3_ws/build/example_interfaces_rclcpp': AMENT_PREFIX_PATH=/home/yuan/Desktop/ROS2_Exercises/chapt3/chapt3_ws/install/example_ros2_interfaces:${AMENT_PREFIX_PATH} CMAKE_PREFIX_PATH=/home/yuan/Desktop/ROS2_Exercises/chapt3/chapt3_ws/install/example_ros2_interfaces:/opt/ros/humble LD_LIBRARY_PATH=/home/yuan/Desktop/ROS2_Exercises/chapt3/chapt3_ws/install/example_ros2_interfaces/lib:${LD_LIBRARY_PATH} PYTHONPATH=/home/yuan/Desktop/ROS2_Exercises/chapt3/chapt3_ws/install/example_ros2_interfaces/local/lib/python3.10/dist-packages:${PYTHONPATH} /usr/bin/cmake --install /home/yuan/Desktop/ROS2_Exercises/chapt3/chapt3_ws/build/example_interfaces_rclcpp
[5.820s] Level 1:colcon.colcon_core.environment:create_environment_scripts_only(example_interfaces_rclcpp)
[5.823s] Level 1:colcon.colcon_core.environment:checking '/home/yuan/Desktop/ROS2_Exercises/chapt3/chapt3_ws/install/example_interfaces_rclcpp' for CMake module files
[5.824s] DEBUG:colcon.colcon_core.event_handler.log_command:Invoked command in '/home/yuan/Desktop/ROS2_Exercises/chapt3/chapt3_ws/build/example_interfaces_rclcpp' returned '0': AMENT_PREFIX_PATH=/home/yuan/Desktop/ROS2_Exercises/chapt3/chapt3_ws/install/example_ros2_interfaces:${AMENT_PREFIX_PATH} CMAKE_PREFIX_PATH=/home/yuan/Desktop/ROS2_Exercises/chapt3/chapt3_ws/install/example_ros2_interfaces:/opt/ros/humble LD_LIBRARY_PATH=/home/yuan/Desktop/ROS2_Exercises/chapt3/chapt3_ws/install/example_ros2_interfaces/lib:${LD_LIBRARY_PATH} PYTHONPATH=/home/yuan/Desktop/ROS2_Exercises/chapt3/chapt3_ws/install/example_ros2_interfaces/local/lib/python3.10/dist-packages:${PYTHONPATH} /usr/bin/cmake --install /home/yuan/Desktop/ROS2_Exercises/chapt3/chapt3_ws/build/example_interfaces_rclcpp
[5.824s] Level 1:colcon.colcon_core.environment:checking '/home/yuan/Desktop/ROS2_Exercises/chapt3/chapt3_ws/install/example_interfaces_rclcpp' for CMake config files
[5.825s] Level 1:colcon.colcon_core.shell:create_environment_hook('example_interfaces_rclcpp', 'cmake_prefix_path')
[5.826s] INFO:colcon.colcon_core.shell:Creating environment hook '/home/yuan/Desktop/ROS2_Exercises/chapt3/chapt3_ws/install/example_interfaces_rclcpp/share/example_interfaces_rclcpp/hook/cmake_prefix_path.ps1'
[5.827s] INFO:colcon.colcon_core.shell:Creating environment descriptor '/home/yuan/Desktop/ROS2_Exercises/chapt3/chapt3_ws/install/example_interfaces_rclcpp/share/example_interfaces_rclcpp/hook/cmake_prefix_path.dsv'
[5.827s] INFO:colcon.colcon_core.shell:Creating environment hook '/home/yuan/Desktop/ROS2_Exercises/chapt3/chapt3_ws/install/example_interfaces_rclcpp/share/example_interfaces_rclcpp/hook/cmake_prefix_path.sh'
[5.828s] Level 1:colcon.colcon_core.environment:checking '/home/yuan/Desktop/ROS2_Exercises/chapt3/chapt3_ws/install/example_interfaces_rclcpp/lib'
[5.828s] Level 1:colcon.colcon_core.environment:checking '/home/yuan/Desktop/ROS2_Exercises/chapt3/chapt3_ws/install/example_interfaces_rclcpp/bin'
[5.828s] Level 1:colcon.colcon_core.environment:checking '/home/yuan/Desktop/ROS2_Exercises/chapt3/chapt3_ws/install/example_interfaces_rclcpp/lib/pkgconfig/example_interfaces_rclcpp.pc'
[5.828s] Level 1:colcon.colcon_core.environment:checking '/home/yuan/Desktop/ROS2_Exercises/chapt3/chapt3_ws/install/example_interfaces_rclcpp/lib/python3.10/site-packages'
[5.829s] Level 1:colcon.colcon_core.environment:checking '/home/yuan/Desktop/ROS2_Exercises/chapt3/chapt3_ws/install/example_interfaces_rclcpp/bin'
[5.831s] INFO:colcon.colcon_core.shell:Creating package script '/home/yuan/Desktop/ROS2_Exercises/chapt3/chapt3_ws/install/example_interfaces_rclcpp/share/example_interfaces_rclcpp/package.ps1'
[5.831s] INFO:colcon.colcon_core.shell:Creating package descriptor '/home/yuan/Desktop/ROS2_Exercises/chapt3/chapt3_ws/install/example_interfaces_rclcpp/share/example_interfaces_rclcpp/package.dsv'
[5.832s] INFO:colcon.colcon_core.shell:Creating package script '/home/yuan/Desktop/ROS2_Exercises/chapt3/chapt3_ws/install/example_interfaces_rclcpp/share/example_interfaces_rclcpp/package.sh'
[5.832s] INFO:colcon.colcon_core.shell:Creating package script '/home/yuan/Desktop/ROS2_Exercises/chapt3/chapt3_ws/install/example_interfaces_rclcpp/share/example_interfaces_rclcpp/package.bash'
[5.832s] INFO:colcon.colcon_core.shell:Creating package script '/home/yuan/Desktop/ROS2_Exercises/chapt3/chapt3_ws/install/example_interfaces_rclcpp/share/example_interfaces_rclcpp/package.zsh'
[5.833s] Level 1:colcon.colcon_core.environment:create_file_with_runtime_dependencies(/home/yuan/Desktop/ROS2_Exercises/chapt3/chapt3_ws/install/example_interfaces_rclcpp/share/colcon-core/packages/example_interfaces_rclcpp)
[5.857s] Level 1:colcon.colcon_core.environment:create_environment_scripts_only(example_interfaces_rclcpp)
[5.859s] Level 1:colcon.colcon_core.environment:checking '/home/yuan/Desktop/ROS2_Exercises/chapt3/chapt3_ws/install/example_interfaces_rclcpp' for CMake module files
[5.859s] Level 1:colcon.colcon_core.environment:checking '/home/yuan/Desktop/ROS2_Exercises/chapt3/chapt3_ws/install/example_interfaces_rclcpp' for CMake config files
[5.860s] Level 1:colcon.colcon_core.shell:create_environment_hook('example_interfaces_rclcpp', 'cmake_prefix_path')
[5.861s] INFO:colcon.colcon_core.shell:Creating environment hook '/home/yuan/Desktop/ROS2_Exercises/chapt3/chapt3_ws/install/example_interfaces_rclcpp/share/example_interfaces_rclcpp/hook/cmake_prefix_path.ps1'
[5.861s] INFO:colcon.colcon_core.shell:Creating environment descriptor '/home/yuan/Desktop/ROS2_Exercises/chapt3/chapt3_ws/install/example_interfaces_rclcpp/share/example_interfaces_rclcpp/hook/cmake_prefix_path.dsv'
[5.862s] INFO:colcon.colcon_core.shell:Creating environment hook '/home/yuan/Desktop/ROS2_Exercises/chapt3/chapt3_ws/install/example_interfaces_rclcpp/share/example_interfaces_rclcpp/hook/cmake_prefix_path.sh'
[5.862s] Level 1:colcon.colcon_core.environment:checking '/home/yuan/Desktop/ROS2_Exercises/chapt3/chapt3_ws/install/example_interfaces_rclcpp/lib'
[5.862s] Level 1:colcon.colcon_core.environment:checking '/home/yuan/Desktop/ROS2_Exercises/chapt3/chapt3_ws/install/example_interfaces_rclcpp/bin'
[5.862s] Level 1:colcon.colcon_core.environment:checking '/home/yuan/Desktop/ROS2_Exercises/chapt3/chapt3_ws/install/example_interfaces_rclcpp/lib/pkgconfig/example_interfaces_rclcpp.pc'
[5.863s] Level 1:colcon.colcon_core.environment:checking '/home/yuan/Desktop/ROS2_Exercises/chapt3/chapt3_ws/install/example_interfaces_rclcpp/lib/python3.10/site-packages'
[5.863s] Level 1:colcon.colcon_core.environment:checking '/home/yuan/Desktop/ROS2_Exercises/chapt3/chapt3_ws/install/example_interfaces_rclcpp/bin'
[5.865s] INFO:colcon.colcon_core.shell:Creating package script '/home/yuan/Desktop/ROS2_Exercises/chapt3/chapt3_ws/install/example_interfaces_rclcpp/share/example_interfaces_rclcpp/package.ps1'
[5.865s] INFO:colcon.colcon_core.shell:Creating package descriptor '/home/yuan/Desktop/ROS2_Exercises/chapt3/chapt3_ws/install/example_interfaces_rclcpp/share/example_interfaces_rclcpp/package.dsv'
[5.866s] INFO:colcon.colcon_core.shell:Creating package script '/home/yuan/Desktop/ROS2_Exercises/chapt3/chapt3_ws/install/example_interfaces_rclcpp/share/example_interfaces_rclcpp/package.sh'
[5.866s] INFO:colcon.colcon_core.shell:Creating package script '/home/yuan/Desktop/ROS2_Exercises/chapt3/chapt3_ws/install/example_interfaces_rclcpp/share/example_interfaces_rclcpp/package.bash'
[5.867s] INFO:colcon.colcon_core.shell:Creating package script '/home/yuan/Desktop/ROS2_Exercises/chapt3/chapt3_ws/install/example_interfaces_rclcpp/share/example_interfaces_rclcpp/package.zsh'
[5.867s] Level 1:colcon.colcon_core.environment:create_file_with_runtime_dependencies(/home/yuan/Desktop/ROS2_Exercises/chapt3/chapt3_ws/install/example_interfaces_rclcpp/share/colcon-core/packages/example_interfaces_rclcpp)
[5.867s] DEBUG:colcon.colcon_parallel_executor.executor.parallel:closing loop
[5.868s] DEBUG:colcon.colcon_parallel_executor.executor.parallel:loop closed
[5.868s] DEBUG:colcon.colcon_parallel_executor.executor.parallel:run_until_complete finished with '0'
[5.868s] DEBUG:colcon.colcon_core.event_reactor:joining thread
[5.875s] INFO:colcon.colcon_core.plugin_system:Skipping extension 'colcon_notification.desktop_notification.terminal_notifier': Not used on non-Darwin systems
[5.875s] INFO:colcon.colcon_core.plugin_system:Skipping extension 'colcon_notification.desktop_notification.win32': Not used on non-Windows systems
[5.875s] INFO:colcon.colcon_notification.desktop_notification:Sending desktop notification using 'notify2'
[5.886s] DEBUG:colcon.colcon_core.event_reactor:joined thread
[5.888s] INFO:colcon.colcon_core.shell:Creating prefix script '/home/yuan/Desktop/ROS2_Exercises/chapt3/chapt3_ws/install/local_setup.ps1'
[5.889s] INFO:colcon.colcon_core.shell:Creating prefix util module '/home/yuan/Desktop/ROS2_Exercises/chapt3/chapt3_ws/install/_local_setup_util_ps1.py'
[5.891s] INFO:colcon.colcon_core.shell:Creating prefix chain script '/home/yuan/Desktop/ROS2_Exercises/chapt3/chapt3_ws/install/setup.ps1'
[5.893s] INFO:colcon.colcon_core.shell:Creating prefix script '/home/yuan/Desktop/ROS2_Exercises/chapt3/chapt3_ws/install/local_setup.sh'
[5.894s] INFO:colcon.colcon_core.shell:Creating prefix util module '/home/yuan/Desktop/ROS2_Exercises/chapt3/chapt3_ws/install/_local_setup_util_sh.py'
[5.894s] INFO:colcon.colcon_core.shell:Creating prefix chain script '/home/yuan/Desktop/ROS2_Exercises/chapt3/chapt3_ws/install/setup.sh'
[5.896s] INFO:colcon.colcon_core.shell:Creating prefix script '/home/yuan/Desktop/ROS2_Exercises/chapt3/chapt3_ws/install/local_setup.bash'
[5.897s] INFO:colcon.colcon_core.shell:Creating prefix chain script '/home/yuan/Desktop/ROS2_Exercises/chapt3/chapt3_ws/install/setup.bash'
[5.898s] INFO:colcon.colcon_core.shell:Creating prefix script '/home/yuan/Desktop/ROS2_Exercises/chapt3/chapt3_ws/install/local_setup.zsh'
[5.899s] INFO:colcon.colcon_core.shell:Creating prefix chain script '/home/yuan/Desktop/ROS2_Exercises/chapt3/chapt3_ws/install/setup.zsh'
