[0.015s] Invoking command in '/home/yuan/Desktop/ROS2_Exercises/chapt4/chapt4_ws/build/robot_control_interfaces': CMAKE_PREFIX_PATH=/opt/ros/humble /usr/bin/cmake --build /home/yuan/Desktop/ROS2_Exercises/chapt4/chapt4_ws/build/robot_control_interfaces -- -j12 -l12
[0.079s] [35m[1mConsolidate compiler generated dependencies of target robot_control_interfaces__rosidl_generator_c[0m
[0.085s] [  3%] Built target robot_control_interfaces__cpp
[0.088s] [ 12%] Built target robot_control_interfaces__rosidl_generator_c
[0.683s] [35m[1mConsolidate compiler generated dependencies of target robot_control_interfaces__rosidl_typesupport_introspection_cpp[0m
[0.692s] [35m[1mConsolidate compiler generated dependencies of target robot_control_interfaces__rosidl_typesupport_c[0m
[0.692s] [35m[1mConsolidate compiler generated dependencies of target robot_control_interfaces__rosidl_typesupport_introspection_c[0m
[0.692s] [35m[1mConsolidate compiler generated dependencies of target robot_control_interfaces__rosidl_typesupport_fastrtps_c[0m
[0.692s] [35m[1mConsolidate compiler generated dependencies of target robot_control_interfaces__rosidl_typesupport_cpp[0m
[0.692s] [35m[1mConsolidate compiler generated dependencies of target robot_control_interfaces__rosidl_typesupport_fastrtps_cpp[0m
[0.693s] [ 12%] Built target ament_cmake_python_copy_robot_control_interfaces
[0.701s] [ 22%] Built target robot_control_interfaces__rosidl_typesupport_introspection_cpp
[0.701s] [ 32%] Built target robot_control_interfaces__rosidl_typesupport_introspection_c
[0.703s] [ 41%] Built target robot_control_interfaces__rosidl_typesupport_c
[0.703s] [ 51%] Built target robot_control_interfaces__rosidl_typesupport_fastrtps_c
[0.705s] [ 61%] Built target robot_control_interfaces__rosidl_typesupport_cpp
[0.707s] [ 70%] Built target robot_control_interfaces__rosidl_typesupport_fastrtps_cpp
[0.722s] [ 70%] Built target robot_control_interfaces
[0.739s] [ 74%] Built target robot_control_interfaces__py
[0.748s] [35m[1mConsolidate compiler generated dependencies of target robot_control_interfaces__rosidl_generator_py[0m
[0.759s] [ 80%] Built target robot_control_interfaces__rosidl_generator_py
[0.769s] [35m[1mConsolidate compiler generated dependencies of target robot_control_interfaces__rosidl_typesupport_introspection_c__pyext[0m
[0.769s] [35m[1mConsolidate compiler generated dependencies of target robot_control_interfaces__rosidl_typesupport_fastrtps_c__pyext[0m
[0.769s] [35m[1mConsolidate compiler generated dependencies of target robot_control_interfaces__rosidl_typesupport_c__pyext[0m
[0.780s] [100%] Built target robot_control_interfaces__rosidl_typesupport_fastrtps_c__pyext
[0.780s] [100%] Built target robot_control_interfaces__rosidl_typesupport_introspection_c__pyext
[0.780s] [100%] Built target robot_control_interfaces__rosidl_typesupport_c__pyext
[0.910s] running egg_info
[0.911s] writing robot_control_interfaces.egg-info/PKG-INFO
[0.911s] writing dependency_links to robot_control_interfaces.egg-info/dependency_links.txt
[0.911s] writing top-level names to robot_control_interfaces.egg-info/top_level.txt
[0.914s] reading manifest file 'robot_control_interfaces.egg-info/SOURCES.txt'
[0.914s] writing manifest file 'robot_control_interfaces.egg-info/SOURCES.txt'
[0.933s] [100%] Built target ament_cmake_python_build_robot_control_interfaces_egg
[0.941s] Invoked command in '/home/yuan/Desktop/ROS2_Exercises/chapt4/chapt4_ws/build/robot_control_interfaces' returned '0': CMAKE_PREFIX_PATH=/opt/ros/humble /usr/bin/cmake --build /home/yuan/Desktop/ROS2_Exercises/chapt4/chapt4_ws/build/robot_control_interfaces -- -j12 -l12
[0.993s] Invoking command in '/home/yuan/Desktop/ROS2_Exercises/chapt4/chapt4_ws/build/robot_control_interfaces': CMAKE_PREFIX_PATH=/opt/ros/humble /usr/bin/cmake --install /home/yuan/Desktop/ROS2_Exercises/chapt4/chapt4_ws/build/robot_control_interfaces
[0.999s] -- Install configuration: ""
[1.000s] -- Up-to-date: /home/yuan/Desktop/ROS2_Exercises/chapt4/chapt4_ws/install/robot_control_interfaces/share/ament_index/resource_index/rosidl_interfaces/robot_control_interfaces
[1.000s] -- Up-to-date: /home/yuan/Desktop/ROS2_Exercises/chapt4/chapt4_ws/install/robot_control_interfaces/include/robot_control_interfaces/robot_control_interfaces
[1.000s] -- Up-to-date: /home/yuan/Desktop/ROS2_Exercises/chapt4/chapt4_ws/install/robot_control_interfaces/include/robot_control_interfaces/robot_control_interfaces/action
[1.000s] -- Up-to-date: /home/yuan/Desktop/ROS2_Exercises/chapt4/chapt4_ws/install/robot_control_interfaces/include/robot_control_interfaces/robot_control_interfaces/action/detail
[1.000s] -- Up-to-date: /home/yuan/Desktop/ROS2_Exercises/chapt4/chapt4_ws/install/robot_control_interfaces/include/robot_control_interfaces/robot_control_interfaces/action/detail/move_robot__functions.c
[1.000s] -- Up-to-date: /home/yuan/Desktop/ROS2_Exercises/chapt4/chapt4_ws/install/robot_control_interfaces/include/robot_control_interfaces/robot_control_interfaces/action/detail/move_robot__type_support.h
[1.000s] -- Up-to-date: /home/yuan/Desktop/ROS2_Exercises/chapt4/chapt4_ws/install/robot_control_interfaces/include/robot_control_interfaces/robot_control_interfaces/action/detail/move_robot__functions.h
[1.000s] -- Up-to-date: /home/yuan/Desktop/ROS2_Exercises/chapt4/chapt4_ws/install/robot_control_interfaces/include/robot_control_interfaces/robot_control_interfaces/action/detail/move_robot__struct.h
[1.001s] -- Up-to-date: /home/yuan/Desktop/ROS2_Exercises/chapt4/chapt4_ws/install/robot_control_interfaces/include/robot_control_interfaces/robot_control_interfaces/action/move_robot.h
[1.001s] -- Up-to-date: /home/yuan/Desktop/ROS2_Exercises/chapt4/chapt4_ws/install/robot_control_interfaces/include/robot_control_interfaces/robot_control_interfaces/msg
[1.001s] -- Up-to-date: /home/yuan/Desktop/ROS2_Exercises/chapt4/chapt4_ws/install/robot_control_interfaces/include/robot_control_interfaces/robot_control_interfaces/msg/rosidl_generator_c__visibility_control.h
[1.001s] -- Up-to-date: /home/yuan/Desktop/ROS2_Exercises/chapt4/chapt4_ws/install/robot_control_interfaces/share/robot_control_interfaces/environment/library_path.sh
[1.001s] -- Up-to-date: /home/yuan/Desktop/ROS2_Exercises/chapt4/chapt4_ws/install/robot_control_interfaces/share/robot_control_interfaces/environment/library_path.dsv
[1.001s] -- Up-to-date: /home/yuan/Desktop/ROS2_Exercises/chapt4/chapt4_ws/install/robot_control_interfaces/lib/librobot_control_interfaces__rosidl_generator_c.so
[1.001s] -- Up-to-date: /home/yuan/Desktop/ROS2_Exercises/chapt4/chapt4_ws/install/robot_control_interfaces/include/robot_control_interfaces/robot_control_interfaces
[1.001s] -- Up-to-date: /home/yuan/Desktop/ROS2_Exercises/chapt4/chapt4_ws/install/robot_control_interfaces/include/robot_control_interfaces/robot_control_interfaces/action
[1.001s] -- Up-to-date: /home/yuan/Desktop/ROS2_Exercises/chapt4/chapt4_ws/install/robot_control_interfaces/include/robot_control_interfaces/robot_control_interfaces/action/detail
[1.002s] -- Up-to-date: /home/yuan/Desktop/ROS2_Exercises/chapt4/chapt4_ws/install/robot_control_interfaces/include/robot_control_interfaces/robot_control_interfaces/action/detail/move_robot__rosidl_typesupport_fastrtps_c.h
[1.002s] -- Up-to-date: /home/yuan/Desktop/ROS2_Exercises/chapt4/chapt4_ws/install/robot_control_interfaces/include/robot_control_interfaces/robot_control_interfaces/msg
[1.002s] -- Up-to-date: /home/yuan/Desktop/ROS2_Exercises/chapt4/chapt4_ws/install/robot_control_interfaces/include/robot_control_interfaces/robot_control_interfaces/msg/rosidl_typesupport_fastrtps_c__visibility_control.h
[1.002s] -- Up-to-date: /home/yuan/Desktop/ROS2_Exercises/chapt4/chapt4_ws/install/robot_control_interfaces/lib/librobot_control_interfaces__rosidl_typesupport_fastrtps_c.so
[1.002s] -- Up-to-date: /home/yuan/Desktop/ROS2_Exercises/chapt4/chapt4_ws/install/robot_control_interfaces/include/robot_control_interfaces/robot_control_interfaces
[1.002s] -- Up-to-date: /home/yuan/Desktop/ROS2_Exercises/chapt4/chapt4_ws/install/robot_control_interfaces/include/robot_control_interfaces/robot_control_interfaces/action
[1.002s] -- Up-to-date: /home/yuan/Desktop/ROS2_Exercises/chapt4/chapt4_ws/install/robot_control_interfaces/include/robot_control_interfaces/robot_control_interfaces/action/detail
[1.002s] -- Up-to-date: /home/yuan/Desktop/ROS2_Exercises/chapt4/chapt4_ws/install/robot_control_interfaces/include/robot_control_interfaces/robot_control_interfaces/action/detail/move_robot__type_support.c
[1.003s] -- Up-to-date: /home/yuan/Desktop/ROS2_Exercises/chapt4/chapt4_ws/install/robot_control_interfaces/include/robot_control_interfaces/robot_control_interfaces/action/detail/move_robot__rosidl_typesupport_introspection_c.h
[1.003s] -- Up-to-date: /home/yuan/Desktop/ROS2_Exercises/chapt4/chapt4_ws/install/robot_control_interfaces/include/robot_control_interfaces/robot_control_interfaces/msg
[1.003s] -- Up-to-date: /home/yuan/Desktop/ROS2_Exercises/chapt4/chapt4_ws/install/robot_control_interfaces/include/robot_control_interfaces/robot_control_interfaces/msg/rosidl_typesupport_introspection_c__visibility_control.h
[1.003s] -- Up-to-date: /home/yuan/Desktop/ROS2_Exercises/chapt4/chapt4_ws/install/robot_control_interfaces/lib/librobot_control_interfaces__rosidl_typesupport_introspection_c.so
[1.003s] -- Up-to-date: /home/yuan/Desktop/ROS2_Exercises/chapt4/chapt4_ws/install/robot_control_interfaces/lib/librobot_control_interfaces__rosidl_typesupport_c.so
[1.003s] -- Up-to-date: /home/yuan/Desktop/ROS2_Exercises/chapt4/chapt4_ws/install/robot_control_interfaces/include/robot_control_interfaces/robot_control_interfaces
[1.003s] -- Up-to-date: /home/yuan/Desktop/ROS2_Exercises/chapt4/chapt4_ws/install/robot_control_interfaces/include/robot_control_interfaces/robot_control_interfaces/action
[1.004s] -- Up-to-date: /home/yuan/Desktop/ROS2_Exercises/chapt4/chapt4_ws/install/robot_control_interfaces/include/robot_control_interfaces/robot_control_interfaces/action/detail
[1.004s] -- Up-to-date: /home/yuan/Desktop/ROS2_Exercises/chapt4/chapt4_ws/install/robot_control_interfaces/include/robot_control_interfaces/robot_control_interfaces/action/detail/move_robot__builder.hpp
[1.004s] -- Up-to-date: /home/yuan/Desktop/ROS2_Exercises/chapt4/chapt4_ws/install/robot_control_interfaces/include/robot_control_interfaces/robot_control_interfaces/action/detail/move_robot__struct.hpp
[1.004s] -- Up-to-date: /home/yuan/Desktop/ROS2_Exercises/chapt4/chapt4_ws/install/robot_control_interfaces/include/robot_control_interfaces/robot_control_interfaces/action/detail/move_robot__traits.hpp
[1.004s] -- Up-to-date: /home/yuan/Desktop/ROS2_Exercises/chapt4/chapt4_ws/install/robot_control_interfaces/include/robot_control_interfaces/robot_control_interfaces/action/move_robot.hpp
[1.004s] -- Up-to-date: /home/yuan/Desktop/ROS2_Exercises/chapt4/chapt4_ws/install/robot_control_interfaces/include/robot_control_interfaces/robot_control_interfaces
[1.004s] -- Up-to-date: /home/yuan/Desktop/ROS2_Exercises/chapt4/chapt4_ws/install/robot_control_interfaces/include/robot_control_interfaces/robot_control_interfaces/action
[1.004s] -- Up-to-date: /home/yuan/Desktop/ROS2_Exercises/chapt4/chapt4_ws/install/robot_control_interfaces/include/robot_control_interfaces/robot_control_interfaces/action/detail
[1.004s] -- Up-to-date: /home/yuan/Desktop/ROS2_Exercises/chapt4/chapt4_ws/install/robot_control_interfaces/include/robot_control_interfaces/robot_control_interfaces/action/detail/dds_fastrtps
[1.005s] -- Up-to-date: /home/yuan/Desktop/ROS2_Exercises/chapt4/chapt4_ws/install/robot_control_interfaces/include/robot_control_interfaces/robot_control_interfaces/action/detail/move_robot__rosidl_typesupport_fastrtps_cpp.hpp
[1.005s] -- Up-to-date: /home/yuan/Desktop/ROS2_Exercises/chapt4/chapt4_ws/install/robot_control_interfaces/include/robot_control_interfaces/robot_control_interfaces/msg
[1.005s] -- Up-to-date: /home/yuan/Desktop/ROS2_Exercises/chapt4/chapt4_ws/install/robot_control_interfaces/include/robot_control_interfaces/robot_control_interfaces/msg/rosidl_typesupport_fastrtps_cpp__visibility_control.h
[1.005s] -- Up-to-date: /home/yuan/Desktop/ROS2_Exercises/chapt4/chapt4_ws/install/robot_control_interfaces/lib/librobot_control_interfaces__rosidl_typesupport_fastrtps_cpp.so
[1.005s] -- Up-to-date: /home/yuan/Desktop/ROS2_Exercises/chapt4/chapt4_ws/install/robot_control_interfaces/include/robot_control_interfaces/robot_control_interfaces
[1.005s] -- Up-to-date: /home/yuan/Desktop/ROS2_Exercises/chapt4/chapt4_ws/install/robot_control_interfaces/include/robot_control_interfaces/robot_control_interfaces/action
[1.005s] -- Up-to-date: /home/yuan/Desktop/ROS2_Exercises/chapt4/chapt4_ws/install/robot_control_interfaces/include/robot_control_interfaces/robot_control_interfaces/action/detail
[1.005s] -- Up-to-date: /home/yuan/Desktop/ROS2_Exercises/chapt4/chapt4_ws/install/robot_control_interfaces/include/robot_control_interfaces/robot_control_interfaces/action/detail/move_robot__rosidl_typesupport_introspection_cpp.hpp
[1.005s] -- Up-to-date: /home/yuan/Desktop/ROS2_Exercises/chapt4/chapt4_ws/install/robot_control_interfaces/include/robot_control_interfaces/robot_control_interfaces/action/detail/move_robot__type_support.cpp
[1.005s] -- Up-to-date: /home/yuan/Desktop/ROS2_Exercises/chapt4/chapt4_ws/install/robot_control_interfaces/lib/librobot_control_interfaces__rosidl_typesupport_introspection_cpp.so
[1.006s] -- Up-to-date: /home/yuan/Desktop/ROS2_Exercises/chapt4/chapt4_ws/install/robot_control_interfaces/lib/librobot_control_interfaces__rosidl_typesupport_cpp.so
[1.006s] -- Up-to-date: /home/yuan/Desktop/ROS2_Exercises/chapt4/chapt4_ws/install/robot_control_interfaces/share/robot_control_interfaces/environment/pythonpath.sh
[1.006s] -- Up-to-date: /home/yuan/Desktop/ROS2_Exercises/chapt4/chapt4_ws/install/robot_control_interfaces/share/robot_control_interfaces/environment/pythonpath.dsv
[1.006s] -- Up-to-date: /home/yuan/Desktop/ROS2_Exercises/chapt4/chapt4_ws/install/robot_control_interfaces/local/lib/python3.10/dist-packages/robot_control_interfaces-0.0.0-py3.10.egg-info
[1.006s] -- Installing: /home/yuan/Desktop/ROS2_Exercises/chapt4/chapt4_ws/install/robot_control_interfaces/local/lib/python3.10/dist-packages/robot_control_interfaces-0.0.0-py3.10.egg-info/top_level.txt
[1.006s] -- Installing: /home/yuan/Desktop/ROS2_Exercises/chapt4/chapt4_ws/install/robot_control_interfaces/local/lib/python3.10/dist-packages/robot_control_interfaces-0.0.0-py3.10.egg-info/dependency_links.txt
[1.006s] -- Installing: /home/yuan/Desktop/ROS2_Exercises/chapt4/chapt4_ws/install/robot_control_interfaces/local/lib/python3.10/dist-packages/robot_control_interfaces-0.0.0-py3.10.egg-info/SOURCES.txt
[1.006s] -- Installing: /home/yuan/Desktop/ROS2_Exercises/chapt4/chapt4_ws/install/robot_control_interfaces/local/lib/python3.10/dist-packages/robot_control_interfaces-0.0.0-py3.10.egg-info/PKG-INFO
[1.007s] -- Up-to-date: /home/yuan/Desktop/ROS2_Exercises/chapt4/chapt4_ws/install/robot_control_interfaces/local/lib/python3.10/dist-packages/robot_control_interfaces
[1.007s] -- Up-to-date: /home/yuan/Desktop/ROS2_Exercises/chapt4/chapt4_ws/install/robot_control_interfaces/local/lib/python3.10/dist-packages/robot_control_interfaces/_robot_control_interfaces_s.ep.rosidl_typesupport_c.c
[1.007s] -- Up-to-date: /home/yuan/Desktop/ROS2_Exercises/chapt4/chapt4_ws/install/robot_control_interfaces/local/lib/python3.10/dist-packages/robot_control_interfaces/_robot_control_interfaces_s.ep.rosidl_typesupport_introspection_c.c
[1.007s] -- Up-to-date: /home/yuan/Desktop/ROS2_Exercises/chapt4/chapt4_ws/install/robot_control_interfaces/local/lib/python3.10/dist-packages/robot_control_interfaces/__init__.py
[1.007s] -- Up-to-date: /home/yuan/Desktop/ROS2_Exercises/chapt4/chapt4_ws/install/robot_control_interfaces/local/lib/python3.10/dist-packages/robot_control_interfaces/action
[1.007s] -- Up-to-date: /home/yuan/Desktop/ROS2_Exercises/chapt4/chapt4_ws/install/robot_control_interfaces/local/lib/python3.10/dist-packages/robot_control_interfaces/action/_move_robot.py
[1.007s] -- Up-to-date: /home/yuan/Desktop/ROS2_Exercises/chapt4/chapt4_ws/install/robot_control_interfaces/local/lib/python3.10/dist-packages/robot_control_interfaces/action/__init__.py
[1.007s] -- Up-to-date: /home/yuan/Desktop/ROS2_Exercises/chapt4/chapt4_ws/install/robot_control_interfaces/local/lib/python3.10/dist-packages/robot_control_interfaces/action/_move_robot_s.c
[1.007s] -- Up-to-date: /home/yuan/Desktop/ROS2_Exercises/chapt4/chapt4_ws/install/robot_control_interfaces/local/lib/python3.10/dist-packages/robot_control_interfaces/_robot_control_interfaces_s.ep.rosidl_typesupport_fastrtps_c.c
[1.007s] -- Up-to-date: /home/yuan/Desktop/ROS2_Exercises/chapt4/chapt4_ws/install/robot_control_interfaces/local/lib/python3.10/dist-packages/robot_control_interfaces/robot_control_interfaces_s__rosidl_typesupport_introspection_c.cpython-310-x86_64-linux-gnu.so
[1.008s] -- Up-to-date: /home/yuan/Desktop/ROS2_Exercises/chapt4/chapt4_ws/install/robot_control_interfaces/local/lib/python3.10/dist-packages/robot_control_interfaces/librobot_control_interfaces__rosidl_generator_py.so
[1.008s] -- Up-to-date: /home/yuan/Desktop/ROS2_Exercises/chapt4/chapt4_ws/install/robot_control_interfaces/local/lib/python3.10/dist-packages/robot_control_interfaces/robot_control_interfaces_s__rosidl_typesupport_c.cpython-310-x86_64-linux-gnu.so
[1.008s] -- Up-to-date: /home/yuan/Desktop/ROS2_Exercises/chapt4/chapt4_ws/install/robot_control_interfaces/local/lib/python3.10/dist-packages/robot_control_interfaces/robot_control_interfaces_s__rosidl_typesupport_fastrtps_c.cpython-310-x86_64-linux-gnu.so
[1.031s] Listing '/home/yuan/Desktop/ROS2_Exercises/chapt4/chapt4_ws/install/robot_control_interfaces/local/lib/python3.10/dist-packages/robot_control_interfaces'...
[1.031s] Listing '/home/yuan/Desktop/ROS2_Exercises/chapt4/chapt4_ws/install/robot_control_interfaces/local/lib/python3.10/dist-packages/robot_control_interfaces/action'...
[1.035s] -- Up-to-date: /home/yuan/Desktop/ROS2_Exercises/chapt4/chapt4_ws/install/robot_control_interfaces/local/lib/python3.10/dist-packages/robot_control_interfaces/robot_control_interfaces_s__rosidl_typesupport_fastrtps_c.cpython-310-x86_64-linux-gnu.so
[1.035s] -- Up-to-date: /home/yuan/Desktop/ROS2_Exercises/chapt4/chapt4_ws/install/robot_control_interfaces/local/lib/python3.10/dist-packages/robot_control_interfaces/robot_control_interfaces_s__rosidl_typesupport_introspection_c.cpython-310-x86_64-linux-gnu.so
[1.036s] -- Up-to-date: /home/yuan/Desktop/ROS2_Exercises/chapt4/chapt4_ws/install/robot_control_interfaces/local/lib/python3.10/dist-packages/robot_control_interfaces/robot_control_interfaces_s__rosidl_typesupport_c.cpython-310-x86_64-linux-gnu.so
[1.037s] -- Up-to-date: /home/yuan/Desktop/ROS2_Exercises/chapt4/chapt4_ws/install/robot_control_interfaces/lib/librobot_control_interfaces__rosidl_generator_py.so
[1.037s] -- Up-to-date: /home/yuan/Desktop/ROS2_Exercises/chapt4/chapt4_ws/install/robot_control_interfaces/share/robot_control_interfaces/action/MoveRobot.idl
[1.037s] -- Up-to-date: /home/yuan/Desktop/ROS2_Exercises/chapt4/chapt4_ws/install/robot_control_interfaces/share/robot_control_interfaces/action/MoveRobot.action
[1.037s] -- Up-to-date: /home/yuan/Desktop/ROS2_Exercises/chapt4/chapt4_ws/install/robot_control_interfaces/share/ament_index/resource_index/package_run_dependencies/robot_control_interfaces
[1.037s] -- Up-to-date: /home/yuan/Desktop/ROS2_Exercises/chapt4/chapt4_ws/install/robot_control_interfaces/share/ament_index/resource_index/parent_prefix_path/robot_control_interfaces
[1.037s] -- Up-to-date: /home/yuan/Desktop/ROS2_Exercises/chapt4/chapt4_ws/install/robot_control_interfaces/share/robot_control_interfaces/environment/ament_prefix_path.sh
[1.038s] -- Up-to-date: /home/yuan/Desktop/ROS2_Exercises/chapt4/chapt4_ws/install/robot_control_interfaces/share/robot_control_interfaces/environment/ament_prefix_path.dsv
[1.038s] -- Up-to-date: /home/yuan/Desktop/ROS2_Exercises/chapt4/chapt4_ws/install/robot_control_interfaces/share/robot_control_interfaces/environment/path.sh
[1.038s] -- Up-to-date: /home/yuan/Desktop/ROS2_Exercises/chapt4/chapt4_ws/install/robot_control_interfaces/share/robot_control_interfaces/environment/path.dsv
[1.038s] -- Up-to-date: /home/yuan/Desktop/ROS2_Exercises/chapt4/chapt4_ws/install/robot_control_interfaces/share/robot_control_interfaces/local_setup.bash
[1.038s] -- Up-to-date: /home/yuan/Desktop/ROS2_Exercises/chapt4/chapt4_ws/install/robot_control_interfaces/share/robot_control_interfaces/local_setup.sh
[1.038s] -- Up-to-date: /home/yuan/Desktop/ROS2_Exercises/chapt4/chapt4_ws/install/robot_control_interfaces/share/robot_control_interfaces/local_setup.zsh
[1.038s] -- Up-to-date: /home/yuan/Desktop/ROS2_Exercises/chapt4/chapt4_ws/install/robot_control_interfaces/share/robot_control_interfaces/local_setup.dsv
[1.038s] -- Installing: /home/yuan/Desktop/ROS2_Exercises/chapt4/chapt4_ws/install/robot_control_interfaces/share/robot_control_interfaces/package.dsv
[1.039s] -- Up-to-date: /home/yuan/Desktop/ROS2_Exercises/chapt4/chapt4_ws/install/robot_control_interfaces/share/ament_index/resource_index/packages/robot_control_interfaces
[1.039s] -- Up-to-date: /home/yuan/Desktop/ROS2_Exercises/chapt4/chapt4_ws/install/robot_control_interfaces/share/robot_control_interfaces/cmake/export_robot_control_interfaces__rosidl_generator_cExport.cmake
[1.039s] -- Up-to-date: /home/yuan/Desktop/ROS2_Exercises/chapt4/chapt4_ws/install/robot_control_interfaces/share/robot_control_interfaces/cmake/export_robot_control_interfaces__rosidl_generator_cExport-noconfig.cmake
[1.039s] -- Up-to-date: /home/yuan/Desktop/ROS2_Exercises/chapt4/chapt4_ws/install/robot_control_interfaces/share/robot_control_interfaces/cmake/export_robot_control_interfaces__rosidl_typesupport_fastrtps_cExport.cmake
[1.039s] -- Up-to-date: /home/yuan/Desktop/ROS2_Exercises/chapt4/chapt4_ws/install/robot_control_interfaces/share/robot_control_interfaces/cmake/export_robot_control_interfaces__rosidl_typesupport_fastrtps_cExport-noconfig.cmake
[1.039s] -- Up-to-date: /home/yuan/Desktop/ROS2_Exercises/chapt4/chapt4_ws/install/robot_control_interfaces/share/robot_control_interfaces/cmake/robot_control_interfaces__rosidl_typesupport_introspection_cExport.cmake
[1.039s] -- Up-to-date: /home/yuan/Desktop/ROS2_Exercises/chapt4/chapt4_ws/install/robot_control_interfaces/share/robot_control_interfaces/cmake/robot_control_interfaces__rosidl_typesupport_introspection_cExport-noconfig.cmake
[1.039s] -- Up-to-date: /home/yuan/Desktop/ROS2_Exercises/chapt4/chapt4_ws/install/robot_control_interfaces/share/robot_control_interfaces/cmake/robot_control_interfaces__rosidl_typesupport_cExport.cmake
[1.039s] -- Up-to-date: /home/yuan/Desktop/ROS2_Exercises/chapt4/chapt4_ws/install/robot_control_interfaces/share/robot_control_interfaces/cmake/robot_control_interfaces__rosidl_typesupport_cExport-noconfig.cmake
[1.040s] -- Up-to-date: /home/yuan/Desktop/ROS2_Exercises/chapt4/chapt4_ws/install/robot_control_interfaces/share/robot_control_interfaces/cmake/export_robot_control_interfaces__rosidl_generator_cppExport.cmake
[1.040s] -- Up-to-date: /home/yuan/Desktop/ROS2_Exercises/chapt4/chapt4_ws/install/robot_control_interfaces/share/robot_control_interfaces/cmake/export_robot_control_interfaces__rosidl_typesupport_fastrtps_cppExport.cmake
[1.040s] -- Up-to-date: /home/yuan/Desktop/ROS2_Exercises/chapt4/chapt4_ws/install/robot_control_interfaces/share/robot_control_interfaces/cmake/export_robot_control_interfaces__rosidl_typesupport_fastrtps_cppExport-noconfig.cmake
[1.040s] -- Up-to-date: /home/yuan/Desktop/ROS2_Exercises/chapt4/chapt4_ws/install/robot_control_interfaces/share/robot_control_interfaces/cmake/robot_control_interfaces__rosidl_typesupport_introspection_cppExport.cmake
[1.040s] -- Up-to-date: /home/yuan/Desktop/ROS2_Exercises/chapt4/chapt4_ws/install/robot_control_interfaces/share/robot_control_interfaces/cmake/robot_control_interfaces__rosidl_typesupport_introspection_cppExport-noconfig.cmake
[1.041s] -- Up-to-date: /home/yuan/Desktop/ROS2_Exercises/chapt4/chapt4_ws/install/robot_control_interfaces/share/robot_control_interfaces/cmake/robot_control_interfaces__rosidl_typesupport_cppExport.cmake
[1.041s] -- Up-to-date: /home/yuan/Desktop/ROS2_Exercises/chapt4/chapt4_ws/install/robot_control_interfaces/share/robot_control_interfaces/cmake/robot_control_interfaces__rosidl_typesupport_cppExport-noconfig.cmake
[1.041s] -- Up-to-date: /home/yuan/Desktop/ROS2_Exercises/chapt4/chapt4_ws/install/robot_control_interfaces/share/robot_control_interfaces/cmake/export_robot_control_interfaces__rosidl_generator_pyExport.cmake
[1.041s] -- Up-to-date: /home/yuan/Desktop/ROS2_Exercises/chapt4/chapt4_ws/install/robot_control_interfaces/share/robot_control_interfaces/cmake/export_robot_control_interfaces__rosidl_generator_pyExport-noconfig.cmake
[1.042s] -- Up-to-date: /home/yuan/Desktop/ROS2_Exercises/chapt4/chapt4_ws/install/robot_control_interfaces/share/robot_control_interfaces/cmake/rosidl_cmake-extras.cmake
[1.042s] -- Up-to-date: /home/yuan/Desktop/ROS2_Exercises/chapt4/chapt4_ws/install/robot_control_interfaces/share/robot_control_interfaces/cmake/ament_cmake_export_dependencies-extras.cmake
[1.042s] -- Up-to-date: /home/yuan/Desktop/ROS2_Exercises/chapt4/chapt4_ws/install/robot_control_interfaces/share/robot_control_interfaces/cmake/ament_cmake_export_include_directories-extras.cmake
[1.042s] -- Up-to-date: /home/yuan/Desktop/ROS2_Exercises/chapt4/chapt4_ws/install/robot_control_interfaces/share/robot_control_interfaces/cmake/ament_cmake_export_libraries-extras.cmake
[1.042s] -- Up-to-date: /home/yuan/Desktop/ROS2_Exercises/chapt4/chapt4_ws/install/robot_control_interfaces/share/robot_control_interfaces/cmake/ament_cmake_export_targets-extras.cmake
[1.042s] -- Up-to-date: /home/yuan/Desktop/ROS2_Exercises/chapt4/chapt4_ws/install/robot_control_interfaces/share/robot_control_interfaces/cmake/rosidl_cmake_export_typesupport_targets-extras.cmake
[1.042s] -- Up-to-date: /home/yuan/Desktop/ROS2_Exercises/chapt4/chapt4_ws/install/robot_control_interfaces/share/robot_control_interfaces/cmake/rosidl_cmake_export_typesupport_libraries-extras.cmake
[1.042s] -- Up-to-date: /home/yuan/Desktop/ROS2_Exercises/chapt4/chapt4_ws/install/robot_control_interfaces/share/robot_control_interfaces/cmake/robot_control_interfacesConfig.cmake
[1.042s] -- Up-to-date: /home/yuan/Desktop/ROS2_Exercises/chapt4/chapt4_ws/install/robot_control_interfaces/share/robot_control_interfaces/cmake/robot_control_interfacesConfig-version.cmake
[1.042s] -- Up-to-date: /home/yuan/Desktop/ROS2_Exercises/chapt4/chapt4_ws/install/robot_control_interfaces/share/robot_control_interfaces/package.xml
[1.044s] Invoked command in '/home/yuan/Desktop/ROS2_Exercises/chapt4/chapt4_ws/build/robot_control_interfaces' returned '0': CMAKE_PREFIX_PATH=/opt/ros/humble /usr/bin/cmake --install /home/yuan/Desktop/ROS2_Exercises/chapt4/chapt4_ws/build/robot_control_interfaces
