running egg_info
creating ../../build/example_parameters_rclpy/example_parameters_rclpy.egg-info
writing ../../build/example_parameters_rclpy/example_parameters_rclpy.egg-info/PKG-INFO
writing dependency_links to ../../build/example_parameters_rclpy/example_parameters_rclpy.egg-info/dependency_links.txt
writing entry points to ../../build/example_parameters_rclpy/example_parameters_rclpy.egg-info/entry_points.txt
writing requirements to ../../build/example_parameters_rclpy/example_parameters_rclpy.egg-info/requires.txt
writing top-level names to ../../build/example_parameters_rclpy/example_parameters_rclpy.egg-info/top_level.txt
writing manifest file '../../build/example_parameters_rclpy/example_parameters_rclpy.egg-info/SOURCES.txt'
reading manifest file '../../build/example_parameters_rclpy/example_parameters_rclpy.egg-info/SOURCES.txt'
writing manifest file '../../build/example_parameters_rclpy/example_parameters_rclpy.egg-info/SOURCES.txt'
running build
running build_py
creating /home/yuan/Desktop/ROS2_Exercises/chapt4/chapt4_ws/build/example_parameters_rclpy/build
creating /home/yuan/Desktop/ROS2_Exercises/chapt4/chapt4_ws/build/example_parameters_rclpy/build/lib
creating /home/yuan/Desktop/ROS2_Exercises/chapt4/chapt4_ws/build/example_parameters_rclpy/build/lib/example_parameters_rclpy
copying example_parameters_rclpy/__init__.py -> /home/yuan/Desktop/ROS2_Exercises/chapt4/chapt4_ws/build/example_parameters_rclpy/build/lib/example_parameters_rclpy
copying example_parameters_rclpy/parameters_basic.py -> /home/yuan/Desktop/ROS2_Exercises/chapt4/chapt4_ws/build/example_parameters_rclpy/build/lib/example_parameters_rclpy
running install
running install_lib
creating /home/yuan/Desktop/ROS2_Exercises/chapt4/chapt4_ws/install/example_parameters_rclpy/lib/python3.10/site-packages/example_parameters_rclpy
copying /home/yuan/Desktop/ROS2_Exercises/chapt4/chapt4_ws/build/example_parameters_rclpy/build/lib/example_parameters_rclpy/__init__.py -> /home/yuan/Desktop/ROS2_Exercises/chapt4/chapt4_ws/install/example_parameters_rclpy/lib/python3.10/site-packages/example_parameters_rclpy
copying /home/yuan/Desktop/ROS2_Exercises/chapt4/chapt4_ws/build/example_parameters_rclpy/build/lib/example_parameters_rclpy/parameters_basic.py -> /home/yuan/Desktop/ROS2_Exercises/chapt4/chapt4_ws/install/example_parameters_rclpy/lib/python3.10/site-packages/example_parameters_rclpy
byte-compiling /home/yuan/Desktop/ROS2_Exercises/chapt4/chapt4_ws/install/example_parameters_rclpy/lib/python3.10/site-packages/example_parameters_rclpy/__init__.py to __init__.cpython-310.pyc
byte-compiling /home/yuan/Desktop/ROS2_Exercises/chapt4/chapt4_ws/install/example_parameters_rclpy/lib/python3.10/site-packages/example_parameters_rclpy/parameters_basic.py to parameters_basic.cpython-310.pyc
running install_data
creating /home/yuan/Desktop/ROS2_Exercises/chapt4/chapt4_ws/install/example_parameters_rclpy/share/ament_index
creating /home/yuan/Desktop/ROS2_Exercises/chapt4/chapt4_ws/install/example_parameters_rclpy/share/ament_index/resource_index
creating /home/yuan/Desktop/ROS2_Exercises/chapt4/chapt4_ws/install/example_parameters_rclpy/share/ament_index/resource_index/packages
copying resource/example_parameters_rclpy -> /home/yuan/Desktop/ROS2_Exercises/chapt4/chapt4_ws/install/example_parameters_rclpy/share/ament_index/resource_index/packages
copying package.xml -> /home/yuan/Desktop/ROS2_Exercises/chapt4/chapt4_ws/install/example_parameters_rclpy/share/example_parameters_rclpy
running install_egg_info
Copying ../../build/example_parameters_rclpy/example_parameters_rclpy.egg-info to /home/yuan/Desktop/ROS2_Exercises/chapt4/chapt4_ws/install/example_parameters_rclpy/lib/python3.10/site-packages/example_parameters_rclpy-0.0.0-py3.10.egg-info
running install_scripts
Installing parameters_basic script to /home/yuan/Desktop/ROS2_Exercises/chapt4/chapt4_ws/install/example_parameters_rclpy/lib/example_parameters_rclpy
writing list of installed files to '/home/yuan/Desktop/ROS2_Exercises/chapt4/chapt4_ws/build/example_parameters_rclpy/install.log'
