[0.483s] Invoking command in '/home/yuan/Desktop/ROS2_Exercises/chapt8/chapt8_ws/fishbot_description': PYTHONPATH=/home/yuan/Desktop/ROS2_Exercises/chapt8/chapt8_ws/install/fishbot_description/lib/python3.10/site-packages:${PYTHONPATH} /usr/bin/python3 setup.py egg_info --egg-base ../build/fishbot_description build --build-base /home/yuan/Desktop/ROS2_Exercises/chapt8/chapt8_ws/build/fishbot_description/build install --prefix /home/yuan/Desktop/ROS2_Exercises/chapt8/chapt8_ws/install/fishbot_description --record /home/yuan/Desktop/ROS2_Exercises/chapt8/chapt8_ws/build/fishbot_description/install.log --single-version-externally-managed
[0.675s] running egg_info
[0.676s] writing ../build/fishbot_description/fishbot_description.egg-info/PKG-INFO
[0.677s] writing dependency_links to ../build/fishbot_description/fishbot_description.egg-info/dependency_links.txt
[0.677s] writing entry points to ../build/fishbot_description/fishbot_description.egg-info/entry_points.txt
[0.677s] writing requirements to ../build/fishbot_description/fishbot_description.egg-info/requires.txt
[0.677s] writing top-level names to ../build/fishbot_description/fishbot_description.egg-info/top_level.txt
[0.678s] reading manifest file '../build/fishbot_description/fishbot_description.egg-info/SOURCES.txt'
[0.679s] writing manifest file '../build/fishbot_description/fishbot_description.egg-info/SOURCES.txt'
[0.679s] running build
[0.679s] running build_py
[0.679s] running install
[0.679s] /usr/lib/python3/dist-packages/setuptools/command/install.py:34: SetuptoolsDeprecationWarning: setup.py install is deprecated. Use build and pip and other standards-based tools.
[0.679s]   warnings.warn(
[0.679s] running install_lib
[0.680s] running install_data
[0.681s] copying urdf/fishbot_base.urdf -> /home/yuan/Desktop/ROS2_Exercises/chapt8/chapt8_ws/install/fishbot_description/share/fishbot_description/urdf
[0.681s] running install_egg_info
[0.682s] removing '/home/yuan/Desktop/ROS2_Exercises/chapt8/chapt8_ws/install/fishbot_description/lib/python3.10/site-packages/fishbot_description-0.0.0-py3.10.egg-info' (and everything under it)
[0.682s] Copying ../build/fishbot_description/fishbot_description.egg-info to /home/yuan/Desktop/ROS2_Exercises/chapt8/chapt8_ws/install/fishbot_description/lib/python3.10/site-packages/fishbot_description-0.0.0-py3.10.egg-info
[0.683s] running install_scripts
[0.699s] writing list of installed files to '/home/yuan/Desktop/ROS2_Exercises/chapt8/chapt8_ws/build/fishbot_description/install.log'
[0.715s] Invoked command in '/home/yuan/Desktop/ROS2_Exercises/chapt8/chapt8_ws/fishbot_description' returned '0': PYTHONPATH=/home/yuan/Desktop/ROS2_Exercises/chapt8/chapt8_ws/install/fishbot_description/lib/python3.10/site-packages:${PYTHONPATH} /usr/bin/python3 setup.py egg_info --egg-base ../build/fishbot_description build --build-base /home/yuan/Desktop/ROS2_Exercises/chapt8/chapt8_ws/build/fishbot_description/build install --prefix /home/yuan/Desktop/ROS2_Exercises/chapt8/chapt8_ws/install/fishbot_description --record /home/yuan/Desktop/ROS2_Exercises/chapt8/chapt8_ws/build/fishbot_description/install.log --single-version-externally-managed
