[0.007s] Invoking command in '/home/yuan/Desktop/ROS2_Exercises/chapt4/chapt4_ws/build/example_action_rclcpp': AMENT_PREFIX_PATH=/home/yuan/Desktop/ROS2_Exercises/chapt4/chapt4_ws/install/robot_control_interfaces:${AMENT_PREFIX_PATH} CMAKE_PREFIX_PATH=/home/yuan/Desktop/ROS2_Exercises/chapt4/chapt4_ws/install/robot_control_interfaces:/opt/ros/humble LD_LIBRARY_PATH=/home/yuan/Desktop/ROS2_Exercises/chapt4/chapt4_ws/install/robot_control_interfaces/lib:${LD_LIBRARY_PATH} PYTHONPATH=/home/yuan/Desktop/ROS2_Exercises/chapt4/chapt4_ws/install/robot_control_interfaces/local/lib/python3.10/dist-packages:${PYTHONPATH} /usr/bin/cmake /home/yuan/Desktop/ROS2_Exercises/chapt4/chapt4_ws/src/example_action_rclcpp -DCMAKE_INSTALL_PREFIX=/home/yuan/Desktop/ROS2_Exercises/chapt4/chapt4_ws/install/example_action_rclcpp
[0.102s] -- The C compiler identification is GNU 11.2.0
[0.204s] -- The CXX compiler identification is GNU 11.2.0
[0.211s] -- Detecting C compiler ABI info
[0.267s] -- Detecting C compiler ABI info - done
[0.275s] -- Check for working C compiler: /usr/bin/cc - skipped
[0.275s] -- Detecting C compile features
[0.276s] -- Detecting C compile features - done
[0.279s] -- Detecting CXX compiler ABI info
[0.354s] -- Detecting CXX compiler ABI info - done
[0.362s] -- Check for working CXX compiler: /usr/bin/c++ - skipped
[0.362s] -- Detecting CXX compile features
[0.362s] -- Detecting CXX compile features - done
[0.365s] -- Found ament_cmake: 1.3.2 (/opt/ros/humble/share/ament_cmake/cmake)
[0.512s] -- Found Python3: /usr/bin/python3.10 (found version "3.10.4") found components: Interpreter 
[0.590s] -- Found rclcpp: 16.0.1 (/opt/ros/humble/share/rclcpp/cmake)
[0.639s] -- Found rosidl_generator_c: 3.1.3 (/opt/ros/humble/share/rosidl_generator_c/cmake)
[0.643s] -- Found rosidl_adapter: 3.1.3 (/opt/ros/humble/share/rosidl_adapter/cmake)
[0.652s] -- Found rosidl_generator_cpp: 3.1.3 (/opt/ros/humble/share/rosidl_generator_cpp/cmake)
[0.666s] -- Using all available rosidl_typesupport_c: rosidl_typesupport_fastrtps_c;rosidl_typesupport_introspection_c
[0.685s] -- Using all available rosidl_typesupport_cpp: rosidl_typesupport_fastrtps_cpp;rosidl_typesupport_introspection_cpp
[0.752s] -- Found rmw_implementation_cmake: 6.1.0 (/opt/ros/humble/share/rmw_implementation_cmake/cmake)
[0.755s] -- Found rmw_fastrtps_cpp: 6.2.1 (/opt/ros/humble/share/rmw_fastrtps_cpp/cmake)
[0.837s] -- Found OpenSSL: /usr/lib/x86_64-linux-gnu/libcrypto.so (found version "3.0.2")  
[0.860s] -- Found FastRTPS: /opt/ros/humble/include  
[0.899s] -- Using RMW implementation 'rmw_fastrtps_cpp' as default
[1.054s] -- Found rclcpp_action: 16.0.1 (/opt/ros/humble/share/rclcpp_action/cmake)
[1.146s] -- Found robot_control_interfaces: 0.0.0 (/home/yuan/Desktop/ROS2_Exercises/chapt4/chapt4_ws/install/robot_control_interfaces/share/robot_control_interfaces/cmake)
[1.195s] -- Found example_interfaces: 0.9.3 (/opt/ros/humble/share/example_interfaces/cmake)
[1.253s] -- Found ament_lint_auto: 0.12.4 (/opt/ros/humble/share/ament_lint_auto/cmake)
[1.319s] -- Added test 'cppcheck' to perform static code analysis on C / C++ code
[1.319s] -- Configured cppcheck include dirs: $<BUILD_INTERFACE:/home/yuan/Desktop/ROS2_Exercises/chapt4/chapt4_ws/src/example_action_rclcpp/include>
[1.319s] -- Configured cppcheck exclude dirs and/or files: 
[1.320s] -- Added test 'lint_cmake' to check CMake code style
[1.322s] -- Added test 'uncrustify' to check C / C++ code style
[1.322s] -- Configured uncrustify additional arguments: 
[1.322s] -- Added test 'xmllint' to check XML markup files
[1.324s] -- Configuring done
[1.340s] -- Generating done
[1.342s] -- Build files have been written to: /home/yuan/Desktop/ROS2_Exercises/chapt4/chapt4_ws/build/example_action_rclcpp
[1.351s] Invoked command in '/home/yuan/Desktop/ROS2_Exercises/chapt4/chapt4_ws/build/example_action_rclcpp' returned '0': AMENT_PREFIX_PATH=/home/yuan/Desktop/ROS2_Exercises/chapt4/chapt4_ws/install/robot_control_interfaces:${AMENT_PREFIX_PATH} CMAKE_PREFIX_PATH=/home/yuan/Desktop/ROS2_Exercises/chapt4/chapt4_ws/install/robot_control_interfaces:/opt/ros/humble LD_LIBRARY_PATH=/home/yuan/Desktop/ROS2_Exercises/chapt4/chapt4_ws/install/robot_control_interfaces/lib:${LD_LIBRARY_PATH} PYTHONPATH=/home/yuan/Desktop/ROS2_Exercises/chapt4/chapt4_ws/install/robot_control_interfaces/local/lib/python3.10/dist-packages:${PYTHONPATH} /usr/bin/cmake /home/yuan/Desktop/ROS2_Exercises/chapt4/chapt4_ws/src/example_action_rclcpp -DCMAKE_INSTALL_PREFIX=/home/yuan/Desktop/ROS2_Exercises/chapt4/chapt4_ws/install/example_action_rclcpp
[1.352s] Invoking command in '/home/yuan/Desktop/ROS2_Exercises/chapt4/chapt4_ws/build/example_action_rclcpp': AMENT_PREFIX_PATH=/home/yuan/Desktop/ROS2_Exercises/chapt4/chapt4_ws/install/robot_control_interfaces:${AMENT_PREFIX_PATH} CMAKE_PREFIX_PATH=/home/yuan/Desktop/ROS2_Exercises/chapt4/chapt4_ws/install/robot_control_interfaces:/opt/ros/humble LD_LIBRARY_PATH=/home/yuan/Desktop/ROS2_Exercises/chapt4/chapt4_ws/install/robot_control_interfaces/lib:${LD_LIBRARY_PATH} PYTHONPATH=/home/yuan/Desktop/ROS2_Exercises/chapt4/chapt4_ws/install/robot_control_interfaces/local/lib/python3.10/dist-packages:${PYTHONPATH} /usr/bin/cmake --build /home/yuan/Desktop/ROS2_Exercises/chapt4/chapt4_ws/build/example_action_rclcpp -- -j12 -l12
[1.389s] [ 60%] [32mBuilding CXX object CMakeFiles/action_robot_01.dir/src/action_robot_01.cpp.o[0m
[1.389s] [ 60%] [32mBuilding CXX object CMakeFiles/action_robot_01.dir/src/robot.cpp.o[0m
[1.390s] [ 60%] [32mBuilding CXX object CMakeFiles/action_control_01.dir/src/action_control_01.cpp.o[0m
[4.893s] [ 80%] [32m[1mLinking CXX executable action_robot_01[0m
[5.064s] [ 80%] Built target action_robot_01
[5.099s] [100%] [32m[1mLinking CXX executable action_control_01[0m
[5.244s] [100%] Built target action_control_01
[5.323s] Invoked command in '/home/yuan/Desktop/ROS2_Exercises/chapt4/chapt4_ws/build/example_action_rclcpp' returned '0': AMENT_PREFIX_PATH=/home/yuan/Desktop/ROS2_Exercises/chapt4/chapt4_ws/install/robot_control_interfaces:${AMENT_PREFIX_PATH} CMAKE_PREFIX_PATH=/home/yuan/Desktop/ROS2_Exercises/chapt4/chapt4_ws/install/robot_control_interfaces:/opt/ros/humble LD_LIBRARY_PATH=/home/yuan/Desktop/ROS2_Exercises/chapt4/chapt4_ws/install/robot_control_interfaces/lib:${LD_LIBRARY_PATH} PYTHONPATH=/home/yuan/Desktop/ROS2_Exercises/chapt4/chapt4_ws/install/robot_control_interfaces/local/lib/python3.10/dist-packages:${PYTHONPATH} /usr/bin/cmake --build /home/yuan/Desktop/ROS2_Exercises/chapt4/chapt4_ws/build/example_action_rclcpp -- -j12 -l12
[5.427s] Invoking command in '/home/yuan/Desktop/ROS2_Exercises/chapt4/chapt4_ws/build/example_action_rclcpp': AMENT_PREFIX_PATH=/home/yuan/Desktop/ROS2_Exercises/chapt4/chapt4_ws/install/robot_control_interfaces:${AMENT_PREFIX_PATH} CMAKE_PREFIX_PATH=/home/yuan/Desktop/ROS2_Exercises/chapt4/chapt4_ws/install/robot_control_interfaces:/opt/ros/humble LD_LIBRARY_PATH=/home/yuan/Desktop/ROS2_Exercises/chapt4/chapt4_ws/install/robot_control_interfaces/lib:${LD_LIBRARY_PATH} PYTHONPATH=/home/yuan/Desktop/ROS2_Exercises/chapt4/chapt4_ws/install/robot_control_interfaces/local/lib/python3.10/dist-packages:${PYTHONPATH} /usr/bin/cmake --install /home/yuan/Desktop/ROS2_Exercises/chapt4/chapt4_ws/build/example_action_rclcpp
[5.449s] -- Install configuration: ""
[5.523s] -- Installing: /home/yuan/Desktop/ROS2_Exercises/chapt4/chapt4_ws/install/example_action_rclcpp/lib/example_action_rclcpp/action_robot_01
[5.528s] -- Set runtime path of "/home/yuan/Desktop/ROS2_Exercises/chapt4/chapt4_ws/install/example_action_rclcpp/lib/example_action_rclcpp/action_robot_01" to ""
[5.528s] -- Installing: /home/yuan/Desktop/ROS2_Exercises/chapt4/chapt4_ws/install/example_action_rclcpp/lib/example_action_rclcpp/action_control_01
[5.532s] -- Set runtime path of "/home/yuan/Desktop/ROS2_Exercises/chapt4/chapt4_ws/install/example_action_rclcpp/lib/example_action_rclcpp/action_control_01" to ""
[5.533s] -- Installing: /home/yuan/Desktop/ROS2_Exercises/chapt4/chapt4_ws/install/example_action_rclcpp/share/ament_index/resource_index/package_run_dependencies/example_action_rclcpp
[5.534s] -- Installing: /home/yuan/Desktop/ROS2_Exercises/chapt4/chapt4_ws/install/example_action_rclcpp/share/ament_index/resource_index/parent_prefix_path/example_action_rclcpp
[5.536s] -- Installing: /home/yuan/Desktop/ROS2_Exercises/chapt4/chapt4_ws/install/example_action_rclcpp/share/example_action_rclcpp/environment/ament_prefix_path.sh
[5.537s] -- Installing: /home/yuan/Desktop/ROS2_Exercises/chapt4/chapt4_ws/install/example_action_rclcpp/share/example_action_rclcpp/environment/ament_prefix_path.dsv
[5.537s] -- Installing: /home/yuan/Desktop/ROS2_Exercises/chapt4/chapt4_ws/install/example_action_rclcpp/share/example_action_rclcpp/environment/path.sh
[5.537s] -- Installing: /home/yuan/Desktop/ROS2_Exercises/chapt4/chapt4_ws/install/example_action_rclcpp/share/example_action_rclcpp/environment/path.dsv
[5.538s] -- Installing: /home/yuan/Desktop/ROS2_Exercises/chapt4/chapt4_ws/install/example_action_rclcpp/share/example_action_rclcpp/local_setup.bash
[5.539s] -- Installing: /home/yuan/Desktop/ROS2_Exercises/chapt4/chapt4_ws/install/example_action_rclcpp/share/example_action_rclcpp/local_setup.sh
[5.539s] -- Installing: /home/yuan/Desktop/ROS2_Exercises/chapt4/chapt4_ws/install/example_action_rclcpp/share/example_action_rclcpp/local_setup.zsh
[5.540s] -- Installing: /home/yuan/Desktop/ROS2_Exercises/chapt4/chapt4_ws/install/example_action_rclcpp/share/example_action_rclcpp/local_setup.dsv
[5.540s] -- Installing: /home/yuan/Desktop/ROS2_Exercises/chapt4/chapt4_ws/install/example_action_rclcpp/share/example_action_rclcpp/package.dsv
[5.541s] -- Installing: /home/yuan/Desktop/ROS2_Exercises/chapt4/chapt4_ws/install/example_action_rclcpp/share/ament_index/resource_index/packages/example_action_rclcpp
[5.542s] -- Installing: /home/yuan/Desktop/ROS2_Exercises/chapt4/chapt4_ws/install/example_action_rclcpp/share/example_action_rclcpp/cmake/example_action_rclcppConfig.cmake
[5.543s] -- Installing: /home/yuan/Desktop/ROS2_Exercises/chapt4/chapt4_ws/install/example_action_rclcpp/share/example_action_rclcpp/cmake/example_action_rclcppConfig-version.cmake
[5.543s] -- Installing: /home/yuan/Desktop/ROS2_Exercises/chapt4/chapt4_ws/install/example_action_rclcpp/share/example_action_rclcpp/package.xml
[5.553s] Invoked command in '/home/yuan/Desktop/ROS2_Exercises/chapt4/chapt4_ws/build/example_action_rclcpp' returned '0': AMENT_PREFIX_PATH=/home/yuan/Desktop/ROS2_Exercises/chapt4/chapt4_ws/install/robot_control_interfaces:${AMENT_PREFIX_PATH} CMAKE_PREFIX_PATH=/home/yuan/Desktop/ROS2_Exercises/chapt4/chapt4_ws/install/robot_control_interfaces:/opt/ros/humble LD_LIBRARY_PATH=/home/yuan/Desktop/ROS2_Exercises/chapt4/chapt4_ws/install/robot_control_interfaces/lib:${LD_LIBRARY_PATH} PYTHONPATH=/home/yuan/Desktop/ROS2_Exercises/chapt4/chapt4_ws/install/robot_control_interfaces/local/lib/python3.10/dist-packages:${PYTHONPATH} /usr/bin/cmake --install /home/yuan/Desktop/ROS2_Exercises/chapt4/chapt4_ws/build/example_action_rclcpp
