[0.030s] Invoking command in '/home/yuan/Desktop/ROS2_Exercises/chapt3/chapt3_ws/build/example_service_rclcpp': CMAKE_PREFIX_PATH=/opt/ros/humble /usr/bin/cmake --build /home/yuan/Desktop/ROS2_Exercises/chapt3/chapt3_ws/build/example_service_rclcpp -- -j12 -l12
[0.293s] [35m[1mConsolidate compiler generated dependencies of target service_server_01[0m
[0.294s] [35m[1mConsolidate compiler generated dependencies of target service_client_01[0m
[0.294s] [ 50%] Built target service_server_01
[0.294s] [100%] Built target service_client_01
[0.294s] Invoked command in '/home/yuan/Desktop/ROS2_Exercises/chapt3/chapt3_ws/build/example_service_rclcpp' returned '0': CMAKE_PREFIX_PATH=/opt/ros/humble /usr/bin/cmake --build /home/yuan/Desktop/ROS2_Exercises/chapt3/chapt3_ws/build/example_service_rclcpp -- -j12 -l12
[0.535s] Invoking command in '/home/yuan/Desktop/ROS2_Exercises/chapt3/chapt3_ws/build/example_service_rclcpp': CMAKE_PREFIX_PATH=/opt/ros/humble /usr/bin/cmake --install /home/yuan/Desktop/ROS2_Exercises/chapt3/chapt3_ws/build/example_service_rclcpp
[0.541s] -- Install configuration: ""
[0.542s] -- Up-to-date: /home/yuan/Desktop/ROS2_Exercises/chapt3/chapt3_ws/install/example_service_rclcpp/share/ament_index/resource_index/package_run_dependencies/example_service_rclcpp
[0.542s] -- Up-to-date: /home/yuan/Desktop/ROS2_Exercises/chapt3/chapt3_ws/install/example_service_rclcpp/share/ament_index/resource_index/parent_prefix_path/example_service_rclcpp
[0.542s] -- Up-to-date: /home/yuan/Desktop/ROS2_Exercises/chapt3/chapt3_ws/install/example_service_rclcpp/share/example_service_rclcpp/environment/ament_prefix_path.sh
[0.542s] -- Up-to-date: /home/yuan/Desktop/ROS2_Exercises/chapt3/chapt3_ws/install/example_service_rclcpp/share/example_service_rclcpp/environment/ament_prefix_path.dsv
[0.542s] -- Up-to-date: /home/yuan/Desktop/ROS2_Exercises/chapt3/chapt3_ws/install/example_service_rclcpp/share/example_service_rclcpp/environment/path.sh
[0.543s] -- Up-to-date: /home/yuan/Desktop/ROS2_Exercises/chapt3/chapt3_ws/install/example_service_rclcpp/share/example_service_rclcpp/environment/path.dsv
[0.543s] -- Up-to-date: /home/yuan/Desktop/ROS2_Exercises/chapt3/chapt3_ws/install/example_service_rclcpp/share/example_service_rclcpp/local_setup.bash
[0.543s] -- Up-to-date: /home/yuan/Desktop/ROS2_Exercises/chapt3/chapt3_ws/install/example_service_rclcpp/share/example_service_rclcpp/local_setup.sh
[0.543s] -- Up-to-date: /home/yuan/Desktop/ROS2_Exercises/chapt3/chapt3_ws/install/example_service_rclcpp/share/example_service_rclcpp/local_setup.zsh
[0.543s] -- Up-to-date: /home/yuan/Desktop/ROS2_Exercises/chapt3/chapt3_ws/install/example_service_rclcpp/share/example_service_rclcpp/local_setup.dsv
[0.543s] -- Installing: /home/yuan/Desktop/ROS2_Exercises/chapt3/chapt3_ws/install/example_service_rclcpp/share/example_service_rclcpp/package.dsv
[0.544s] -- Up-to-date: /home/yuan/Desktop/ROS2_Exercises/chapt3/chapt3_ws/install/example_service_rclcpp/share/ament_index/resource_index/packages/example_service_rclcpp
[0.544s] -- Up-to-date: /home/yuan/Desktop/ROS2_Exercises/chapt3/chapt3_ws/install/example_service_rclcpp/share/example_service_rclcpp/cmake/example_service_rclcppConfig.cmake
[0.544s] -- Up-to-date: /home/yuan/Desktop/ROS2_Exercises/chapt3/chapt3_ws/install/example_service_rclcpp/share/example_service_rclcpp/cmake/example_service_rclcppConfig-version.cmake
[0.544s] -- Up-to-date: /home/yuan/Desktop/ROS2_Exercises/chapt3/chapt3_ws/install/example_service_rclcpp/share/example_service_rclcpp/package.xml
[0.544s] -- Up-to-date: /home/yuan/Desktop/ROS2_Exercises/chapt3/chapt3_ws/install/example_service_rclcpp/lib/example_service_rclcpp/service_server_01
[0.545s] -- Up-to-date: /home/yuan/Desktop/ROS2_Exercises/chapt3/chapt3_ws/install/example_service_rclcpp/lib/example_service_rclcpp/service_client_01
[0.546s] Invoked command in '/home/yuan/Desktop/ROS2_Exercises/chapt3/chapt3_ws/build/example_service_rclcpp' returned '0': CMAKE_PREFIX_PATH=/opt/ros/humble /usr/bin/cmake --install /home/yuan/Desktop/ROS2_Exercises/chapt3/chapt3_ws/build/example_service_rclcpp
