[0.012s] Invoking command in '/home/yuan/Desktop/ROS2_Exercises/chapt2/chapt2_ws/build/example_cpp': CMAKE_PREFIX_PATH=/opt/ros/humble /usr/bin/cmake --build /home/yuan/Desktop/ROS2_Exercises/chapt2/chapt2_ws/build/example_cpp -- -j12 -l12
[0.032s] -- Found ament_cmake: 1.3.2 (/opt/ros/humble/share/ament_cmake/cmake)
[0.150s] -- Found rclcpp: 16.0.1 (/opt/ros/humble/share/rclcpp/cmake)
[0.179s] -- Found rosidl_generator_c: 3.1.3 (/opt/ros/humble/share/rosidl_generator_c/cmake)
[0.181s] -- Found rosidl_adapter: 3.1.3 (/opt/ros/humble/share/rosidl_adapter/cmake)
[0.187s] -- Found rosidl_generator_cpp: 3.1.3 (/opt/ros/humble/share/rosidl_generator_cpp/cmake)
[0.196s] -- Using all available rosidl_typesupport_c: rosidl_typesupport_fastrtps_c;rosidl_typesupport_introspection_c
[0.211s] -- Using all available rosidl_typesupport_cpp: rosidl_typesupport_fastrtps_cpp;rosidl_typesupport_introspection_cpp
[0.264s] -- Found rmw_implementation_cmake: 6.1.0 (/opt/ros/humble/share/rmw_implementation_cmake/cmake)
[0.265s] -- Found rmw_fastrtps_cpp: 6.2.1 (/opt/ros/humble/share/rmw_fastrtps_cpp/cmake)
[0.368s] -- Using RMW implementation 'rmw_fastrtps_cpp' as default
[0.505s] -- Found ament_lint_auto: 0.12.4 (/opt/ros/humble/share/ament_lint_auto/cmake)
[0.560s] -- Added test 'cppcheck' to perform static code analysis on C / C++ code
[0.560s] -- Configured cppcheck include dirs: 
[0.560s] -- Configured cppcheck exclude dirs and/or files: 
[0.560s] -- Added test 'lint_cmake' to check CMake code style
[0.561s] -- Added test 'uncrustify' to check C / C++ code style
[0.561s] -- Configured uncrustify additional arguments: 
[0.562s] -- Added test 'xmllint' to check XML markup files
[0.564s] -- Configuring done
[0.574s] -- Generating done
[0.621s] -- Build files have been written to: /home/yuan/Desktop/ROS2_Exercises/chapt2/chapt2_ws/build/example_cpp
[0.644s] [35m[1mConsolidate compiler generated dependencies of target node_01[0m
[0.652s] [ 25%] [32mBuilding CXX object CMakeFiles/node_03.dir/src/node_03.cpp.o[0m
[0.660s] [ 75%] Built target node_01
[2.913s] [100%] [32m[1mLinking CXX executable node_03[0m
[3.000s] [100%] Built target node_03
[3.008s] Invoked command in '/home/yuan/Desktop/ROS2_Exercises/chapt2/chapt2_ws/build/example_cpp' returned '0': CMAKE_PREFIX_PATH=/opt/ros/humble /usr/bin/cmake --build /home/yuan/Desktop/ROS2_Exercises/chapt2/chapt2_ws/build/example_cpp -- -j12 -l12
[3.036s] Invoking command in '/home/yuan/Desktop/ROS2_Exercises/chapt2/chapt2_ws/build/example_cpp': CMAKE_PREFIX_PATH=/opt/ros/humble /usr/bin/cmake --install /home/yuan/Desktop/ROS2_Exercises/chapt2/chapt2_ws/build/example_cpp
[3.041s] -- Install configuration: ""
[3.041s] -- Up-to-date: /home/yuan/Desktop/ROS2_Exercises/chapt2/chapt2_ws/install/example_cpp/share/ament_index/resource_index/package_run_dependencies/example_cpp
[3.041s] -- Up-to-date: /home/yuan/Desktop/ROS2_Exercises/chapt2/chapt2_ws/install/example_cpp/share/ament_index/resource_index/parent_prefix_path/example_cpp
[3.042s] -- Up-to-date: /home/yuan/Desktop/ROS2_Exercises/chapt2/chapt2_ws/install/example_cpp/share/example_cpp/environment/ament_prefix_path.sh
[3.042s] -- Installing: /home/yuan/Desktop/ROS2_Exercises/chapt2/chapt2_ws/install/example_cpp/share/example_cpp/environment/ament_prefix_path.dsv
[3.042s] -- Up-to-date: /home/yuan/Desktop/ROS2_Exercises/chapt2/chapt2_ws/install/example_cpp/share/example_cpp/environment/path.sh
[3.042s] -- Installing: /home/yuan/Desktop/ROS2_Exercises/chapt2/chapt2_ws/install/example_cpp/share/example_cpp/environment/path.dsv
[3.042s] -- Up-to-date: /home/yuan/Desktop/ROS2_Exercises/chapt2/chapt2_ws/install/example_cpp/share/example_cpp/local_setup.bash
[3.042s] -- Up-to-date: /home/yuan/Desktop/ROS2_Exercises/chapt2/chapt2_ws/install/example_cpp/share/example_cpp/local_setup.sh
[3.042s] -- Up-to-date: /home/yuan/Desktop/ROS2_Exercises/chapt2/chapt2_ws/install/example_cpp/share/example_cpp/local_setup.zsh
[3.042s] -- Installing: /home/yuan/Desktop/ROS2_Exercises/chapt2/chapt2_ws/install/example_cpp/share/example_cpp/local_setup.dsv
[3.043s] -- Installing: /home/yuan/Desktop/ROS2_Exercises/chapt2/chapt2_ws/install/example_cpp/share/example_cpp/package.dsv
[3.043s] -- Up-to-date: /home/yuan/Desktop/ROS2_Exercises/chapt2/chapt2_ws/install/example_cpp/share/ament_index/resource_index/packages/example_cpp
[3.043s] -- Up-to-date: /home/yuan/Desktop/ROS2_Exercises/chapt2/chapt2_ws/install/example_cpp/share/example_cpp/cmake/example_cppConfig.cmake
[3.043s] -- Up-to-date: /home/yuan/Desktop/ROS2_Exercises/chapt2/chapt2_ws/install/example_cpp/share/example_cpp/cmake/example_cppConfig-version.cmake
[3.043s] -- Up-to-date: /home/yuan/Desktop/ROS2_Exercises/chapt2/chapt2_ws/install/example_cpp/share/example_cpp/package.xml
[3.043s] -- Up-to-date: /home/yuan/Desktop/ROS2_Exercises/chapt2/chapt2_ws/install/example_cpp/lib/example_cpp/node_01
[3.043s] -- Installing: /home/yuan/Desktop/ROS2_Exercises/chapt2/chapt2_ws/install/example_cpp/lib/example_cpp/node_03
[3.044s] -- Set runtime path of "/home/yuan/Desktop/ROS2_Exercises/chapt2/chapt2_ws/install/example_cpp/lib/example_cpp/node_03" to ""
[3.045s] Invoked command in '/home/yuan/Desktop/ROS2_Exercises/chapt2/chapt2_ws/build/example_cpp' returned '0': CMAKE_PREFIX_PATH=/opt/ros/humble /usr/bin/cmake --install /home/yuan/Desktop/ROS2_Exercises/chapt2/chapt2_ws/build/example_cpp
