[0.275s] DEBUG:colcon:Command line arguments: ['/usr/bin/colcon', 'list', '-p', '--base-paths', '/home/yuan/Desktop/ROS2_Exercises/chapt4/chapt4_ws']
[0.275s] DEBUG:colcon:Parsed command line arguments: Namespace(log_base=None, log_level=None, verb_name='list', build_base='build', ignore_user_meta=False, metas=['./colcon.meta'], base_paths=['/home/yuan/Desktop/ROS2_Exercises/chapt4/chapt4_ws'], packages_ignore=None, packages_ignore_regex=None, paths=None, packages_up_to=None, packages_up_to_regex=None, packages_above=None, packages_above_and_dependencies=None, packages_above_depth=None, packages_select_by_dep=None, packages_skip_by_dep=None, packages_skip_up_to=None, packages_select_build_failed=False, packages_skip_build_finished=False, packages_select_test_failures=False, packages_skip_test_passed=False, packages_select=None, packages_skip=None, packages_select_regex=None, packages_skip_regex=None, packages_start=None, packages_end=None, allow_overriding=[], topological_order=False, names_only=False, paths_only=True, topological_graph=False, topological_graph_dot=False, topological_graph_density=False, topological_graph_legend=False, topological_graph_dot_cluster=False, topological_graph_dot_include_skipped=False, verb_parser=<colcon_defaults.argument_parser.defaults.DefaultArgumentsDecorator object at 0x7f028bf5c460>, verb_extension=<colcon_package_information.verb.list.ListVerb object at 0x7f028c1331f0>, main=<bound method ListVerb.main of <colcon_package_information.verb.list.ListVerb object at 0x7f028c1331f0>>)
[0.295s] Level 1:colcon.colcon_core.package_discovery:discover_packages(colcon_meta) check parameters
[0.295s] Level 1:colcon.colcon_core.package_discovery:discover_packages(recursive) check parameters
[0.295s] Level 1:colcon.colcon_core.package_discovery:discover_packages(ignore) check parameters
[0.295s] Level 1:colcon.colcon_core.package_discovery:discover_packages(path) check parameters
[0.296s] Level 1:colcon.colcon_core.package_discovery:discover_packages(recursive) discover
[0.296s] INFO:colcon.colcon_core.package_discovery:Crawling recursively for packages in '/home/yuan/Desktop/ROS2_Exercises/chapt4/chapt4_ws'
[0.296s] Level 1:colcon.colcon_core.package_identification:_identify(/home/yuan/Desktop/ROS2_Exercises/chapt4/chapt4_ws) by extensions ['ignore', 'ignore_ament_install']
[0.296s] Level 1:colcon.colcon_core.package_identification:_identify(/home/yuan/Desktop/ROS2_Exercises/chapt4/chapt4_ws) by extension 'ignore'
[0.296s] Level 1:colcon.colcon_core.package_identification:_identify(/home/yuan/Desktop/ROS2_Exercises/chapt4/chapt4_ws) by extension 'ignore_ament_install'
[0.296s] Level 1:colcon.colcon_core.package_identification:_identify(/home/yuan/Desktop/ROS2_Exercises/chapt4/chapt4_ws) by extensions ['colcon_pkg']
[0.296s] Level 1:colcon.colcon_core.package_identification:_identify(/home/yuan/Desktop/ROS2_Exercises/chapt4/chapt4_ws) by extension 'colcon_pkg'
[0.296s] Level 1:colcon.colcon_core.package_identification:_identify(/home/yuan/Desktop/ROS2_Exercises/chapt4/chapt4_ws) by extensions ['colcon_meta']
[0.296s] Level 1:colcon.colcon_core.package_identification:_identify(/home/yuan/Desktop/ROS2_Exercises/chapt4/chapt4_ws) by extension 'colcon_meta'
[0.296s] Level 1:colcon.colcon_core.package_identification:_identify(/home/yuan/Desktop/ROS2_Exercises/chapt4/chapt4_ws) by extensions ['ros']
[0.296s] Level 1:colcon.colcon_core.package_identification:_identify(/home/yuan/Desktop/ROS2_Exercises/chapt4/chapt4_ws) by extension 'ros'
[0.312s] Level 1:colcon.colcon_core.package_identification:_identify(/home/yuan/Desktop/ROS2_Exercises/chapt4/chapt4_ws) by extensions ['cmake', 'python']
[0.312s] Level 1:colcon.colcon_core.package_identification:_identify(/home/yuan/Desktop/ROS2_Exercises/chapt4/chapt4_ws) by extension 'cmake'
[0.312s] Level 1:colcon.colcon_core.package_identification:_identify(/home/yuan/Desktop/ROS2_Exercises/chapt4/chapt4_ws) by extension 'python'
[0.312s] Level 1:colcon.colcon_core.package_identification:_identify(/home/yuan/Desktop/ROS2_Exercises/chapt4/chapt4_ws) by extensions ['python_setup_py']
[0.312s] Level 1:colcon.colcon_core.package_identification:_identify(/home/yuan/Desktop/ROS2_Exercises/chapt4/chapt4_ws) by extension 'python_setup_py'
[0.312s] Level 1:colcon.colcon_core.package_identification:_identify(/home/yuan/Desktop/ROS2_Exercises/chapt4/chapt4_ws/build) by extensions ['ignore', 'ignore_ament_install']
[0.312s] Level 1:colcon.colcon_core.package_identification:_identify(/home/yuan/Desktop/ROS2_Exercises/chapt4/chapt4_ws/build) by extension 'ignore'
[0.312s] Level 1:colcon.colcon_core.package_identification:_identify(/home/yuan/Desktop/ROS2_Exercises/chapt4/chapt4_ws/build) ignored
[0.313s] Level 1:colcon.colcon_core.package_identification:_identify(/home/yuan/Desktop/ROS2_Exercises/chapt4/chapt4_ws/install) by extensions ['ignore', 'ignore_ament_install']
[0.313s] Level 1:colcon.colcon_core.package_identification:_identify(/home/yuan/Desktop/ROS2_Exercises/chapt4/chapt4_ws/install) by extension 'ignore'
[0.313s] Level 1:colcon.colcon_core.package_identification:_identify(/home/yuan/Desktop/ROS2_Exercises/chapt4/chapt4_ws/install) ignored
[0.313s] Level 1:colcon.colcon_core.package_identification:_identify(/home/yuan/Desktop/ROS2_Exercises/chapt4/chapt4_ws/log) by extensions ['ignore', 'ignore_ament_install']
[0.313s] Level 1:colcon.colcon_core.package_identification:_identify(/home/yuan/Desktop/ROS2_Exercises/chapt4/chapt4_ws/log) by extension 'ignore'
[0.313s] Level 1:colcon.colcon_core.package_identification:_identify(/home/yuan/Desktop/ROS2_Exercises/chapt4/chapt4_ws/log) ignored
[0.313s] Level 1:colcon.colcon_core.package_identification:_identify(/home/yuan/Desktop/ROS2_Exercises/chapt4/chapt4_ws/src) by extensions ['ignore', 'ignore_ament_install']
[0.314s] Level 1:colcon.colcon_core.package_identification:_identify(/home/yuan/Desktop/ROS2_Exercises/chapt4/chapt4_ws/src) by extension 'ignore'
[0.314s] Level 1:colcon.colcon_core.package_identification:_identify(/home/yuan/Desktop/ROS2_Exercises/chapt4/chapt4_ws/src) by extension 'ignore_ament_install'
[0.314s] Level 1:colcon.colcon_core.package_identification:_identify(/home/yuan/Desktop/ROS2_Exercises/chapt4/chapt4_ws/src) by extensions ['colcon_pkg']
[0.314s] Level 1:colcon.colcon_core.package_identification:_identify(/home/yuan/Desktop/ROS2_Exercises/chapt4/chapt4_ws/src) by extension 'colcon_pkg'
[0.314s] Level 1:colcon.colcon_core.package_identification:_identify(/home/yuan/Desktop/ROS2_Exercises/chapt4/chapt4_ws/src) by extensions ['colcon_meta']
[0.314s] Level 1:colcon.colcon_core.package_identification:_identify(/home/yuan/Desktop/ROS2_Exercises/chapt4/chapt4_ws/src) by extension 'colcon_meta'
[0.314s] Level 1:colcon.colcon_core.package_identification:_identify(/home/yuan/Desktop/ROS2_Exercises/chapt4/chapt4_ws/src) by extensions ['ros']
[0.314s] Level 1:colcon.colcon_core.package_identification:_identify(/home/yuan/Desktop/ROS2_Exercises/chapt4/chapt4_ws/src) by extension 'ros'
[0.314s] Level 1:colcon.colcon_core.package_identification:_identify(/home/yuan/Desktop/ROS2_Exercises/chapt4/chapt4_ws/src) by extensions ['cmake', 'python']
[0.314s] Level 1:colcon.colcon_core.package_identification:_identify(/home/yuan/Desktop/ROS2_Exercises/chapt4/chapt4_ws/src) by extension 'cmake'
[0.314s] Level 1:colcon.colcon_core.package_identification:_identify(/home/yuan/Desktop/ROS2_Exercises/chapt4/chapt4_ws/src) by extension 'python'
[0.314s] Level 1:colcon.colcon_core.package_identification:_identify(/home/yuan/Desktop/ROS2_Exercises/chapt4/chapt4_ws/src) by extensions ['python_setup_py']
[0.314s] Level 1:colcon.colcon_core.package_identification:_identify(/home/yuan/Desktop/ROS2_Exercises/chapt4/chapt4_ws/src) by extension 'python_setup_py'
[0.314s] Level 1:colcon.colcon_core.package_identification:_identify(/home/yuan/Desktop/ROS2_Exercises/chapt4/chapt4_ws/src/example_parameters_rclcpp) by extensions ['ignore', 'ignore_ament_install']
[0.315s] Level 1:colcon.colcon_core.package_identification:_identify(/home/yuan/Desktop/ROS2_Exercises/chapt4/chapt4_ws/src/example_parameters_rclcpp) by extension 'ignore'
[0.315s] Level 1:colcon.colcon_core.package_identification:_identify(/home/yuan/Desktop/ROS2_Exercises/chapt4/chapt4_ws/src/example_parameters_rclcpp) by extension 'ignore_ament_install'
[0.315s] Level 1:colcon.colcon_core.package_identification:_identify(/home/yuan/Desktop/ROS2_Exercises/chapt4/chapt4_ws/src/example_parameters_rclcpp) by extensions ['colcon_pkg']
[0.315s] Level 1:colcon.colcon_core.package_identification:_identify(/home/yuan/Desktop/ROS2_Exercises/chapt4/chapt4_ws/src/example_parameters_rclcpp) by extension 'colcon_pkg'
[0.315s] Level 1:colcon.colcon_core.package_identification:_identify(/home/yuan/Desktop/ROS2_Exercises/chapt4/chapt4_ws/src/example_parameters_rclcpp) by extensions ['colcon_meta']
[0.315s] Level 1:colcon.colcon_core.package_identification:_identify(/home/yuan/Desktop/ROS2_Exercises/chapt4/chapt4_ws/src/example_parameters_rclcpp) by extension 'colcon_meta'
[0.315s] Level 1:colcon.colcon_core.package_identification:_identify(/home/yuan/Desktop/ROS2_Exercises/chapt4/chapt4_ws/src/example_parameters_rclcpp) by extensions ['ros']
[0.315s] Level 1:colcon.colcon_core.package_identification:_identify(/home/yuan/Desktop/ROS2_Exercises/chapt4/chapt4_ws/src/example_parameters_rclcpp) by extension 'ros'
[0.329s] DEBUG:colcon.colcon_core.package_identification:Package '/home/yuan/Desktop/ROS2_Exercises/chapt4/chapt4_ws/src/example_parameters_rclcpp' with type 'ros.ament_cmake' and name 'example_parameters_rclcpp'
[0.329s] Level 1:colcon.colcon_core.package_identification:_identify(/home/yuan/Desktop/ROS2_Exercises/chapt4/chapt4_ws/src/example_parameters_rclpy) by extensions ['ignore', 'ignore_ament_install']
[0.329s] Level 1:colcon.colcon_core.package_identification:_identify(/home/yuan/Desktop/ROS2_Exercises/chapt4/chapt4_ws/src/example_parameters_rclpy) by extension 'ignore'
[0.329s] Level 1:colcon.colcon_core.package_identification:_identify(/home/yuan/Desktop/ROS2_Exercises/chapt4/chapt4_ws/src/example_parameters_rclpy) by extension 'ignore_ament_install'
[0.329s] Level 1:colcon.colcon_core.package_identification:_identify(/home/yuan/Desktop/ROS2_Exercises/chapt4/chapt4_ws/src/example_parameters_rclpy) by extensions ['colcon_pkg']
[0.329s] Level 1:colcon.colcon_core.package_identification:_identify(/home/yuan/Desktop/ROS2_Exercises/chapt4/chapt4_ws/src/example_parameters_rclpy) by extension 'colcon_pkg'
[0.329s] Level 1:colcon.colcon_core.package_identification:_identify(/home/yuan/Desktop/ROS2_Exercises/chapt4/chapt4_ws/src/example_parameters_rclpy) by extensions ['colcon_meta']
[0.330s] Level 1:colcon.colcon_core.package_identification:_identify(/home/yuan/Desktop/ROS2_Exercises/chapt4/chapt4_ws/src/example_parameters_rclpy) by extension 'colcon_meta'
[0.330s] Level 1:colcon.colcon_core.package_identification:_identify(/home/yuan/Desktop/ROS2_Exercises/chapt4/chapt4_ws/src/example_parameters_rclpy) by extensions ['ros']
[0.330s] Level 1:colcon.colcon_core.package_identification:_identify(/home/yuan/Desktop/ROS2_Exercises/chapt4/chapt4_ws/src/example_parameters_rclpy) by extension 'ros'
[0.331s] DEBUG:colcon.colcon_core.package_identification:Package '/home/yuan/Desktop/ROS2_Exercises/chapt4/chapt4_ws/src/example_parameters_rclpy' with type 'ros.ament_python' and name 'example_parameters_rclpy'
[0.331s] Level 1:colcon.colcon_core.package_identification:_identify(/home/yuan/Desktop/ROS2_Exercises/chapt4/chapt4_ws/src/robot_control_interfaces) by extensions ['ignore', 'ignore_ament_install']
[0.331s] Level 1:colcon.colcon_core.package_identification:_identify(/home/yuan/Desktop/ROS2_Exercises/chapt4/chapt4_ws/src/robot_control_interfaces) by extension 'ignore'
[0.331s] Level 1:colcon.colcon_core.package_identification:_identify(/home/yuan/Desktop/ROS2_Exercises/chapt4/chapt4_ws/src/robot_control_interfaces) by extension 'ignore_ament_install'
[0.331s] Level 1:colcon.colcon_core.package_identification:_identify(/home/yuan/Desktop/ROS2_Exercises/chapt4/chapt4_ws/src/robot_control_interfaces) by extensions ['colcon_pkg']
[0.331s] Level 1:colcon.colcon_core.package_identification:_identify(/home/yuan/Desktop/ROS2_Exercises/chapt4/chapt4_ws/src/robot_control_interfaces) by extension 'colcon_pkg'
[0.331s] Level 1:colcon.colcon_core.package_identification:_identify(/home/yuan/Desktop/ROS2_Exercises/chapt4/chapt4_ws/src/robot_control_interfaces) by extensions ['colcon_meta']
[0.331s] Level 1:colcon.colcon_core.package_identification:_identify(/home/yuan/Desktop/ROS2_Exercises/chapt4/chapt4_ws/src/robot_control_interfaces) by extension 'colcon_meta'
[0.331s] Level 1:colcon.colcon_core.package_identification:_identify(/home/yuan/Desktop/ROS2_Exercises/chapt4/chapt4_ws/src/robot_control_interfaces) by extensions ['ros']
[0.332s] Level 1:colcon.colcon_core.package_identification:_identify(/home/yuan/Desktop/ROS2_Exercises/chapt4/chapt4_ws/src/robot_control_interfaces) by extension 'ros'
[0.332s] DEBUG:colcon.colcon_core.package_identification:Package '/home/yuan/Desktop/ROS2_Exercises/chapt4/chapt4_ws/src/robot_control_interfaces' with type 'ros.ament_cmake' and name 'robot_control_interfaces'
[0.332s] Level 1:colcon.colcon_core.package_discovery:discover_packages(recursive) using defaults
