[0.464s] Invoking command in '/home/yuan/Desktop/ROS2_Exercises/chapt3/chapt3_ws/src/example_service_rclpy': PYTHONPATH=/home/yuan/Desktop/ROS2_Exercises/chapt3/chapt3_ws/install/example_service_rclpy/lib/python3.10/site-packages:${PYTHONPATH} /usr/bin/python3 setup.py egg_info --egg-base ../../build/example_service_rclpy build --build-base /home/yuan/Desktop/ROS2_Exercises/chapt3/chapt3_ws/build/example_service_rclpy/build install --prefix /home/yuan/Desktop/ROS2_Exercises/chapt3/chapt3_ws/install/example_service_rclpy --record /home/yuan/Desktop/ROS2_Exercises/chapt3/chapt3_ws/build/example_service_rclpy/install.log --single-version-externally-managed
[0.704s] running egg_info
[0.706s] creating ../../build/example_service_rclpy/example_service_rclpy.egg-info
[0.706s] writing ../../build/example_service_rclpy/example_service_rclpy.egg-info/PKG-INFO
[0.707s] writing dependency_links to ../../build/example_service_rclpy/example_service_rclpy.egg-info/dependency_links.txt
[0.708s] writing entry points to ../../build/example_service_rclpy/example_service_rclpy.egg-info/entry_points.txt
[0.708s] writing requirements to ../../build/example_service_rclpy/example_service_rclpy.egg-info/requires.txt
[0.709s] writing top-level names to ../../build/example_service_rclpy/example_service_rclpy.egg-info/top_level.txt
[0.709s] writing manifest file '../../build/example_service_rclpy/example_service_rclpy.egg-info/SOURCES.txt'
[0.711s] reading manifest file '../../build/example_service_rclpy/example_service_rclpy.egg-info/SOURCES.txt'
[0.712s] writing manifest file '../../build/example_service_rclpy/example_service_rclpy.egg-info/SOURCES.txt'
[0.712s] running build
[0.712s] running build_py
[0.713s] creating /home/yuan/Desktop/ROS2_Exercises/chapt3/chapt3_ws/build/example_service_rclpy/build
[0.713s] creating /home/yuan/Desktop/ROS2_Exercises/chapt3/chapt3_ws/build/example_service_rclpy/build/lib
[0.713s] creating /home/yuan/Desktop/ROS2_Exercises/chapt3/chapt3_ws/build/example_service_rclpy/build/lib/example_service_rclpy
[0.713s] copying example_service_rclpy/__init__.py -> /home/yuan/Desktop/ROS2_Exercises/chapt3/chapt3_ws/build/example_service_rclpy/build/lib/example_service_rclpy
[0.713s] copying example_service_rclpy/service_server_02.py -> /home/yuan/Desktop/ROS2_Exercises/chapt3/chapt3_ws/build/example_service_rclpy/build/lib/example_service_rclpy
[0.713s] copying example_service_rclpy/service_client_02.py -> /home/yuan/Desktop/ROS2_Exercises/chapt3/chapt3_ws/build/example_service_rclpy/build/lib/example_service_rclpy
[0.713s] running install
[0.714s] /usr/lib/python3/dist-packages/setuptools/command/install.py:34: SetuptoolsDeprecationWarning: setup.py install is deprecated. Use build and pip and other standards-based tools.
[0.714s]   warnings.warn(
[0.714s] running install_lib
[0.715s] creating /home/yuan/Desktop/ROS2_Exercises/chapt3/chapt3_ws/install/example_service_rclpy/lib/python3.10/site-packages/example_service_rclpy
[0.715s] copying /home/yuan/Desktop/ROS2_Exercises/chapt3/chapt3_ws/build/example_service_rclpy/build/lib/example_service_rclpy/__init__.py -> /home/yuan/Desktop/ROS2_Exercises/chapt3/chapt3_ws/install/example_service_rclpy/lib/python3.10/site-packages/example_service_rclpy
[0.715s] copying /home/yuan/Desktop/ROS2_Exercises/chapt3/chapt3_ws/build/example_service_rclpy/build/lib/example_service_rclpy/service_server_02.py -> /home/yuan/Desktop/ROS2_Exercises/chapt3/chapt3_ws/install/example_service_rclpy/lib/python3.10/site-packages/example_service_rclpy
[0.715s] copying /home/yuan/Desktop/ROS2_Exercises/chapt3/chapt3_ws/build/example_service_rclpy/build/lib/example_service_rclpy/service_client_02.py -> /home/yuan/Desktop/ROS2_Exercises/chapt3/chapt3_ws/install/example_service_rclpy/lib/python3.10/site-packages/example_service_rclpy
[0.716s] byte-compiling /home/yuan/Desktop/ROS2_Exercises/chapt3/chapt3_ws/install/example_service_rclpy/lib/python3.10/site-packages/example_service_rclpy/__init__.py to __init__.cpython-310.pyc
[0.716s] byte-compiling /home/yuan/Desktop/ROS2_Exercises/chapt3/chapt3_ws/install/example_service_rclpy/lib/python3.10/site-packages/example_service_rclpy/service_server_02.py to service_server_02.cpython-310.pyc
[0.716s] byte-compiling /home/yuan/Desktop/ROS2_Exercises/chapt3/chapt3_ws/install/example_service_rclpy/lib/python3.10/site-packages/example_service_rclpy/service_client_02.py to service_client_02.cpython-310.pyc
[0.717s] running install_data
[0.717s] creating /home/yuan/Desktop/ROS2_Exercises/chapt3/chapt3_ws/install/example_service_rclpy/share/ament_index
[0.717s] creating /home/yuan/Desktop/ROS2_Exercises/chapt3/chapt3_ws/install/example_service_rclpy/share/ament_index/resource_index
[0.718s] creating /home/yuan/Desktop/ROS2_Exercises/chapt3/chapt3_ws/install/example_service_rclpy/share/ament_index/resource_index/packages
[0.718s] copying resource/example_service_rclpy -> /home/yuan/Desktop/ROS2_Exercises/chapt3/chapt3_ws/install/example_service_rclpy/share/ament_index/resource_index/packages
[0.718s] copying package.xml -> /home/yuan/Desktop/ROS2_Exercises/chapt3/chapt3_ws/install/example_service_rclpy/share/example_service_rclpy
[0.718s] running install_egg_info
[0.719s] Copying ../../build/example_service_rclpy/example_service_rclpy.egg-info to /home/yuan/Desktop/ROS2_Exercises/chapt3/chapt3_ws/install/example_service_rclpy/lib/python3.10/site-packages/example_service_rclpy-0.0.0-py3.10.egg-info
[0.720s] running install_scripts
[0.736s] Installing service_server_02 script to /home/yuan/Desktop/ROS2_Exercises/chapt3/chapt3_ws/install/example_service_rclpy/lib/example_service_rclpy
[0.737s] writing list of installed files to '/home/yuan/Desktop/ROS2_Exercises/chapt3/chapt3_ws/build/example_service_rclpy/install.log'
[0.754s] Invoked command in '/home/yuan/Desktop/ROS2_Exercises/chapt3/chapt3_ws/src/example_service_rclpy' returned '0': PYTHONPATH=/home/yuan/Desktop/ROS2_Exercises/chapt3/chapt3_ws/install/example_service_rclpy/lib/python3.10/site-packages:${PYTHONPATH} /usr/bin/python3 setup.py egg_info --egg-base ../../build/example_service_rclpy build --build-base /home/yuan/Desktop/ROS2_Exercises/chapt3/chapt3_ws/build/example_service_rclpy/build install --prefix /home/yuan/Desktop/ROS2_Exercises/chapt3/chapt3_ws/install/example_service_rclpy --record /home/yuan/Desktop/ROS2_Exercises/chapt3/chapt3_ws/build/example_service_rclpy/install.log --single-version-externally-managed
