[0.008s] Invoking command in '/home/yuan/Desktop/ROS2_Exercises/chapt3/chapt3_ws/build/example_interfaces_rclcpp': AMENT_PREFIX_PATH=/home/yuan/Desktop/ROS2_Exercises/chapt3/chapt3_ws/install/example_ros2_interfaces:${AMENT_PREFIX_PATH} CMAKE_PREFIX_PATH=/home/yuan/Desktop/ROS2_Exercises/chapt3/chapt3_ws/install/example_ros2_interfaces:/opt/ros/humble LD_LIBRARY_PATH=/home/yuan/Desktop/ROS2_Exercises/chapt3/chapt3_ws/install/example_ros2_interfaces/lib:${LD_LIBRARY_PATH} PYTHONPATH=/home/yuan/Desktop/ROS2_Exercises/chapt3/chapt3_ws/install/example_ros2_interfaces/local/lib/python3.10/dist-packages:${PYTHONPATH} /usr/bin/cmake --build /home/yuan/Desktop/ROS2_Exercises/chapt3/chapt3_ws/build/example_interfaces_rclcpp -- -j12 -l12
[0.039s] [35m[1mConsolidate compiler generated dependencies of target example_interfaces_control_01[0m
[0.039s] [35m[1mConsolidate compiler generated dependencies of target example_interfaces_robot_01[0m
[0.054s] [ 50%] [32mBuilding CXX object CMakeFiles/example_interfaces_control_01.dir/src/example_interfaces_control_01.cpp.o[0m
[0.054s] [ 50%] [32mBuilding CXX object CMakeFiles/example_interfaces_robot_01.dir/src/example_interfaces_robot_01.cpp.o[0m
[4.345s] [ 75%] [32m[1mLinking CXX executable example_interfaces_robot_01[0m
[4.544s] [ 75%] Built target example_interfaces_robot_01
[7.442s] [100%] [32m[1mLinking CXX executable example_interfaces_control_01[0m
[7.793s] [100%] Built target example_interfaces_control_01
[7.877s] Invoked command in '/home/yuan/Desktop/ROS2_Exercises/chapt3/chapt3_ws/build/example_interfaces_rclcpp' returned '0': AMENT_PREFIX_PATH=/home/yuan/Desktop/ROS2_Exercises/chapt3/chapt3_ws/install/example_ros2_interfaces:${AMENT_PREFIX_PATH} CMAKE_PREFIX_PATH=/home/yuan/Desktop/ROS2_Exercises/chapt3/chapt3_ws/install/example_ros2_interfaces:/opt/ros/humble LD_LIBRARY_PATH=/home/yuan/Desktop/ROS2_Exercises/chapt3/chapt3_ws/install/example_ros2_interfaces/lib:${LD_LIBRARY_PATH} PYTHONPATH=/home/yuan/Desktop/ROS2_Exercises/chapt3/chapt3_ws/install/example_ros2_interfaces/local/lib/python3.10/dist-packages:${PYTHONPATH} /usr/bin/cmake --build /home/yuan/Desktop/ROS2_Exercises/chapt3/chapt3_ws/build/example_interfaces_rclcpp -- -j12 -l12
[7.963s] Invoking command in '/home/yuan/Desktop/ROS2_Exercises/chapt3/chapt3_ws/build/example_interfaces_rclcpp': AMENT_PREFIX_PATH=/home/yuan/Desktop/ROS2_Exercises/chapt3/chapt3_ws/install/example_ros2_interfaces:${AMENT_PREFIX_PATH} CMAKE_PREFIX_PATH=/home/yuan/Desktop/ROS2_Exercises/chapt3/chapt3_ws/install/example_ros2_interfaces:/opt/ros/humble LD_LIBRARY_PATH=/home/yuan/Desktop/ROS2_Exercises/chapt3/chapt3_ws/install/example_ros2_interfaces/lib:${LD_LIBRARY_PATH} PYTHONPATH=/home/yuan/Desktop/ROS2_Exercises/chapt3/chapt3_ws/install/example_ros2_interfaces/local/lib/python3.10/dist-packages:${PYTHONPATH} /usr/bin/cmake --install /home/yuan/Desktop/ROS2_Exercises/chapt3/chapt3_ws/build/example_interfaces_rclcpp
[7.982s] -- Install configuration: ""
[7.982s] -- Installing: /home/yuan/Desktop/ROS2_Exercises/chapt3/chapt3_ws/install/example_interfaces_rclcpp/lib/example_interfaces_rclcpp/example_interfaces_robot_01
[7.986s] -- Set runtime path of "/home/yuan/Desktop/ROS2_Exercises/chapt3/chapt3_ws/install/example_interfaces_rclcpp/lib/example_interfaces_rclcpp/example_interfaces_robot_01" to ""
[7.986s] -- Installing: /home/yuan/Desktop/ROS2_Exercises/chapt3/chapt3_ws/install/example_interfaces_rclcpp/lib/example_interfaces_rclcpp/example_interfaces_control_01
[7.992s] -- Set runtime path of "/home/yuan/Desktop/ROS2_Exercises/chapt3/chapt3_ws/install/example_interfaces_rclcpp/lib/example_interfaces_rclcpp/example_interfaces_control_01" to ""
[7.993s] -- Up-to-date: /home/yuan/Desktop/ROS2_Exercises/chapt3/chapt3_ws/install/example_interfaces_rclcpp/share/ament_index/resource_index/package_run_dependencies/example_interfaces_rclcpp
[7.993s] -- Up-to-date: /home/yuan/Desktop/ROS2_Exercises/chapt3/chapt3_ws/install/example_interfaces_rclcpp/share/ament_index/resource_index/parent_prefix_path/example_interfaces_rclcpp
[7.993s] -- Up-to-date: /home/yuan/Desktop/ROS2_Exercises/chapt3/chapt3_ws/install/example_interfaces_rclcpp/share/example_interfaces_rclcpp/environment/ament_prefix_path.sh
[7.993s] -- Up-to-date: /home/yuan/Desktop/ROS2_Exercises/chapt3/chapt3_ws/install/example_interfaces_rclcpp/share/example_interfaces_rclcpp/environment/ament_prefix_path.dsv
[7.993s] -- Up-to-date: /home/yuan/Desktop/ROS2_Exercises/chapt3/chapt3_ws/install/example_interfaces_rclcpp/share/example_interfaces_rclcpp/environment/path.sh
[7.993s] -- Up-to-date: /home/yuan/Desktop/ROS2_Exercises/chapt3/chapt3_ws/install/example_interfaces_rclcpp/share/example_interfaces_rclcpp/environment/path.dsv
[7.994s] -- Up-to-date: /home/yuan/Desktop/ROS2_Exercises/chapt3/chapt3_ws/install/example_interfaces_rclcpp/share/example_interfaces_rclcpp/local_setup.bash
[7.994s] -- Up-to-date: /home/yuan/Desktop/ROS2_Exercises/chapt3/chapt3_ws/install/example_interfaces_rclcpp/share/example_interfaces_rclcpp/local_setup.sh
[7.994s] -- Up-to-date: /home/yuan/Desktop/ROS2_Exercises/chapt3/chapt3_ws/install/example_interfaces_rclcpp/share/example_interfaces_rclcpp/local_setup.zsh
[7.994s] -- Up-to-date: /home/yuan/Desktop/ROS2_Exercises/chapt3/chapt3_ws/install/example_interfaces_rclcpp/share/example_interfaces_rclcpp/local_setup.dsv
[7.994s] -- Installing: /home/yuan/Desktop/ROS2_Exercises/chapt3/chapt3_ws/install/example_interfaces_rclcpp/share/example_interfaces_rclcpp/package.dsv
[7.994s] -- Up-to-date: /home/yuan/Desktop/ROS2_Exercises/chapt3/chapt3_ws/install/example_interfaces_rclcpp/share/ament_index/resource_index/packages/example_interfaces_rclcpp
[7.994s] -- Up-to-date: /home/yuan/Desktop/ROS2_Exercises/chapt3/chapt3_ws/install/example_interfaces_rclcpp/share/example_interfaces_rclcpp/cmake/example_interfaces_rclcppConfig.cmake
[7.994s] -- Up-to-date: /home/yuan/Desktop/ROS2_Exercises/chapt3/chapt3_ws/install/example_interfaces_rclcpp/share/example_interfaces_rclcpp/cmake/example_interfaces_rclcppConfig-version.cmake
[7.994s] -- Up-to-date: /home/yuan/Desktop/ROS2_Exercises/chapt3/chapt3_ws/install/example_interfaces_rclcpp/share/example_interfaces_rclcpp/package.xml
[7.999s] Invoked command in '/home/yuan/Desktop/ROS2_Exercises/chapt3/chapt3_ws/build/example_interfaces_rclcpp' returned '0': AMENT_PREFIX_PATH=/home/yuan/Desktop/ROS2_Exercises/chapt3/chapt3_ws/install/example_ros2_interfaces:${AMENT_PREFIX_PATH} CMAKE_PREFIX_PATH=/home/yuan/Desktop/ROS2_Exercises/chapt3/chapt3_ws/install/example_ros2_interfaces:/opt/ros/humble LD_LIBRARY_PATH=/home/yuan/Desktop/ROS2_Exercises/chapt3/chapt3_ws/install/example_ros2_interfaces/lib:${LD_LIBRARY_PATH} PYTHONPATH=/home/yuan/Desktop/ROS2_Exercises/chapt3/chapt3_ws/install/example_ros2_interfaces/local/lib/python3.10/dist-packages:${PYTHONPATH} /usr/bin/cmake --install /home/yuan/Desktop/ROS2_Exercises/chapt3/chapt3_ws/build/example_interfaces_rclcpp
