[0.012s] Invoking command in '/home/yuan/Desktop/ROS2_Exercises/chapt4/chapt4_ws/build/robot_control_interfaces': CMAKE_PREFIX_PATH=/opt/ros/humble /usr/bin/cmake --build /home/yuan/Desktop/ROS2_Exercises/chapt4/chapt4_ws/build/robot_control_interfaces -- -j12 -l12
[0.050s] [  3%] Built target robot_control_interfaces__cpp
[0.050s] [ 12%] Built target robot_control_interfaces__rosidl_generator_c
[0.058s] [ 12%] Built target ament_cmake_python_copy_robot_control_interfaces
[0.067s] [ 22%] Built target robot_control_interfaces__rosidl_typesupport_cpp
[0.067s] [ 32%] Built target robot_control_interfaces__rosidl_typesupport_introspection_cpp
[0.069s] [ 41%] Built target robot_control_interfaces__rosidl_typesupport_fastrtps_cpp
[0.076s] [ 51%] Built target robot_control_interfaces__rosidl_typesupport_fastrtps_c
[0.078s] [ 67%] Built target robot_control_interfaces__rosidl_typesupport_c
[0.078s] [ 70%] Built target robot_control_interfaces__rosidl_typesupport_introspection_c
[0.093s] [ 70%] Built target robot_control_interfaces
[0.109s] [ 74%] Built target robot_control_interfaces__py
[0.125s] [ 80%] Built target robot_control_interfaces__rosidl_generator_py
[0.143s] [ 96%] Built target robot_control_interfaces__rosidl_typesupport_fastrtps_c__pyext
[0.143s] [ 96%] Built target robot_control_interfaces__rosidl_typesupport_introspection_c__pyext
[0.144s] [100%] Built target robot_control_interfaces__rosidl_typesupport_c__pyext
[0.260s] running egg_info
[0.260s] writing robot_control_interfaces.egg-info/PKG-INFO
[0.260s] writing dependency_links to robot_control_interfaces.egg-info/dependency_links.txt
[0.261s] writing top-level names to robot_control_interfaces.egg-info/top_level.txt
[0.262s] reading manifest file 'robot_control_interfaces.egg-info/SOURCES.txt'
[0.262s] writing manifest file 'robot_control_interfaces.egg-info/SOURCES.txt'
[0.282s] [100%] Built target ament_cmake_python_build_robot_control_interfaces_egg
[0.291s] Invoked command in '/home/yuan/Desktop/ROS2_Exercises/chapt4/chapt4_ws/build/robot_control_interfaces' returned '0': CMAKE_PREFIX_PATH=/opt/ros/humble /usr/bin/cmake --build /home/yuan/Desktop/ROS2_Exercises/chapt4/chapt4_ws/build/robot_control_interfaces -- -j12 -l12
[0.342s] Invoking command in '/home/yuan/Desktop/ROS2_Exercises/chapt4/chapt4_ws/build/robot_control_interfaces': CMAKE_PREFIX_PATH=/opt/ros/humble /usr/bin/cmake --install /home/yuan/Desktop/ROS2_Exercises/chapt4/chapt4_ws/build/robot_control_interfaces
[0.348s] -- Install configuration: ""
[0.348s] -- Up-to-date: /home/yuan/Desktop/ROS2_Exercises/chapt4/chapt4_ws/install/robot_control_interfaces/share/ament_index/resource_index/rosidl_interfaces/robot_control_interfaces
[0.348s] -- Up-to-date: /home/yuan/Desktop/ROS2_Exercises/chapt4/chapt4_ws/install/robot_control_interfaces/include/robot_control_interfaces/robot_control_interfaces
[0.348s] -- Up-to-date: /home/yuan/Desktop/ROS2_Exercises/chapt4/chapt4_ws/install/robot_control_interfaces/include/robot_control_interfaces/robot_control_interfaces/action
[0.348s] -- Up-to-date: /home/yuan/Desktop/ROS2_Exercises/chapt4/chapt4_ws/install/robot_control_interfaces/include/robot_control_interfaces/robot_control_interfaces/action/detail
[0.348s] -- Up-to-date: /home/yuan/Desktop/ROS2_Exercises/chapt4/chapt4_ws/install/robot_control_interfaces/include/robot_control_interfaces/robot_control_interfaces/action/detail/move_robot__functions.c
[0.348s] -- Up-to-date: /home/yuan/Desktop/ROS2_Exercises/chapt4/chapt4_ws/install/robot_control_interfaces/include/robot_control_interfaces/robot_control_interfaces/action/detail/move_robot__type_support.h
[0.349s] -- Up-to-date: /home/yuan/Desktop/ROS2_Exercises/chapt4/chapt4_ws/install/robot_control_interfaces/include/robot_control_interfaces/robot_control_interfaces/action/detail/move_robot__functions.h
[0.349s] -- Up-to-date: /home/yuan/Desktop/ROS2_Exercises/chapt4/chapt4_ws/install/robot_control_interfaces/include/robot_control_interfaces/robot_control_interfaces/action/detail/move_robot__struct.h
[0.349s] -- Up-to-date: /home/yuan/Desktop/ROS2_Exercises/chapt4/chapt4_ws/install/robot_control_interfaces/include/robot_control_interfaces/robot_control_interfaces/action/move_robot.h
[0.349s] -- Up-to-date: /home/yuan/Desktop/ROS2_Exercises/chapt4/chapt4_ws/install/robot_control_interfaces/include/robot_control_interfaces/robot_control_interfaces/msg
[0.349s] -- Up-to-date: /home/yuan/Desktop/ROS2_Exercises/chapt4/chapt4_ws/install/robot_control_interfaces/include/robot_control_interfaces/robot_control_interfaces/msg/rosidl_generator_c__visibility_control.h
[0.349s] -- Up-to-date: /home/yuan/Desktop/ROS2_Exercises/chapt4/chapt4_ws/install/robot_control_interfaces/share/robot_control_interfaces/environment/library_path.sh
[0.349s] -- Up-to-date: /home/yuan/Desktop/ROS2_Exercises/chapt4/chapt4_ws/install/robot_control_interfaces/share/robot_control_interfaces/environment/library_path.dsv
[0.350s] -- Up-to-date: /home/yuan/Desktop/ROS2_Exercises/chapt4/chapt4_ws/install/robot_control_interfaces/lib/librobot_control_interfaces__rosidl_generator_c.so
[0.350s] -- Up-to-date: /home/yuan/Desktop/ROS2_Exercises/chapt4/chapt4_ws/install/robot_control_interfaces/include/robot_control_interfaces/robot_control_interfaces
[0.350s] -- Up-to-date: /home/yuan/Desktop/ROS2_Exercises/chapt4/chapt4_ws/install/robot_control_interfaces/include/robot_control_interfaces/robot_control_interfaces/action
[0.350s] -- Up-to-date: /home/yuan/Desktop/ROS2_Exercises/chapt4/chapt4_ws/install/robot_control_interfaces/include/robot_control_interfaces/robot_control_interfaces/action/detail
[0.350s] -- Up-to-date: /home/yuan/Desktop/ROS2_Exercises/chapt4/chapt4_ws/install/robot_control_interfaces/include/robot_control_interfaces/robot_control_interfaces/action/detail/move_robot__rosidl_typesupport_fastrtps_c.h
[0.351s] -- Up-to-date: /home/yuan/Desktop/ROS2_Exercises/chapt4/chapt4_ws/install/robot_control_interfaces/include/robot_control_interfaces/robot_control_interfaces/msg
[0.351s] -- Up-to-date: /home/yuan/Desktop/ROS2_Exercises/chapt4/chapt4_ws/install/robot_control_interfaces/include/robot_control_interfaces/robot_control_interfaces/msg/rosidl_typesupport_fastrtps_c__visibility_control.h
[0.351s] -- Up-to-date: /home/yuan/Desktop/ROS2_Exercises/chapt4/chapt4_ws/install/robot_control_interfaces/lib/librobot_control_interfaces__rosidl_typesupport_fastrtps_c.so
[0.351s] -- Up-to-date: /home/yuan/Desktop/ROS2_Exercises/chapt4/chapt4_ws/install/robot_control_interfaces/include/robot_control_interfaces/robot_control_interfaces
[0.351s] -- Up-to-date: /home/yuan/Desktop/ROS2_Exercises/chapt4/chapt4_ws/install/robot_control_interfaces/include/robot_control_interfaces/robot_control_interfaces/action
[0.351s] -- Up-to-date: /home/yuan/Desktop/ROS2_Exercises/chapt4/chapt4_ws/install/robot_control_interfaces/include/robot_control_interfaces/robot_control_interfaces/action/detail
[0.351s] -- Up-to-date: /home/yuan/Desktop/ROS2_Exercises/chapt4/chapt4_ws/install/robot_control_interfaces/include/robot_control_interfaces/robot_control_interfaces/action/detail/move_robot__type_support.c
[0.352s] -- Up-to-date: /home/yuan/Desktop/ROS2_Exercises/chapt4/chapt4_ws/install/robot_control_interfaces/include/robot_control_interfaces/robot_control_interfaces/action/detail/move_robot__rosidl_typesupport_introspection_c.h
[0.352s] -- Up-to-date: /home/yuan/Desktop/ROS2_Exercises/chapt4/chapt4_ws/install/robot_control_interfaces/include/robot_control_interfaces/robot_control_interfaces/msg
[0.352s] -- Up-to-date: /home/yuan/Desktop/ROS2_Exercises/chapt4/chapt4_ws/install/robot_control_interfaces/include/robot_control_interfaces/robot_control_interfaces/msg/rosidl_typesupport_introspection_c__visibility_control.h
[0.352s] -- Up-to-date: /home/yuan/Desktop/ROS2_Exercises/chapt4/chapt4_ws/install/robot_control_interfaces/lib/librobot_control_interfaces__rosidl_typesupport_introspection_c.so
[0.352s] -- Up-to-date: /home/yuan/Desktop/ROS2_Exercises/chapt4/chapt4_ws/install/robot_control_interfaces/lib/librobot_control_interfaces__rosidl_typesupport_c.so
[0.352s] -- Up-to-date: /home/yuan/Desktop/ROS2_Exercises/chapt4/chapt4_ws/install/robot_control_interfaces/include/robot_control_interfaces/robot_control_interfaces
[0.353s] -- Up-to-date: /home/yuan/Desktop/ROS2_Exercises/chapt4/chapt4_ws/install/robot_control_interfaces/include/robot_control_interfaces/robot_control_interfaces/action
[0.353s] -- Up-to-date: /home/yuan/Desktop/ROS2_Exercises/chapt4/chapt4_ws/install/robot_control_interfaces/include/robot_control_interfaces/robot_control_interfaces/action/detail
[0.353s] -- Up-to-date: /home/yuan/Desktop/ROS2_Exercises/chapt4/chapt4_ws/install/robot_control_interfaces/include/robot_control_interfaces/robot_control_interfaces/action/detail/move_robot__builder.hpp
[0.353s] -- Up-to-date: /home/yuan/Desktop/ROS2_Exercises/chapt4/chapt4_ws/install/robot_control_interfaces/include/robot_control_interfaces/robot_control_interfaces/action/detail/move_robot__struct.hpp
[0.353s] -- Up-to-date: /home/yuan/Desktop/ROS2_Exercises/chapt4/chapt4_ws/install/robot_control_interfaces/include/robot_control_interfaces/robot_control_interfaces/action/detail/move_robot__traits.hpp
[0.353s] -- Up-to-date: /home/yuan/Desktop/ROS2_Exercises/chapt4/chapt4_ws/install/robot_control_interfaces/include/robot_control_interfaces/robot_control_interfaces/action/move_robot.hpp
[0.354s] -- Up-to-date: /home/yuan/Desktop/ROS2_Exercises/chapt4/chapt4_ws/install/robot_control_interfaces/include/robot_control_interfaces/robot_control_interfaces
[0.354s] -- Up-to-date: /home/yuan/Desktop/ROS2_Exercises/chapt4/chapt4_ws/install/robot_control_interfaces/include/robot_control_interfaces/robot_control_interfaces/action
[0.354s] -- Up-to-date: /home/yuan/Desktop/ROS2_Exercises/chapt4/chapt4_ws/install/robot_control_interfaces/include/robot_control_interfaces/robot_control_interfaces/action/detail
[0.354s] -- Up-to-date: /home/yuan/Desktop/ROS2_Exercises/chapt4/chapt4_ws/install/robot_control_interfaces/include/robot_control_interfaces/robot_control_interfaces/action/detail/dds_fastrtps
[0.354s] -- Up-to-date: /home/yuan/Desktop/ROS2_Exercises/chapt4/chapt4_ws/install/robot_control_interfaces/include/robot_control_interfaces/robot_control_interfaces/action/detail/move_robot__rosidl_typesupport_fastrtps_cpp.hpp
[0.354s] -- Up-to-date: /home/yuan/Desktop/ROS2_Exercises/chapt4/chapt4_ws/install/robot_control_interfaces/include/robot_control_interfaces/robot_control_interfaces/msg
[0.354s] -- Up-to-date: /home/yuan/Desktop/ROS2_Exercises/chapt4/chapt4_ws/install/robot_control_interfaces/include/robot_control_interfaces/robot_control_interfaces/msg/rosidl_typesupport_fastrtps_cpp__visibility_control.h
[0.354s] -- Up-to-date: /home/yuan/Desktop/ROS2_Exercises/chapt4/chapt4_ws/install/robot_control_interfaces/lib/librobot_control_interfaces__rosidl_typesupport_fastrtps_cpp.so
[0.354s] -- Up-to-date: /home/yuan/Desktop/ROS2_Exercises/chapt4/chapt4_ws/install/robot_control_interfaces/include/robot_control_interfaces/robot_control_interfaces
[0.355s] -- Up-to-date: /home/yuan/Desktop/ROS2_Exercises/chapt4/chapt4_ws/install/robot_control_interfaces/include/robot_control_interfaces/robot_control_interfaces/action
[0.355s] -- Up-to-date: /home/yuan/Desktop/ROS2_Exercises/chapt4/chapt4_ws/install/robot_control_interfaces/include/robot_control_interfaces/robot_control_interfaces/action/detail
[0.355s] -- Up-to-date: /home/yuan/Desktop/ROS2_Exercises/chapt4/chapt4_ws/install/robot_control_interfaces/include/robot_control_interfaces/robot_control_interfaces/action/detail/move_robot__rosidl_typesupport_introspection_cpp.hpp
[0.355s] -- Up-to-date: /home/yuan/Desktop/ROS2_Exercises/chapt4/chapt4_ws/install/robot_control_interfaces/include/robot_control_interfaces/robot_control_interfaces/action/detail/move_robot__type_support.cpp
[0.355s] -- Up-to-date: /home/yuan/Desktop/ROS2_Exercises/chapt4/chapt4_ws/install/robot_control_interfaces/lib/librobot_control_interfaces__rosidl_typesupport_introspection_cpp.so
[0.355s] -- Up-to-date: /home/yuan/Desktop/ROS2_Exercises/chapt4/chapt4_ws/install/robot_control_interfaces/lib/librobot_control_interfaces__rosidl_typesupport_cpp.so
[0.355s] -- Up-to-date: /home/yuan/Desktop/ROS2_Exercises/chapt4/chapt4_ws/install/robot_control_interfaces/share/robot_control_interfaces/environment/pythonpath.sh
[0.355s] -- Up-to-date: /home/yuan/Desktop/ROS2_Exercises/chapt4/chapt4_ws/install/robot_control_interfaces/share/robot_control_interfaces/environment/pythonpath.dsv
[0.355s] -- Up-to-date: /home/yuan/Desktop/ROS2_Exercises/chapt4/chapt4_ws/install/robot_control_interfaces/local/lib/python3.10/dist-packages/robot_control_interfaces-0.0.0-py3.10.egg-info
[0.355s] -- Installing: /home/yuan/Desktop/ROS2_Exercises/chapt4/chapt4_ws/install/robot_control_interfaces/local/lib/python3.10/dist-packages/robot_control_interfaces-0.0.0-py3.10.egg-info/top_level.txt
[0.356s] -- Installing: /home/yuan/Desktop/ROS2_Exercises/chapt4/chapt4_ws/install/robot_control_interfaces/local/lib/python3.10/dist-packages/robot_control_interfaces-0.0.0-py3.10.egg-info/dependency_links.txt
[0.356s] -- Installing: /home/yuan/Desktop/ROS2_Exercises/chapt4/chapt4_ws/install/robot_control_interfaces/local/lib/python3.10/dist-packages/robot_control_interfaces-0.0.0-py3.10.egg-info/SOURCES.txt
[0.356s] -- Installing: /home/yuan/Desktop/ROS2_Exercises/chapt4/chapt4_ws/install/robot_control_interfaces/local/lib/python3.10/dist-packages/robot_control_interfaces-0.0.0-py3.10.egg-info/PKG-INFO
[0.356s] -- Up-to-date: /home/yuan/Desktop/ROS2_Exercises/chapt4/chapt4_ws/install/robot_control_interfaces/local/lib/python3.10/dist-packages/robot_control_interfaces
[0.356s] -- Up-to-date: /home/yuan/Desktop/ROS2_Exercises/chapt4/chapt4_ws/install/robot_control_interfaces/local/lib/python3.10/dist-packages/robot_control_interfaces/_robot_control_interfaces_s.ep.rosidl_typesupport_c.c
[0.356s] -- Up-to-date: /home/yuan/Desktop/ROS2_Exercises/chapt4/chapt4_ws/install/robot_control_interfaces/local/lib/python3.10/dist-packages/robot_control_interfaces/_robot_control_interfaces_s.ep.rosidl_typesupport_introspection_c.c
[0.356s] -- Up-to-date: /home/yuan/Desktop/ROS2_Exercises/chapt4/chapt4_ws/install/robot_control_interfaces/local/lib/python3.10/dist-packages/robot_control_interfaces/__init__.py
[0.356s] -- Up-to-date: /home/yuan/Desktop/ROS2_Exercises/chapt4/chapt4_ws/install/robot_control_interfaces/local/lib/python3.10/dist-packages/robot_control_interfaces/action
[0.356s] -- Up-to-date: /home/yuan/Desktop/ROS2_Exercises/chapt4/chapt4_ws/install/robot_control_interfaces/local/lib/python3.10/dist-packages/robot_control_interfaces/action/_move_robot.py
[0.357s] -- Up-to-date: /home/yuan/Desktop/ROS2_Exercises/chapt4/chapt4_ws/install/robot_control_interfaces/local/lib/python3.10/dist-packages/robot_control_interfaces/action/__init__.py
[0.357s] -- Up-to-date: /home/yuan/Desktop/ROS2_Exercises/chapt4/chapt4_ws/install/robot_control_interfaces/local/lib/python3.10/dist-packages/robot_control_interfaces/action/_move_robot_s.c
[0.357s] -- Up-to-date: /home/yuan/Desktop/ROS2_Exercises/chapt4/chapt4_ws/install/robot_control_interfaces/local/lib/python3.10/dist-packages/robot_control_interfaces/_robot_control_interfaces_s.ep.rosidl_typesupport_fastrtps_c.c
[0.357s] -- Up-to-date: /home/yuan/Desktop/ROS2_Exercises/chapt4/chapt4_ws/install/robot_control_interfaces/local/lib/python3.10/dist-packages/robot_control_interfaces/robot_control_interfaces_s__rosidl_typesupport_introspection_c.cpython-310-x86_64-linux-gnu.so
[0.357s] -- Up-to-date: /home/yuan/Desktop/ROS2_Exercises/chapt4/chapt4_ws/install/robot_control_interfaces/local/lib/python3.10/dist-packages/robot_control_interfaces/librobot_control_interfaces__rosidl_generator_py.so
[0.357s] -- Up-to-date: /home/yuan/Desktop/ROS2_Exercises/chapt4/chapt4_ws/install/robot_control_interfaces/local/lib/python3.10/dist-packages/robot_control_interfaces/robot_control_interfaces_s__rosidl_typesupport_c.cpython-310-x86_64-linux-gnu.so
[0.357s] -- Up-to-date: /home/yuan/Desktop/ROS2_Exercises/chapt4/chapt4_ws/install/robot_control_interfaces/local/lib/python3.10/dist-packages/robot_control_interfaces/robot_control_interfaces_s__rosidl_typesupport_fastrtps_c.cpython-310-x86_64-linux-gnu.so
[0.378s] Listing '/home/yuan/Desktop/ROS2_Exercises/chapt4/chapt4_ws/install/robot_control_interfaces/local/lib/python3.10/dist-packages/robot_control_interfaces'...
[0.378s] Listing '/home/yuan/Desktop/ROS2_Exercises/chapt4/chapt4_ws/install/robot_control_interfaces/local/lib/python3.10/dist-packages/robot_control_interfaces/action'...
[0.381s] -- Up-to-date: /home/yuan/Desktop/ROS2_Exercises/chapt4/chapt4_ws/install/robot_control_interfaces/local/lib/python3.10/dist-packages/robot_control_interfaces/robot_control_interfaces_s__rosidl_typesupport_fastrtps_c.cpython-310-x86_64-linux-gnu.so
[0.382s] -- Up-to-date: /home/yuan/Desktop/ROS2_Exercises/chapt4/chapt4_ws/install/robot_control_interfaces/local/lib/python3.10/dist-packages/robot_control_interfaces/robot_control_interfaces_s__rosidl_typesupport_introspection_c.cpython-310-x86_64-linux-gnu.so
[0.382s] -- Up-to-date: /home/yuan/Desktop/ROS2_Exercises/chapt4/chapt4_ws/install/robot_control_interfaces/local/lib/python3.10/dist-packages/robot_control_interfaces/robot_control_interfaces_s__rosidl_typesupport_c.cpython-310-x86_64-linux-gnu.so
[0.382s] -- Up-to-date: /home/yuan/Desktop/ROS2_Exercises/chapt4/chapt4_ws/install/robot_control_interfaces/lib/librobot_control_interfaces__rosidl_generator_py.so
[0.383s] -- Up-to-date: /home/yuan/Desktop/ROS2_Exercises/chapt4/chapt4_ws/install/robot_control_interfaces/share/robot_control_interfaces/action/MoveRobot.idl
[0.383s] -- Up-to-date: /home/yuan/Desktop/ROS2_Exercises/chapt4/chapt4_ws/install/robot_control_interfaces/share/robot_control_interfaces/action/MoveRobot.action
[0.383s] -- Up-to-date: /home/yuan/Desktop/ROS2_Exercises/chapt4/chapt4_ws/install/robot_control_interfaces/share/ament_index/resource_index/package_run_dependencies/robot_control_interfaces
[0.383s] -- Up-to-date: /home/yuan/Desktop/ROS2_Exercises/chapt4/chapt4_ws/install/robot_control_interfaces/share/ament_index/resource_index/parent_prefix_path/robot_control_interfaces
[0.383s] -- Up-to-date: /home/yuan/Desktop/ROS2_Exercises/chapt4/chapt4_ws/install/robot_control_interfaces/share/robot_control_interfaces/environment/ament_prefix_path.sh
[0.383s] -- Up-to-date: /home/yuan/Desktop/ROS2_Exercises/chapt4/chapt4_ws/install/robot_control_interfaces/share/robot_control_interfaces/environment/ament_prefix_path.dsv
[0.383s] -- Up-to-date: /home/yuan/Desktop/ROS2_Exercises/chapt4/chapt4_ws/install/robot_control_interfaces/share/robot_control_interfaces/environment/path.sh
[0.383s] -- Up-to-date: /home/yuan/Desktop/ROS2_Exercises/chapt4/chapt4_ws/install/robot_control_interfaces/share/robot_control_interfaces/environment/path.dsv
[0.383s] -- Up-to-date: /home/yuan/Desktop/ROS2_Exercises/chapt4/chapt4_ws/install/robot_control_interfaces/share/robot_control_interfaces/local_setup.bash
[0.383s] -- Up-to-date: /home/yuan/Desktop/ROS2_Exercises/chapt4/chapt4_ws/install/robot_control_interfaces/share/robot_control_interfaces/local_setup.sh
[0.383s] -- Up-to-date: /home/yuan/Desktop/ROS2_Exercises/chapt4/chapt4_ws/install/robot_control_interfaces/share/robot_control_interfaces/local_setup.zsh
[0.384s] -- Up-to-date: /home/yuan/Desktop/ROS2_Exercises/chapt4/chapt4_ws/install/robot_control_interfaces/share/robot_control_interfaces/local_setup.dsv
[0.384s] -- Installing: /home/yuan/Desktop/ROS2_Exercises/chapt4/chapt4_ws/install/robot_control_interfaces/share/robot_control_interfaces/package.dsv
[0.384s] -- Up-to-date: /home/yuan/Desktop/ROS2_Exercises/chapt4/chapt4_ws/install/robot_control_interfaces/share/ament_index/resource_index/packages/robot_control_interfaces
[0.384s] -- Up-to-date: /home/yuan/Desktop/ROS2_Exercises/chapt4/chapt4_ws/install/robot_control_interfaces/share/robot_control_interfaces/cmake/export_robot_control_interfaces__rosidl_generator_cExport.cmake
[0.384s] -- Up-to-date: /home/yuan/Desktop/ROS2_Exercises/chapt4/chapt4_ws/install/robot_control_interfaces/share/robot_control_interfaces/cmake/export_robot_control_interfaces__rosidl_generator_cExport-noconfig.cmake
[0.384s] -- Up-to-date: /home/yuan/Desktop/ROS2_Exercises/chapt4/chapt4_ws/install/robot_control_interfaces/share/robot_control_interfaces/cmake/export_robot_control_interfaces__rosidl_typesupport_fastrtps_cExport.cmake
[0.384s] -- Up-to-date: /home/yuan/Desktop/ROS2_Exercises/chapt4/chapt4_ws/install/robot_control_interfaces/share/robot_control_interfaces/cmake/export_robot_control_interfaces__rosidl_typesupport_fastrtps_cExport-noconfig.cmake
[0.384s] -- Up-to-date: /home/yuan/Desktop/ROS2_Exercises/chapt4/chapt4_ws/install/robot_control_interfaces/share/robot_control_interfaces/cmake/robot_control_interfaces__rosidl_typesupport_introspection_cExport.cmake
[0.384s] -- Up-to-date: /home/yuan/Desktop/ROS2_Exercises/chapt4/chapt4_ws/install/robot_control_interfaces/share/robot_control_interfaces/cmake/robot_control_interfaces__rosidl_typesupport_introspection_cExport-noconfig.cmake
[0.384s] -- Up-to-date: /home/yuan/Desktop/ROS2_Exercises/chapt4/chapt4_ws/install/robot_control_interfaces/share/robot_control_interfaces/cmake/robot_control_interfaces__rosidl_typesupport_cExport.cmake
[0.385s] -- Up-to-date: /home/yuan/Desktop/ROS2_Exercises/chapt4/chapt4_ws/install/robot_control_interfaces/share/robot_control_interfaces/cmake/robot_control_interfaces__rosidl_typesupport_cExport-noconfig.cmake
[0.385s] -- Up-to-date: /home/yuan/Desktop/ROS2_Exercises/chapt4/chapt4_ws/install/robot_control_interfaces/share/robot_control_interfaces/cmake/export_robot_control_interfaces__rosidl_generator_cppExport.cmake
[0.385s] -- Up-to-date: /home/yuan/Desktop/ROS2_Exercises/chapt4/chapt4_ws/install/robot_control_interfaces/share/robot_control_interfaces/cmake/export_robot_control_interfaces__rosidl_typesupport_fastrtps_cppExport.cmake
[0.385s] -- Up-to-date: /home/yuan/Desktop/ROS2_Exercises/chapt4/chapt4_ws/install/robot_control_interfaces/share/robot_control_interfaces/cmake/export_robot_control_interfaces__rosidl_typesupport_fastrtps_cppExport-noconfig.cmake
[0.385s] -- Up-to-date: /home/yuan/Desktop/ROS2_Exercises/chapt4/chapt4_ws/install/robot_control_interfaces/share/robot_control_interfaces/cmake/robot_control_interfaces__rosidl_typesupport_introspection_cppExport.cmake
[0.385s] -- Up-to-date: /home/yuan/Desktop/ROS2_Exercises/chapt4/chapt4_ws/install/robot_control_interfaces/share/robot_control_interfaces/cmake/robot_control_interfaces__rosidl_typesupport_introspection_cppExport-noconfig.cmake
[0.386s] -- Up-to-date: /home/yuan/Desktop/ROS2_Exercises/chapt4/chapt4_ws/install/robot_control_interfaces/share/robot_control_interfaces/cmake/robot_control_interfaces__rosidl_typesupport_cppExport.cmake
[0.386s] -- Up-to-date: /home/yuan/Desktop/ROS2_Exercises/chapt4/chapt4_ws/install/robot_control_interfaces/share/robot_control_interfaces/cmake/robot_control_interfaces__rosidl_typesupport_cppExport-noconfig.cmake
[0.386s] -- Up-to-date: /home/yuan/Desktop/ROS2_Exercises/chapt4/chapt4_ws/install/robot_control_interfaces/share/robot_control_interfaces/cmake/export_robot_control_interfaces__rosidl_generator_pyExport.cmake
[0.386s] -- Up-to-date: /home/yuan/Desktop/ROS2_Exercises/chapt4/chapt4_ws/install/robot_control_interfaces/share/robot_control_interfaces/cmake/export_robot_control_interfaces__rosidl_generator_pyExport-noconfig.cmake
[0.386s] -- Up-to-date: /home/yuan/Desktop/ROS2_Exercises/chapt4/chapt4_ws/install/robot_control_interfaces/share/robot_control_interfaces/cmake/rosidl_cmake-extras.cmake
[0.386s] -- Up-to-date: /home/yuan/Desktop/ROS2_Exercises/chapt4/chapt4_ws/install/robot_control_interfaces/share/robot_control_interfaces/cmake/ament_cmake_export_dependencies-extras.cmake
[0.386s] -- Up-to-date: /home/yuan/Desktop/ROS2_Exercises/chapt4/chapt4_ws/install/robot_control_interfaces/share/robot_control_interfaces/cmake/ament_cmake_export_include_directories-extras.cmake
[0.386s] -- Up-to-date: /home/yuan/Desktop/ROS2_Exercises/chapt4/chapt4_ws/install/robot_control_interfaces/share/robot_control_interfaces/cmake/ament_cmake_export_libraries-extras.cmake
[0.387s] -- Up-to-date: /home/yuan/Desktop/ROS2_Exercises/chapt4/chapt4_ws/install/robot_control_interfaces/share/robot_control_interfaces/cmake/ament_cmake_export_targets-extras.cmake
[0.388s] -- Up-to-date: /home/yuan/Desktop/ROS2_Exercises/chapt4/chapt4_ws/install/robot_control_interfaces/share/robot_control_interfaces/cmake/rosidl_cmake_export_typesupport_targets-extras.cmake
[0.388s] -- Up-to-date: /home/yuan/Desktop/ROS2_Exercises/chapt4/chapt4_ws/install/robot_control_interfaces/share/robot_control_interfaces/cmake/rosidl_cmake_export_typesupport_libraries-extras.cmake
[0.388s] -- Up-to-date: /home/yuan/Desktop/ROS2_Exercises/chapt4/chapt4_ws/install/robot_control_interfaces/share/robot_control_interfaces/cmake/robot_control_interfacesConfig.cmake
[0.388s] -- Up-to-date: /home/yuan/Desktop/ROS2_Exercises/chapt4/chapt4_ws/install/robot_control_interfaces/share/robot_control_interfaces/cmake/robot_control_interfacesConfig-version.cmake
[0.389s] -- Up-to-date: /home/yuan/Desktop/ROS2_Exercises/chapt4/chapt4_ws/install/robot_control_interfaces/share/robot_control_interfaces/package.xml
[0.389s] Invoked command in '/home/yuan/Desktop/ROS2_Exercises/chapt4/chapt4_ws/build/robot_control_interfaces' returned '0': CMAKE_PREFIX_PATH=/opt/ros/humble /usr/bin/cmake --install /home/yuan/Desktop/ROS2_Exercises/chapt4/chapt4_ws/build/robot_control_interfaces
