[0.466s] Invoking command in '/home/yuan/Desktop/ROS2_Exercises/chapt2/chapt2_ws/src/example_py': PYTHONPATH=/home/yuan/Desktop/ROS2_Exercises/chapt2/chapt2_ws/install/example_py/lib/python3.10/site-packages:${PYTHONPATH} /usr/bin/python3 setup.py egg_info --egg-base ../../build/example_py build --build-base /home/yuan/Desktop/ROS2_Exercises/chapt2/chapt2_ws/build/example_py/build install --prefix /home/yuan/Desktop/ROS2_Exercises/chapt2/chapt2_ws/install/example_py --record /home/yuan/Desktop/ROS2_Exercises/chapt2/chapt2_ws/build/example_py/install.log --single-version-externally-managed
[0.652s] running egg_info
[0.653s] writing ../../build/example_py/example_py.egg-info/PKG-INFO
[0.653s] writing dependency_links to ../../build/example_py/example_py.egg-info/dependency_links.txt
[0.654s] writing entry points to ../../build/example_py/example_py.egg-info/entry_points.txt
[0.654s] writing requirements to ../../build/example_py/example_py.egg-info/requires.txt
[0.654s] writing top-level names to ../../build/example_py/example_py.egg-info/top_level.txt
[0.655s] reading manifest file '../../build/example_py/example_py.egg-info/SOURCES.txt'
[0.656s] writing manifest file '../../build/example_py/example_py.egg-info/SOURCES.txt'
[0.656s] running build
[0.656s] running build_py
[0.656s] copying example_py/node_04.py -> /home/yuan/Desktop/ROS2_Exercises/chapt2/chapt2_ws/build/example_py/build/lib/example_py
[0.657s] running install
[0.657s] /usr/lib/python3/dist-packages/setuptools/command/install.py:34: SetuptoolsDeprecationWarning: setup.py install is deprecated. Use build and pip and other standards-based tools.
[0.657s]   warnings.warn(
[0.657s] running install_lib
[0.657s] copying /home/yuan/Desktop/ROS2_Exercises/chapt2/chapt2_ws/build/example_py/build/lib/example_py/node_04.py -> /home/yuan/Desktop/ROS2_Exercises/chapt2/chapt2_ws/install/example_py/lib/python3.10/site-packages/example_py
[0.658s] byte-compiling /home/yuan/Desktop/ROS2_Exercises/chapt2/chapt2_ws/install/example_py/lib/python3.10/site-packages/example_py/node_04.py to node_04.cpython-310.pyc
[0.658s] running install_data
[0.659s] running install_egg_info
[0.660s] removing '/home/yuan/Desktop/ROS2_Exercises/chapt2/chapt2_ws/install/example_py/lib/python3.10/site-packages/example_py-0.0.0-py3.10.egg-info' (and everything under it)
[0.660s] Copying ../../build/example_py/example_py.egg-info to /home/yuan/Desktop/ROS2_Exercises/chapt2/chapt2_ws/install/example_py/lib/python3.10/site-packages/example_py-0.0.0-py3.10.egg-info
[0.661s] running install_scripts
[0.678s] Installing node_02 script to /home/yuan/Desktop/ROS2_Exercises/chapt2/chapt2_ws/install/example_py/lib/example_py
[0.678s] Installing node_04 script to /home/yuan/Desktop/ROS2_Exercises/chapt2/chapt2_ws/install/example_py/lib/example_py
[0.678s] writing list of installed files to '/home/yuan/Desktop/ROS2_Exercises/chapt2/chapt2_ws/build/example_py/install.log'
[0.695s] Invoked command in '/home/yuan/Desktop/ROS2_Exercises/chapt2/chapt2_ws/src/example_py' returned '0': PYTHONPATH=/home/yuan/Desktop/ROS2_Exercises/chapt2/chapt2_ws/install/example_py/lib/python3.10/site-packages:${PYTHONPATH} /usr/bin/python3 setup.py egg_info --egg-base ../../build/example_py build --build-base /home/yuan/Desktop/ROS2_Exercises/chapt2/chapt2_ws/build/example_py/build install --prefix /home/yuan/Desktop/ROS2_Exercises/chapt2/chapt2_ws/install/example_py --record /home/yuan/Desktop/ROS2_Exercises/chapt2/chapt2_ws/build/example_py/install.log --single-version-externally-managed
