[0.630s] Invoking command in '/home/yuan/Desktop/ROS2_Exercises/chapt2/chapt2_ws/src/example_py': PYTHONPATH=/home/yuan/Desktop/ROS2_Exercises/chapt2/chapt2_ws/install/example_py/lib/python3.10/site-packages:${PYTHONPATH} /usr/bin/python3 setup.py egg_info --egg-base ../../build/example_py build --build-base /home/yuan/Desktop/ROS2_Exercises/chapt2/chapt2_ws/build/example_py/build install --prefix /home/yuan/Desktop/ROS2_Exercises/chapt2/chapt2_ws/install/example_py --record /home/yuan/Desktop/ROS2_Exercises/chapt2/chapt2_ws/build/example_py/install.log --single-version-externally-managed
[0.818s] running egg_info
[0.819s] creating ../../build/example_py/example_py.egg-info
[0.819s] writing ../../build/example_py/example_py.egg-info/PKG-INFO
[0.820s] writing dependency_links to ../../build/example_py/example_py.egg-info/dependency_links.txt
[0.820s] writing entry points to ../../build/example_py/example_py.egg-info/entry_points.txt
[0.820s] writing requirements to ../../build/example_py/example_py.egg-info/requires.txt
[0.820s] writing top-level names to ../../build/example_py/example_py.egg-info/top_level.txt
[0.820s] writing manifest file '../../build/example_py/example_py.egg-info/SOURCES.txt'
[0.822s] reading manifest file '../../build/example_py/example_py.egg-info/SOURCES.txt'
[0.823s] writing manifest file '../../build/example_py/example_py.egg-info/SOURCES.txt'
[0.823s] running build
[0.823s] running build_py
[0.824s] creating /home/yuan/Desktop/ROS2_Exercises/chapt2/chapt2_ws/build/example_py/build
[0.824s] creating /home/yuan/Desktop/ROS2_Exercises/chapt2/chapt2_ws/build/example_py/build/lib
[0.824s] creating /home/yuan/Desktop/ROS2_Exercises/chapt2/chapt2_ws/build/example_py/build/lib/example_py
[0.824s] copying example_py/node_02.py -> /home/yuan/Desktop/ROS2_Exercises/chapt2/chapt2_ws/build/example_py/build/lib/example_py
[0.824s] copying example_py/__init__.py -> /home/yuan/Desktop/ROS2_Exercises/chapt2/chapt2_ws/build/example_py/build/lib/example_py
[0.824s] running install
[0.834s] /usr/lib/python3/dist-packages/setuptools/command/install.py:34: SetuptoolsDeprecationWarning: setup.py install is deprecated. Use build and pip and other standards-based tools.
[0.834s]   warnings.warn(
[0.834s] running install_lib
[0.835s] creating /home/yuan/Desktop/ROS2_Exercises/chapt2/chapt2_ws/install/example_py/lib/python3.10/site-packages/example_py
[0.835s] copying /home/yuan/Desktop/ROS2_Exercises/chapt2/chapt2_ws/build/example_py/build/lib/example_py/node_02.py -> /home/yuan/Desktop/ROS2_Exercises/chapt2/chapt2_ws/install/example_py/lib/python3.10/site-packages/example_py
[0.835s] copying /home/yuan/Desktop/ROS2_Exercises/chapt2/chapt2_ws/build/example_py/build/lib/example_py/__init__.py -> /home/yuan/Desktop/ROS2_Exercises/chapt2/chapt2_ws/install/example_py/lib/python3.10/site-packages/example_py
[0.835s] byte-compiling /home/yuan/Desktop/ROS2_Exercises/chapt2/chapt2_ws/install/example_py/lib/python3.10/site-packages/example_py/node_02.py to node_02.cpython-310.pyc
[0.836s] byte-compiling /home/yuan/Desktop/ROS2_Exercises/chapt2/chapt2_ws/install/example_py/lib/python3.10/site-packages/example_py/__init__.py to __init__.cpython-310.pyc
[0.836s] running install_data
[0.836s] creating /home/yuan/Desktop/ROS2_Exercises/chapt2/chapt2_ws/install/example_py/share/ament_index
[0.836s] creating /home/yuan/Desktop/ROS2_Exercises/chapt2/chapt2_ws/install/example_py/share/ament_index/resource_index
[0.837s] creating /home/yuan/Desktop/ROS2_Exercises/chapt2/chapt2_ws/install/example_py/share/ament_index/resource_index/packages
[0.837s] copying resource/example_py -> /home/yuan/Desktop/ROS2_Exercises/chapt2/chapt2_ws/install/example_py/share/ament_index/resource_index/packages
[0.837s] copying package.xml -> /home/yuan/Desktop/ROS2_Exercises/chapt2/chapt2_ws/install/example_py/share/example_py
[0.837s] running install_egg_info
[0.838s] Copying ../../build/example_py/example_py.egg-info to /home/yuan/Desktop/ROS2_Exercises/chapt2/chapt2_ws/install/example_py/lib/python3.10/site-packages/example_py-0.0.0-py3.10.egg-info
[0.839s] running install_scripts
[0.855s] Installing node_02 script to /home/yuan/Desktop/ROS2_Exercises/chapt2/chapt2_ws/install/example_py/lib/example_py
[0.855s] writing list of installed files to '/home/yuan/Desktop/ROS2_Exercises/chapt2/chapt2_ws/build/example_py/install.log'
[0.873s] Invoked command in '/home/yuan/Desktop/ROS2_Exercises/chapt2/chapt2_ws/src/example_py' returned '0': PYTHONPATH=/home/yuan/Desktop/ROS2_Exercises/chapt2/chapt2_ws/install/example_py/lib/python3.10/site-packages:${PYTHONPATH} /usr/bin/python3 setup.py egg_info --egg-base ../../build/example_py build --build-base /home/yuan/Desktop/ROS2_Exercises/chapt2/chapt2_ws/build/example_py/build install --prefix /home/yuan/Desktop/ROS2_Exercises/chapt2/chapt2_ws/install/example_py --record /home/yuan/Desktop/ROS2_Exercises/chapt2/chapt2_ws/build/example_py/install.log --single-version-externally-managed
