[0.015s] Invoking command in '/home/yuan/Desktop/ROS2_Exercises/chapt8/chapt8_ws/build/fishbot_cartographer': CMAKE_PREFIX_PATH=/opt/ros/humble /usr/bin/cmake /home/yuan/Desktop/ROS2_Exercises/chapt8/chapt8_ws/fishbot_cartographer -DCMAKE_INSTALL_PREFIX=/home/yuan/Desktop/ROS2_Exercises/chapt8/chapt8_ws/install/fishbot_cartographer
[0.704s] -- The C compiler identification is GNU 11.2.0
[0.785s] -- The CXX compiler identification is GNU 11.2.0
[0.795s] -- Detecting C compiler ABI info
[0.850s] -- Detecting C compiler ABI info - done
[0.857s] -- Check for working C compiler: /usr/bin/cc - skipped
[0.857s] -- Detecting C compile features
[0.858s] -- Detecting C compile features - done
[0.862s] -- Detecting CXX compiler ABI info
[0.931s] -- Detecting CXX compiler ABI info - done
[0.939s] -- Check for working CXX compiler: /usr/bin/c++ - skipped
[0.939s] -- Detecting CXX compile features
[0.940s] -- Detecting CXX compile features - done
[0.945s] -- Found ament_cmake: 1.3.2 (/opt/ros/humble/share/ament_cmake/cmake)
[1.078s] -- Found Python3: /usr/bin/python3.10 (found version "3.10.6") found components: Interpreter 
[1.155s] -- Found ament_lint_auto: 0.12.4 (/opt/ros/humble/share/ament_lint_auto/cmake)
[1.218s] -- Added test 'flake8' to check Python code syntax and style conventions
[1.219s] -- Added test 'lint_cmake' to check CMake code style
[1.219s] -- Added test 'pep257' to check Python code against some of the docstring style conventions in PEP 257
[1.220s] -- Added test 'xmllint' to check XML markup files
[1.222s] -- Configuring done
[1.224s] -- Generating done
[1.225s] -- Build files have been written to: /home/yuan/Desktop/ROS2_Exercises/chapt8/chapt8_ws/build/fishbot_cartographer
[1.228s] Invoked command in '/home/yuan/Desktop/ROS2_Exercises/chapt8/chapt8_ws/build/fishbot_cartographer' returned '0': CMAKE_PREFIX_PATH=/opt/ros/humble /usr/bin/cmake /home/yuan/Desktop/ROS2_Exercises/chapt8/chapt8_ws/fishbot_cartographer -DCMAKE_INSTALL_PREFIX=/home/yuan/Desktop/ROS2_Exercises/chapt8/chapt8_ws/install/fishbot_cartographer
[1.230s] Invoking command in '/home/yuan/Desktop/ROS2_Exercises/chapt8/chapt8_ws/build/fishbot_cartographer': CMAKE_PREFIX_PATH=/opt/ros/humble /usr/bin/cmake --build /home/yuan/Desktop/ROS2_Exercises/chapt8/chapt8_ws/build/fishbot_cartographer -- -j12 -l12
[1.257s] Invoked command in '/home/yuan/Desktop/ROS2_Exercises/chapt8/chapt8_ws/build/fishbot_cartographer' returned '0': CMAKE_PREFIX_PATH=/opt/ros/humble /usr/bin/cmake --build /home/yuan/Desktop/ROS2_Exercises/chapt8/chapt8_ws/build/fishbot_cartographer -- -j12 -l12
[1.282s] Invoking command in '/home/yuan/Desktop/ROS2_Exercises/chapt8/chapt8_ws/build/fishbot_cartographer': CMAKE_PREFIX_PATH=/opt/ros/humble /usr/bin/cmake --install /home/yuan/Desktop/ROS2_Exercises/chapt8/chapt8_ws/build/fishbot_cartographer
[1.288s] -- Install configuration: ""
[1.288s] -- Installing: /home/yuan/Desktop/ROS2_Exercises/chapt8/chapt8_ws/install/fishbot_cartographer/share/fishbot_cartographer/config
[1.288s] -- Installing: /home/yuan/Desktop/ROS2_Exercises/chapt8/chapt8_ws/install/fishbot_cartographer/share/fishbot_cartographer/config/fishbot_2d.lua
[1.288s] -- Installing: /home/yuan/Desktop/ROS2_Exercises/chapt8/chapt8_ws/install/fishbot_cartographer/share/fishbot_cartographer/launch
[1.288s] -- Installing: /home/yuan/Desktop/ROS2_Exercises/chapt8/chapt8_ws/install/fishbot_cartographer/share/fishbot_cartographer/launch/cartographer.launch.py
[1.288s] -- Installing: /home/yuan/Desktop/ROS2_Exercises/chapt8/chapt8_ws/install/fishbot_cartographer/share/fishbot_cartographer/rviz
[1.289s] -- Installing: /home/yuan/Desktop/ROS2_Exercises/chapt8/chapt8_ws/install/fishbot_cartographer/share/ament_index/resource_index/package_run_dependencies/fishbot_cartographer
[1.289s] -- Installing: /home/yuan/Desktop/ROS2_Exercises/chapt8/chapt8_ws/install/fishbot_cartographer/share/ament_index/resource_index/parent_prefix_path/fishbot_cartographer
[1.289s] -- Installing: /home/yuan/Desktop/ROS2_Exercises/chapt8/chapt8_ws/install/fishbot_cartographer/share/fishbot_cartographer/environment/ament_prefix_path.sh
[1.289s] -- Installing: /home/yuan/Desktop/ROS2_Exercises/chapt8/chapt8_ws/install/fishbot_cartographer/share/fishbot_cartographer/environment/ament_prefix_path.dsv
[1.289s] -- Installing: /home/yuan/Desktop/ROS2_Exercises/chapt8/chapt8_ws/install/fishbot_cartographer/share/fishbot_cartographer/environment/path.sh
[1.289s] -- Installing: /home/yuan/Desktop/ROS2_Exercises/chapt8/chapt8_ws/install/fishbot_cartographer/share/fishbot_cartographer/environment/path.dsv
[1.289s] -- Installing: /home/yuan/Desktop/ROS2_Exercises/chapt8/chapt8_ws/install/fishbot_cartographer/share/fishbot_cartographer/local_setup.bash
[1.290s] -- Installing: /home/yuan/Desktop/ROS2_Exercises/chapt8/chapt8_ws/install/fishbot_cartographer/share/fishbot_cartographer/local_setup.sh
[1.290s] -- Installing: /home/yuan/Desktop/ROS2_Exercises/chapt8/chapt8_ws/install/fishbot_cartographer/share/fishbot_cartographer/local_setup.zsh
[1.290s] -- Installing: /home/yuan/Desktop/ROS2_Exercises/chapt8/chapt8_ws/install/fishbot_cartographer/share/fishbot_cartographer/local_setup.dsv
[1.290s] -- Installing: /home/yuan/Desktop/ROS2_Exercises/chapt8/chapt8_ws/install/fishbot_cartographer/share/fishbot_cartographer/package.dsv
[1.290s] -- Installing: /home/yuan/Desktop/ROS2_Exercises/chapt8/chapt8_ws/install/fishbot_cartographer/share/ament_index/resource_index/packages/fishbot_cartographer
[1.290s] -- Installing: /home/yuan/Desktop/ROS2_Exercises/chapt8/chapt8_ws/install/fishbot_cartographer/share/fishbot_cartographer/cmake/fishbot_cartographerConfig.cmake
[1.291s] -- Installing: /home/yuan/Desktop/ROS2_Exercises/chapt8/chapt8_ws/install/fishbot_cartographer/share/fishbot_cartographer/cmake/fishbot_cartographerConfig-version.cmake
[1.291s] -- Installing: /home/yuan/Desktop/ROS2_Exercises/chapt8/chapt8_ws/install/fishbot_cartographer/share/fishbot_cartographer/package.xml
[1.293s] Invoked command in '/home/yuan/Desktop/ROS2_Exercises/chapt8/chapt8_ws/build/fishbot_cartographer' returned '0': CMAKE_PREFIX_PATH=/opt/ros/humble /usr/bin/cmake --install /home/yuan/Desktop/ROS2_Exercises/chapt8/chapt8_ws/build/fishbot_cartographer
