-- The C compiler identification is GNU 11.2.0
-- The CXX compiler identification is GNU 11.2.0
-- Detecting C compiler ABI info
-- Detecting C compiler ABI info - done
-- Check for working C compiler: /usr/bin/cc - skipped
-- Detecting C compile features
-- Detecting C compile features - done
-- Detecting CXX compiler ABI info
-- Detecting CXX compiler ABI info - done
-- Check for working CXX compiler: /usr/bin/c++ - skipped
-- Detecting CXX compile features
-- Detecting CXX compile features - done
-- Found ament_cmake: 1.3.2 (/opt/ros/humble/share/ament_cmake/cmake)
-- Found Python3: /usr/bin/python3.10 (found version "3.10.4") found components: Interpreter 
-- Found rosidl_default_generators: 1.2.0 (/opt/ros/humble/share/rosidl_default_generators/cmake)
-- Using all available rosidl_typesupport_c: rosidl_typesupport_fastrtps_c;rosidl_typesupport_introspection_c
-- Found rosidl_adapter: 3.1.3 (/opt/ros/humble/share/rosidl_adapter/cmake)
-- Using all available rosidl_typesupport_cpp: rosidl_typesupport_fastrtps_cpp;rosidl_typesupport_introspection_cpp
[31mCMake Error at /opt/ros/humble/share/rosidl_cmake/cmake/rosidl_generate_interfaces.cmake:93 (message):
  rosidl_generate_interfaces() the passed file 'action/MoveRobot.action'
  doesn't exist relative to the CMAKE_CURRENT_SOURCE_DIR
  '/home/yuan/Desktop/ROS2_Exercises/chapt4/chapt4_ws/src/robot_control_interfaces'
Call Stack (most recent call first):
  CMakeLists.txt:15 (rosidl_generate_interfaces)

[0m
-- Configuring incomplete, errors occurred!
See also "/home/yuan/Desktop/ROS2_Exercises/chapt4/chapt4_ws/build/robot_control_interfaces/CMakeFiles/CMakeOutput.log".
