[0.013s] Invoking command in '/home/yuan/Desktop/ROS2_Exercises/chapt4/chapt4_ws/build/example_parameters_rclcpp': CMAKE_PREFIX_PATH=/opt/ros/humble /usr/bin/cmake /home/yuan/Desktop/ROS2_Exercises/chapt4/chapt4_ws/src/example_parameters_rclcpp -DCMAKE_INSTALL_PREFIX=/home/yuan/Desktop/ROS2_Exercises/chapt4/chapt4_ws/install/example_parameters_rclcpp
[0.621s] -- The C compiler identification is GNU 11.2.0
[0.936s] -- The CXX compiler identification is GNU 11.2.0
[0.945s] -- Detecting C compiler ABI info
[1.004s] -- Detecting C compiler ABI info - done
[1.012s] -- Check for working C compiler: /usr/bin/cc - skipped
[1.013s] -- Detecting C compile features
[1.014s] -- Detecting C compile features - done
[1.017s] -- Detecting CXX compiler ABI info
[1.102s] -- Detecting CXX compiler ABI info - done
[1.109s] -- Check for working CXX compiler: /usr/bin/c++ - skipped
[1.109s] -- Detecting CXX compile features
[1.110s] -- Detecting CXX compile features - done
[1.115s] -- Found ament_cmake: 1.3.2 (/opt/ros/humble/share/ament_cmake/cmake)
[1.256s] -- Found Python3: /usr/bin/python3.10 (found version "3.10.4") found components: Interpreter 
[1.332s] -- Found rclcpp: 16.0.1 (/opt/ros/humble/share/rclcpp/cmake)
[1.381s] -- Found rosidl_generator_c: 3.1.3 (/opt/ros/humble/share/rosidl_generator_c/cmake)
[1.386s] -- Found rosidl_adapter: 3.1.3 (/opt/ros/humble/share/rosidl_adapter/cmake)
[1.395s] -- Found rosidl_generator_cpp: 3.1.3 (/opt/ros/humble/share/rosidl_generator_cpp/cmake)
[1.410s] -- Using all available rosidl_typesupport_c: rosidl_typesupport_fastrtps_c;rosidl_typesupport_introspection_c
[1.429s] -- Using all available rosidl_typesupport_cpp: rosidl_typesupport_fastrtps_cpp;rosidl_typesupport_introspection_cpp
[1.497s] -- Found rmw_implementation_cmake: 6.1.0 (/opt/ros/humble/share/rmw_implementation_cmake/cmake)
[1.499s] -- Found rmw_fastrtps_cpp: 6.2.1 (/opt/ros/humble/share/rmw_fastrtps_cpp/cmake)
[1.582s] -- Found OpenSSL: /usr/lib/x86_64-linux-gnu/libcrypto.so (found version "3.0.2")  
[1.605s] -- Found FastRTPS: /opt/ros/humble/include  
[1.646s] -- Using RMW implementation 'rmw_fastrtps_cpp' as default
[1.804s] -- Found ament_lint_auto: 0.12.4 (/opt/ros/humble/share/ament_lint_auto/cmake)
[1.867s] -- Added test 'cppcheck' to perform static code analysis on C / C++ code
[1.867s] -- Configured cppcheck include dirs: $<BUILD_INTERFACE:/home/yuan/Desktop/ROS2_Exercises/chapt4/chapt4_ws/src/example_parameters_rclcpp/include>
[1.867s] -- Configured cppcheck exclude dirs and/or files: 
[1.868s] -- Added test 'lint_cmake' to check CMake code style
[1.869s] -- Added test 'uncrustify' to check C / C++ code style
[1.869s] -- Configured uncrustify additional arguments: 
[1.870s] -- Added test 'xmllint' to check XML markup files
[1.871s] -- Configuring done
[1.880s] -- Generating done
[1.882s] -- Build files have been written to: /home/yuan/Desktop/ROS2_Exercises/chapt4/chapt4_ws/build/example_parameters_rclcpp
[1.889s] Invoked command in '/home/yuan/Desktop/ROS2_Exercises/chapt4/chapt4_ws/build/example_parameters_rclcpp' returned '0': CMAKE_PREFIX_PATH=/opt/ros/humble /usr/bin/cmake /home/yuan/Desktop/ROS2_Exercises/chapt4/chapt4_ws/src/example_parameters_rclcpp -DCMAKE_INSTALL_PREFIX=/home/yuan/Desktop/ROS2_Exercises/chapt4/chapt4_ws/install/example_parameters_rclcpp
[1.891s] Invoking command in '/home/yuan/Desktop/ROS2_Exercises/chapt4/chapt4_ws/build/example_parameters_rclcpp': CMAKE_PREFIX_PATH=/opt/ros/humble /usr/bin/cmake --build /home/yuan/Desktop/ROS2_Exercises/chapt4/chapt4_ws/build/example_parameters_rclcpp -- -j12 -l12
[1.926s] [ 50%] [32mBuilding CXX object CMakeFiles/parameters_basic.dir/src/parameters_basic.cpp.o[0m
[4.711s] [100%] [32m[1mLinking CXX executable parameters_basic[0m
[4.832s] [100%] Built target parameters_basic
[4.841s] Invoked command in '/home/yuan/Desktop/ROS2_Exercises/chapt4/chapt4_ws/build/example_parameters_rclcpp' returned '0': CMAKE_PREFIX_PATH=/opt/ros/humble /usr/bin/cmake --build /home/yuan/Desktop/ROS2_Exercises/chapt4/chapt4_ws/build/example_parameters_rclcpp -- -j12 -l12
[4.866s] Invoking command in '/home/yuan/Desktop/ROS2_Exercises/chapt4/chapt4_ws/build/example_parameters_rclcpp': CMAKE_PREFIX_PATH=/opt/ros/humble /usr/bin/cmake --install /home/yuan/Desktop/ROS2_Exercises/chapt4/chapt4_ws/build/example_parameters_rclcpp
[4.871s] -- Install configuration: ""
[4.871s] -- Installing: /home/yuan/Desktop/ROS2_Exercises/chapt4/chapt4_ws/install/example_parameters_rclcpp/lib/example_parameters_rclcpp/parameters_basic
[4.871s] -- Set runtime path of "/home/yuan/Desktop/ROS2_Exercises/chapt4/chapt4_ws/install/example_parameters_rclcpp/lib/example_parameters_rclcpp/parameters_basic" to ""
[4.871s] -- Installing: /home/yuan/Desktop/ROS2_Exercises/chapt4/chapt4_ws/install/example_parameters_rclcpp/share/ament_index/resource_index/package_run_dependencies/example_parameters_rclcpp
[4.871s] -- Installing: /home/yuan/Desktop/ROS2_Exercises/chapt4/chapt4_ws/install/example_parameters_rclcpp/share/ament_index/resource_index/parent_prefix_path/example_parameters_rclcpp
[4.871s] -- Installing: /home/yuan/Desktop/ROS2_Exercises/chapt4/chapt4_ws/install/example_parameters_rclcpp/share/example_parameters_rclcpp/environment/ament_prefix_path.sh
[4.872s] -- Installing: /home/yuan/Desktop/ROS2_Exercises/chapt4/chapt4_ws/install/example_parameters_rclcpp/share/example_parameters_rclcpp/environment/ament_prefix_path.dsv
[4.872s] -- Installing: /home/yuan/Desktop/ROS2_Exercises/chapt4/chapt4_ws/install/example_parameters_rclcpp/share/example_parameters_rclcpp/environment/path.sh
[4.872s] -- Installing: /home/yuan/Desktop/ROS2_Exercises/chapt4/chapt4_ws/install/example_parameters_rclcpp/share/example_parameters_rclcpp/environment/path.dsv
[4.872s] -- Installing: /home/yuan/Desktop/ROS2_Exercises/chapt4/chapt4_ws/install/example_parameters_rclcpp/share/example_parameters_rclcpp/local_setup.bash
[4.872s] -- Installing: /home/yuan/Desktop/ROS2_Exercises/chapt4/chapt4_ws/install/example_parameters_rclcpp/share/example_parameters_rclcpp/local_setup.sh
[4.872s] -- Installing: /home/yuan/Desktop/ROS2_Exercises/chapt4/chapt4_ws/install/example_parameters_rclcpp/share/example_parameters_rclcpp/local_setup.zsh
[4.872s] -- Installing: /home/yuan/Desktop/ROS2_Exercises/chapt4/chapt4_ws/install/example_parameters_rclcpp/share/example_parameters_rclcpp/local_setup.dsv
[4.873s] -- Installing: /home/yuan/Desktop/ROS2_Exercises/chapt4/chapt4_ws/install/example_parameters_rclcpp/share/example_parameters_rclcpp/package.dsv
[4.873s] -- Installing: /home/yuan/Desktop/ROS2_Exercises/chapt4/chapt4_ws/install/example_parameters_rclcpp/share/ament_index/resource_index/packages/example_parameters_rclcpp
[4.873s] -- Installing: /home/yuan/Desktop/ROS2_Exercises/chapt4/chapt4_ws/install/example_parameters_rclcpp/share/example_parameters_rclcpp/cmake/example_parameters_rclcppConfig.cmake
[4.873s] -- Installing: /home/yuan/Desktop/ROS2_Exercises/chapt4/chapt4_ws/install/example_parameters_rclcpp/share/example_parameters_rclcpp/cmake/example_parameters_rclcppConfig-version.cmake
[4.873s] -- Installing: /home/yuan/Desktop/ROS2_Exercises/chapt4/chapt4_ws/install/example_parameters_rclcpp/share/example_parameters_rclcpp/package.xml
[4.875s] Invoked command in '/home/yuan/Desktop/ROS2_Exercises/chapt4/chapt4_ws/build/example_parameters_rclcpp' returned '0': CMAKE_PREFIX_PATH=/opt/ros/humble /usr/bin/cmake --install /home/yuan/Desktop/ROS2_Exercises/chapt4/chapt4_ws/build/example_parameters_rclcpp
