[0.010s] Invoking command in '/home/yuan/Desktop/ROS2_Exercises/chapt5/chapt5_ws/build/robot_startup': CMAKE_PREFIX_PATH=/opt/ros/humble /usr/bin/cmake /home/yuan/Desktop/ROS2_Exercises/chapt5/chapt5_ws/src/src/robot_startup -DCMAKE_INSTALL_PREFIX=/home/yuan/Desktop/ROS2_Exercises/chapt5/chapt5_ws/install/robot_startup
[0.121s] -- The C compiler identification is GNU 11.2.0
[0.192s] -- The CXX compiler identification is GNU 11.2.0
[0.197s] -- Detecting C compiler ABI info
[0.251s] -- Detecting C compiler ABI info - done
[0.257s] -- Check for working C compiler: /usr/bin/cc - skipped
[0.258s] -- Detecting C compile features
[0.258s] -- Detecting C compile features - done
[0.261s] -- Detecting CXX compiler ABI info
[0.323s] -- Detecting CXX compiler ABI info - done
[0.331s] -- Check for working CXX compiler: /usr/bin/c++ - skipped
[0.331s] -- Detecting CXX compile features
[0.331s] -- Detecting CXX compile features - done
[0.333s] -- Found ament_cmake: 1.3.2 (/opt/ros/humble/share/ament_cmake/cmake)
[0.468s] -- Found Python3: /usr/bin/python3.10 (found version "3.10.4") found components: Interpreter 
[0.535s] -- Found ament_lint_auto: 0.12.4 (/opt/ros/humble/share/ament_lint_auto/cmake)
[0.595s] -- Added test 'flake8' to check Python code syntax and style conventions
[0.595s] -- Added test 'lint_cmake' to check CMake code style
[0.595s] -- Added test 'pep257' to check Python code against some of the docstring style conventions in PEP 257
[0.597s] -- Added test 'xmllint' to check XML markup files
[0.598s] -- Configuring done
[0.600s] -- Generating done
[0.601s] -- Build files have been written to: /home/yuan/Desktop/ROS2_Exercises/chapt5/chapt5_ws/build/robot_startup
[0.604s] Invoked command in '/home/yuan/Desktop/ROS2_Exercises/chapt5/chapt5_ws/build/robot_startup' returned '0': CMAKE_PREFIX_PATH=/opt/ros/humble /usr/bin/cmake /home/yuan/Desktop/ROS2_Exercises/chapt5/chapt5_ws/src/src/robot_startup -DCMAKE_INSTALL_PREFIX=/home/yuan/Desktop/ROS2_Exercises/chapt5/chapt5_ws/install/robot_startup
[0.606s] Invoking command in '/home/yuan/Desktop/ROS2_Exercises/chapt5/chapt5_ws/build/robot_startup': CMAKE_PREFIX_PATH=/opt/ros/humble /usr/bin/cmake --build /home/yuan/Desktop/ROS2_Exercises/chapt5/chapt5_ws/build/robot_startup -- -j12 -l12
[0.634s] Invoked command in '/home/yuan/Desktop/ROS2_Exercises/chapt5/chapt5_ws/build/robot_startup' returned '0': CMAKE_PREFIX_PATH=/opt/ros/humble /usr/bin/cmake --build /home/yuan/Desktop/ROS2_Exercises/chapt5/chapt5_ws/build/robot_startup -- -j12 -l12
[0.656s] Invoking command in '/home/yuan/Desktop/ROS2_Exercises/chapt5/chapt5_ws/build/robot_startup': CMAKE_PREFIX_PATH=/opt/ros/humble /usr/bin/cmake --install /home/yuan/Desktop/ROS2_Exercises/chapt5/chapt5_ws/build/robot_startup
[0.662s] -- Install configuration: ""
[0.663s] -- Installing: /home/yuan/Desktop/ROS2_Exercises/chapt5/chapt5_ws/install/robot_startup/share/ament_index/resource_index/package_run_dependencies/robot_startup
[0.663s] -- Installing: /home/yuan/Desktop/ROS2_Exercises/chapt5/chapt5_ws/install/robot_startup/share/ament_index/resource_index/parent_prefix_path/robot_startup
[0.663s] -- Installing: /home/yuan/Desktop/ROS2_Exercises/chapt5/chapt5_ws/install/robot_startup/share/robot_startup/environment/ament_prefix_path.sh
[0.663s] -- Installing: /home/yuan/Desktop/ROS2_Exercises/chapt5/chapt5_ws/install/robot_startup/share/robot_startup/environment/ament_prefix_path.dsv
[0.663s] -- Installing: /home/yuan/Desktop/ROS2_Exercises/chapt5/chapt5_ws/install/robot_startup/share/robot_startup/environment/path.sh
[0.663s] -- Installing: /home/yuan/Desktop/ROS2_Exercises/chapt5/chapt5_ws/install/robot_startup/share/robot_startup/environment/path.dsv
[0.663s] -- Installing: /home/yuan/Desktop/ROS2_Exercises/chapt5/chapt5_ws/install/robot_startup/share/robot_startup/local_setup.bash
[0.664s] -- Installing: /home/yuan/Desktop/ROS2_Exercises/chapt5/chapt5_ws/install/robot_startup/share/robot_startup/local_setup.sh
[0.664s] -- Installing: /home/yuan/Desktop/ROS2_Exercises/chapt5/chapt5_ws/install/robot_startup/share/robot_startup/local_setup.zsh
[0.664s] -- Installing: /home/yuan/Desktop/ROS2_Exercises/chapt5/chapt5_ws/install/robot_startup/share/robot_startup/local_setup.dsv
[0.664s] -- Installing: /home/yuan/Desktop/ROS2_Exercises/chapt5/chapt5_ws/install/robot_startup/share/robot_startup/package.dsv
[0.664s] -- Installing: /home/yuan/Desktop/ROS2_Exercises/chapt5/chapt5_ws/install/robot_startup/share/ament_index/resource_index/packages/robot_startup
[0.664s] -- Installing: /home/yuan/Desktop/ROS2_Exercises/chapt5/chapt5_ws/install/robot_startup/share/robot_startup/cmake/robot_startupConfig.cmake
[0.664s] -- Installing: /home/yuan/Desktop/ROS2_Exercises/chapt5/chapt5_ws/install/robot_startup/share/robot_startup/cmake/robot_startupConfig-version.cmake
[0.664s] -- Installing: /home/yuan/Desktop/ROS2_Exercises/chapt5/chapt5_ws/install/robot_startup/share/robot_startup/package.xml
[0.664s] -- Installing: /home/yuan/Desktop/ROS2_Exercises/chapt5/chapt5_ws/install/robot_startup/share/robot_startup/launch
[0.665s] -- Installing: /home/yuan/Desktop/ROS2_Exercises/chapt5/chapt5_ws/install/robot_startup/share/robot_startup/launch/example_action.launch.py
[0.666s] Invoked command in '/home/yuan/Desktop/ROS2_Exercises/chapt5/chapt5_ws/build/robot_startup' returned '0': CMAKE_PREFIX_PATH=/opt/ros/humble /usr/bin/cmake --install /home/yuan/Desktop/ROS2_Exercises/chapt5/chapt5_ws/build/robot_startup
