[0.011s] Invoking command in '/home/yuan/Desktop/ROS2_Exercises/chapt3/chapt3_ws/build/example_topic_rclcpp': CMAKE_PREFIX_PATH=${CMAKE_PREFIX_PATH}:/opt/ros/humble /usr/bin/cmake --build /home/yuan/Desktop/ROS2_Exercises/chapt3/chapt3_ws/build/example_topic_rclcpp -- -j12 -l12
[0.030s] -- Found ament_cmake: 1.3.2 (/opt/ros/humble/share/ament_cmake/cmake)
[0.145s] -- Found rclcpp: 16.0.1 (/opt/ros/humble/share/rclcpp/cmake)
[0.174s] -- Found rosidl_generator_c: 3.1.3 (/opt/ros/humble/share/rosidl_generator_c/cmake)
[0.176s] -- Found rosidl_adapter: 3.1.3 (/opt/ros/humble/share/rosidl_adapter/cmake)
[0.181s] -- Found rosidl_generator_cpp: 3.1.3 (/opt/ros/humble/share/rosidl_generator_cpp/cmake)
[0.191s] -- Using all available rosidl_typesupport_c: rosidl_typesupport_fastrtps_c;rosidl_typesupport_introspection_c
[0.205s] -- Using all available rosidl_typesupport_cpp: rosidl_typesupport_fastrtps_cpp;rosidl_typesupport_introspection_cpp
[0.258s] -- Found rmw_implementation_cmake: 6.1.0 (/opt/ros/humble/share/rmw_implementation_cmake/cmake)
[0.259s] -- Found rmw_fastrtps_cpp: 6.2.1 (/opt/ros/humble/share/rmw_fastrtps_cpp/cmake)
[0.359s] -- Using RMW implementation 'rmw_fastrtps_cpp' as default
[0.494s] -- Found ament_lint_auto: 0.12.4 (/opt/ros/humble/share/ament_lint_auto/cmake)
[0.549s] -- Added test 'cppcheck' to perform static code analysis on C / C++ code
[0.550s] -- Configured cppcheck include dirs: 
[0.550s] -- Configured cppcheck exclude dirs and/or files: 
[0.550s] -- Added test 'lint_cmake' to check CMake code style
[0.551s] -- Added test 'uncrustify' to check C / C++ code style
[0.551s] -- Configured uncrustify additional arguments: 
[0.551s] -- Added test 'xmllint' to check XML markup files
[0.553s] -- Configuring done
[0.563s] -- Generating done
[0.564s] -- Build files have been written to: /home/yuan/Desktop/ROS2_Exercises/chapt3/chapt3_ws/build/example_topic_rclcpp
[0.583s] [35m[1mConsolidate compiler generated dependencies of target topic_publisher_01[0m
[0.590s] [ 25%] [32mBuilding CXX object CMakeFiles/topic_subscribe_01.dir/src/topic_subscribe_01.cpp.o[0m
[0.597s] [ 75%] Built target topic_publisher_01
[0.855s] [01m[K/home/yuan/Desktop/ROS2_Exercises/chapt3/chapt3_ws/src/example_topic_rclcpp/src/topic_subscribe_01.cpp:2:10:[m[K [01;31m[Kfatal error: [m[Kstd_msgs/msg/string.hpp: No such file or directory
[0.855s]     2 | #include [01;31m[K"std_msgs/msg/string.hpp"[m[K
[0.855s]       |          [01;31m[K^~~~~~~~~~~~~~~~~~~~~~~~~[m[K
[0.855s] compilation terminated.
[0.861s] gmake[2]: *** [CMakeFiles/topic_subscribe_01.dir/build.make:76: CMakeFiles/topic_subscribe_01.dir/src/topic_subscribe_01.cpp.o] Error 1
[0.861s] gmake[1]: *** [CMakeFiles/Makefile2:165: CMakeFiles/topic_subscribe_01.dir/all] Error 2
[0.862s] gmake: *** [Makefile:146: all] Error 2
[0.867s] Invoked command in '/home/yuan/Desktop/ROS2_Exercises/chapt3/chapt3_ws/build/example_topic_rclcpp' returned '2': CMAKE_PREFIX_PATH=${CMAKE_PREFIX_PATH}:/opt/ros/humble /usr/bin/cmake --build /home/yuan/Desktop/ROS2_Exercises/chapt3/chapt3_ws/build/example_topic_rclcpp -- -j12 -l12
