[0.893s] Invoking command in '/home/yuan/Desktop/ROS2_Exercises/chapt3/chapt3_ws/src/example_topic_rclpy': PYTHONPATH=/home/yuan/Desktop/ROS2_Exercises/chapt3/chapt3_ws/install/example_topic_rclpy/lib/python3.10/site-packages:${PYTHONPATH} /usr/bin/python3 setup.py egg_info --egg-base ../../build/example_topic_rclpy build --build-base /home/yuan/Desktop/ROS2_Exercises/chapt3/chapt3_ws/build/example_topic_rclpy/build install --prefix /home/yuan/Desktop/ROS2_Exercises/chapt3/chapt3_ws/install/example_topic_rclpy --record /home/yuan/Desktop/ROS2_Exercises/chapt3/chapt3_ws/build/example_topic_rclpy/install.log --single-version-externally-managed
[1.102s] running egg_info
[1.103s] writing ../../build/example_topic_rclpy/example_topic_rclpy.egg-info/PKG-INFO
[1.106s] writing dependency_links to ../../build/example_topic_rclpy/example_topic_rclpy.egg-info/dependency_links.txt
[1.106s] writing entry points to ../../build/example_topic_rclpy/example_topic_rclpy.egg-info/entry_points.txt
[1.107s] writing requirements to ../../build/example_topic_rclpy/example_topic_rclpy.egg-info/requires.txt
[1.107s] writing top-level names to ../../build/example_topic_rclpy/example_topic_rclpy.egg-info/top_level.txt
[1.109s] reading manifest file '../../build/example_topic_rclpy/example_topic_rclpy.egg-info/SOURCES.txt'
[1.110s] writing manifest file '../../build/example_topic_rclpy/example_topic_rclpy.egg-info/SOURCES.txt'
[1.110s] running build
[1.110s] running build_py
[1.111s] running install
[1.407s] /usr/lib/python3/dist-packages/setuptools/command/install.py:34: SetuptoolsDeprecationWarning: setup.py install is deprecated. Use build and pip and other standards-based tools.
[1.407s]   warnings.warn(
[1.409s] running install_lib
[1.413s] running install_data
[1.415s] running install_egg_info
[1.421s] removing '/home/yuan/Desktop/ROS2_Exercises/chapt3/chapt3_ws/install/example_topic_rclpy/lib/python3.10/site-packages/example_topic_rclpy-0.0.0-py3.10.egg-info' (and everything under it)
[1.423s] Copying ../../build/example_topic_rclpy/example_topic_rclpy.egg-info to /home/yuan/Desktop/ROS2_Exercises/chapt3/chapt3_ws/install/example_topic_rclpy/lib/python3.10/site-packages/example_topic_rclpy-0.0.0-py3.10.egg-info
[1.429s] running install_scripts
[1.462s] Installing topic_publisher_02 script to /home/yuan/Desktop/ROS2_Exercises/chapt3/chapt3_ws/install/example_topic_rclpy/lib/example_topic_rclpy
[1.567s] Installing topic_subscribe_02 script to /home/yuan/Desktop/ROS2_Exercises/chapt3/chapt3_ws/install/example_topic_rclpy/lib/example_topic_rclpy
[1.567s] writing list of installed files to '/home/yuan/Desktop/ROS2_Exercises/chapt3/chapt3_ws/build/example_topic_rclpy/install.log'
[1.594s] Invoked command in '/home/yuan/Desktop/ROS2_Exercises/chapt3/chapt3_ws/src/example_topic_rclpy' returned '0': PYTHONPATH=/home/yuan/Desktop/ROS2_Exercises/chapt3/chapt3_ws/install/example_topic_rclpy/lib/python3.10/site-packages:${PYTHONPATH} /usr/bin/python3 setup.py egg_info --egg-base ../../build/example_topic_rclpy build --build-base /home/yuan/Desktop/ROS2_Exercises/chapt3/chapt3_ws/build/example_topic_rclpy/build install --prefix /home/yuan/Desktop/ROS2_Exercises/chapt3/chapt3_ws/install/example_topic_rclpy --record /home/yuan/Desktop/ROS2_Exercises/chapt3/chapt3_ws/build/example_topic_rclpy/install.log --single-version-externally-managed
