[0.455s] Invoking command in '/home/yuan/Desktop/ROS2_Exercises/chapt3/chapt3_ws/src/example_topic_rclpy': PYTHONPATH=/home/yuan/Desktop/ROS2_Exercises/chapt3/chapt3_ws/install/example_topic_rclpy/lib/python3.10/site-packages:${PYTHONPATH} /usr/bin/python3 setup.py egg_info --egg-base ../../build/example_topic_rclpy build --build-base /home/yuan/Desktop/ROS2_Exercises/chapt3/chapt3_ws/build/example_topic_rclpy/build install --prefix /home/yuan/Desktop/ROS2_Exercises/chapt3/chapt3_ws/install/example_topic_rclpy --record /home/yuan/Desktop/ROS2_Exercises/chapt3/chapt3_ws/build/example_topic_rclpy/install.log --single-version-externally-managed
[0.637s] running egg_info
[0.638s] writing ../../build/example_topic_rclpy/example_topic_rclpy.egg-info/PKG-INFO
[0.638s] writing dependency_links to ../../build/example_topic_rclpy/example_topic_rclpy.egg-info/dependency_links.txt
[0.638s] writing entry points to ../../build/example_topic_rclpy/example_topic_rclpy.egg-info/entry_points.txt
[0.638s] writing requirements to ../../build/example_topic_rclpy/example_topic_rclpy.egg-info/requires.txt
[0.638s] writing top-level names to ../../build/example_topic_rclpy/example_topic_rclpy.egg-info/top_level.txt
[0.640s] reading manifest file '../../build/example_topic_rclpy/example_topic_rclpy.egg-info/SOURCES.txt'
[0.641s] writing manifest file '../../build/example_topic_rclpy/example_topic_rclpy.egg-info/SOURCES.txt'
[0.641s] running build
[0.641s] running build_py
[0.641s] running install
[0.641s] /usr/lib/python3/dist-packages/setuptools/command/install.py:34: SetuptoolsDeprecationWarning: setup.py install is deprecated. Use build and pip and other standards-based tools.
[0.641s]   warnings.warn(
[0.641s] running install_lib
[0.642s] running install_data
[0.643s] running install_egg_info
[0.644s] removing '/home/yuan/Desktop/ROS2_Exercises/chapt3/chapt3_ws/install/example_topic_rclpy/lib/python3.10/site-packages/example_topic_rclpy-0.0.0-py3.10.egg-info' (and everything under it)
[0.644s] Copying ../../build/example_topic_rclpy/example_topic_rclpy.egg-info to /home/yuan/Desktop/ROS2_Exercises/chapt3/chapt3_ws/install/example_topic_rclpy/lib/python3.10/site-packages/example_topic_rclpy-0.0.0-py3.10.egg-info
[0.645s] running install_scripts
[0.660s] Installing topic_publisher_02 script to /home/yuan/Desktop/ROS2_Exercises/chapt3/chapt3_ws/install/example_topic_rclpy/lib/example_topic_rclpy
[0.660s] Installing topic_subscribe_02 script to /home/yuan/Desktop/ROS2_Exercises/chapt3/chapt3_ws/install/example_topic_rclpy/lib/example_topic_rclpy
[0.660s] writing list of installed files to '/home/yuan/Desktop/ROS2_Exercises/chapt3/chapt3_ws/build/example_topic_rclpy/install.log'
[0.676s] Invoked command in '/home/yuan/Desktop/ROS2_Exercises/chapt3/chapt3_ws/src/example_topic_rclpy' returned '0': PYTHONPATH=/home/yuan/Desktop/ROS2_Exercises/chapt3/chapt3_ws/install/example_topic_rclpy/lib/python3.10/site-packages:${PYTHONPATH} /usr/bin/python3 setup.py egg_info --egg-base ../../build/example_topic_rclpy build --build-base /home/yuan/Desktop/ROS2_Exercises/chapt3/chapt3_ws/build/example_topic_rclpy/build install --prefix /home/yuan/Desktop/ROS2_Exercises/chapt3/chapt3_ws/install/example_topic_rclpy --record /home/yuan/Desktop/ROS2_Exercises/chapt3/chapt3_ws/build/example_topic_rclpy/install.log --single-version-externally-managed
