[0.016s] Invoking command in '/home/yuan/Desktop/ROS2_Exercises/chapt2/chapt2_ws/build/example_cpp': CMAKE_PREFIX_PATH=/opt/ros/humble /usr/bin/cmake /home/yuan/Desktop/ROS2_Exercises/chapt2/chapt2_ws/src/example_cpp -DCMAKE_INSTALL_PREFIX=/home/yuan/Desktop/ROS2_Exercises/chapt2/chapt2_ws/install/example_cpp
[0.588s] -- The C compiler identification is GNU 11.2.0
[0.875s] -- The CXX compiler identification is GNU 11.2.0
[0.890s] -- Detecting C compiler ABI info
[0.993s] -- Detecting C compiler ABI info - done
[1.002s] -- Check for working C compiler: /usr/bin/cc - skipped
[1.003s] -- Detecting C compile features
[1.003s] -- Detecting C compile features - done
[1.007s] -- Detecting CXX compiler ABI info
[1.089s] -- Detecting CXX compiler ABI info - done
[1.096s] -- Check for working CXX compiler: /usr/bin/c++ - skipped
[1.097s] -- Detecting CXX compile features
[1.097s] -- Detecting CXX compile features - done
[1.102s] -- Found ament_cmake: 1.3.2 (/opt/ros/humble/share/ament_cmake/cmake)
[1.242s] -- Found Python3: /usr/bin/python3.10 (found version "3.10.4") found components: Interpreter 
[1.321s] -- Found rclcpp: 16.0.1 (/opt/ros/humble/share/rclcpp/cmake)
[1.371s] -- Found rosidl_generator_c: 3.1.3 (/opt/ros/humble/share/rosidl_generator_c/cmake)
[1.376s] -- Found rosidl_adapter: 3.1.3 (/opt/ros/humble/share/rosidl_adapter/cmake)
[1.384s] -- Found rosidl_generator_cpp: 3.1.3 (/opt/ros/humble/share/rosidl_generator_cpp/cmake)
[1.399s] -- Using all available rosidl_typesupport_c: rosidl_typesupport_fastrtps_c;rosidl_typesupport_introspection_c
[1.418s] -- Using all available rosidl_typesupport_cpp: rosidl_typesupport_fastrtps_cpp;rosidl_typesupport_introspection_cpp
[1.485s] -- Found rmw_implementation_cmake: 6.1.0 (/opt/ros/humble/share/rmw_implementation_cmake/cmake)
[1.487s] -- Found rmw_fastrtps_cpp: 6.2.1 (/opt/ros/humble/share/rmw_fastrtps_cpp/cmake)
[1.574s] -- Found OpenSSL: /usr/lib/x86_64-linux-gnu/libcrypto.so (found version "3.0.2")  
[1.598s] -- Found FastRTPS: /opt/ros/humble/include  
[1.637s] -- Using RMW implementation 'rmw_fastrtps_cpp' as default
[1.789s] -- Found ament_lint_auto: 0.12.4 (/opt/ros/humble/share/ament_lint_auto/cmake)
[1.858s] -- Added test 'cppcheck' to perform static code analysis on C / C++ code
[1.859s] -- Configured cppcheck include dirs: 
[1.859s] -- Configured cppcheck exclude dirs and/or files: 
[1.860s] -- Added test 'lint_cmake' to check CMake code style
[1.861s] -- Added test 'uncrustify' to check C / C++ code style
[1.861s] -- Configured uncrustify additional arguments: 
[1.862s] -- Added test 'xmllint' to check XML markup files
[1.864s] -- Configuring done
[1.874s] -- Generating done
[1.876s] -- Build files have been written to: /home/yuan/Desktop/ROS2_Exercises/chapt2/chapt2_ws/build/example_cpp
[1.884s] Invoked command in '/home/yuan/Desktop/ROS2_Exercises/chapt2/chapt2_ws/build/example_cpp' returned '0': CMAKE_PREFIX_PATH=/opt/ros/humble /usr/bin/cmake /home/yuan/Desktop/ROS2_Exercises/chapt2/chapt2_ws/src/example_cpp -DCMAKE_INSTALL_PREFIX=/home/yuan/Desktop/ROS2_Exercises/chapt2/chapt2_ws/install/example_cpp
[1.886s] Invoking command in '/home/yuan/Desktop/ROS2_Exercises/chapt2/chapt2_ws/build/example_cpp': CMAKE_PREFIX_PATH=/opt/ros/humble /usr/bin/cmake --build /home/yuan/Desktop/ROS2_Exercises/chapt2/chapt2_ws/build/example_cpp -- -j12 -l12
[1.922s] [ 50%] [32mBuilding CXX object CMakeFiles/node_01.dir/src/node_01.cpp.o[0m
[4.740s] [100%] [32m[1mLinking CXX executable node_01[0m
[4.877s] [100%] Built target node_01
[4.885s] Invoked command in '/home/yuan/Desktop/ROS2_Exercises/chapt2/chapt2_ws/build/example_cpp' returned '0': CMAKE_PREFIX_PATH=/opt/ros/humble /usr/bin/cmake --build /home/yuan/Desktop/ROS2_Exercises/chapt2/chapt2_ws/build/example_cpp -- -j12 -l12
[4.911s] Invoking command in '/home/yuan/Desktop/ROS2_Exercises/chapt2/chapt2_ws/build/example_cpp': CMAKE_PREFIX_PATH=/opt/ros/humble /usr/bin/cmake --install /home/yuan/Desktop/ROS2_Exercises/chapt2/chapt2_ws/build/example_cpp
[4.917s] -- Install configuration: ""
[4.918s] -- Installing: /home/yuan/Desktop/ROS2_Exercises/chapt2/chapt2_ws/install/example_cpp/share/ament_index/resource_index/package_run_dependencies/example_cpp
[4.918s] -- Installing: /home/yuan/Desktop/ROS2_Exercises/chapt2/chapt2_ws/install/example_cpp/share/ament_index/resource_index/parent_prefix_path/example_cpp
[4.918s] -- Installing: /home/yuan/Desktop/ROS2_Exercises/chapt2/chapt2_ws/install/example_cpp/share/example_cpp/environment/ament_prefix_path.sh
[4.918s] -- Installing: /home/yuan/Desktop/ROS2_Exercises/chapt2/chapt2_ws/install/example_cpp/share/example_cpp/environment/ament_prefix_path.dsv
[4.918s] -- Installing: /home/yuan/Desktop/ROS2_Exercises/chapt2/chapt2_ws/install/example_cpp/share/example_cpp/environment/path.sh
[4.918s] -- Installing: /home/yuan/Desktop/ROS2_Exercises/chapt2/chapt2_ws/install/example_cpp/share/example_cpp/environment/path.dsv
[4.919s] -- Installing: /home/yuan/Desktop/ROS2_Exercises/chapt2/chapt2_ws/install/example_cpp/share/example_cpp/local_setup.bash
[4.919s] -- Installing: /home/yuan/Desktop/ROS2_Exercises/chapt2/chapt2_ws/install/example_cpp/share/example_cpp/local_setup.sh
[4.919s] -- Installing: /home/yuan/Desktop/ROS2_Exercises/chapt2/chapt2_ws/install/example_cpp/share/example_cpp/local_setup.zsh
[4.919s] -- Installing: /home/yuan/Desktop/ROS2_Exercises/chapt2/chapt2_ws/install/example_cpp/share/example_cpp/local_setup.dsv
[4.919s] -- Installing: /home/yuan/Desktop/ROS2_Exercises/chapt2/chapt2_ws/install/example_cpp/share/example_cpp/package.dsv
[4.919s] -- Installing: /home/yuan/Desktop/ROS2_Exercises/chapt2/chapt2_ws/install/example_cpp/share/ament_index/resource_index/packages/example_cpp
[4.919s] -- Installing: /home/yuan/Desktop/ROS2_Exercises/chapt2/chapt2_ws/install/example_cpp/share/example_cpp/cmake/example_cppConfig.cmake
[4.919s] -- Installing: /home/yuan/Desktop/ROS2_Exercises/chapt2/chapt2_ws/install/example_cpp/share/example_cpp/cmake/example_cppConfig-version.cmake
[4.919s] -- Installing: /home/yuan/Desktop/ROS2_Exercises/chapt2/chapt2_ws/install/example_cpp/share/example_cpp/package.xml
[4.920s] -- Installing: /home/yuan/Desktop/ROS2_Exercises/chapt2/chapt2_ws/install/example_cpp/lib/example_cpp/node_01
[4.920s] -- Set runtime path of "/home/yuan/Desktop/ROS2_Exercises/chapt2/chapt2_ws/install/example_cpp/lib/example_cpp/node_01" to ""
[4.922s] Invoked command in '/home/yuan/Desktop/ROS2_Exercises/chapt2/chapt2_ws/build/example_cpp' returned '0': CMAKE_PREFIX_PATH=/opt/ros/humble /usr/bin/cmake --install /home/yuan/Desktop/ROS2_Exercises/chapt2/chapt2_ws/build/example_cpp
