[0.087s] Invoking command in '/home/yuan/Desktop/ROS2_Exercises/chapt4/chapt4_ws/build/example_parameters_rclcpp': CMAKE_PREFIX_PATH=${CMAKE_PREFIX_PATH}:/opt/ros/humble /usr/bin/cmake --build /home/yuan/Desktop/ROS2_Exercises/chapt4/chapt4_ws/build/example_parameters_rclcpp -- -j12 -l12
[0.087s] [35m[1mConsolidate compiler generated dependencies of target parameters_basic[0m
[0.087s] [ 50%] [32mBuilding CXX object CMakeFiles/parameters_basic.dir/src/parameters_basic.cpp.o[0m
[2.589s] [100%] [32m[1mLinking CXX executable parameters_basic[0m
[2.683s] [100%] Built target parameters_basic
[2.767s] Invoked command in '/home/yuan/Desktop/ROS2_Exercises/chapt4/chapt4_ws/build/example_parameters_rclcpp' returned '0': CMAKE_PREFIX_PATH=${CMAKE_PREFIX_PATH}:/opt/ros/humble /usr/bin/cmake --build /home/yuan/Desktop/ROS2_Exercises/chapt4/chapt4_ws/build/example_parameters_rclcpp -- -j12 -l12
[2.874s] Invoking command in '/home/yuan/Desktop/ROS2_Exercises/chapt4/chapt4_ws/build/example_parameters_rclcpp': CMAKE_PREFIX_PATH=${CMAKE_PREFIX_PATH}:/opt/ros/humble /usr/bin/cmake --install /home/yuan/Desktop/ROS2_Exercises/chapt4/chapt4_ws/build/example_parameters_rclcpp
[2.884s] -- Install configuration: ""
[2.885s] -- Installing: /home/yuan/Desktop/ROS2_Exercises/chapt4/chapt4_ws/install/example_parameters_rclcpp/lib/example_parameters_rclcpp/parameters_basic
[2.886s] -- Set runtime path of "/home/yuan/Desktop/ROS2_Exercises/chapt4/chapt4_ws/install/example_parameters_rclcpp/lib/example_parameters_rclcpp/parameters_basic" to ""
[2.886s] -- Up-to-date: /home/yuan/Desktop/ROS2_Exercises/chapt4/chapt4_ws/install/example_parameters_rclcpp/share/ament_index/resource_index/package_run_dependencies/example_parameters_rclcpp
[2.886s] -- Up-to-date: /home/yuan/Desktop/ROS2_Exercises/chapt4/chapt4_ws/install/example_parameters_rclcpp/share/ament_index/resource_index/parent_prefix_path/example_parameters_rclcpp
[2.886s] -- Up-to-date: /home/yuan/Desktop/ROS2_Exercises/chapt4/chapt4_ws/install/example_parameters_rclcpp/share/example_parameters_rclcpp/environment/ament_prefix_path.sh
[2.887s] -- Up-to-date: /home/yuan/Desktop/ROS2_Exercises/chapt4/chapt4_ws/install/example_parameters_rclcpp/share/example_parameters_rclcpp/environment/ament_prefix_path.dsv
[2.887s] -- Up-to-date: /home/yuan/Desktop/ROS2_Exercises/chapt4/chapt4_ws/install/example_parameters_rclcpp/share/example_parameters_rclcpp/environment/path.sh
[2.887s] -- Up-to-date: /home/yuan/Desktop/ROS2_Exercises/chapt4/chapt4_ws/install/example_parameters_rclcpp/share/example_parameters_rclcpp/environment/path.dsv
[2.887s] -- Up-to-date: /home/yuan/Desktop/ROS2_Exercises/chapt4/chapt4_ws/install/example_parameters_rclcpp/share/example_parameters_rclcpp/local_setup.bash
[2.887s] -- Up-to-date: /home/yuan/Desktop/ROS2_Exercises/chapt4/chapt4_ws/install/example_parameters_rclcpp/share/example_parameters_rclcpp/local_setup.sh
[2.887s] -- Up-to-date: /home/yuan/Desktop/ROS2_Exercises/chapt4/chapt4_ws/install/example_parameters_rclcpp/share/example_parameters_rclcpp/local_setup.zsh
[2.887s] -- Up-to-date: /home/yuan/Desktop/ROS2_Exercises/chapt4/chapt4_ws/install/example_parameters_rclcpp/share/example_parameters_rclcpp/local_setup.dsv
[2.887s] -- Installing: /home/yuan/Desktop/ROS2_Exercises/chapt4/chapt4_ws/install/example_parameters_rclcpp/share/example_parameters_rclcpp/package.dsv
[2.887s] -- Up-to-date: /home/yuan/Desktop/ROS2_Exercises/chapt4/chapt4_ws/install/example_parameters_rclcpp/share/ament_index/resource_index/packages/example_parameters_rclcpp
[2.888s] -- Up-to-date: /home/yuan/Desktop/ROS2_Exercises/chapt4/chapt4_ws/install/example_parameters_rclcpp/share/example_parameters_rclcpp/cmake/example_parameters_rclcppConfig.cmake
[2.888s] -- Up-to-date: /home/yuan/Desktop/ROS2_Exercises/chapt4/chapt4_ws/install/example_parameters_rclcpp/share/example_parameters_rclcpp/cmake/example_parameters_rclcppConfig-version.cmake
[2.888s] -- Up-to-date: /home/yuan/Desktop/ROS2_Exercises/chapt4/chapt4_ws/install/example_parameters_rclcpp/share/example_parameters_rclcpp/package.xml
[2.890s] Invoked command in '/home/yuan/Desktop/ROS2_Exercises/chapt4/chapt4_ws/build/example_parameters_rclcpp' returned '0': CMAKE_PREFIX_PATH=${CMAKE_PREFIX_PATH}:/opt/ros/humble /usr/bin/cmake --install /home/yuan/Desktop/ROS2_Exercises/chapt4/chapt4_ws/build/example_parameters_rclcpp
