[0.261s] DEBUG:colcon:Command line arguments: ['/usr/bin/colcon', 'build', '--packages-select', 'example_topic_rclcpp']
[0.261s] DEBUG:colcon:Parsed command line arguments: Namespace(log_base=None, log_level=None, verb_name='build', build_base='build', install_base='install', merge_install=False, symlink_install=False, test_result_base=None, continue_on_error=False, executor='parallel', parallel_workers=12, event_handlers=None, ignore_user_meta=False, metas=['./colcon.meta'], base_paths=['.'], packages_ignore=None, packages_ignore_regex=None, paths=None, packages_up_to=None, packages_up_to_regex=None, packages_above=None, packages_above_and_dependencies=None, packages_above_depth=None, packages_select_by_dep=None, packages_skip_by_dep=None, packages_skip_up_to=None, packages_select_build_failed=False, packages_skip_build_finished=False, packages_select_test_failures=False, packages_skip_test_passed=False, packages_select=['example_topic_rclcpp'], packages_skip=None, packages_select_regex=None, packages_skip_regex=None, packages_start=None, packages_end=None, allow_overriding=[], cmake_args=None, cmake_target=None, cmake_target_skip_unavailable=False, cmake_clean_cache=False, cmake_clean_first=False, cmake_force_configure=False, ament_cmake_args=None, catkin_cmake_args=None, catkin_skip_building_tests=False, verb_parser=<colcon_defaults.argument_parser.defaults.DefaultArgumentsDecorator object at 0x7fe5e6622b00>, verb_extension=<colcon_core.verb.build.BuildVerb object at 0x7fe5e6907040>, main=<bound method BuildVerb.main of <colcon_core.verb.build.BuildVerb object at 0x7fe5e6907040>>)
[0.279s] Level 1:colcon.colcon_core.package_discovery:discover_packages(colcon_meta) check parameters
[0.279s] Level 1:colcon.colcon_core.package_discovery:discover_packages(recursive) check parameters
[0.279s] Level 1:colcon.colcon_core.package_discovery:discover_packages(ignore) check parameters
[0.279s] Level 1:colcon.colcon_core.package_discovery:discover_packages(path) check parameters
[0.279s] Level 1:colcon.colcon_core.package_discovery:discover_packages(colcon_meta) discover
[0.279s] Level 1:colcon.colcon_core.package_discovery:discover_packages(recursive) discover
[0.279s] INFO:colcon.colcon_core.package_discovery:Crawling recursively for packages in '/home/yuan/Desktop/ROS2_Exercises/chapt3/chapt3_ws'
[0.279s] Level 1:colcon.colcon_core.package_identification:_identify(.) by extensions ['ignore', 'ignore_ament_install']
[0.279s] Level 1:colcon.colcon_core.package_identification:_identify(.) by extension 'ignore'
[0.279s] Level 1:colcon.colcon_core.package_identification:_identify(.) by extension 'ignore_ament_install'
[0.279s] Level 1:colcon.colcon_core.package_identification:_identify(.) by extensions ['colcon_pkg']
[0.279s] Level 1:colcon.colcon_core.package_identification:_identify(.) by extension 'colcon_pkg'
[0.279s] Level 1:colcon.colcon_core.package_identification:_identify(.) by extensions ['colcon_meta']
[0.279s] Level 1:colcon.colcon_core.package_identification:_identify(.) by extension 'colcon_meta'
[0.279s] Level 1:colcon.colcon_core.package_identification:_identify(.) by extensions ['ros']
[0.279s] Level 1:colcon.colcon_core.package_identification:_identify(.) by extension 'ros'
[0.294s] Level 1:colcon.colcon_core.package_identification:_identify(.) by extensions ['cmake', 'python']
[0.294s] Level 1:colcon.colcon_core.package_identification:_identify(.) by extension 'cmake'
[0.294s] Level 1:colcon.colcon_core.package_identification:_identify(.) by extension 'python'
[0.294s] Level 1:colcon.colcon_core.package_identification:_identify(.) by extensions ['python_setup_py']
[0.294s] Level 1:colcon.colcon_core.package_identification:_identify(.) by extension 'python_setup_py'
[0.294s] Level 1:colcon.colcon_core.package_identification:_identify(build) by extensions ['ignore', 'ignore_ament_install']
[0.294s] Level 1:colcon.colcon_core.package_identification:_identify(build) by extension 'ignore'
[0.295s] Level 1:colcon.colcon_core.package_identification:_identify(build) ignored
[0.295s] Level 1:colcon.colcon_core.package_identification:_identify(install) by extensions ['ignore', 'ignore_ament_install']
[0.295s] Level 1:colcon.colcon_core.package_identification:_identify(install) by extension 'ignore'
[0.295s] Level 1:colcon.colcon_core.package_identification:_identify(install) ignored
[0.295s] Level 1:colcon.colcon_core.package_identification:_identify(log) by extensions ['ignore', 'ignore_ament_install']
[0.295s] Level 1:colcon.colcon_core.package_identification:_identify(log) by extension 'ignore'
[0.295s] Level 1:colcon.colcon_core.package_identification:_identify(log) ignored
[0.295s] Level 1:colcon.colcon_core.package_identification:_identify(src) by extensions ['ignore', 'ignore_ament_install']
[0.295s] Level 1:colcon.colcon_core.package_identification:_identify(src) by extension 'ignore'
[0.295s] Level 1:colcon.colcon_core.package_identification:_identify(src) by extension 'ignore_ament_install'
[0.295s] Level 1:colcon.colcon_core.package_identification:_identify(src) by extensions ['colcon_pkg']
[0.295s] Level 1:colcon.colcon_core.package_identification:_identify(src) by extension 'colcon_pkg'
[0.295s] Level 1:colcon.colcon_core.package_identification:_identify(src) by extensions ['colcon_meta']
[0.295s] Level 1:colcon.colcon_core.package_identification:_identify(src) by extension 'colcon_meta'
[0.295s] Level 1:colcon.colcon_core.package_identification:_identify(src) by extensions ['ros']
[0.295s] Level 1:colcon.colcon_core.package_identification:_identify(src) by extension 'ros'
[0.295s] Level 1:colcon.colcon_core.package_identification:_identify(src) by extensions ['cmake', 'python']
[0.295s] Level 1:colcon.colcon_core.package_identification:_identify(src) by extension 'cmake'
[0.295s] Level 1:colcon.colcon_core.package_identification:_identify(src) by extension 'python'
[0.295s] Level 1:colcon.colcon_core.package_identification:_identify(src) by extensions ['python_setup_py']
[0.295s] Level 1:colcon.colcon_core.package_identification:_identify(src) by extension 'python_setup_py'
[0.296s] Level 1:colcon.colcon_core.package_identification:_identify(src/example_topic_rclcpp) by extensions ['ignore', 'ignore_ament_install']
[0.296s] Level 1:colcon.colcon_core.package_identification:_identify(src/example_topic_rclcpp) by extension 'ignore'
[0.296s] Level 1:colcon.colcon_core.package_identification:_identify(src/example_topic_rclcpp) by extension 'ignore_ament_install'
[0.296s] Level 1:colcon.colcon_core.package_identification:_identify(src/example_topic_rclcpp) by extensions ['colcon_pkg']
[0.296s] Level 1:colcon.colcon_core.package_identification:_identify(src/example_topic_rclcpp) by extension 'colcon_pkg'
[0.296s] Level 1:colcon.colcon_core.package_identification:_identify(src/example_topic_rclcpp) by extensions ['colcon_meta']
[0.296s] Level 1:colcon.colcon_core.package_identification:_identify(src/example_topic_rclcpp) by extension 'colcon_meta'
[0.296s] Level 1:colcon.colcon_core.package_identification:_identify(src/example_topic_rclcpp) by extensions ['ros']
[0.296s] Level 1:colcon.colcon_core.package_identification:_identify(src/example_topic_rclcpp) by extension 'ros'
[0.298s] DEBUG:colcon.colcon_core.package_identification:Package 'src/example_topic_rclcpp' with type 'ros.ament_cmake' and name 'example_topic_rclcpp'
[0.298s] Level 1:colcon.colcon_core.package_discovery:discover_packages(recursive) using defaults
[0.298s] Level 1:colcon.colcon_core.package_discovery:discover_packages(ignore) discover
[0.298s] Level 1:colcon.colcon_core.package_discovery:discover_packages(ignore) using defaults
[0.298s] Level 1:colcon.colcon_core.package_discovery:discover_packages(path) discover
[0.298s] Level 1:colcon.colcon_core.package_discovery:discover_packages(path) using defaults
[0.318s] Level 1:colcon.colcon_core.package_discovery:discover_packages(prefix_path) check parameters
[0.318s] Level 1:colcon.colcon_core.package_discovery:discover_packages(prefix_path) discover
[0.324s] DEBUG:colcon.colcon_installed_package_information.package_discovery:Found 312 installed packages in /opt/ros/humble
[0.326s] Level 1:colcon.colcon_core.package_discovery:discover_packages(prefix_path) using defaults
[0.381s] Level 5:colcon.colcon_core.verb:set package 'example_topic_rclcpp' build argument 'cmake_args' from command line to 'None'
[0.381s] Level 5:colcon.colcon_core.verb:set package 'example_topic_rclcpp' build argument 'cmake_target' from command line to 'None'
[0.381s] Level 5:colcon.colcon_core.verb:set package 'example_topic_rclcpp' build argument 'cmake_target_skip_unavailable' from command line to 'False'
[0.381s] Level 5:colcon.colcon_core.verb:set package 'example_topic_rclcpp' build argument 'cmake_clean_cache' from command line to 'False'
[0.381s] Level 5:colcon.colcon_core.verb:set package 'example_topic_rclcpp' build argument 'cmake_clean_first' from command line to 'False'
[0.381s] Level 5:colcon.colcon_core.verb:set package 'example_topic_rclcpp' build argument 'cmake_force_configure' from command line to 'False'
[0.381s] Level 5:colcon.colcon_core.verb:set package 'example_topic_rclcpp' build argument 'ament_cmake_args' from command line to 'None'
[0.381s] Level 5:colcon.colcon_core.verb:set package 'example_topic_rclcpp' build argument 'catkin_cmake_args' from command line to 'None'
[0.381s] Level 5:colcon.colcon_core.verb:set package 'example_topic_rclcpp' build argument 'catkin_skip_building_tests' from command line to 'False'
[0.381s] DEBUG:colcon.colcon_core.verb:Building package 'example_topic_rclcpp' with the following arguments: {'ament_cmake_args': None, 'build_base': '/home/yuan/Desktop/ROS2_Exercises/chapt3/chapt3_ws/build/example_topic_rclcpp', 'catkin_cmake_args': None, 'catkin_skip_building_tests': False, 'cmake_args': None, 'cmake_clean_cache': False, 'cmake_clean_first': False, 'cmake_force_configure': False, 'cmake_target': None, 'cmake_target_skip_unavailable': False, 'install_base': '/home/yuan/Desktop/ROS2_Exercises/chapt3/chapt3_ws/install/example_topic_rclcpp', 'merge_install': False, 'path': '/home/yuan/Desktop/ROS2_Exercises/chapt3/chapt3_ws/src/example_topic_rclcpp', 'symlink_install': False, 'test_result_base': None}
[0.381s] INFO:colcon.colcon_core.executor:Executing jobs using 'parallel' executor
[0.384s] DEBUG:colcon.colcon_parallel_executor.executor.parallel:run_until_complete
[0.384s] INFO:colcon.colcon_ros.task.ament_cmake.build:Building ROS package in '/home/yuan/Desktop/ROS2_Exercises/chapt3/chapt3_ws/src/example_topic_rclcpp' with build type 'ament_cmake'
[0.384s] INFO:colcon.colcon_cmake.task.cmake.build:Building CMake package in '/home/yuan/Desktop/ROS2_Exercises/chapt3/chapt3_ws/src/example_topic_rclcpp'
[0.393s] INFO:colcon.colcon_core.plugin_system:Skipping extension 'colcon_core.shell.bat': Not used on non-Windows systems
[0.393s] INFO:colcon.colcon_core.shell:Skip shell extension 'powershell' for command environment: Not usable outside of PowerShell
[0.393s] DEBUG:colcon.colcon_core.shell:Skip shell extension 'dsv' for command environment
[0.399s] DEBUG:colcon.colcon_core.event_handler.log_command:Invoking command in '/home/yuan/Desktop/ROS2_Exercises/chapt3/chapt3_ws/build/example_topic_rclcpp': CMAKE_PREFIX_PATH=/opt/ros/humble /usr/bin/cmake /home/yuan/Desktop/ROS2_Exercises/chapt3/chapt3_ws/src/example_topic_rclcpp -DCMAKE_INSTALL_PREFIX=/home/yuan/Desktop/ROS2_Exercises/chapt3/chapt3_ws/install/example_topic_rclcpp
[2.170s] DEBUG:colcon.colcon_core.event_handler.log_command:Invoked command in '/home/yuan/Desktop/ROS2_Exercises/chapt3/chapt3_ws/build/example_topic_rclcpp' returned '0': CMAKE_PREFIX_PATH=/opt/ros/humble /usr/bin/cmake /home/yuan/Desktop/ROS2_Exercises/chapt3/chapt3_ws/src/example_topic_rclcpp -DCMAKE_INSTALL_PREFIX=/home/yuan/Desktop/ROS2_Exercises/chapt3/chapt3_ws/install/example_topic_rclcpp
[2.170s] DEBUG:colcon.colcon_core.event_handler.log_command:Invoking command in '/home/yuan/Desktop/ROS2_Exercises/chapt3/chapt3_ws/build/example_topic_rclcpp': CMAKE_PREFIX_PATH=/opt/ros/humble /usr/bin/cmake --build /home/yuan/Desktop/ROS2_Exercises/chapt3/chapt3_ws/build/example_topic_rclcpp -- -j12 -l12
[5.106s] DEBUG:colcon.colcon_core.event_handler.log_command:Invoked command in '/home/yuan/Desktop/ROS2_Exercises/chapt3/chapt3_ws/build/example_topic_rclcpp' returned '0': CMAKE_PREFIX_PATH=/opt/ros/humble /usr/bin/cmake --build /home/yuan/Desktop/ROS2_Exercises/chapt3/chapt3_ws/build/example_topic_rclcpp -- -j12 -l12
[5.132s] DEBUG:colcon.colcon_core.event_handler.log_command:Invoking command in '/home/yuan/Desktop/ROS2_Exercises/chapt3/chapt3_ws/build/example_topic_rclcpp': CMAKE_PREFIX_PATH=/opt/ros/humble /usr/bin/cmake --install /home/yuan/Desktop/ROS2_Exercises/chapt3/chapt3_ws/build/example_topic_rclcpp
[5.141s] Level 1:colcon.colcon_core.environment:create_environment_scripts_only(example_topic_rclcpp)
[5.142s] DEBUG:colcon.colcon_core.event_handler.log_command:Invoked command in '/home/yuan/Desktop/ROS2_Exercises/chapt3/chapt3_ws/build/example_topic_rclcpp' returned '0': CMAKE_PREFIX_PATH=/opt/ros/humble /usr/bin/cmake --install /home/yuan/Desktop/ROS2_Exercises/chapt3/chapt3_ws/build/example_topic_rclcpp
[5.150s] Level 1:colcon.colcon_core.environment:checking '/home/yuan/Desktop/ROS2_Exercises/chapt3/chapt3_ws/install/example_topic_rclcpp' for CMake module files
[5.150s] Level 1:colcon.colcon_core.environment:checking '/home/yuan/Desktop/ROS2_Exercises/chapt3/chapt3_ws/install/example_topic_rclcpp' for CMake config files
[5.151s] Level 1:colcon.colcon_core.shell:create_environment_hook('example_topic_rclcpp', 'cmake_prefix_path')
[5.152s] INFO:colcon.colcon_core.shell:Creating environment hook '/home/yuan/Desktop/ROS2_Exercises/chapt3/chapt3_ws/install/example_topic_rclcpp/share/example_topic_rclcpp/hook/cmake_prefix_path.ps1'
[5.153s] INFO:colcon.colcon_core.shell:Creating environment descriptor '/home/yuan/Desktop/ROS2_Exercises/chapt3/chapt3_ws/install/example_topic_rclcpp/share/example_topic_rclcpp/hook/cmake_prefix_path.dsv'
[5.154s] INFO:colcon.colcon_core.shell:Creating environment hook '/home/yuan/Desktop/ROS2_Exercises/chapt3/chapt3_ws/install/example_topic_rclcpp/share/example_topic_rclcpp/hook/cmake_prefix_path.sh'
[5.155s] Level 1:colcon.colcon_core.environment:checking '/home/yuan/Desktop/ROS2_Exercises/chapt3/chapt3_ws/install/example_topic_rclcpp/lib'
[5.155s] Level 1:colcon.colcon_core.environment:checking '/home/yuan/Desktop/ROS2_Exercises/chapt3/chapt3_ws/install/example_topic_rclcpp/bin'
[5.155s] Level 1:colcon.colcon_core.environment:checking '/home/yuan/Desktop/ROS2_Exercises/chapt3/chapt3_ws/install/example_topic_rclcpp/lib/pkgconfig/example_topic_rclcpp.pc'
[5.155s] Level 1:colcon.colcon_core.environment:checking '/home/yuan/Desktop/ROS2_Exercises/chapt3/chapt3_ws/install/example_topic_rclcpp/lib/python3.10/site-packages'
[5.155s] Level 1:colcon.colcon_core.environment:checking '/home/yuan/Desktop/ROS2_Exercises/chapt3/chapt3_ws/install/example_topic_rclcpp/bin'
[5.156s] INFO:colcon.colcon_core.shell:Creating package script '/home/yuan/Desktop/ROS2_Exercises/chapt3/chapt3_ws/install/example_topic_rclcpp/share/example_topic_rclcpp/package.ps1'
[5.157s] INFO:colcon.colcon_core.shell:Creating package descriptor '/home/yuan/Desktop/ROS2_Exercises/chapt3/chapt3_ws/install/example_topic_rclcpp/share/example_topic_rclcpp/package.dsv'
[5.158s] INFO:colcon.colcon_core.shell:Creating package script '/home/yuan/Desktop/ROS2_Exercises/chapt3/chapt3_ws/install/example_topic_rclcpp/share/example_topic_rclcpp/package.sh'
[5.159s] INFO:colcon.colcon_core.shell:Creating package script '/home/yuan/Desktop/ROS2_Exercises/chapt3/chapt3_ws/install/example_topic_rclcpp/share/example_topic_rclcpp/package.bash'
[5.160s] INFO:colcon.colcon_core.shell:Creating package script '/home/yuan/Desktop/ROS2_Exercises/chapt3/chapt3_ws/install/example_topic_rclcpp/share/example_topic_rclcpp/package.zsh'
[5.160s] Level 1:colcon.colcon_core.environment:create_file_with_runtime_dependencies(/home/yuan/Desktop/ROS2_Exercises/chapt3/chapt3_ws/install/example_topic_rclcpp/share/colcon-core/packages/example_topic_rclcpp)
[5.185s] Level 1:colcon.colcon_core.environment:create_environment_scripts_only(example_topic_rclcpp)
[5.187s] Level 1:colcon.colcon_core.environment:checking '/home/yuan/Desktop/ROS2_Exercises/chapt3/chapt3_ws/install/example_topic_rclcpp' for CMake module files
[5.188s] Level 1:colcon.colcon_core.environment:checking '/home/yuan/Desktop/ROS2_Exercises/chapt3/chapt3_ws/install/example_topic_rclcpp' for CMake config files
[5.188s] Level 1:colcon.colcon_core.shell:create_environment_hook('example_topic_rclcpp', 'cmake_prefix_path')
[5.190s] INFO:colcon.colcon_core.shell:Creating environment hook '/home/yuan/Desktop/ROS2_Exercises/chapt3/chapt3_ws/install/example_topic_rclcpp/share/example_topic_rclcpp/hook/cmake_prefix_path.ps1'
[5.191s] INFO:colcon.colcon_core.shell:Creating environment descriptor '/home/yuan/Desktop/ROS2_Exercises/chapt3/chapt3_ws/install/example_topic_rclcpp/share/example_topic_rclcpp/hook/cmake_prefix_path.dsv'
[5.191s] INFO:colcon.colcon_core.shell:Creating environment hook '/home/yuan/Desktop/ROS2_Exercises/chapt3/chapt3_ws/install/example_topic_rclcpp/share/example_topic_rclcpp/hook/cmake_prefix_path.sh'
[5.192s] Level 1:colcon.colcon_core.environment:checking '/home/yuan/Desktop/ROS2_Exercises/chapt3/chapt3_ws/install/example_topic_rclcpp/lib'
[5.192s] Level 1:colcon.colcon_core.environment:checking '/home/yuan/Desktop/ROS2_Exercises/chapt3/chapt3_ws/install/example_topic_rclcpp/bin'
[5.192s] Level 1:colcon.colcon_core.environment:checking '/home/yuan/Desktop/ROS2_Exercises/chapt3/chapt3_ws/install/example_topic_rclcpp/lib/pkgconfig/example_topic_rclcpp.pc'
[5.192s] Level 1:colcon.colcon_core.environment:checking '/home/yuan/Desktop/ROS2_Exercises/chapt3/chapt3_ws/install/example_topic_rclcpp/lib/python3.10/site-packages'
[5.193s] Level 1:colcon.colcon_core.environment:checking '/home/yuan/Desktop/ROS2_Exercises/chapt3/chapt3_ws/install/example_topic_rclcpp/bin'
[5.194s] INFO:colcon.colcon_core.shell:Creating package script '/home/yuan/Desktop/ROS2_Exercises/chapt3/chapt3_ws/install/example_topic_rclcpp/share/example_topic_rclcpp/package.ps1'
[5.195s] INFO:colcon.colcon_core.shell:Creating package descriptor '/home/yuan/Desktop/ROS2_Exercises/chapt3/chapt3_ws/install/example_topic_rclcpp/share/example_topic_rclcpp/package.dsv'
[5.196s] INFO:colcon.colcon_core.shell:Creating package script '/home/yuan/Desktop/ROS2_Exercises/chapt3/chapt3_ws/install/example_topic_rclcpp/share/example_topic_rclcpp/package.sh'
[5.196s] INFO:colcon.colcon_core.shell:Creating package script '/home/yuan/Desktop/ROS2_Exercises/chapt3/chapt3_ws/install/example_topic_rclcpp/share/example_topic_rclcpp/package.bash'
[5.197s] INFO:colcon.colcon_core.shell:Creating package script '/home/yuan/Desktop/ROS2_Exercises/chapt3/chapt3_ws/install/example_topic_rclcpp/share/example_topic_rclcpp/package.zsh'
[5.197s] Level 1:colcon.colcon_core.environment:create_file_with_runtime_dependencies(/home/yuan/Desktop/ROS2_Exercises/chapt3/chapt3_ws/install/example_topic_rclcpp/share/colcon-core/packages/example_topic_rclcpp)
[5.198s] DEBUG:colcon.colcon_parallel_executor.executor.parallel:closing loop
[5.198s] DEBUG:colcon.colcon_parallel_executor.executor.parallel:loop closed
[5.198s] DEBUG:colcon.colcon_parallel_executor.executor.parallel:run_until_complete finished with '0'
[5.198s] DEBUG:colcon.colcon_core.event_reactor:joining thread
[5.209s] INFO:colcon.colcon_core.plugin_system:Skipping extension 'colcon_notification.desktop_notification.terminal_notifier': Not used on non-Darwin systems
[5.209s] INFO:colcon.colcon_core.plugin_system:Skipping extension 'colcon_notification.desktop_notification.win32': Not used on non-Windows systems
[5.209s] INFO:colcon.colcon_notification.desktop_notification:Sending desktop notification using 'notify2'
[5.231s] DEBUG:colcon.colcon_core.event_reactor:joined thread
[5.234s] INFO:colcon.colcon_core.shell:Creating prefix script '/home/yuan/Desktop/ROS2_Exercises/chapt3/chapt3_ws/install/local_setup.ps1'
[5.237s] INFO:colcon.colcon_core.shell:Creating prefix util module '/home/yuan/Desktop/ROS2_Exercises/chapt3/chapt3_ws/install/_local_setup_util_ps1.py'
[5.241s] INFO:colcon.colcon_core.shell:Creating prefix chain script '/home/yuan/Desktop/ROS2_Exercises/chapt3/chapt3_ws/install/setup.ps1'
[5.245s] INFO:colcon.colcon_core.shell:Creating prefix script '/home/yuan/Desktop/ROS2_Exercises/chapt3/chapt3_ws/install/local_setup.sh'
[5.246s] INFO:colcon.colcon_core.shell:Creating prefix util module '/home/yuan/Desktop/ROS2_Exercises/chapt3/chapt3_ws/install/_local_setup_util_sh.py'
[5.246s] INFO:colcon.colcon_core.shell:Creating prefix chain script '/home/yuan/Desktop/ROS2_Exercises/chapt3/chapt3_ws/install/setup.sh'
[5.248s] INFO:colcon.colcon_core.shell:Creating prefix script '/home/yuan/Desktop/ROS2_Exercises/chapt3/chapt3_ws/install/local_setup.bash'
[5.248s] INFO:colcon.colcon_core.shell:Creating prefix chain script '/home/yuan/Desktop/ROS2_Exercises/chapt3/chapt3_ws/install/setup.bash'
[5.250s] INFO:colcon.colcon_core.shell:Creating prefix script '/home/yuan/Desktop/ROS2_Exercises/chapt3/chapt3_ws/install/local_setup.zsh'
[5.251s] INFO:colcon.colcon_core.shell:Creating prefix chain script '/home/yuan/Desktop/ROS2_Exercises/chapt3/chapt3_ws/install/setup.zsh'
