[0.237s] DEBUG:colcon:Command line arguments: ['/usr/bin/colcon', 'build', '--packages-select', 'example_topic_rclcpp']
[0.237s] DEBUG:colcon:Parsed command line arguments: Namespace(log_base=None, log_level=None, verb_name='build', build_base='build', install_base='install', merge_install=False, symlink_install=False, test_result_base=None, continue_on_error=False, executor='parallel', parallel_workers=12, event_handlers=None, ignore_user_meta=False, metas=['./colcon.meta'], base_paths=['.'], packages_ignore=None, packages_ignore_regex=None, paths=None, packages_up_to=None, packages_up_to_regex=None, packages_above=None, packages_above_and_dependencies=None, packages_above_depth=None, packages_select_by_dep=None, packages_skip_by_dep=None, packages_skip_up_to=None, packages_select_build_failed=False, packages_skip_build_finished=False, packages_select_test_failures=False, packages_skip_test_passed=False, packages_select=['example_topic_rclcpp'], packages_skip=None, packages_select_regex=None, packages_skip_regex=None, packages_start=None, packages_end=None, allow_overriding=[], cmake_args=None, cmake_target=None, cmake_target_skip_unavailable=False, cmake_clean_cache=False, cmake_clean_first=False, cmake_force_configure=False, ament_cmake_args=None, catkin_cmake_args=None, catkin_skip_building_tests=False, verb_parser=<colcon_defaults.argument_parser.defaults.DefaultArgumentsDecorator object at 0x7f7b29e72c50>, verb_extension=<colcon_core.verb.build.BuildVerb object at 0x7f7b2a821960>, main=<bound method BuildVerb.main of <colcon_core.verb.build.BuildVerb object at 0x7f7b2a821960>>)
[0.256s] Level 1:colcon.colcon_core.package_discovery:discover_packages(colcon_meta) check parameters
[0.256s] Level 1:colcon.colcon_core.package_discovery:discover_packages(recursive) check parameters
[0.256s] Level 1:colcon.colcon_core.package_discovery:discover_packages(ignore) check parameters
[0.256s] Level 1:colcon.colcon_core.package_discovery:discover_packages(path) check parameters
[0.256s] Level 1:colcon.colcon_core.package_discovery:discover_packages(colcon_meta) discover
[0.256s] Level 1:colcon.colcon_core.package_discovery:discover_packages(recursive) discover
[0.256s] INFO:colcon.colcon_core.package_discovery:Crawling recursively for packages in '/home/yuan/Desktop/ROS2_Exercises/chapt3/chapt3_ws'
[0.256s] Level 1:colcon.colcon_core.package_identification:_identify(.) by extensions ['ignore', 'ignore_ament_install']
[0.256s] Level 1:colcon.colcon_core.package_identification:_identify(.) by extension 'ignore'
[0.256s] Level 1:colcon.colcon_core.package_identification:_identify(.) by extension 'ignore_ament_install'
[0.256s] Level 1:colcon.colcon_core.package_identification:_identify(.) by extensions ['colcon_pkg']
[0.256s] Level 1:colcon.colcon_core.package_identification:_identify(.) by extension 'colcon_pkg'
[0.256s] Level 1:colcon.colcon_core.package_identification:_identify(.) by extensions ['colcon_meta']
[0.256s] Level 1:colcon.colcon_core.package_identification:_identify(.) by extension 'colcon_meta'
[0.256s] Level 1:colcon.colcon_core.package_identification:_identify(.) by extensions ['ros']
[0.256s] Level 1:colcon.colcon_core.package_identification:_identify(.) by extension 'ros'
[0.271s] Level 1:colcon.colcon_core.package_identification:_identify(.) by extensions ['cmake', 'python']
[0.271s] Level 1:colcon.colcon_core.package_identification:_identify(.) by extension 'cmake'
[0.271s] Level 1:colcon.colcon_core.package_identification:_identify(.) by extension 'python'
[0.271s] Level 1:colcon.colcon_core.package_identification:_identify(.) by extensions ['python_setup_py']
[0.271s] Level 1:colcon.colcon_core.package_identification:_identify(.) by extension 'python_setup_py'
[0.271s] Level 1:colcon.colcon_core.package_identification:_identify(build) by extensions ['ignore', 'ignore_ament_install']
[0.271s] Level 1:colcon.colcon_core.package_identification:_identify(build) by extension 'ignore'
[0.271s] Level 1:colcon.colcon_core.package_identification:_identify(build) ignored
[0.272s] Level 1:colcon.colcon_core.package_identification:_identify(install) by extensions ['ignore', 'ignore_ament_install']
[0.272s] Level 1:colcon.colcon_core.package_identification:_identify(install) by extension 'ignore'
[0.272s] Level 1:colcon.colcon_core.package_identification:_identify(install) ignored
[0.272s] Level 1:colcon.colcon_core.package_identification:_identify(log) by extensions ['ignore', 'ignore_ament_install']
[0.272s] Level 1:colcon.colcon_core.package_identification:_identify(log) by extension 'ignore'
[0.272s] Level 1:colcon.colcon_core.package_identification:_identify(log) ignored
[0.272s] Level 1:colcon.colcon_core.package_identification:_identify(src) by extensions ['ignore', 'ignore_ament_install']
[0.273s] Level 1:colcon.colcon_core.package_identification:_identify(src) by extension 'ignore'
[0.273s] Level 1:colcon.colcon_core.package_identification:_identify(src) by extension 'ignore_ament_install'
[0.273s] Level 1:colcon.colcon_core.package_identification:_identify(src) by extensions ['colcon_pkg']
[0.273s] Level 1:colcon.colcon_core.package_identification:_identify(src) by extension 'colcon_pkg'
[0.273s] Level 1:colcon.colcon_core.package_identification:_identify(src) by extensions ['colcon_meta']
[0.273s] Level 1:colcon.colcon_core.package_identification:_identify(src) by extension 'colcon_meta'
[0.273s] Level 1:colcon.colcon_core.package_identification:_identify(src) by extensions ['ros']
[0.273s] Level 1:colcon.colcon_core.package_identification:_identify(src) by extension 'ros'
[0.273s] Level 1:colcon.colcon_core.package_identification:_identify(src) by extensions ['cmake', 'python']
[0.273s] Level 1:colcon.colcon_core.package_identification:_identify(src) by extension 'cmake'
[0.273s] Level 1:colcon.colcon_core.package_identification:_identify(src) by extension 'python'
[0.273s] Level 1:colcon.colcon_core.package_identification:_identify(src) by extensions ['python_setup_py']
[0.273s] Level 1:colcon.colcon_core.package_identification:_identify(src) by extension 'python_setup_py'
[0.273s] Level 1:colcon.colcon_core.package_identification:_identify(src/example_topic_rclcpp) by extensions ['ignore', 'ignore_ament_install']
[0.273s] Level 1:colcon.colcon_core.package_identification:_identify(src/example_topic_rclcpp) by extension 'ignore'
[0.273s] Level 1:colcon.colcon_core.package_identification:_identify(src/example_topic_rclcpp) by extension 'ignore_ament_install'
[0.273s] Level 1:colcon.colcon_core.package_identification:_identify(src/example_topic_rclcpp) by extensions ['colcon_pkg']
[0.273s] Level 1:colcon.colcon_core.package_identification:_identify(src/example_topic_rclcpp) by extension 'colcon_pkg'
[0.273s] Level 1:colcon.colcon_core.package_identification:_identify(src/example_topic_rclcpp) by extensions ['colcon_meta']
[0.273s] Level 1:colcon.colcon_core.package_identification:_identify(src/example_topic_rclcpp) by extension 'colcon_meta'
[0.274s] Level 1:colcon.colcon_core.package_identification:_identify(src/example_topic_rclcpp) by extensions ['ros']
[0.274s] Level 1:colcon.colcon_core.package_identification:_identify(src/example_topic_rclcpp) by extension 'ros'
[0.276s] DEBUG:colcon.colcon_core.package_identification:Package 'src/example_topic_rclcpp' with type 'ros.ament_cmake' and name 'example_topic_rclcpp'
[0.276s] Level 1:colcon.colcon_core.package_discovery:discover_packages(recursive) using defaults
[0.276s] Level 1:colcon.colcon_core.package_discovery:discover_packages(ignore) discover
[0.276s] Level 1:colcon.colcon_core.package_discovery:discover_packages(ignore) using defaults
[0.276s] Level 1:colcon.colcon_core.package_discovery:discover_packages(path) discover
[0.276s] Level 1:colcon.colcon_core.package_discovery:discover_packages(path) using defaults
[0.294s] Level 1:colcon.colcon_core.package_discovery:discover_packages(prefix_path) check parameters
[0.294s] Level 1:colcon.colcon_core.package_discovery:discover_packages(prefix_path) discover
[0.297s] DEBUG:colcon.colcon_installed_package_information.package_discovery:Found 312 installed packages in /opt/ros/humble
[0.298s] Level 1:colcon.colcon_core.package_discovery:discover_packages(prefix_path) using defaults
[0.353s] Level 5:colcon.colcon_core.verb:set package 'example_topic_rclcpp' build argument 'cmake_args' from command line to 'None'
[0.353s] Level 5:colcon.colcon_core.verb:set package 'example_topic_rclcpp' build argument 'cmake_target' from command line to 'None'
[0.353s] Level 5:colcon.colcon_core.verb:set package 'example_topic_rclcpp' build argument 'cmake_target_skip_unavailable' from command line to 'False'
[0.353s] Level 5:colcon.colcon_core.verb:set package 'example_topic_rclcpp' build argument 'cmake_clean_cache' from command line to 'False'
[0.353s] Level 5:colcon.colcon_core.verb:set package 'example_topic_rclcpp' build argument 'cmake_clean_first' from command line to 'False'
[0.353s] Level 5:colcon.colcon_core.verb:set package 'example_topic_rclcpp' build argument 'cmake_force_configure' from command line to 'False'
[0.353s] Level 5:colcon.colcon_core.verb:set package 'example_topic_rclcpp' build argument 'ament_cmake_args' from command line to 'None'
[0.353s] Level 5:colcon.colcon_core.verb:set package 'example_topic_rclcpp' build argument 'catkin_cmake_args' from command line to 'None'
[0.353s] Level 5:colcon.colcon_core.verb:set package 'example_topic_rclcpp' build argument 'catkin_skip_building_tests' from command line to 'False'
[0.354s] DEBUG:colcon.colcon_core.verb:Building package 'example_topic_rclcpp' with the following arguments: {'ament_cmake_args': None, 'build_base': '/home/yuan/Desktop/ROS2_Exercises/chapt3/chapt3_ws/build/example_topic_rclcpp', 'catkin_cmake_args': None, 'catkin_skip_building_tests': False, 'cmake_args': None, 'cmake_clean_cache': False, 'cmake_clean_first': False, 'cmake_force_configure': False, 'cmake_target': None, 'cmake_target_skip_unavailable': False, 'install_base': '/home/yuan/Desktop/ROS2_Exercises/chapt3/chapt3_ws/install/example_topic_rclcpp', 'merge_install': False, 'path': '/home/yuan/Desktop/ROS2_Exercises/chapt3/chapt3_ws/src/example_topic_rclcpp', 'symlink_install': False, 'test_result_base': None}
[0.354s] INFO:colcon.colcon_core.executor:Executing jobs using 'parallel' executor
[0.357s] DEBUG:colcon.colcon_parallel_executor.executor.parallel:run_until_complete
[0.357s] INFO:colcon.colcon_ros.task.ament_cmake.build:Building ROS package in '/home/yuan/Desktop/ROS2_Exercises/chapt3/chapt3_ws/src/example_topic_rclcpp' with build type 'ament_cmake'
[0.358s] INFO:colcon.colcon_cmake.task.cmake.build:Building CMake package in '/home/yuan/Desktop/ROS2_Exercises/chapt3/chapt3_ws/src/example_topic_rclcpp'
[0.361s] INFO:colcon.colcon_core.plugin_system:Skipping extension 'colcon_core.shell.bat': Not used on non-Windows systems
[0.361s] INFO:colcon.colcon_core.shell:Skip shell extension 'powershell' for command environment: Not usable outside of PowerShell
[0.361s] DEBUG:colcon.colcon_core.shell:Skip shell extension 'dsv' for command environment
[0.370s] DEBUG:colcon.colcon_core.event_handler.log_command:Invoking command in '/home/yuan/Desktop/ROS2_Exercises/chapt3/chapt3_ws/build/example_topic_rclcpp': CMAKE_PREFIX_PATH=/opt/ros/humble /usr/bin/cmake --build /home/yuan/Desktop/ROS2_Exercises/chapt3/chapt3_ws/build/example_topic_rclcpp -- -j12 -l12
[5.008s] DEBUG:colcon.colcon_core.event_handler.log_command:Invoked command in '/home/yuan/Desktop/ROS2_Exercises/chapt3/chapt3_ws/build/example_topic_rclcpp' returned '2': CMAKE_PREFIX_PATH=/opt/ros/humble /usr/bin/cmake --build /home/yuan/Desktop/ROS2_Exercises/chapt3/chapt3_ws/build/example_topic_rclcpp -- -j12 -l12
[5.029s] Level 1:colcon.colcon_core.environment:create_environment_scripts_only(example_topic_rclcpp)
[5.033s] Level 1:colcon.colcon_core.environment:checking '/home/yuan/Desktop/ROS2_Exercises/chapt3/chapt3_ws/install/example_topic_rclcpp' for CMake module files
[5.033s] Level 1:colcon.colcon_core.environment:checking '/home/yuan/Desktop/ROS2_Exercises/chapt3/chapt3_ws/install/example_topic_rclcpp' for CMake config files
[5.033s] Level 1:colcon.colcon_core.shell:create_environment_hook('example_topic_rclcpp', 'cmake_prefix_path')
[5.034s] INFO:colcon.colcon_core.shell:Creating environment hook '/home/yuan/Desktop/ROS2_Exercises/chapt3/chapt3_ws/install/example_topic_rclcpp/share/example_topic_rclcpp/hook/cmake_prefix_path.ps1'
[5.035s] INFO:colcon.colcon_core.shell:Creating environment descriptor '/home/yuan/Desktop/ROS2_Exercises/chapt3/chapt3_ws/install/example_topic_rclcpp/share/example_topic_rclcpp/hook/cmake_prefix_path.dsv'
[5.035s] INFO:colcon.colcon_core.shell:Creating environment hook '/home/yuan/Desktop/ROS2_Exercises/chapt3/chapt3_ws/install/example_topic_rclcpp/share/example_topic_rclcpp/hook/cmake_prefix_path.sh'
[5.036s] Level 1:colcon.colcon_core.environment:checking '/home/yuan/Desktop/ROS2_Exercises/chapt3/chapt3_ws/install/example_topic_rclcpp/lib'
[5.036s] Level 1:colcon.colcon_core.environment:checking '/home/yuan/Desktop/ROS2_Exercises/chapt3/chapt3_ws/install/example_topic_rclcpp/bin'
[5.036s] Level 1:colcon.colcon_core.environment:checking '/home/yuan/Desktop/ROS2_Exercises/chapt3/chapt3_ws/install/example_topic_rclcpp/lib/pkgconfig/example_topic_rclcpp.pc'
[5.036s] Level 1:colcon.colcon_core.environment:checking '/home/yuan/Desktop/ROS2_Exercises/chapt3/chapt3_ws/install/example_topic_rclcpp/lib/python3.10/site-packages'
[5.036s] Level 1:colcon.colcon_core.environment:checking '/home/yuan/Desktop/ROS2_Exercises/chapt3/chapt3_ws/install/example_topic_rclcpp/bin'
[5.037s] INFO:colcon.colcon_core.shell:Creating package script '/home/yuan/Desktop/ROS2_Exercises/chapt3/chapt3_ws/install/example_topic_rclcpp/share/example_topic_rclcpp/package.ps1'
[5.038s] INFO:colcon.colcon_core.shell:Creating package descriptor '/home/yuan/Desktop/ROS2_Exercises/chapt3/chapt3_ws/install/example_topic_rclcpp/share/example_topic_rclcpp/package.dsv'
[5.039s] INFO:colcon.colcon_core.shell:Creating package script '/home/yuan/Desktop/ROS2_Exercises/chapt3/chapt3_ws/install/example_topic_rclcpp/share/example_topic_rclcpp/package.sh'
[5.039s] INFO:colcon.colcon_core.shell:Creating package script '/home/yuan/Desktop/ROS2_Exercises/chapt3/chapt3_ws/install/example_topic_rclcpp/share/example_topic_rclcpp/package.bash'
[5.040s] INFO:colcon.colcon_core.shell:Creating package script '/home/yuan/Desktop/ROS2_Exercises/chapt3/chapt3_ws/install/example_topic_rclcpp/share/example_topic_rclcpp/package.zsh'
[5.040s] Level 1:colcon.colcon_core.environment:create_file_with_runtime_dependencies(/home/yuan/Desktop/ROS2_Exercises/chapt3/chapt3_ws/install/example_topic_rclcpp/share/colcon-core/packages/example_topic_rclcpp)
[5.051s] DEBUG:colcon.colcon_parallel_executor.executor.parallel:closing loop
[5.051s] DEBUG:colcon.colcon_parallel_executor.executor.parallel:loop closed
[5.051s] DEBUG:colcon.colcon_parallel_executor.executor.parallel:run_until_complete finished with '2'
[5.051s] DEBUG:colcon.colcon_core.event_reactor:joining thread
[5.056s] INFO:colcon.colcon_core.plugin_system:Skipping extension 'colcon_notification.desktop_notification.terminal_notifier': Not used on non-Darwin systems
[5.056s] INFO:colcon.colcon_core.plugin_system:Skipping extension 'colcon_notification.desktop_notification.win32': Not used on non-Windows systems
[5.056s] INFO:colcon.colcon_notification.desktop_notification:Sending desktop notification using 'notify2'
[5.065s] DEBUG:colcon.colcon_core.event_reactor:joined thread
[5.066s] INFO:colcon.colcon_core.shell:Creating prefix script '/home/yuan/Desktop/ROS2_Exercises/chapt3/chapt3_ws/install/local_setup.ps1'
[5.067s] INFO:colcon.colcon_core.shell:Creating prefix util module '/home/yuan/Desktop/ROS2_Exercises/chapt3/chapt3_ws/install/_local_setup_util_ps1.py'
[5.068s] INFO:colcon.colcon_core.shell:Creating prefix chain script '/home/yuan/Desktop/ROS2_Exercises/chapt3/chapt3_ws/install/setup.ps1'
[5.069s] INFO:colcon.colcon_core.shell:Creating prefix script '/home/yuan/Desktop/ROS2_Exercises/chapt3/chapt3_ws/install/local_setup.sh'
[5.069s] INFO:colcon.colcon_core.shell:Creating prefix util module '/home/yuan/Desktop/ROS2_Exercises/chapt3/chapt3_ws/install/_local_setup_util_sh.py'
[5.070s] INFO:colcon.colcon_core.shell:Creating prefix chain script '/home/yuan/Desktop/ROS2_Exercises/chapt3/chapt3_ws/install/setup.sh'
[5.071s] INFO:colcon.colcon_core.shell:Creating prefix script '/home/yuan/Desktop/ROS2_Exercises/chapt3/chapt3_ws/install/local_setup.bash'
[5.071s] INFO:colcon.colcon_core.shell:Creating prefix chain script '/home/yuan/Desktop/ROS2_Exercises/chapt3/chapt3_ws/install/setup.bash'
[5.072s] INFO:colcon.colcon_core.shell:Creating prefix script '/home/yuan/Desktop/ROS2_Exercises/chapt3/chapt3_ws/install/local_setup.zsh'
[5.072s] INFO:colcon.colcon_core.shell:Creating prefix chain script '/home/yuan/Desktop/ROS2_Exercises/chapt3/chapt3_ws/install/setup.zsh'
